2026-04-08 21:30:47,336 [INFO] event_trader_improved.runtime: Event Trader (IMPROVED) started | mode=dry_run kelly=True min_edge=1.0%
2026-04-08 21:30:47,336 [INFO] event_trader_improved.runtime: === Cycle ev_20260408T213047_d72b77 (#1) ===
2026-04-08 21:30:48,721 [INFO] event_trader.data_client: fetched 600 markets across 7 pages
2026-04-08 21:30:50,595 [INFO] event_trader_improved.runtime: Fetched 600 markets
2026-04-08 21:30:50,596 [INFO] event_trader_improved.scanner: Scan stats: scanned=600 signals=242 skipped_active=0 skipped_volume=17 skipped_price=276 skipped_edge=0 skipped_strat=0
2026-04-08 21:30:50,597 [INFO] event_trader_improved.runtime: Found 242 signals
2026-04-08 21:30:50,597 [INFO] event_trader_improved.runtime: Signal #1: [BINARY_PAIR] Yes @ $0.011 (edge=48.9%)
2026-04-08 21:30:50,597 [INFO] event_trader_improved.runtime: Signal #2: [BINARY_PAIR] Yes @ $0.011 (edge=48.9%)
2026-04-08 21:30:50,597 [INFO] event_trader_improved.runtime: Signal #3: [BINARY_PAIR] Yes @ $0.011 (edge=48.9%)
2026-04-08 21:30:50,597 [INFO] event_trader_improved.runtime: DRY-RUN: [BINARY_PAIR] Would buy Yes @ $0.011 for $36.71 (edge=48.9%)
2026-04-08 21:30:50,652 [INFO] event_trader_improved.runtime: DRY-RUN: [BINARY_PAIR] Would buy Yes @ $0.011 for $36.71 (edge=48.9%)
2026-04-08 21:30:50,732 [INFO] event_trader_improved.runtime: DRY-RUN: [BINARY_PAIR] Would buy Yes @ $0.011 for $36.71 (edge=48.9%)
2026-04-08 21:30:50,787 [INFO] event_trader_improved.runtime: DRY-RUN: [BINARY_PAIR] Would buy Yes @ $0.011 for $36.71 (edge=48.9%)
2026-04-08 21:30:50,804 [INFO] event_trader_improved.runtime: DRY-RUN: [BINARY_PAIR] Would buy Yes @ $0.011 for $36.71 (edge=48.9%)
2026-04-08 21:30:50,820 [INFO] event_trader_improved.runtime: DRY-RUN: [BINARY_PAIR] Would buy Yes @ $0.011 for $36.71 (edge=48.9%)
2026-04-08 21:30:50,848 [INFO] event_trader_improved.runtime: DRY-RUN: [BINARY_PAIR] Would buy Yes @ $0.011 for $36.71 (edge=48.9%)
2026-04-08 21:30:50,865 [INFO] event_trader_improved.runtime: DRY-RUN: [BINARY_PAIR] Would buy Yes @ $0.011 for $36.71 (edge=48.9%)
2026-04-08 21:30:50,881 [INFO] event_trader_improved.runtime: DRY-RUN: [BINARY_PAIR] Would buy Yes @ $0.011 for $36.71 (edge=48.9%)
2026-04-08 21:30:50,905 [INFO] event_trader_improved.runtime: DRY-RUN: [BINARY_PAIR] Would buy Yes @ $0.011 for $36.71 (edge=48.9%)
2026-04-08 21:30:50,924 [INFO] event_trader_improved.runtime: DRY-RUN: [BINARY_PAIR] Would buy Yes @ $0.011 for $36.71 (edge=48.9%)
2026-04-08 21:30:50,947 [INFO] event_trader_improved.runtime: DRY-RUN: [BINARY_PAIR] Would buy Yes @ $0.011 for $36.71 (edge=48.9%)
2026-04-08 21:30:50,966 [INFO] event_trader_improved.runtime: DRY-RUN: [BINARY_PAIR] Would buy Yes @ $0.011 for $36.71 (edge=48.9%)
2026-04-08 21:30:50,982 [INFO] event_trader_improved.runtime: DRY-RUN: [BINARY_PAIR] Would buy Yes @ $0.011 for $36.71 (edge=48.9%)
2026-04-08 21:30:51,029 [INFO] event_trader_improved.runtime: DRY-RUN: [BINARY_PAIR] Would buy Yes @ $0.011 for $36.71 (edge=48.9%)
2026-04-08 21:30:51,068 [INFO] event_trader_improved.runtime: DRY-RUN: [BINARY_PAIR] Would buy Yes @ $0.011 for $36.71 (edge=48.9%)
2026-04-08 21:30:51,084 [INFO] event_trader_improved.runtime: DRY-RUN: [BINARY_PAIR] Would buy Yes @ $0.011 for $36.71 (edge=48.9%)
2026-04-08 21:30:51,101 [INFO] event_trader_improved.runtime: DRY-RUN: [BINARY_PAIR] Would buy Yes @ $0.011 for $36.71 (edge=48.9%)
2026-04-08 21:30:51,118 [INFO] event_trader_improved.runtime: DRY-RUN: [BINARY_PAIR] Would buy Yes @ $0.011 for $36.67 (edge=48.9%)
2026-04-08 21:30:51,173 [INFO] event_trader_improved.runtime: DRY-RUN: [BINARY_PAIR] Would buy Yes @ $0.011 for $36.67 (edge=48.9%)
2026-04-08 21:30:51,189 [INFO] event_trader_improved.runtime: DRY-RUN: [BINARY_PAIR] Would buy Yes @ $0.011 for $36.67 (edge=48.9%)
2026-04-08 21:30:51,205 [INFO] event_trader_improved.runtime: DRY-RUN: [BINARY_PAIR] Would buy Yes @ $0.011 for $36.67 (edge=48.9%)
2026-04-08 21:30:51,231 [INFO] event_trader_improved.runtime: DRY-RUN: [BINARY_PAIR] Would buy Yes @ $0.011 for $36.64 (edge=48.9%)
2026-04-08 21:30:51,249 [INFO] event_trader_improved.runtime: DRY-RUN: [BINARY_PAIR] Would buy Yes @ $0.011 for $36.64 (edge=48.9%)
2026-04-08 21:30:51,291 [INFO] event_trader_improved.runtime: DRY-RUN: [BINARY_PAIR] Would buy Yes @ $0.011 for $36.64 (edge=48.9%)
2026-04-08 21:30:51,312 [INFO] event_trader_improved.runtime: DRY-RUN: [BINARY_PAIR] Would buy Yes @ $0.011 for $36.64 (edge=48.9%)
2026-04-08 21:30:51,329 [INFO] event_trader_improved.runtime: DRY-RUN: [BINARY_PAIR] Would buy Yes @ $0.011 for $36.64 (edge=48.9%)
2026-04-08 21:30:51,345 [INFO] event_trader_improved.runtime: DRY-RUN: [BINARY_PAIR] Would buy Yes @ $0.011 for $36.64 (edge=48.9%)
2026-04-08 21:30:51,372 [INFO] event_trader_improved.runtime: DRY-RUN: [BINARY_PAIR] Would buy Yes @ $0.011 for $36.64 (edge=48.9%)
2026-04-08 21:30:51,414 [INFO] event_trader_improved.runtime: DRY-RUN: [BINARY_PAIR] Would buy Yes @ $0.011 for $36.64 (edge=48.9%)
2026-04-08 21:30:51,450 [INFO] event_trader_improved.runtime: Cycle complete: scanned=600 signals=242 executed=30
2026-04-08 21:30:56,450 [INFO] event_trader_improved.runtime: === Cycle ev_20260408T213056_d72b80 (#2) ===
2026-04-08 21:30:56,862 [INFO] event_trader.data_client: fetched 600 markets across 7 pages
2026-04-08 21:30:56,863 [INFO] event_trader_improved.runtime: Fetched 600 markets
2026-04-08 21:30:56,864 [INFO] event_trader_improved.scanner: Scan stats: scanned=600 signals=242 skipped_active=0 skipped_volume=17 skipped_price=276 skipped_edge=0 skipped_strat=0
2026-04-08 21:30:56,864 [INFO] event_trader_improved.runtime: Found 242 signals
2026-04-08 21:30:56,864 [INFO] event_trader_improved.runtime: Signal #1: [BINARY_PAIR] Yes @ $0.011 (edge=48.9%)
2026-04-08 21:30:56,865 [INFO] event_trader_improved.runtime: Signal #2: [BINARY_PAIR] Yes @ $0.011 (edge=48.9%)
2026-04-08 21:30:56,865 [INFO] event_trader_improved.runtime: Signal #3: [BINARY_PAIR] Yes @ $0.011 (edge=48.9%)
2026-04-08 21:30:56,865 [INFO] event_trader_improved.runtime: DRY-RUN: [BINARY_PAIR] Would buy Yes @ $0.011 for $36.71 (edge=48.9%)
2026-04-08 21:30:56,884 [INFO] event_trader_improved.runtime: DRY-RUN: [BINARY_PAIR] Would buy Yes @ $0.011 for $36.71 (edge=48.9%)
2026-04-08 21:30:56,947 [INFO] event_trader_improved.runtime: DRY-RUN: [BINARY_PAIR] Would buy Yes @ $0.011 for $36.71 (edge=48.9%)
2026-04-08 21:30:56,981 [INFO] event_trader_improved.runtime: DRY-RUN: [BINARY_PAIR] Would buy Yes @ $0.011 for $36.71 (edge=48.9%)
2026-04-08 21:30:57,008 [INFO] event_trader_improved.runtime: DRY-RUN: [BINARY_PAIR] Would buy Yes @ $0.011 for $36.71 (edge=48.9%)
2026-04-08 21:30:57,030 [INFO] event_trader_improved.runtime: DRY-RUN: [BINARY_PAIR] Would buy Yes @ $0.011 for $36.71 (edge=48.9%)
2026-04-08 21:30:57,047 [INFO] event_trader_improved.runtime: DRY-RUN: [BINARY_PAIR] Would buy Yes @ $0.011 for $36.71 (edge=48.9%)
2026-04-08 21:30:57,064 [INFO] event_trader_improved.runtime: DRY-RUN: [BINARY_PAIR] Would buy Yes @ $0.011 for $36.71 (edge=48.9%)
2026-04-08 21:30:57,097 [INFO] event_trader_improved.runtime: DRY-RUN: [BINARY_PAIR] Would buy Yes @ $0.011 for $36.71 (edge=48.9%)
2026-04-08 21:30:57,119 [INFO] event_trader_improved.runtime: DRY-RUN: [BINARY_PAIR] Would buy Yes @ $0.011 for $36.71 (edge=48.9%)
2026-04-08 21:30:57,184 [INFO] event_trader_improved.runtime: DRY-RUN: [BINARY_PAIR] Would buy Yes @ $0.011 for $36.71 (edge=48.9%)
2026-04-08 21:30:57,211 [INFO] event_trader_improved.runtime: DRY-RUN: [BINARY_PAIR] Would buy Yes @ $0.011 for $36.71 (edge=48.9%)
2026-04-08 21:30:57,233 [INFO] event_trader_improved.runtime: DRY-RUN: [BINARY_PAIR] Would buy Yes @ $0.011 for $36.71 (edge=48.9%)
2026-04-08 21:30:57,259 [INFO] event_trader_improved.runtime: DRY-RUN: [BINARY_PAIR] Would buy Yes @ $0.011 for $36.71 (edge=48.9%)
2026-04-08 21:30:57,309 [INFO] event_trader_improved.runtime: DRY-RUN: [BINARY_PAIR] Would buy Yes @ $0.011 for $36.71 (edge=48.9%)
2026-04-08 21:30:57,444 [INFO] event_trader_improved.runtime: DRY-RUN: [BINARY_PAIR] Would buy Yes @ $0.011 for $36.71 (edge=48.9%)
2026-04-08 21:30:57,483 [INFO] event_trader_improved.runtime: DRY-RUN: [BINARY_PAIR] Would buy Yes @ $0.011 for $36.71 (edge=48.9%)
2026-04-08 21:30:57,503 [INFO] event_trader_improved.runtime: DRY-RUN: [BINARY_PAIR] Would buy Yes @ $0.011 for $36.71 (edge=48.9%)
2026-04-08 21:30:57,545 [INFO] event_trader_improved.runtime: DRY-RUN: [BINARY_PAIR] Would buy Yes @ $0.011 for $36.67 (edge=48.9%)
2026-04-08 21:30:57,563 [INFO] event_trader_improved.runtime: DRY-RUN: [BINARY_PAIR] Would buy Yes @ $0.011 for $36.67 (edge=48.9%)
2026-04-08 21:30:57,598 [INFO] event_trader_improved.runtime: DRY-RUN: [BINARY_PAIR] Would buy Yes @ $0.011 for $36.67 (edge=48.9%)
2026-04-08 21:30:57,616 [INFO] event_trader_improved.runtime: DRY-RUN: [BINARY_PAIR] Would buy Yes @ $0.011 for $36.67 (edge=48.9%)
2026-04-08 21:30:57,644 [INFO] event_trader_improved.runtime: DRY-RUN: [BINARY_PAIR] Would buy Yes @ $0.011 for $36.64 (edge=48.9%)
2026-04-08 21:30:57,706 [INFO] event_trader_improved.runtime: DRY-RUN: [BINARY_PAIR] Would buy Yes @ $0.011 for $36.64 (edge=48.9%)
2026-04-08 21:30:57,730 [INFO] event_trader_improved.runtime: DRY-RUN: [BINARY_PAIR] Would buy Yes @ $0.011 for $36.64 (edge=48.9%)
2026-04-08 21:30:57,862 [INFO] event_trader_improved.runtime: DRY-RUN: [BINARY_PAIR] Would buy Yes @ $0.011 for $36.64 (edge=48.9%)
2026-04-08 21:30:57,902 [INFO] event_trader_improved.runtime: DRY-RUN: [BINARY_PAIR] Would buy Yes @ $0.011 for $36.64 (edge=48.9%)
2026-04-08 21:30:57,971 [INFO] event_trader_improved.runtime: DRY-RUN: [BINARY_PAIR] Would buy Yes @ $0.011 for $36.64 (edge=48.9%)
2026-04-08 21:30:58,007 [INFO] event_trader_improved.runtime: DRY-RUN: [BINARY_PAIR] Would buy Yes @ $0.011 for $36.64 (edge=48.9%)
2026-04-08 21:30:58,051 [INFO] event_trader_improved.runtime: DRY-RUN: [BINARY_PAIR] Would buy Yes @ $0.011 for $36.64 (edge=48.9%)
2026-04-08 21:30:58,176 [INFO] event_trader_improved.runtime: Cycle complete: scanned=600 signals=242 executed=30
2026-04-08 21:30:58,437 [INFO] event_trader_improved.runtime: Interrupted after 2 cycles
2026-04-08 21:30:58,438 [INFO] event_trader_improved.runtime: Event Trader (IMPROVED) stopped
