{"ts": "2026-04-06T08:36:44.127012+00:00", "level": "INFO", "logger": "__main__", "msg": "======================================================================"}
{"ts": "2026-04-06T08:36:44.127393+00:00", "level": "INFO", "logger": "__main__", "msg": "EVENT TRADER  mode=dry_run  run_dir=ev_runs\\20260406_083644"}
{"ts": "2026-04-06T08:36:44.127708+00:00", "level": "INFO", "logger": "__main__", "msg": "======================================================================"}
{"ts": "2026-04-06T08:36:44.129066+00:00", "level": "INFO", "logger": "__main__", "msg": "config: {\"gamma_host\": \"https://gamma-api.polymarket.com\", \"clob_host\": \"https://clob.polymarket.com\", \"chain_id\": 137, \"private_key\": \"0x59...68c5\", \"funder\": \"\", \"signature_type\": 0, \"api_key\": \"(not set)\", \"api_secret\": \"(not set)\", \"api_passphrase\": \"(not set)\", \"mode\": \"dry_run\", \"dry_run\": true, \"poll_interval_seconds\": 10.0, \"log_json\": true, \"scan_limit\": 600, \"min_liquidity\": 100.0, \"min_volume\": 0.0, \"max_entry_price\": 0.8, \"min_entry_price\": 0.02, \"min_book_depth_usd\": 10.0, \"min_spread_ratio\": 1.5, \"position_size_usd\": 5.0, \"longshot_size_usd\": 2.0, \"highprob_size_usd\": 8.0, \"longshot_ceiling\": 0.3, \"highprob_floor\": 0.55, \"max_contracts_per_entry\": 500.0, \"max_positions\": 20, \"take_profit_pct\": 0.5, \"stop_loss_pct\": 0.4, \"trailing_stop_pct\": 0.0, \"longshot_take_profit_pct\": 1.5, \"longshot_stop_loss_pct\": 0.5, \"highprob_take_profit_pct\": 0.3, \"highprob_stop_loss_pct\": 0.2, \"max_total_exposure_usd\": 100.0, \"max_daily_loss_usd\": 25.0, \"max_per_market_usd\": 20.0, \"emergency_stop\": false, \"request_timeout_seconds\": 8.0, \"max_request_retries\": 2, \"retry_backoff_seconds\": 0.3, \"max_workers\": 10, \"state_db_path\": \"ev_bot_state.sqlite3\", \"log_path\": \"ev_runtime.log\", \"report_path\": \"ev_cycle_report.jsonl\", \"run_dir\": \"ev_runs\\\\20260406_083644\", \"python\": \"3.13.5 (tags/v3.13.5:6cb20a2, Jun 11 2025, 16:15:46) [MSC v.1943 64 bit (AMD64)]\", \"pid\": 1724}"}
{"ts": "2026-04-06T08:36:44.265587+00:00", "level": "INFO", "logger": "event_trader.runtime", "msg": "event trader started  mode=dry_run  poll=10.0s  entry_range=$0.02-$0.80  tiers: longshot(<$0.30)=$2 mid=$5 highprob(>$0.55)=$8  max_positions=20"}
{"ts": "2026-04-06T08:36:45.118412+00:00", "level": "INFO", "logger": "event_trader.data_client", "msg": "fetched 600 markets across 7 pages"}
{"ts": "2026-04-06T08:36:45.118995+00:00", "level": "INFO", "logger": "event_trader.runtime", "msg": "cycle ev_20260406T083644_7282cb (#1): fetched 600 markets in 0.9s"}
{"ts": "2026-04-06T08:36:45.119713+00:00", "level": "INFO", "logger": "event_trader.scanner", "msg": "pre-filter: 234 candidates from 600 markets (skipped 966 expensive)"}
{"ts": "2026-04-06T08:36:51.041785+00:00", "level": "INFO", "logger": "event_trader.scanner", "msg": "scan summary: 234 candidates checked, 234 signals, filters: {'inactive': 0, 'no_orderbook': 0, 'bad_outcomes': 0, 'low_liquidity': 0, 'no_book': 0, 'too_expensive': 0, 'too_cheap': 0, 'wide_spread': 0, 'no_depth': 0, 'has_position': 0, 'recent_signal': 0, 'low_confidence': 0, 'no_asks': 0, 'price_prefilter': 966}"}
{"ts": "2026-04-06T08:36:51.043547+00:00", "level": "INFO", "logger": "event_trader.runtime", "msg": "scan: 234 signals found in 5.9s"}
{"ts": "2026-04-06T08:36:51.043837+00:00", "level": "INFO", "logger": "event_trader.runtime", "msg": "SIGNAL [longshot $2]: $0.021  conf=0.99  Yes  \"Will the Anaheim Ducks win the 2026 NHL Stanley Cup?\"  price=$0.021 | tier=longshot | size=$2 | liq=$175225 | vol=$785436 | spread=0.998 | depth=$6887492 | conf=0.99"}
{"ts": "2026-04-06T08:36:51.044059+00:00", "level": "INFO", "logger": "event_trader.runtime", "msg": "SIGNAL [longshot $2]: $0.021  conf=0.99  Yes  \"Will Japan win the 2026 FIFA World Cup?\"  price=$0.021 | tier=longshot | size=$2 | liq=$310074 | vol=$10918362 | spread=0.998 | depth=$12334533 | conf=0.99"}
{"ts": "2026-04-06T08:36:51.044236+00:00", "level": "INFO", "logger": "event_trader.runtime", "msg": "SIGNAL [longshot $2]: $0.021  conf=0.99  Yes  \"Will Andy Beshear win the 2028 Democratic presidential nomin\"  price=$0.021 | tier=longshot | size=$2 | liq=$598708 | vol=$7873600 | spread=0.998 | depth=$6075365 | conf=0.99"}
{"ts": "2026-04-06T08:36:51.044490+00:00", "level": "INFO", "logger": "event_trader.runtime", "msg": "SIGNAL [longshot $2]: $0.021  conf=0.99  Yes  \"Will Josh Shapiro win the 2028 US Presidential Election?\"  price=$0.021 | tier=longshot | size=$2 | liq=$375212 | vol=$5448370 | spread=0.998 | depth=$8140487 | conf=0.99"}
{"ts": "2026-04-06T08:36:51.044659+00:00", "level": "INFO", "logger": "event_trader.runtime", "msg": "SIGNAL [longshot $2]: $0.022  conf=0.99  Yes  \"Will the Minnesota Timberwolves win the 2026 NBA Finals?\"  price=$0.022 | tier=longshot | size=$2 | liq=$264899 | vol=$5255426 | spread=0.998 | depth=$8982982 | conf=0.99"}
{"ts": "2026-04-06T08:36:51.088795+00:00", "level": "INFO", "logger": "event_trader.executor", "msg": "DRY_BUY [longshot]: 98 contracts @ $0.021 = $2.00  Yes  Will the Anaheim Ducks win the 2026 NHL Stanley Cup?"}
{"ts": "2026-04-06T08:36:51.135218+00:00", "level": "INFO", "logger": "event_trader.executor", "msg": "DRY_BUY [longshot]: 98 contracts @ $0.021 = $2.00  Yes  Will Japan win the 2026 FIFA World Cup?"}
{"ts": "2026-04-06T08:36:51.178181+00:00", "level": "INFO", "logger": "event_trader.executor", "msg": "DRY_BUY [longshot]: 98 contracts @ $0.021 = $2.00  Yes  Will Andy Beshear win the 2028 Democratic presidential nomin"}
{"ts": "2026-04-06T08:36:53.779739+00:00", "level": "INFO", "logger": "event_trader.runtime", "msg": "PORTFOLIO: 3 positions  cost=$6.00  value=$6.00  pnl=$-0.0001"}
{"ts": "2026-04-06T08:36:53.779987+00:00", "level": "INFO", "logger": "event_trader.runtime", "msg": "  POS: Yes  entry=0.021  now=0.021  pnl=0.0%  $-0.0000"}
{"ts": "2026-04-06T08:36:53.780175+00:00", "level": "INFO", "logger": "event_trader.runtime", "msg": "  POS: Yes  entry=0.021  now=0.021  pnl=0.0%  $-0.0000"}
{"ts": "2026-04-06T08:36:53.780350+00:00", "level": "INFO", "logger": "event_trader.runtime", "msg": "  POS: Yes  entry=0.021  now=0.021  pnl=0.0%  $-0.0000"}
{"ts": "2026-04-06T08:36:53.796995+00:00", "level": "INFO", "logger": "event_trader.runtime", "msg": "cycle ev_20260406T083644_7282cb (#1) done in 9.5s: scanned=600 signals=234 entries=3 exits=0 open=3 unrealized=$0.0000 realized=$0.0000"}
{"ts": "2026-04-06T08:37:04.201262+00:00", "level": "INFO", "logger": "event_trader.data_client", "msg": "fetched 600 markets across 7 pages"}
{"ts": "2026-04-06T08:37:04.202444+00:00", "level": "INFO", "logger": "event_trader.runtime", "msg": "cycle ev_20260406T083703_ebba21 (#2): fetched 600 markets in 0.4s"}
{"ts": "2026-04-06T08:37:04.203308+00:00", "level": "INFO", "logger": "event_trader.scanner", "msg": "pre-filter: 234 candidates from 600 markets (skipped 966 expensive)"}
{"ts": "2026-04-06T08:37:09.396701+00:00", "level": "INFO", "logger": "event_trader.scanner", "msg": "scan summary: 234 candidates checked, 0 signals, filters: {'inactive': 0, 'no_orderbook': 0, 'bad_outcomes': 0, 'low_liquidity': 0, 'no_book': 0, 'too_expensive': 0, 'too_cheap': 0, 'wide_spread': 0, 'no_depth': 0, 'has_position': 3, 'recent_signal': 231, 'low_confidence': 0, 'no_asks': 0, 'price_prefilter': 966}"}
{"ts": "2026-04-06T08:37:09.398595+00:00", "level": "INFO", "logger": "event_trader.runtime", "msg": "scan: 0 signals found in 5.2s"}
{"ts": "2026-04-06T08:37:09.562645+00:00", "level": "INFO", "logger": "event_trader.runtime", "msg": "PORTFOLIO: 3 positions  cost=$6.00  value=$6.00  pnl=$-0.0001"}
{"ts": "2026-04-06T08:37:09.562923+00:00", "level": "INFO", "logger": "event_trader.runtime", "msg": "  POS: Yes  entry=0.021  now=0.021  pnl=0.0%  $-0.0000"}
{"ts": "2026-04-06T08:37:09.563091+00:00", "level": "INFO", "logger": "event_trader.runtime", "msg": "  POS: Yes  entry=0.021  now=0.021  pnl=0.0%  $-0.0000"}
{"ts": "2026-04-06T08:37:09.563260+00:00", "level": "INFO", "logger": "event_trader.runtime", "msg": "  POS: Yes  entry=0.021  now=0.021  pnl=0.0%  $-0.0000"}
{"ts": "2026-04-06T08:37:09.587888+00:00", "level": "INFO", "logger": "event_trader.runtime", "msg": "cycle ev_20260406T083703_ebba21 (#2) done in 5.8s: scanned=600 signals=0 entries=0 exits=0 open=3 unrealized=$0.0000 realized=$0.0000"}
{"ts": "2026-04-06T08:37:20.015222+00:00", "level": "INFO", "logger": "event_trader.data_client", "msg": "fetched 600 markets across 7 pages"}
{"ts": "2026-04-06T08:37:20.016317+00:00", "level": "INFO", "logger": "event_trader.runtime", "msg": "cycle ev_20260406T083719_a9f3e0 (#3): fetched 600 markets in 0.4s"}
{"ts": "2026-04-06T08:37:20.017375+00:00", "level": "INFO", "logger": "event_trader.scanner", "msg": "pre-filter: 234 candidates from 600 markets (skipped 966 expensive)"}
{"ts": "2026-04-06T08:37:25.239139+00:00", "level": "INFO", "logger": "event_trader.scanner", "msg": "scan summary: 234 candidates checked, 0 signals, filters: {'inactive': 0, 'no_orderbook': 0, 'bad_outcomes': 0, 'low_liquidity': 0, 'no_book': 0, 'too_expensive': 0, 'too_cheap': 0, 'wide_spread': 0, 'no_depth': 0, 'has_position': 3, 'recent_signal': 231, 'low_confidence': 0, 'no_asks': 0, 'price_prefilter': 966}"}
{"ts": "2026-04-06T08:37:25.240728+00:00", "level": "INFO", "logger": "event_trader.runtime", "msg": "scan: 0 signals found in 5.2s"}
{"ts": "2026-04-06T08:37:25.473182+00:00", "level": "INFO", "logger": "event_trader.runtime", "msg": "PORTFOLIO: 3 positions  cost=$6.00  value=$6.00  pnl=$-0.0001"}
{"ts": "2026-04-06T08:37:25.473420+00:00", "level": "INFO", "logger": "event_trader.runtime", "msg": "  POS: Yes  entry=0.021  now=0.021  pnl=0.0%  $-0.0000"}
{"ts": "2026-04-06T08:37:25.473605+00:00", "level": "INFO", "logger": "event_trader.runtime", "msg": "  POS: Yes  entry=0.021  now=0.021  pnl=0.0%  $-0.0000"}
{"ts": "2026-04-06T08:37:25.473780+00:00", "level": "INFO", "logger": "event_trader.runtime", "msg": "  POS: Yes  entry=0.021  now=0.021  pnl=0.0%  $-0.0000"}
{"ts": "2026-04-06T08:37:25.487130+00:00", "level": "INFO", "logger": "event_trader.runtime", "msg": "cycle ev_20260406T083719_a9f3e0 (#3) done in 5.9s: scanned=600 signals=0 entries=0 exits=0 open=3 unrealized=$0.0000 realized=$0.0000"}
{"ts": "2026-04-06T08:37:35.897345+00:00", "level": "INFO", "logger": "event_trader.data_client", "msg": "fetched 600 markets across 7 pages"}
{"ts": "2026-04-06T08:37:35.897894+00:00", "level": "INFO", "logger": "event_trader.runtime", "msg": "cycle ev_20260406T083735_9238a5 (#4): fetched 600 markets in 0.4s"}
{"ts": "2026-04-06T08:37:35.898660+00:00", "level": "INFO", "logger": "event_trader.scanner", "msg": "pre-filter: 234 candidates from 600 markets (skipped 966 expensive)"}
{"ts": "2026-04-06T08:37:40.308276+00:00", "level": "INFO", "logger": "event_trader.scanner", "msg": "scan summary: 234 candidates checked, 0 signals, filters: {'inactive': 0, 'no_orderbook': 0, 'bad_outcomes': 0, 'low_liquidity': 0, 'no_book': 0, 'too_expensive': 0, 'too_cheap': 0, 'wide_spread': 0, 'no_depth': 0, 'has_position': 3, 'recent_signal': 231, 'low_confidence': 0, 'no_asks': 0, 'price_prefilter': 966}"}
{"ts": "2026-04-06T08:37:40.310485+00:00", "level": "INFO", "logger": "event_trader.runtime", "msg": "scan: 0 signals found in 4.4s"}
{"ts": "2026-04-06T08:37:40.485401+00:00", "level": "INFO", "logger": "event_trader.runtime", "msg": "PORTFOLIO: 3 positions  cost=$6.00  value=$6.00  pnl=$-0.0001"}
{"ts": "2026-04-06T08:37:40.485623+00:00", "level": "INFO", "logger": "event_trader.runtime", "msg": "  POS: Yes  entry=0.021  now=0.021  pnl=0.0%  $-0.0000"}
{"ts": "2026-04-06T08:37:40.485771+00:00", "level": "INFO", "logger": "event_trader.runtime", "msg": "  POS: Yes  entry=0.021  now=0.021  pnl=0.0%  $-0.0000"}
{"ts": "2026-04-06T08:37:40.485943+00:00", "level": "INFO", "logger": "event_trader.runtime", "msg": "  POS: Yes  entry=0.021  now=0.021  pnl=0.0%  $-0.0000"}
{"ts": "2026-04-06T08:37:40.498643+00:00", "level": "INFO", "logger": "event_trader.runtime", "msg": "cycle ev_20260406T083735_9238a5 (#4) done in 5.0s: scanned=600 signals=0 entries=0 exits=0 open=3 unrealized=$0.0000 realized=$0.0000"}
{"ts": "2026-04-06T08:37:50.896758+00:00", "level": "INFO", "logger": "event_trader.data_client", "msg": "fetched 600 markets across 7 pages"}
{"ts": "2026-04-06T08:37:50.897434+00:00", "level": "INFO", "logger": "event_trader.runtime", "msg": "cycle ev_20260406T083750_8c1804 (#5): fetched 600 markets in 0.4s"}
{"ts": "2026-04-06T08:37:50.898343+00:00", "level": "INFO", "logger": "event_trader.scanner", "msg": "pre-filter: 234 candidates from 600 markets (skipped 966 expensive)"}
{"ts": "2026-04-06T08:37:56.088244+00:00", "level": "INFO", "logger": "event_trader.scanner", "msg": "scan summary: 234 candidates checked, 0 signals, filters: {'inactive': 0, 'no_orderbook': 0, 'bad_outcomes': 0, 'low_liquidity': 0, 'no_book': 0, 'too_expensive': 0, 'too_cheap': 0, 'wide_spread': 0, 'no_depth': 0, 'has_position': 3, 'recent_signal': 231, 'low_confidence': 0, 'no_asks': 0, 'price_prefilter': 966}"}
{"ts": "2026-04-06T08:37:56.090587+00:00", "level": "INFO", "logger": "event_trader.runtime", "msg": "scan: 0 signals found in 5.2s"}
{"ts": "2026-04-06T08:37:56.257803+00:00", "level": "INFO", "logger": "event_trader.runtime", "msg": "PORTFOLIO: 3 positions  cost=$6.00  value=$6.00  pnl=$-0.0001"}
{"ts": "2026-04-06T08:37:56.258051+00:00", "level": "INFO", "logger": "event_trader.runtime", "msg": "  POS: Yes  entry=0.021  now=0.021  pnl=0.0%  $-0.0000"}
{"ts": "2026-04-06T08:37:56.258215+00:00", "level": "INFO", "logger": "event_trader.runtime", "msg": "  POS: Yes  entry=0.021  now=0.021  pnl=0.0%  $-0.0000"}
{"ts": "2026-04-06T08:37:56.258379+00:00", "level": "INFO", "logger": "event_trader.runtime", "msg": "  POS: Yes  entry=0.021  now=0.021  pnl=0.0%  $-0.0000"}
{"ts": "2026-04-06T08:37:56.270238+00:00", "level": "INFO", "logger": "event_trader.runtime", "msg": "cycle ev_20260406T083750_8c1804 (#5) done in 5.8s: scanned=600 signals=0 entries=0 exits=0 open=3 unrealized=$0.0000 realized=$0.0000"}
{"ts": "2026-04-06T08:38:06.712749+00:00", "level": "INFO", "logger": "event_trader.data_client", "msg": "fetched 600 markets across 7 pages"}
{"ts": "2026-04-06T08:38:06.713811+00:00", "level": "INFO", "logger": "event_trader.runtime", "msg": "cycle ev_20260406T083806_b8a73f (#6): fetched 600 markets in 0.4s"}
{"ts": "2026-04-06T08:38:06.715075+00:00", "level": "INFO", "logger": "event_trader.scanner", "msg": "pre-filter: 234 candidates from 600 markets (skipped 966 expensive)"}
{"ts": "2026-04-06T08:38:11.710354+00:00", "level": "INFO", "logger": "event_trader.scanner", "msg": "scan summary: 234 candidates checked, 0 signals, filters: {'inactive': 0, 'no_orderbook': 0, 'bad_outcomes': 0, 'low_liquidity': 0, 'no_book': 0, 'too_expensive': 0, 'too_cheap': 0, 'wide_spread': 0, 'no_depth': 0, 'has_position': 3, 'recent_signal': 231, 'low_confidence': 0, 'no_asks': 0, 'price_prefilter': 966}"}
{"ts": "2026-04-06T08:38:11.712652+00:00", "level": "INFO", "logger": "event_trader.runtime", "msg": "scan: 0 signals found in 5.0s"}
{"ts": "2026-04-06T08:38:11.923909+00:00", "level": "INFO", "logger": "event_trader.runtime", "msg": "PORTFOLIO: 3 positions  cost=$6.00  value=$6.00  pnl=$-0.0001"}
{"ts": "2026-04-06T08:38:11.924220+00:00", "level": "INFO", "logger": "event_trader.runtime", "msg": "  POS: Yes  entry=0.021  now=0.021  pnl=0.0%  $-0.0000"}
{"ts": "2026-04-06T08:38:11.924424+00:00", "level": "INFO", "logger": "event_trader.runtime", "msg": "  POS: Yes  entry=0.021  now=0.021  pnl=0.0%  $-0.0000"}
{"ts": "2026-04-06T08:38:11.924587+00:00", "level": "INFO", "logger": "event_trader.runtime", "msg": "  POS: Yes  entry=0.021  now=0.021  pnl=0.0%  $-0.0000"}
{"ts": "2026-04-06T08:38:11.937618+00:00", "level": "INFO", "logger": "event_trader.runtime", "msg": "cycle ev_20260406T083806_b8a73f (#6) done in 5.7s: scanned=600 signals=0 entries=0 exits=0 open=3 unrealized=$0.0000 realized=$0.0000"}
{"ts": "2026-04-06T08:38:22.345397+00:00", "level": "INFO", "logger": "event_trader.data_client", "msg": "fetched 600 markets across 7 pages"}
{"ts": "2026-04-06T08:38:22.346112+00:00", "level": "INFO", "logger": "event_trader.runtime", "msg": "cycle ev_20260406T083821_f5101e (#7): fetched 600 markets in 0.4s"}
{"ts": "2026-04-06T08:38:22.347254+00:00", "level": "INFO", "logger": "event_trader.scanner", "msg": "pre-filter: 234 candidates from 600 markets (skipped 966 expensive)"}
{"ts": "2026-04-06T08:38:27.310305+00:00", "level": "INFO", "logger": "event_trader.scanner", "msg": "scan summary: 234 candidates checked, 0 signals, filters: {'inactive': 0, 'no_orderbook': 0, 'bad_outcomes': 0, 'low_liquidity': 0, 'no_book': 0, 'too_expensive': 0, 'too_cheap': 0, 'wide_spread': 0, 'no_depth': 0, 'has_position': 3, 'recent_signal': 231, 'low_confidence': 0, 'no_asks': 0, 'price_prefilter': 966}"}
{"ts": "2026-04-06T08:38:27.312643+00:00", "level": "INFO", "logger": "event_trader.runtime", "msg": "scan: 0 signals found in 5.0s"}
{"ts": "2026-04-06T08:38:27.526822+00:00", "level": "INFO", "logger": "event_trader.runtime", "msg": "PORTFOLIO: 3 positions  cost=$6.00  value=$6.00  pnl=$-0.0001"}
{"ts": "2026-04-06T08:38:27.527070+00:00", "level": "INFO", "logger": "event_trader.runtime", "msg": "  POS: Yes  entry=0.021  now=0.021  pnl=0.0%  $-0.0000"}
{"ts": "2026-04-06T08:38:27.527218+00:00", "level": "INFO", "logger": "event_trader.runtime", "msg": "  POS: Yes  entry=0.021  now=0.021  pnl=0.0%  $-0.0000"}
{"ts": "2026-04-06T08:38:27.527398+00:00", "level": "INFO", "logger": "event_trader.runtime", "msg": "  POS: Yes  entry=0.021  now=0.021  pnl=0.0%  $-0.0000"}
{"ts": "2026-04-06T08:38:27.561140+00:00", "level": "INFO", "logger": "event_trader.runtime", "msg": "cycle ev_20260406T083821_f5101e (#7) done in 5.6s: scanned=600 signals=0 entries=0 exits=0 open=3 unrealized=$0.0000 realized=$0.0000"}
{"ts": "2026-04-06T08:38:37.989912+00:00", "level": "INFO", "logger": "event_trader.data_client", "msg": "fetched 600 markets across 7 pages"}
{"ts": "2026-04-06T08:38:37.991027+00:00", "level": "INFO", "logger": "event_trader.runtime", "msg": "cycle ev_20260406T083837_af78f2 (#8): fetched 600 markets in 0.4s"}
{"ts": "2026-04-06T08:38:37.992077+00:00", "level": "INFO", "logger": "event_trader.scanner", "msg": "pre-filter: 234 candidates from 600 markets (skipped 966 expensive)"}
{"ts": "2026-04-06T08:38:43.100641+00:00", "level": "INFO", "logger": "event_trader.scanner", "msg": "scan summary: 234 candidates checked, 0 signals, filters: {'inactive': 0, 'no_orderbook': 0, 'bad_outcomes': 0, 'low_liquidity': 0, 'no_book': 0, 'too_expensive': 0, 'too_cheap': 0, 'wide_spread': 0, 'no_depth': 0, 'has_position': 3, 'recent_signal': 231, 'low_confidence': 0, 'no_asks': 0, 'price_prefilter': 966}"}
{"ts": "2026-04-06T08:38:43.102630+00:00", "level": "INFO", "logger": "event_trader.runtime", "msg": "scan: 0 signals found in 5.1s"}
{"ts": "2026-04-06T08:38:43.275379+00:00", "level": "INFO", "logger": "event_trader.runtime", "msg": "PORTFOLIO: 3 positions  cost=$6.00  value=$6.00  pnl=$-0.0001"}
{"ts": "2026-04-06T08:38:43.275612+00:00", "level": "INFO", "logger": "event_trader.runtime", "msg": "  POS: Yes  entry=0.021  now=0.021  pnl=0.0%  $-0.0000"}
{"ts": "2026-04-06T08:38:43.275784+00:00", "level": "INFO", "logger": "event_trader.runtime", "msg": "  POS: Yes  entry=0.021  now=0.021  pnl=0.0%  $-0.0000"}
{"ts": "2026-04-06T08:38:43.275957+00:00", "level": "INFO", "logger": "event_trader.runtime", "msg": "  POS: Yes  entry=0.021  now=0.021  pnl=0.0%  $-0.0000"}
{"ts": "2026-04-06T08:38:43.288026+00:00", "level": "INFO", "logger": "event_trader.runtime", "msg": "cycle ev_20260406T083837_af78f2 (#8) done in 5.7s: scanned=600 signals=0 entries=0 exits=0 open=3 unrealized=$0.0000 realized=$0.0000"}
{"ts": "2026-04-06T08:38:53.716010+00:00", "level": "INFO", "logger": "event_trader.data_client", "msg": "fetched 600 markets across 7 pages"}
{"ts": "2026-04-06T08:38:53.716923+00:00", "level": "INFO", "logger": "event_trader.runtime", "msg": "cycle ev_20260406T083853_a6c65c (#9): fetched 600 markets in 0.4s"}
{"ts": "2026-04-06T08:38:53.717908+00:00", "level": "INFO", "logger": "event_trader.scanner", "msg": "pre-filter: 234 candidates from 600 markets (skipped 966 expensive)"}
{"ts": "2026-04-06T08:38:59.050799+00:00", "level": "INFO", "logger": "event_trader.scanner", "msg": "scan summary: 234 candidates checked, 0 signals, filters: {'inactive': 0, 'no_orderbook': 0, 'bad_outcomes': 0, 'low_liquidity': 0, 'no_book': 0, 'too_expensive': 0, 'too_cheap': 0, 'wide_spread': 0, 'no_depth': 0, 'has_position': 3, 'recent_signal': 231, 'low_confidence': 0, 'no_asks': 0, 'price_prefilter': 966}"}
{"ts": "2026-04-06T08:38:59.053294+00:00", "level": "INFO", "logger": "event_trader.runtime", "msg": "scan: 0 signals found in 5.3s"}
{"ts": "2026-04-06T08:38:59.226416+00:00", "level": "INFO", "logger": "event_trader.runtime", "msg": "PORTFOLIO: 3 positions  cost=$6.00  value=$6.00  pnl=$-0.0001"}
{"ts": "2026-04-06T08:38:59.226827+00:00", "level": "INFO", "logger": "event_trader.runtime", "msg": "  POS: Yes  entry=0.021  now=0.021  pnl=0.0%  $-0.0000"}
{"ts": "2026-04-06T08:38:59.227045+00:00", "level": "INFO", "logger": "event_trader.runtime", "msg": "  POS: Yes  entry=0.021  now=0.021  pnl=0.0%  $-0.0000"}
{"ts": "2026-04-06T08:38:59.227236+00:00", "level": "INFO", "logger": "event_trader.runtime", "msg": "  POS: Yes  entry=0.021  now=0.021  pnl=0.0%  $-0.0000"}
{"ts": "2026-04-06T08:38:59.240157+00:00", "level": "INFO", "logger": "event_trader.runtime", "msg": "cycle ev_20260406T083853_a6c65c (#9) done in 5.9s: scanned=600 signals=0 entries=0 exits=0 open=3 unrealized=$0.0000 realized=$0.0000"}
