
[2026-04-05T13:03:31.525778+00:00] Starting bot from dashboard
{"ts": "2026-04-05T13:03:31.921785+00:00", "level": "INFO", "logger": "polymarket_bot.runtime", "message": "Starting polymarket bot mode=live min_group=2 max_group=6 sports_only=False no_basket=True pair=True multi=True scan_limit=400 min_net_profit=0.2 min_net_edge=0.004 aggression=0.92"}
{"ts": "2026-04-05T13:03:33.376943+00:00", "level": "INFO", "logger": "httpx", "message": "HTTP Request: POST https://clob.polymarket.com/auth/api-key \"HTTP/2 400 Bad Request\""}
{"ts": "2026-04-05T13:03:33.543389+00:00", "level": "INFO", "logger": "httpx", "message": "HTTP Request: GET https://clob.polymarket.com/auth/derive-api-key \"HTTP/2 200 OK\""}
{"ts": "2026-04-05T13:07:40.649319+00:00", "level": "INFO", "logger": "polymarket_bot.runtime", "message": "Cycle summary scanned=400 groups=39 selected=0 executed=0 near_misses=8 diagnostics={'eligible_markets': 396, 'groups_total': 39, 'groups_below_min_size': 13, 'no_basket_evaluated': 26, 'no_basket_found': 0, 'pair_evaluated': 396, 'pair_found': 0, 'multi_evaluated': 0, 'multi_found': 0, 'no_basket_best_edge_ppm': -940000, 'no_basket_best_profit_cents': -189, 'pair_best_edge_ppm': -970000, 'pair_best_profit_cents': -590, 'multi_best_edge_ppm': -1000000, 'multi_best_profit_cents': -100}"}
{"ts": "2026-04-05T13:07:41.042674+00:00", "level": "INFO", "logger": "httpx", "message": "HTTP Request: POST https://clob.polymarket.com/auth/api-key \"HTTP/2 400 Bad Request\""}
{"ts": "2026-04-05T13:07:41.213069+00:00", "level": "INFO", "logger": "httpx", "message": "HTTP Request: GET https://clob.polymarket.com/auth/derive-api-key \"HTTP/2 200 OK\""}
{"ts": "2026-04-05T13:11:27.554553+00:00", "level": "INFO", "logger": "polymarket_bot.runtime", "message": "Cycle summary scanned=400 groups=39 selected=0 executed=0 near_misses=8 diagnostics={'eligible_markets': 396, 'groups_total': 39, 'groups_below_min_size': 13, 'no_basket_evaluated': 26, 'no_basket_found': 0, 'pair_evaluated': 396, 'pair_found': 0, 'multi_evaluated': 0, 'multi_found': 0, 'no_basket_best_edge_ppm': -940000, 'no_basket_best_profit_cents': -189, 'pair_best_edge_ppm': -970000, 'pair_best_profit_cents': -590, 'multi_best_edge_ppm': -1000000, 'multi_best_profit_cents': -100}"}
{"ts": "2026-04-05T13:11:27.936609+00:00", "level": "INFO", "logger": "httpx", "message": "HTTP Request: POST https://clob.polymarket.com/auth/api-key \"HTTP/2 400 Bad Request\""}
{"ts": "2026-04-05T13:11:28.797386+00:00", "level": "INFO", "logger": "httpx", "message": "HTTP Request: GET https://clob.polymarket.com/auth/derive-api-key \"HTTP/2 200 OK\""}
{"ts": "2026-04-05T13:15:26.088963+00:00", "level": "INFO", "logger": "polymarket_bot.runtime", "message": "Auto-tune applied reason=loosen:no_opportunities aggression=0.9500 min_net_profit=0.1700 min_net_edge=0.003600"}
{"ts": "2026-04-05T13:15:26.089078+00:00", "level": "INFO", "logger": "polymarket_bot.runtime", "message": "Cycle summary scanned=400 groups=39 selected=0 executed=0 near_misses=8 diagnostics={'eligible_markets': 396, 'groups_total': 39, 'groups_below_min_size': 13, 'no_basket_evaluated': 26, 'no_basket_found': 0, 'pair_evaluated': 396, 'pair_found': 0, 'multi_evaluated': 0, 'multi_found': 0, 'no_basket_best_edge_ppm': -940000, 'no_basket_best_profit_cents': -189, 'pair_best_edge_ppm': -970000, 'pair_best_profit_cents': -590, 'multi_best_edge_ppm': -1000000, 'multi_best_profit_cents': -100}"}
{"ts": "2026-04-05T13:15:26.468728+00:00", "level": "INFO", "logger": "httpx", "message": "HTTP Request: POST https://clob.polymarket.com/auth/api-key \"HTTP/2 400 Bad Request\""}
{"ts": "2026-04-05T13:15:26.720163+00:00", "level": "INFO", "logger": "httpx", "message": "HTTP Request: GET https://clob.polymarket.com/auth/derive-api-key \"HTTP/2 200 OK\""}
{"ts": "2026-04-05T13:19:24.960422+00:00", "level": "INFO", "logger": "polymarket_bot.runtime", "message": "Cycle summary scanned=400 groups=39 selected=0 executed=0 near_misses=8 diagnostics={'eligible_markets': 396, 'groups_total': 39, 'groups_below_min_size': 13, 'no_basket_evaluated': 26, 'no_basket_found': 0, 'pair_evaluated': 396, 'pair_found': 0, 'multi_evaluated': 0, 'multi_found': 0, 'no_basket_best_edge_ppm': -940000, 'no_basket_best_profit_cents': -189, 'pair_best_edge_ppm': -970000, 'pair_best_profit_cents': -590, 'multi_best_edge_ppm': -1000000, 'multi_best_profit_cents': -100}"}
{"ts": "2026-04-05T13:19:25.246231+00:00", "level": "INFO", "logger": "httpx", "message": "HTTP Request: POST https://clob.polymarket.com/auth/api-key \"HTTP/2 400 Bad Request\""}
{"ts": "2026-04-05T13:19:25.406256+00:00", "level": "INFO", "logger": "httpx", "message": "HTTP Request: GET https://clob.polymarket.com/auth/derive-api-key \"HTTP/2 200 OK\""}
{"ts": "2026-04-05T13:23:30.488867+00:00", "level": "INFO", "logger": "polymarket_bot.runtime", "message": "Cycle summary scanned=400 groups=39 selected=0 executed=0 near_misses=8 diagnostics={'eligible_markets': 396, 'groups_total': 39, 'groups_below_min_size': 13, 'no_basket_evaluated': 26, 'no_basket_found': 0, 'pair_evaluated': 396, 'pair_found': 0, 'multi_evaluated': 0, 'multi_found': 0, 'no_basket_best_edge_ppm': -940000, 'no_basket_best_profit_cents': -189, 'pair_best_edge_ppm': -970000, 'pair_best_profit_cents': -590, 'multi_best_edge_ppm': -1000000, 'multi_best_profit_cents': -100}"}
{"ts": "2026-04-05T13:23:30.762788+00:00", "level": "INFO", "logger": "httpx", "message": "HTTP Request: POST https://clob.polymarket.com/auth/api-key \"HTTP/2 400 Bad Request\""}
{"ts": "2026-04-05T13:23:30.927297+00:00", "level": "INFO", "logger": "httpx", "message": "HTTP Request: GET https://clob.polymarket.com/auth/derive-api-key \"HTTP/2 200 OK\""}
{"ts": "2026-04-05T13:27:20.885120+00:00", "level": "INFO", "logger": "polymarket_bot.runtime", "message": "Auto-tune applied reason=loosen:no_opportunities aggression=0.9800 min_net_profit=0.1400 min_net_edge=0.003200"}
{"ts": "2026-04-05T13:27:20.885264+00:00", "level": "INFO", "logger": "polymarket_bot.runtime", "message": "Cycle summary scanned=400 groups=39 selected=0 executed=0 near_misses=8 diagnostics={'eligible_markets': 396, 'groups_total': 39, 'groups_below_min_size': 13, 'no_basket_evaluated': 26, 'no_basket_found': 0, 'pair_evaluated': 396, 'pair_found': 0, 'multi_evaluated': 0, 'multi_found': 0, 'no_basket_best_edge_ppm': -940000, 'no_basket_best_profit_cents': -189, 'pair_best_edge_ppm': -970000, 'pair_best_profit_cents': -590, 'multi_best_edge_ppm': -1000000, 'multi_best_profit_cents': -100}"}
{"ts": "2026-04-05T13:27:21.284685+00:00", "level": "INFO", "logger": "httpx", "message": "HTTP Request: POST https://clob.polymarket.com/auth/api-key \"HTTP/2 400 Bad Request\""}
{"ts": "2026-04-05T13:27:21.606097+00:00", "level": "INFO", "logger": "httpx", "message": "HTTP Request: GET https://clob.polymarket.com/auth/derive-api-key \"HTTP/2 200 OK\""}
{"ts": "2026-04-05T13:31:23.587759+00:00", "level": "INFO", "logger": "polymarket_bot.runtime", "message": "Cycle summary scanned=400 groups=39 selected=0 executed=0 near_misses=8 diagnostics={'eligible_markets': 396, 'groups_total': 39, 'groups_below_min_size': 13, 'no_basket_evaluated': 26, 'no_basket_found': 0, 'pair_evaluated': 396, 'pair_found': 0, 'multi_evaluated': 0, 'multi_found': 0, 'no_basket_best_edge_ppm': -940000, 'no_basket_best_profit_cents': -189, 'pair_best_edge_ppm': -970000, 'pair_best_profit_cents': -590, 'multi_best_edge_ppm': -1000000, 'multi_best_profit_cents': -100}"}
{"ts": "2026-04-05T13:31:23.854767+00:00", "level": "INFO", "logger": "httpx", "message": "HTTP Request: POST https://clob.polymarket.com/auth/api-key \"HTTP/2 400 Bad Request\""}
{"ts": "2026-04-05T13:31:24.133988+00:00", "level": "INFO", "logger": "httpx", "message": "HTTP Request: GET https://clob.polymarket.com/auth/derive-api-key \"HTTP/2 200 OK\""}
{"ts": "2026-04-05T13:35:14.366430+00:00", "level": "INFO", "logger": "polymarket_bot.runtime", "message": "Cycle summary scanned=400 groups=39 selected=0 executed=0 near_misses=8 diagnostics={'eligible_markets': 396, 'groups_total': 39, 'groups_below_min_size': 13, 'no_basket_evaluated': 26, 'no_basket_found': 0, 'pair_evaluated': 396, 'pair_found': 0, 'multi_evaluated': 0, 'multi_found': 0, 'no_basket_best_edge_ppm': -940000, 'no_basket_best_profit_cents': -189, 'pair_best_edge_ppm': -970000, 'pair_best_profit_cents': -590, 'multi_best_edge_ppm': -1000000, 'multi_best_profit_cents': -100}"}
{"ts": "2026-04-05T13:35:14.630021+00:00", "level": "INFO", "logger": "httpx", "message": "HTTP Request: POST https://clob.polymarket.com/auth/api-key \"HTTP/2 400 Bad Request\""}
{"ts": "2026-04-05T13:35:14.799155+00:00", "level": "INFO", "logger": "httpx", "message": "HTTP Request: GET https://clob.polymarket.com/auth/derive-api-key \"HTTP/2 200 OK\""}
{"ts": "2026-04-05T13:39:12.081651+00:00", "level": "INFO", "logger": "polymarket_bot.runtime", "message": "Auto-tune applied reason=loosen:no_opportunities aggression=0.9800 min_net_profit=0.1100 min_net_edge=0.002800"}
{"ts": "2026-04-05T13:39:12.081775+00:00", "level": "INFO", "logger": "polymarket_bot.runtime", "message": "Cycle summary scanned=400 groups=39 selected=0 executed=0 near_misses=8 diagnostics={'eligible_markets': 396, 'groups_total': 39, 'groups_below_min_size': 13, 'no_basket_evaluated': 26, 'no_basket_found': 0, 'pair_evaluated': 396, 'pair_found': 0, 'multi_evaluated': 0, 'multi_found': 0, 'no_basket_best_edge_ppm': -940000, 'no_basket_best_profit_cents': -189, 'pair_best_edge_ppm': -970000, 'pair_best_profit_cents': -590, 'multi_best_edge_ppm': -1000000, 'multi_best_profit_cents': -100}"}
{"ts": "2026-04-05T13:39:12.368098+00:00", "level": "INFO", "logger": "httpx", "message": "HTTP Request: POST https://clob.polymarket.com/auth/api-key \"HTTP/2 400 Bad Request\""}
{"ts": "2026-04-05T13:39:12.554352+00:00", "level": "INFO", "logger": "httpx", "message": "HTTP Request: GET https://clob.polymarket.com/auth/derive-api-key \"HTTP/2 200 OK\""}
{"ts": "2026-04-05T13:43:11.055081+00:00", "level": "INFO", "logger": "polymarket_bot.runtime", "message": "Cycle summary scanned=400 groups=39 selected=0 executed=0 near_misses=8 diagnostics={'eligible_markets': 396, 'groups_total': 39, 'groups_below_min_size': 13, 'no_basket_evaluated': 26, 'no_basket_found': 0, 'pair_evaluated': 396, 'pair_found': 0, 'multi_evaluated': 0, 'multi_found': 0, 'no_basket_best_edge_ppm': -940000, 'no_basket_best_profit_cents': -189, 'pair_best_edge_ppm': -970000, 'pair_best_profit_cents': -590, 'multi_best_edge_ppm': -1000000, 'multi_best_profit_cents': -100}"}
{"ts": "2026-04-05T13:43:11.331226+00:00", "level": "INFO", "logger": "httpx", "message": "HTTP Request: POST https://clob.polymarket.com/auth/api-key \"HTTP/2 400 Bad Request\""}
{"ts": "2026-04-05T13:43:11.507032+00:00", "level": "INFO", "logger": "httpx", "message": "HTTP Request: GET https://clob.polymarket.com/auth/derive-api-key \"HTTP/2 200 OK\""}
{"ts": "2026-04-05T13:47:04.245454+00:00", "level": "INFO", "logger": "polymarket_bot.runtime", "message": "Cycle summary scanned=400 groups=39 selected=0 executed=0 near_misses=8 diagnostics={'eligible_markets': 396, 'groups_total': 39, 'groups_below_min_size': 13, 'no_basket_evaluated': 26, 'no_basket_found': 0, 'pair_evaluated': 396, 'pair_found': 0, 'multi_evaluated': 0, 'multi_found': 0, 'no_basket_best_edge_ppm': -940000, 'no_basket_best_profit_cents': -189, 'pair_best_edge_ppm': -970000, 'pair_best_profit_cents': -590, 'multi_best_edge_ppm': -1000000, 'multi_best_profit_cents': -100}"}
{"ts": "2026-04-05T13:47:04.637722+00:00", "level": "INFO", "logger": "httpx", "message": "HTTP Request: POST https://clob.polymarket.com/auth/api-key \"HTTP/2 400 Bad Request\""}
{"ts": "2026-04-05T13:47:04.801814+00:00", "level": "INFO", "logger": "httpx", "message": "HTTP Request: GET https://clob.polymarket.com/auth/derive-api-key \"HTTP/2 200 OK\""}
{"ts": "2026-04-05T13:50:52.535574+00:00", "level": "INFO", "logger": "polymarket_bot.runtime", "message": "Auto-tune applied reason=loosen:no_opportunities aggression=0.9800 min_net_profit=0.1000 min_net_edge=0.002400"}
{"ts": "2026-04-05T13:50:52.535677+00:00", "level": "INFO", "logger": "polymarket_bot.runtime", "message": "Cycle summary scanned=400 groups=39 selected=0 executed=0 near_misses=8 diagnostics={'eligible_markets': 396, 'groups_total': 39, 'groups_below_min_size': 13, 'no_basket_evaluated': 26, 'no_basket_found': 0, 'pair_evaluated': 396, 'pair_found': 0, 'multi_evaluated': 0, 'multi_found': 0, 'no_basket_best_edge_ppm': -940000, 'no_basket_best_profit_cents': -189, 'pair_best_edge_ppm': -970000, 'pair_best_profit_cents': -590, 'multi_best_edge_ppm': -1000000, 'multi_best_profit_cents': -100}"}
{"ts": "2026-04-05T13:50:52.925394+00:00", "level": "INFO", "logger": "httpx", "message": "HTTP Request: POST https://clob.polymarket.com/auth/api-key \"HTTP/2 400 Bad Request\""}
{"ts": "2026-04-05T13:50:53.090579+00:00", "level": "INFO", "logger": "httpx", "message": "HTTP Request: GET https://clob.polymarket.com/auth/derive-api-key \"HTTP/2 200 OK\""}
{"ts": "2026-04-05T13:54:44.656541+00:00", "level": "INFO", "logger": "polymarket_bot.runtime", "message": "Cycle summary scanned=400 groups=39 selected=0 executed=0 near_misses=8 diagnostics={'eligible_markets': 396, 'groups_total': 39, 'groups_below_min_size': 13, 'no_basket_evaluated': 26, 'no_basket_found': 0, 'pair_evaluated': 396, 'pair_found': 0, 'multi_evaluated': 0, 'multi_found': 0, 'no_basket_best_edge_ppm': -940000, 'no_basket_best_profit_cents': -189, 'pair_best_edge_ppm': -970000, 'pair_best_profit_cents': -590, 'multi_best_edge_ppm': -1000000, 'multi_best_profit_cents': -100}"}
{"ts": "2026-04-05T13:54:44.918581+00:00", "level": "INFO", "logger": "httpx", "message": "HTTP Request: POST https://clob.polymarket.com/auth/api-key \"HTTP/2 400 Bad Request\""}
{"ts": "2026-04-05T13:54:45.083749+00:00", "level": "INFO", "logger": "httpx", "message": "HTTP Request: GET https://clob.polymarket.com/auth/derive-api-key \"HTTP/2 200 OK\""}
{"ts": "2026-04-05T13:58:48.189403+00:00", "level": "INFO", "logger": "polymarket_bot.runtime", "message": "Cycle summary scanned=400 groups=39 selected=0 executed=0 near_misses=8 diagnostics={'eligible_markets': 396, 'groups_total': 39, 'groups_below_min_size': 13, 'no_basket_evaluated': 26, 'no_basket_found': 0, 'pair_evaluated': 396, 'pair_found': 0, 'multi_evaluated': 0, 'multi_found': 0, 'no_basket_best_edge_ppm': -940000, 'no_basket_best_profit_cents': -189, 'pair_best_edge_ppm': -970000, 'pair_best_profit_cents': -590, 'multi_best_edge_ppm': -1000000, 'multi_best_profit_cents': -100}"}
{"ts": "2026-04-05T13:58:48.451367+00:00", "level": "INFO", "logger": "httpx", "message": "HTTP Request: POST https://clob.polymarket.com/auth/api-key \"HTTP/2 400 Bad Request\""}
{"ts": "2026-04-05T13:58:48.613638+00:00", "level": "INFO", "logger": "httpx", "message": "HTTP Request: GET https://clob.polymarket.com/auth/derive-api-key \"HTTP/2 200 OK\""}
{"ts": "2026-04-05T14:02:43.147675+00:00", "level": "INFO", "logger": "polymarket_bot.runtime", "message": "Auto-tune applied reason=loosen:no_opportunities aggression=0.9800 min_net_profit=0.1000 min_net_edge=0.002000"}
{"ts": "2026-04-05T14:02:43.147783+00:00", "level": "INFO", "logger": "polymarket_bot.runtime", "message": "Cycle summary scanned=400 groups=39 selected=0 executed=0 near_misses=8 diagnostics={'eligible_markets': 396, 'groups_total': 39, 'groups_below_min_size': 13, 'no_basket_evaluated': 26, 'no_basket_found': 0, 'pair_evaluated': 396, 'pair_found': 0, 'multi_evaluated': 0, 'multi_found': 0, 'no_basket_best_edge_ppm': -940000, 'no_basket_best_profit_cents': -189, 'pair_best_edge_ppm': -970000, 'pair_best_profit_cents': -590, 'multi_best_edge_ppm': -1000000, 'multi_best_profit_cents': -100}"}
{"ts": "2026-04-05T14:02:43.415711+00:00", "level": "INFO", "logger": "httpx", "message": "HTTP Request: POST https://clob.polymarket.com/auth/api-key \"HTTP/2 400 Bad Request\""}
{"ts": "2026-04-05T14:02:43.619746+00:00", "level": "INFO", "logger": "httpx", "message": "HTTP Request: GET https://clob.polymarket.com/auth/derive-api-key \"HTTP/2 200 OK\""}
{"ts": "2026-04-05T14:06:29.520411+00:00", "level": "INFO", "logger": "polymarket_bot.runtime", "message": "Cycle summary scanned=400 groups=39 selected=0 executed=0 near_misses=8 diagnostics={'eligible_markets': 396, 'groups_total': 39, 'groups_below_min_size': 13, 'no_basket_evaluated': 26, 'no_basket_found': 0, 'pair_evaluated': 396, 'pair_found': 0, 'multi_evaluated': 0, 'multi_found': 0, 'no_basket_best_edge_ppm': -940000, 'no_basket_best_profit_cents': -189, 'pair_best_edge_ppm': -970000, 'pair_best_profit_cents': -590, 'multi_best_edge_ppm': -1000000, 'multi_best_profit_cents': -100}"}
{"ts": "2026-04-05T14:06:29.780308+00:00", "level": "INFO", "logger": "httpx", "message": "HTTP Request: POST https://clob.polymarket.com/auth/api-key \"HTTP/2 400 Bad Request\""}
{"ts": "2026-04-05T14:06:29.951041+00:00", "level": "INFO", "logger": "httpx", "message": "HTTP Request: GET https://clob.polymarket.com/auth/derive-api-key \"HTTP/2 200 OK\""}
{"ts": "2026-04-05T14:10:15.725053+00:00", "level": "INFO", "logger": "polymarket_bot.runtime", "message": "Cycle summary scanned=400 groups=39 selected=0 executed=0 near_misses=8 diagnostics={'eligible_markets': 396, 'groups_total': 39, 'groups_below_min_size': 13, 'no_basket_evaluated': 26, 'no_basket_found': 0, 'pair_evaluated': 396, 'pair_found': 0, 'multi_evaluated': 0, 'multi_found': 0, 'no_basket_best_edge_ppm': -940000, 'no_basket_best_profit_cents': -189, 'pair_best_edge_ppm': -970000, 'pair_best_profit_cents': -590, 'multi_best_edge_ppm': -1000000, 'multi_best_profit_cents': -100}"}
{"ts": "2026-04-05T14:10:15.989073+00:00", "level": "INFO", "logger": "httpx", "message": "HTTP Request: POST https://clob.polymarket.com/auth/api-key \"HTTP/2 400 Bad Request\""}
{"ts": "2026-04-05T14:10:16.154787+00:00", "level": "INFO", "logger": "httpx", "message": "HTTP Request: GET https://clob.polymarket.com/auth/derive-api-key \"HTTP/2 200 OK\""}
{"ts": "2026-04-05T14:14:14.338892+00:00", "level": "INFO", "logger": "polymarket_bot.runtime", "message": "Cycle summary scanned=400 groups=39 selected=0 executed=0 near_misses=8 diagnostics={'eligible_markets': 396, 'groups_total': 39, 'groups_below_min_size': 13, 'no_basket_evaluated': 26, 'no_basket_found': 0, 'pair_evaluated': 396, 'pair_found': 0, 'multi_evaluated': 0, 'multi_found': 0, 'no_basket_best_edge_ppm': -940000, 'no_basket_best_profit_cents': -189, 'pair_best_edge_ppm': -970000, 'pair_best_profit_cents': -590, 'multi_best_edge_ppm': -1000000, 'multi_best_profit_cents': -100}"}
{"ts": "2026-04-05T14:14:14.618391+00:00", "level": "INFO", "logger": "httpx", "message": "HTTP Request: POST https://clob.polymarket.com/auth/api-key \"HTTP/2 400 Bad Request\""}
{"ts": "2026-04-05T14:14:14.803308+00:00", "level": "INFO", "logger": "httpx", "message": "HTTP Request: GET https://clob.polymarket.com/auth/derive-api-key \"HTTP/2 200 OK\""}
{"ts": "2026-04-05T14:18:18.162711+00:00", "level": "INFO", "logger": "polymarket_bot.runtime", "message": "Cycle summary scanned=400 groups=39 selected=0 executed=0 near_misses=8 diagnostics={'eligible_markets': 396, 'groups_total': 39, 'groups_below_min_size': 13, 'no_basket_evaluated': 26, 'no_basket_found': 0, 'pair_evaluated': 396, 'pair_found': 0, 'multi_evaluated': 0, 'multi_found': 0, 'no_basket_best_edge_ppm': -940000, 'no_basket_best_profit_cents': -189, 'pair_best_edge_ppm': -970000, 'pair_best_profit_cents': -590, 'multi_best_edge_ppm': -1000000, 'multi_best_profit_cents': -100}"}
{"ts": "2026-04-05T14:18:18.426223+00:00", "level": "INFO", "logger": "httpx", "message": "HTTP Request: POST https://clob.polymarket.com/auth/api-key \"HTTP/2 400 Bad Request\""}
{"ts": "2026-04-05T14:18:18.590344+00:00", "level": "INFO", "logger": "httpx", "message": "HTTP Request: GET https://clob.polymarket.com/auth/derive-api-key \"HTTP/2 200 OK\""}
Traceback (most recent call last):
  File "<frozen runpy>", line 198, in _run_module_as_main
  File "<frozen runpy>", line 88, in _run_code
  File "C:\Users\ryano\Downloads\polymart\polymarket_bot\main.py", line 51, in <module>
    run_bot_loop(config)
    ~~~~~~~~~~~~^^^^^^^^
  File "C:\Users\ryano\Downloads\polymart\polymarket_bot\runtime.py", line 230, in run_bot_loop
    summary = run_bot_once(current_config, last_trade_at=last_trade_at)
  File "C:\Users\ryano\Downloads\polymart\polymarket_bot\runtime.py", line 149, in run_bot_once
    scan = scanner.scan(last_trade_at=last_trade_at)
  File "C:\Users\ryano\Downloads\polymart\polymarket_bot\scanner.py", line 170, in scan
    ) = self._scan_binary_pair_opportunities(markets, last_trade_at)
        ~~~~~~~~~~~~~~~~~~~~~~~~~~~~~~~~~~~~^^^^^^^^^^^^^^^^^^^^^^^^
  File "C:\Users\ryano\Downloads\polymart\polymarket_bot\scanner.py", line 269, in _scan_binary_pair_opportunities
    yes_quote = self.client.fetch_best_ask(market.token_ids[yes_idx])
  File "C:\Users\ryano\Downloads\polymart\polymarket_bot\data_client.py", line 69, in fetch_best_ask
    payload, latency_ms = self._request_json(
                          ~~~~~~~~~~~~~~~~~~^
        f"{self.config.clob_host}/book",
        ^^^^^^^^^^^^^^^^^^^^^^^^^^^^^^^^
        params={"token_id": token_id},
        ^^^^^^^^^^^^^^^^^^^^^^^^^^^^^^
    )
    ^
  File "C:\Users\ryano\Downloads\polymart\polymarket_bot\data_client.py", line 35, in _request_json
    resp = self.session.get(url, params=params, timeout=self.config.request_timeout_seconds)
  File "C:\Python313\Lib\site-packages\requests\sessions.py", line 602, in get
    return self.request("GET", url, **kwargs)
           ~~~~~~~~~~~~^^^^^^^^^^^^^^^^^^^^^^
  File "C:\Python313\Lib\site-packages\requests\sessions.py", line 589, in request
    resp = self.send(prep, **send_kwargs)
  File "C:\Python313\Lib\site-packages\requests\sessions.py", line 703, in send
    r = adapter.send(request, **kwargs)
  File "C:\Python313\Lib\site-packages\requests\adapters.py", line 486, in send
    resp = conn.urlopen(
        method=request.method,
    ...<9 lines>...
        chunked=chunked,
    )
  File "C:\Python313\Lib\site-packages\urllib3\connectionpool.py", line 787, in urlopen
    response = self._make_request(
        conn,
    ...<10 lines>...
        **response_kw,
    )
  File "C:\Python313\Lib\site-packages\urllib3\connectionpool.py", line 534, in _make_request
    response = conn.getresponse()
  File "C:\Python313\Lib\site-packages\urllib3\connection.py", line 565, in getresponse
    httplib_response = super().getresponse()
  File "C:\Python313\Lib\http\client.py", line 1430, in getresponse
    response.begin()
    ~~~~~~~~~~~~~~^^
  File "C:\Python313\Lib\http\client.py", line 331, in begin
    version, status, reason = self._read_status()
                              ~~~~~~~~~~~~~~~~~^^
  File "C:\Python313\Lib\http\client.py", line 292, in _read_status
    line = str(self.fp.readline(_MAXLINE + 1), "iso-8859-1")
               ~~~~~~~~~~~~~~~~^^^^^^^^^^^^^^
  File "C:\Python313\Lib\socket.py", line 719, in readinto
    return self._sock.recv_into(b)
           ~~~~~~~~~~~~~~~~~~~~^^^
  File "C:\Python313\Lib\ssl.py", line 1304, in recv_into
    return self.read(nbytes, buffer)
           ~~~~~~~~~^^^^^^^^^^^^^^^^
  File "C:\Python313\Lib\ssl.py", line 1138, in read
    return self._sslobj.read(len, buffer)
           ~~~~~~~~~~~~~~~~~^^^^^^^^^^^^^
KeyboardInterrupt

[2026-04-05T14:38:18.855511+00:00] Starting bot from dashboard
{"ts": "2026-04-05T14:38:19.238709+00:00", "level": "INFO", "logger": "polymarket_bot.runtime", "message": "Starting polymarket bot mode=dry_run min_group=2 max_group=6 sports_only=False no_basket=True pair=True multi=True scan_limit=400 min_net_profit=0.2 min_net_edge=0.004 aggression=0.92"}
[2026-04-05T14:40:44.119819+00:00] Stopped bot from dashboard

[2026-04-05T14:40:52.473048+00:00] Starting bot from dashboard
{"ts": "2026-04-05T14:40:52.873373+00:00", "level": "INFO", "logger": "polymarket_bot.runtime", "message": "Starting polymarket bot mode=dry_run min_group=2 max_group=6 sports_only=False no_basket=True pair=True multi=True scan_limit=400 min_net_profit=0.2 min_net_edge=0.004 aggression=0.92"}
Traceback (most recent call last):
  File "<frozen runpy>", line 198, in _run_module_as_main
  File "<frozen runpy>", line 88, in _run_code
  File "C:\Users\ryano\Downloads\polymart\polymarket_bot\main.py", line 51, in <module>
    run_bot_loop(config)
    ~~~~~~~~~~~~^^^^^^^^
  File "C:\Users\ryano\Downloads\polymart\polymarket_bot\runtime.py", line 237, in run_bot_loop
    summary = run_bot_once(current_config, last_trade_at=last_trade_at)
  File "C:\Users\ryano\Downloads\polymart\polymarket_bot\runtime.py", line 152, in run_bot_once
    scan = scanner.scan(last_trade_at=last_trade_at)
  File "C:\Users\ryano\Downloads\polymart\polymarket_bot\scanner.py", line 103, in scan
    best = self.client.fetch_best_ask(no_quote.token_id)
  File "C:\Users\ryano\Downloads\polymart\polymarket_bot\data_client.py", line 69, in fetch_best_ask
    payload, latency_ms = self._request_json(
                          ~~~~~~~~~~~~~~~~~~^
        f"{self.config.clob_host}/book",
        ^^^^^^^^^^^^^^^^^^^^^^^^^^^^^^^^
        params={"token_id": token_id},
        ^^^^^^^^^^^^^^^^^^^^^^^^^^^^^^
    )
    ^
  File "C:\Users\ryano\Downloads\polymart\polymarket_bot\data_client.py", line 35, in _request_json
    resp = self.session.get(url, params=params, timeout=self.config.request_timeout_seconds)
  File "C:\Python313\Lib\site-packages\requests\sessions.py", line 602, in get
    return self.request("GET", url, **kwargs)
           ~~~~~~~~~~~~^^^^^^^^^^^^^^^^^^^^^^
  File "C:\Python313\Lib\site-packages\requests\sessions.py", line 589, in request
    resp = self.send(prep, **send_kwargs)
  File "C:\Python313\Lib\site-packages\requests\sessions.py", line 703, in send
    r = adapter.send(request, **kwargs)
  File "C:\Python313\Lib\site-packages\requests\adapters.py", line 486, in send
    resp = conn.urlopen(
        method=request.method,
    ...<9 lines>...
        chunked=chunked,
    )
  File "C:\Python313\Lib\site-packages\urllib3\connectionpool.py", line 787, in urlopen
    response = self._make_request(
        conn,
    ...<10 lines>...
        **response_kw,
    )
  File "C:\Python313\Lib\site-packages\urllib3\connectionpool.py", line 534, in _make_request
    response = conn.getresponse()
  File "C:\Python313\Lib\site-packages\urllib3\connection.py", line 565, in getresponse
    httplib_response = super().getresponse()
  File "C:\Python313\Lib\http\client.py", line 1430, in getresponse
    response.begin()
    ~~~~~~~~~~~~~~^^
  File "C:\Python313\Lib\http\client.py", line 331, in begin
    version, status, reason = self._read_status()
                              ~~~~~~~~~~~~~~~~~^^
  File "C:\Python313\Lib\http\client.py", line 292, in _read_status
    line = str(self.fp.readline(_MAXLINE + 1), "iso-8859-1")
               ~~~~~~~~~~~~~~~~^^^^^^^^^^^^^^
  File "C:\Python313\Lib\socket.py", line 719, in readinto
    return self._sock.recv_into(b)
           ~~~~~~~~~~~~~~~~~~~~^^^
  File "C:\Python313\Lib\ssl.py", line 1304, in recv_into
    return self.read(nbytes, buffer)
           ~~~~~~~~~^^^^^^^^^^^^^^^^
  File "C:\Python313\Lib\ssl.py", line 1138, in read
    return self._sslobj.read(len, buffer)
           ~~~~~~~~~~~~~~~~~^^^^^^^^^^^^^
KeyboardInterrupt

[2026-04-05T14:51:00.048908+00:00] Starting bot from dashboard
{"ts": "2026-04-05T14:51:00.481498+00:00", "level": "INFO", "logger": "polymarket_bot.runtime", "message": "Starting polymarket bot mode=dry_run min_group=2 max_group=6 sports_only=False no_basket=True pair=False multi=False scan_limit=400 min_net_profit=0.2 min_net_edge=0.004 aggression=0.92"}
{"ts": "2026-04-05T14:52:27.884755+00:00", "level": "INFO", "logger": "polymarket_bot.runtime", "message": "Leader-follow no candidates diagnostics={'activity_rows': 16, 'signals_after_filters': 1, 'markets_loaded': 400, 'signal_market_miss': 1, 'signal_rejected_market_state': 0, 'signal_rejected_liquidity': 0, 'signal_rejected_token_mismatch': 0, 'signal_rejected_cooldown': 0, 'signal_rejected_quote': 0, 'signal_rejected_price_drift': 0, 'signal_rejected_non_positive_edge': 0, 'signal_rejected_bundle': 0, 'opportunities_built': 0}"}
{"ts": "2026-04-05T14:52:27.914847+00:00", "level": "INFO", "logger": "polymarket_bot.runtime", "message": "Cycle stage diagnostics={'scanner_ms': 86422, 'leader_follow_ms': 979, 'cycle_total_ms': 87431, 'scanner_candidates': 0, 'leader_candidates': 0, 'merged_candidates': 0, 'ranked_candidates': 0, 'scored_candidates': 0, 'selected_candidates': 0}"}
{"ts": "2026-04-05T14:52:27.919220+00:00", "level": "INFO", "logger": "polymarket_bot.runtime", "message": "Cycle summary scanned=400 groups=39 selected=0 executed=0 near_misses=8 diagnostics={'eligible_markets': 396, 'groups_total': 39, 'groups_below_min_size': 13, 'no_basket_evaluated': 26, 'no_basket_found': 0, 'pair_evaluated': 0, 'pair_found': 0, 'multi_evaluated': 0, 'multi_found': 0, 'no_basket_best_edge_ppm': -940000, 'no_basket_best_profit_cents': -189, 'pair_best_edge_ppm': -1000000, 'pair_best_profit_cents': -1000000, 'multi_best_edge_ppm': -1000000, 'multi_best_profit_cents': -1000000}"}
{"ts": "2026-04-05T14:53:55.316485+00:00", "level": "INFO", "logger": "polymarket_bot.runtime", "message": "Leader-follow no candidates diagnostics={'activity_rows': 16, 'signals_after_filters': 6, 'markets_loaded': 400, 'signal_market_miss': 6, 'signal_rejected_market_state': 0, 'signal_rejected_liquidity': 0, 'signal_rejected_token_mismatch': 0, 'signal_rejected_cooldown': 0, 'signal_rejected_quote': 0, 'signal_rejected_price_drift': 0, 'signal_rejected_non_positive_edge': 0, 'signal_rejected_bundle': 0, 'opportunities_built': 0}"}
{"ts": "2026-04-05T14:53:55.346215+00:00", "level": "INFO", "logger": "polymarket_bot.runtime", "message": "Cycle stage diagnostics={'scanner_ms': 86443, 'leader_follow_ms': 900, 'cycle_total_ms': 87373, 'scanner_candidates': 0, 'leader_candidates': 0, 'merged_candidates': 0, 'ranked_candidates': 0, 'scored_candidates': 0, 'selected_candidates': 0}"}
{"ts": "2026-04-05T14:53:55.351005+00:00", "level": "INFO", "logger": "polymarket_bot.runtime", "message": "Cycle summary scanned=400 groups=39 selected=0 executed=0 near_misses=8 diagnostics={'eligible_markets': 396, 'groups_total': 39, 'groups_below_min_size': 13, 'no_basket_evaluated': 26, 'no_basket_found': 0, 'pair_evaluated': 0, 'pair_found': 0, 'multi_evaluated': 0, 'multi_found': 0, 'no_basket_best_edge_ppm': -940000, 'no_basket_best_profit_cents': -189, 'pair_best_edge_ppm': -1000000, 'pair_best_profit_cents': -1000000, 'multi_best_edge_ppm': -1000000, 'multi_best_profit_cents': -1000000}"}
{"ts": "2026-04-05T14:55:22.123947+00:00", "level": "INFO", "logger": "polymarket_bot.runtime", "message": "Leader-follow no candidates diagnostics={'activity_rows': 16, 'signals_after_filters': 4, 'markets_loaded': 400, 'signal_market_miss': 4, 'signal_rejected_market_state': 0, 'signal_rejected_liquidity': 0, 'signal_rejected_token_mismatch': 0, 'signal_rejected_cooldown': 0, 'signal_rejected_quote': 0, 'signal_rejected_price_drift': 0, 'signal_rejected_non_positive_edge': 0, 'signal_rejected_bundle': 0, 'opportunities_built': 0}"}
{"ts": "2026-04-05T14:55:22.180292+00:00", "level": "INFO", "logger": "polymarket_bot.runtime", "message": "Cycle stage diagnostics={'scanner_ms': 85699, 'leader_follow_ms': 1020, 'cycle_total_ms': 86776, 'scanner_candidates': 0, 'leader_candidates': 0, 'merged_candidates': 0, 'ranked_candidates': 0, 'scored_candidates': 0, 'selected_candidates': 0}"}
{"ts": "2026-04-05T14:55:22.185082+00:00", "level": "INFO", "logger": "polymarket_bot.runtime", "message": "Auto-tune applied reason=loosen:no_opportunities aggression=0.9500 min_net_profit=0.1700 min_net_edge=0.003600"}
{"ts": "2026-04-05T14:55:22.185160+00:00", "level": "INFO", "logger": "polymarket_bot.runtime", "message": "Cycle summary scanned=400 groups=39 selected=0 executed=0 near_misses=8 diagnostics={'eligible_markets': 396, 'groups_total': 39, 'groups_below_min_size': 13, 'no_basket_evaluated': 26, 'no_basket_found': 0, 'pair_evaluated': 0, 'pair_found': 0, 'multi_evaluated': 0, 'multi_found': 0, 'no_basket_best_edge_ppm': -940000, 'no_basket_best_profit_cents': -189, 'pair_best_edge_ppm': -1000000, 'pair_best_profit_cents': -1000000, 'multi_best_edge_ppm': -1000000, 'multi_best_profit_cents': -1000000}"}
{"ts": "2026-04-05T14:56:49.000045+00:00", "level": "INFO", "logger": "polymarket_bot.runtime", "message": "Leader-follow no candidates diagnostics={'activity_rows': 16, 'signals_after_filters': 3, 'markets_loaded': 400, 'signal_market_miss': 3, 'signal_rejected_market_state': 0, 'signal_rejected_liquidity': 0, 'signal_rejected_token_mismatch': 0, 'signal_rejected_cooldown': 0, 'signal_rejected_quote': 0, 'signal_rejected_price_drift': 0, 'signal_rejected_non_positive_edge': 0, 'signal_rejected_bundle': 0, 'opportunities_built': 0}"}
{"ts": "2026-04-05T14:56:49.084238+00:00", "level": "INFO", "logger": "polymarket_bot.runtime", "message": "Cycle stage diagnostics={'scanner_ms': 85852, 'leader_follow_ms': 909, 'cycle_total_ms': 86846, 'scanner_candidates': 0, 'leader_candidates': 0, 'merged_candidates': 0, 'ranked_candidates': 0, 'scored_candidates': 0, 'selected_candidates': 0}"}
{"ts": "2026-04-05T14:56:49.088480+00:00", "level": "INFO", "logger": "polymarket_bot.runtime", "message": "Cycle summary scanned=400 groups=39 selected=0 executed=0 near_misses=8 diagnostics={'eligible_markets': 396, 'groups_total': 39, 'groups_below_min_size': 13, 'no_basket_evaluated': 26, 'no_basket_found': 0, 'pair_evaluated': 0, 'pair_found': 0, 'multi_evaluated': 0, 'multi_found': 0, 'no_basket_best_edge_ppm': -940000, 'no_basket_best_profit_cents': -189, 'pair_best_edge_ppm': -1000000, 'pair_best_profit_cents': -1000000, 'multi_best_edge_ppm': -1000000, 'multi_best_profit_cents': -1000000}"}
{"ts": "2026-04-05T14:58:16.095987+00:00", "level": "INFO", "logger": "polymarket_bot.runtime", "message": "Leader-follow no candidates diagnostics={'activity_rows': 16, 'signals_after_filters': 1, 'markets_loaded': 400, 'signal_market_miss': 1, 'signal_rejected_market_state': 0, 'signal_rejected_liquidity': 0, 'signal_rejected_token_mismatch': 0, 'signal_rejected_cooldown': 0, 'signal_rejected_quote': 0, 'signal_rejected_price_drift': 0, 'signal_rejected_non_positive_edge': 0, 'signal_rejected_bundle': 0, 'opportunities_built': 0}"}
{"ts": "2026-04-05T14:58:16.131744+00:00", "level": "INFO", "logger": "polymarket_bot.runtime", "message": "Cycle stage diagnostics={'scanner_ms': 86042, 'leader_follow_ms': 912, 'cycle_total_ms': 86990, 'scanner_candidates': 0, 'leader_candidates': 0, 'merged_candidates': 0, 'ranked_candidates': 0, 'scored_candidates': 0, 'selected_candidates': 0}"}
{"ts": "2026-04-05T14:58:16.136217+00:00", "level": "INFO", "logger": "polymarket_bot.runtime", "message": "Cycle summary scanned=400 groups=39 selected=0 executed=0 near_misses=8 diagnostics={'eligible_markets': 396, 'groups_total': 39, 'groups_below_min_size': 13, 'no_basket_evaluated': 26, 'no_basket_found': 0, 'pair_evaluated': 0, 'pair_found': 0, 'multi_evaluated': 0, 'multi_found': 0, 'no_basket_best_edge_ppm': -940000, 'no_basket_best_profit_cents': -189, 'pair_best_edge_ppm': -1000000, 'pair_best_profit_cents': -1000000, 'multi_best_edge_ppm': -1000000, 'multi_best_profit_cents': -1000000}"}
Traceback (most recent call last):
  File "<frozen runpy>", line 198, in _run_module_as_main
  File "<frozen runpy>", line 88, in _run_code
  File "C:\Users\ryano\Downloads\polymart\polymarket_bot\main.py", line 51, in <module>
    run_bot_loop(config)
    ~~~~~~~~~~~~^^^^^^^^
  File "C:\Users\ryano\Downloads\polymart\polymarket_bot\runtime.py", line 277, in run_bot_loop
    summary = run_bot_once(current_config, last_trade_at=last_trade_at)
  File "C:\Users\ryano\Downloads\polymart\polymarket_bot\runtime.py", line 159, in run_bot_once
    scan = scanner.scan(last_trade_at=last_trade_at)
  File "C:\Users\ryano\Downloads\polymart\polymarket_bot\scanner.py", line 103, in scan
    best = self.client.fetch_best_ask(no_quote.token_id)
  File "C:\Users\ryano\Downloads\polymart\polymarket_bot\data_client.py", line 69, in fetch_best_ask
    payload, latency_ms = self._request_json(
                          ~~~~~~~~~~~~~~~~~~^
        f"{self.config.clob_host}/book",
        ^^^^^^^^^^^^^^^^^^^^^^^^^^^^^^^^
        params={"token_id": token_id},
        ^^^^^^^^^^^^^^^^^^^^^^^^^^^^^^
    )
    ^
  File "C:\Users\ryano\Downloads\polymart\polymarket_bot\data_client.py", line 35, in _request_json
    resp = self.session.get(url, params=params, timeout=self.config.request_timeout_seconds)
  File "C:\Python313\Lib\site-packages\requests\sessions.py", line 602, in get
    return self.request("GET", url, **kwargs)
           ~~~~~~~~~~~~^^^^^^^^^^^^^^^^^^^^^^
  File "C:\Python313\Lib\site-packages\requests\sessions.py", line 589, in request
    resp = self.send(prep, **send_kwargs)
  File "C:\Python313\Lib\site-packages\requests\sessions.py", line 703, in send
    r = adapter.send(request, **kwargs)
  File "C:\Python313\Lib\site-packages\requests\adapters.py", line 486, in send
    resp = conn.urlopen(
        method=request.method,
    ...<9 lines>...
        chunked=chunked,
    )
  File "C:\Python313\Lib\site-packages\urllib3\connectionpool.py", line 787, in urlopen
    response = self._make_request(
        conn,
    ...<10 lines>...
        **response_kw,
    )
  File "C:\Python313\Lib\site-packages\urllib3\connectionpool.py", line 534, in _make_request
    response = conn.getresponse()
  File "C:\Python313\Lib\site-packages\urllib3\connection.py", line 565, in getresponse
    httplib_response = super().getresponse()
  File "C:\Python313\Lib\http\client.py", line 1430, in getresponse
    response.begin()
    ~~~~~~~~~~~~~~^^
  File "C:\Python313\Lib\http\client.py", line 331, in begin
    version, status, reason = self._read_status()
                              ~~~~~~~~~~~~~~~~~^^
  File "C:\Python313\Lib\http\client.py", line 292, in _read_status
    line = str(self.fp.readline(_MAXLINE + 1), "iso-8859-1")
               ~~~~~~~~~~~~~~~~^^^^^^^^^^^^^^
  File "C:\Python313\Lib\socket.py", line 719, in readinto
    return self._sock.recv_into(b)
           ~~~~~~~~~~~~~~~~~~~~^^^
  File "C:\Python313\Lib\ssl.py", line 1304, in recv_into
    return self.read(nbytes, buffer)
           ~~~~~~~~~^^^^^^^^^^^^^^^^
  File "C:\Python313\Lib\ssl.py", line 1138, in read
    return self._sslobj.read(len, buffer)
           ~~~~~~~~~~~~~~~~~^^^^^^^^^^^^^
KeyboardInterrupt

[2026-04-05T14:58:31.459848+00:00] Starting bot from dashboard
{"ts": "2026-04-05T14:58:31.864464+00:00", "level": "INFO", "logger": "polymarket_bot.runtime", "message": "Starting polymarket bot mode=dry_run min_group=2 max_group=6 sports_only=False no_basket=True pair=False multi=False scan_limit=400 min_net_profit=0.2 min_net_edge=0.004 aggression=0.92"}
{"ts": "2026-04-05T14:59:58.361395+00:00", "level": "INFO", "logger": "polymarket_bot.runtime", "message": "Leader-follow no candidates diagnostics={'activity_rows': 16, 'signals_after_filters': 0, 'markets_loaded': 0, 'signal_market_miss': 0, 'signal_rejected_market_state': 0, 'signal_rejected_liquidity': 0, 'signal_rejected_token_mismatch': 0, 'signal_rejecte{"ts": "2026-04-05T15:01:09.019512+00:00", "level": "INFO", "logger": "polymarket_bot.runtime", "message": "Leader-follow no candidates diagnostics={'activity_rows': 16, 'signals_after_filters': 2, 'markets_loaded': 400, 'signal_market_miss': 2, 'signal_rejected_market_state': 0, 'signal_rejected_liquidity': 0, 'signal_rejected_token_mismatch': 0, 'signal_rejected_cooldown': 0, 'signal_rejected_quote': 0, 'signal_rejected_price_drift': 0, 'signal_rejected_non_positive_edge': 0, 'signal_rejected_bundle': 0, 'opportunities_built': 0}"}
{"ts": "2026-04-05T15:01:09.083083+00:00", "level": "INFO", "logger": "polymarket_bot.runtime", "message": "Cycle stage diagnostics={'scanner_ms': 85377, 'leader_follow_ms': 840, 'cycle_total_ms': 86281, 'scanner_candidates': 0, 'leader_candidates': 0, 'merged_candidates': 0, 'ranked_candidates': 0, 'scored_candidates': 0, 'selected_candidates': 0}"}
{"ts": "2026-04-05T15:01:09.087637+00:00", "level": "INFO", "logger": "polymarket_bot.runtime", "message": "Cycle summary scanned=400 groups=39 selected=0 executed=0 near_misses=8 diagnostics={'eligible_markets': 396, 'groups_total': 39, 'grou{"ts": "2026-04-05T15:01:25.360468+00:00", "level": "INFO", "logger": "polymarket_bot.runtime", "message": "Leader-follow no candidates diagnostics={'activity_rows': 16, 'signals_after_filters': 2, 'markets_loaded': 400, 'signal_market_miss': 2, 'signal_rejected_market_state': 0, 'signal_rejected_liquidity': 0, 'signal_rejected_token_mismatch': 0, 'signal_rejecte{"ts": "2026-04-05T15:02:35.993052+00:00", "level": "INFO", "logger": "polymarket_bot.runtime", "message": "Leader-follow no candidates diagnostics={'activity_rows': 16, 'signals_after_filters': 5, 'markets_loaded': 400, 'signal_market_miss': 5, 'signal_rejected_market_state': 0, 'signal_rejected_liquidity': 0, 'signal_rejected_token_mismatch': 0, 'signal_rejected_cooldown': 0, 'signal_rejected_quote': 0, 'signal_rejected_price_drift': 0, 'signal_rejected_non_positive_edge': 0, 'signal_rejected_bundle': 0, 'opportunities_built': 0}"}
{"ts": "2026-04-05T15:02:36.024628+00:00", "level": "INFO", "logger": "polymarket_bot.runtime", "message": "Cycle stage diagnostics={'scanner_ms': 85904, 'leader_follow_ms': 947, 'cycle_total_ms': 86884, 'scanner_candidates': 0, 'leader_candidates': 0, 'merged_candidates': 0, 'ranked_candidates': 0, 'scored_candidates': 0, 'selected_candidates': 0}"}
{"ts": "2026-04-05T15:02:36.029493+00:00", "level": "INFO", "logger": "polymarket_bot.runtime", "message": "Cycle summary scanned=400 groups=39 selected=0 executed=0 near_misses=8 diagnostics={'eligible_markets': 396, 'groups_total': 39, 'grou{"ts": "2026-04-05T15:02:51.777146+00:00", "level": "INFO", "logger": "polymarket_bot.runtime", "message": "Leader-follow no candidates diagnostics={'activity_rows': 16, 'signals_after_filters': 5, 'markets_loaded': 400, 'signal_market_miss': 5, 'signal_rejected_market_state': 0, 'signal_rejected_liquidity': 0, 'signal_rejected_token_mismatch': 0, 'signal_rejecteTraceback (most recent call last):
  File "<frozen runpy>", line 198, in _run_module_as_main
  File "<frozen runpy>", line 88, in _run_code
  File "C:\Users\ryano\Downloads\polymart\polymarket_bot\main.py", line 51, in <module>
    run_bot_loop(config)
    ~~~~~~~~~~~~^^^^^^^^
  File "C:\Users\ryano\Downloads\polymart\polymarket_bot\runtime.py", line 277, in run_bot_loop
    summary = run_bot_once(current_config, last_trade_at=last_trade_at)
  File "C:\Users\ryano\Downloads\polymart\polymarket_bot\runtime.py", line 159, in run_bot_once
    scan = scanner.scan(last_trade_at=last_trade_at)
  File "C:\Users\ryano\Downloads\polymart\polymarket_bot\scanner.py", line 103, in scan
    best = self.client.fetch_best_ask(no_quote.token_id)
  File "C:\Users\ryano\Downloads\polymart\polymarket_bot\data_client.py", line 69, in fetch_best_ask
    payload, latency_ms = self._request_json(
                          ~~~~~~~~~~~~~~~~~~^
        f"{self.config.clob_host}/book",
        ^^^^^^^^^^^^^^^^^^^^^^^^^^^^^^^^
        params={"token_id": token_id},
        ^^^^^^^^^^^^^^^^^^^^^^^^^^^^^^
    )
    ^
  File "C:\Users\ryano\Downloads\polymart\polymarket_bot\data_client.py", line 35, in _request_json
    resp = self.session.get(url, params=params, timeout=self.config.request_timeout_seconds)
  File "C:\Python313\Lib\site-packages\Traceback (most recent call last):
  File "<frozen runpy>", line 198, in _run_module_as_main
  File "<frozen runpy>", line 88, in _run_code
  File "C:\Users\ryano\Downloads\polymart\polymarket_bot\main.py", line 51, in <module>
    run_bot_loop(config)
    ~~~~~~~~~~~~^^^^^^^^
  File "C:\Users\ryano\Downloads\polymart\polymarket_bot\runtime.py", line 277, in run_bot_loop
    summary = run_bot_once(current_config, last_trade_at=last_trade_at)
  File "C:\Users\ryano\Downloads\polymart\polymarket_bot\runtime.py", line 159, in run_bot_once
    scan = scanner.scan(last_trade_at=last_trade_at)
  File "C:\Users\ryano\Downloads\polymart\polymarket_bot\scanner.py", line 103, in scan
    best = self.client.fetch_best_ask(no_quote.token_id)
  File "C:\Users\ryano\Downloads\polymart\polymarket_bot\data_client.py", line 69, in fetch_best_ask
    payload, latency_ms = self._request_json(
                          ~~~~~~~~~~~~~~~~~~^
        f"{self.config.clob_host}/book",
        ^^^^^^^^^^^^^^^^^^^^^^^^^^^^^^^^
        params={"token_id": token_id},
        ^^^^^^^^^^^^^^^^^^^^^^^^^^^^^^
    )
    ^
  File "C:\Users\ryano\Downloads\polymart\polymarket_bot\data_client.py", line 35, in _request_json
    resp = self.session.get(url, params=params, timeout=self.config.request_timeout_seconds)
  File "C:\Python313\Lib\site-packages\requests\sessions.py", line 602, in get
    return self.request("GET", url, **kwargs)
           ~~~~~~~~~~~~^^^^^^^^^^^^^^^^^^^^^^
  File "C:\Python313\Lib\site-packages\requests\sessions.py", line 589, in request
    resp = self.send(prep, **send_kwargs)
  File "C:\Python313\Lib\site-packages\requests\sessions.py", line 703, in send
    r = adapter.send(request, **kwargs)
  File "C:\Python313\Lib\site-packages\requests\adapters.py", line 486, in send
    resp = conn.urlopen(
        method=request.method,
    ...<9 lines>...
        chunked=chunked,
    )
  File "C:\Python313\Lib\site-packages\urllib3\connectionpool.py", line 787, in urlopen
    response = self._make_request(
        conn,
    ...<10 lines>...
        **response_kw,
    )
  File "C:\Python313\Lib\site-packages\urllib3\connectionpool.py", line 534, in _make_request
    response = conn.getresponse()
  File "C:\Python313\Lib\site-packages\urllib3\connection.py", line 565, in getresponse
    httplib_response = super().getresponse()
  File "C:\Python313\Lib\http\client.py", line 1430, in getresponse
    response.begin()
    ~~~~~~~~~~~~~~^^
  File "C:\Python313\Lib\http\client.py", line 331, in begin
    version, status, reason = self._read_status()
                              ~~~~~~~~~~~~~~~~~^^
  File "C:\Python313\Lib\http\client.py", line 292, in _read_status
    line = str(self.fp.readline(_MAXLINE + 1), "iso-8859-1")
               ~~~~~~~~~~~~~~~~^^^^^^^^^^^^^^
  File "C:\Python313\Lib\socket.py", line 719, in readinto
    return self._sock.recv_into(b)
           ~~~~~~~~~~~~~~~~~~~~^^^
  File "C:\Python313\Lib\ssl.py", line 1304, in recv_into
    return self.read(nbytes, buffer)
           ~~~~~~~~~^^^^^^^^^^^^^^^^
  File "C:\Python313\Lib\ssl.py", line 1138, in read
    return self._sslobj.read(len, buffer)
           ~~~~~~~~~~~~~~~~~^^^^^^^^^^^^^
KeyboardInterrupt

[2026-04-05T15:08:50.981146+00:00] Starting bot from dashboard
{"ts": "2026-04-05T15:08:51.389795+00:00", "level": "INFO", "logger": "polymarket_bot.runtime", "message": "Starting polymarket bot mode=dry_run min_group=2 max_group=6 sports_only=False no_basket=True pair=True multi=True scan_limit=400 min_net_profit=0.2 min_net_edge=0.004 aggression=0.92"}
{"ts": "2026-04-05T15:13:07.581508+00:00", "level": "INFO", "logger": "polymarket_bot.runtime", "message": "Leader-follow no candidates diagnostics={'activity_rows': 16, 'signals_after_filters': 5, 'markets_loaded': 400, 'signal_market_miss': 5, 'signal_rejected_market_state': 0, 'signal_rejected_liquidity': 0, 'signal_rejected_token_mismatch': 0, 'signal_rej{"ts": "2026-04-05T15:13:12.998676+00:00", "level": "INFO", "logger": "polymarket_bot.runtime", "message": "Leader-follow no candidates diagnostics={'activity_rows': 16, 'signals_after_filters': 5, 'markets_loaded': 400, 'signal_market_miss': 5, 'signal_rejected_market_state': 0, 'signal_rejected_liquidity': 0, 'signal_rejected_token_mismatch': 0, 'signal_rejected_cooldown': 0, 'signal_rejected_quote': 0, 'signal_rejected_price_drift': 0, 'signal_rejected_non_positive_edge': 0, 'signal_rejected_bundle': 0, 'opportunities_built': 0}"}
{"ts": "2026-04-05T15:13:13.032677+00:00", "level": "INFO", "logger": "polymarket_bot.runtime", "message": "Cycle stage diagnostics={'scanner_ms': 255012, 'leader_follow_ms': 718, 'cycle_total_ms': 255765, 'scanner_candidates': 0, 'leader_candidates': 0, 'merged_candidates': 0, 'ranked_candidates': 0, 'scored_candidates': 0, 'selected_candidates': 0}"}
{"ts": "2026-04-05T15:13:13.039322+00:00", "level": "INFO", "logger": "polymarket_bot.runtime", "message": "Cycle summary scanned=400 groups=39 selected=0 executed=0 near_misses=8 diagnostics={'eligible_markets': 396, 'groups_total': 39, 'grTraceback (most recent call last):
  File "<frozen runpy>", line 198, in _run_module_as_main
  File "<frozen runpy>", line 88, in _run_code
  File "C:\Users\ryano\Downloads\polymart\polymarket_bot\main.py", line 51, in <module>
    run_bot_loop(config)
    ~~~~~~~~~~~~^^^^^^^^
  File "C:\Users\ryano\Downloads\polymart\polymarket_bot\runtime.py", line 277, in run_bot_loop
    summary = run_bot_once(current_config, last_trade_at=last_trade_at)
  File "C:\Users\ryano\Downloads\polymart\polymarket_bot\runtime.py", line 159, in run_bot_once
    scan = scanner.scan(last_trade_at=last_trade_at)
  File "C:\Users\ryano\Downloads\polymart\polymarket_bot\scanner.py", line 103, in scan
    best = self.client.fetch_best_ask(no_quote.token_id)
  File "C:\Users\ryano\Downloads\polymart\polymarket_bot\data_client.py", line 69, in fetch_best_ask
    payload, latency_ms = self._request_json(
                          ~~~~~~~~~~~~~~~~~~^
        f"{self.config.clob_host}/book",
        ^^^^^^^^^^^^^^^^^^^^^^^^^^^^^^^^
        params={"token_id": token_id},
        ^^^^^^^^^^^^^^^^^^^^^^^^^^^^^^
    )
    ^
  File "C:\Users\ryano\Downloads\polymart\polymarket_bot\data_client.py", line 35, in _request_json
    resp = self.session.get(url, params=params, timeout=self.config.request_timeout_seconds)
  File "C:\Python313\Lib\site-packages\requests\sessions.py", line 602, in get
    return self.request("GET", url, **kwargs)
           ~~~~~~~~~~~~^^^^^^^^^^^^^^^^^^^^^^
  File "C:\Python313\Lib\site-packages\requests\sessions.py", line 589, in request
    resp = self.send(prep, **send_kwargs)
  File "C:\Python313\Lib\site-packages\requests\sessions.py", line 703, in send
    r = adapter.send(request, **kwargs)
  File "C:\Python313\Lib\site-packages\requests\adapters.py", line 486, in send
    resp = conn.urlopen(
        method=request.method,
    ...<9 lines>...
        chunked=chunked,
    )
  File "C:\Python313\Lib\site-packages\urllib3\connectionpool.py", line 787, in urlopen
    response = self._make_request(
        conn,
    ...<10 lines>...
        **response_kw,
    )
  File "C:\Python313\Lib\site-packages\urllib3\connectionpool.py", line 534, in _make_request
    response = conn.getresponse()
  File "C:\Python313\Lib\site-packages\urllib3\connection.py", line 565, in getresponse
    httplib_response = super().getresponse()
  File "C:\Python313\Lib\http\client.py", line 1430, in getresponse
    response.begin()
    ~~~~~~~~~~~~~~^^
  File "C:\Python313\Lib\http\client.py", line 331, in begin
    version, status, reason = self._read_status()
                              ~~~~~~~~~~~~~~~~~^^
  File "C:\Python313\Lib\http\client.py", line 292, in _read_status
    line = str(self.fp.readline(_MAXLINE + 1), "iso-8859-1")
               ~~~~~~~~~~~~~~~~^^^^^^^^^^^^^^
  File "C:\Python313\Lib\socket.py", line 719, in readinto
    return self._sock.recv_into(b)
           ~~~~~~~~~~~~~~~~~~~~^^^
  File "C:\Python313\Lib\ssl.py", line 1304, in recv_into
    return self.read(nbytes, buffer)
           ~~~~~~~~~^^^^^^^^^^^^^^^^
  File "C:\Python313\Lib\ssl.py", line 1138, in read
    return self._sslobj.read(len, buffer)
           ~~~~~~~~~~~~~~~~~^^^^^^^^^^^^^
KeyboardInterrupt
turn self._sock.recv_into(b)
           ~~~~~~~~~~~~~~~~~~~~^^^
  File "C:\Python313\Lib\ssl.py", line 1304, in recv_into
    return self.read(nbytes, buffer)
           ~~~~~~~~~^^^^^^^^^^^^^^^^
  File "C:\Python313\Lib\ssl.py", line 1138, in read
    return self._sslobj.read(len, buffer)
           ~~~~~~~~~~~~~~~~~^^^^^^^^^^^^^
KeyboardInterrupt

[2026-04-05T15:17:01.850771+00:00] Starting bot from dashboard
{"ts": "2026-04-05T15:17:02.293498+00:00", "level": "INFO", "logger": "polymarket_bot.runtime", "message": "Starting polymarket bot mode=dry_run min_group=2 max_group=6 sports_only=False no_basket=True pair=True multi=True scan_limit=400 min_net_profit=0.2 min_net_edge=0.004 aggression=0.92"}
Traceback (most recent call last):
  File "<frozen runpy>", line 198, in _run_module_as_main
  File "<frozen runpy>", line 88, in _run_code
  File "C:\Users\ryano\Downloads\polymart\polymarket_bot\main.py", line 51, in <module>
    run_bot_loop(config)
    ~~~~~~~~~~~~^^^^^^^^
  File "C:\Users\ryano\Downloads\polymart\polymarket_bot\runtime.py", line 277, in run_bot_loop
    summary = run_bot_once(current_config, last_trade_at=last_trade_at)
  File "C:\Users\ryano\Downloads\polymart\polymarket_bot\runtime.py", line 159, in run_bot_once
    scan = scanner.scan(last_trade_at=last_trade_at)
  File "C:\Users\ryano\Downloads\polymart\polymarket_bot\scanner.py", line 76, in scan
    markets = self.client.fetch_active_markets(self.config.scan_limit)
  File "C:\Users\ryano\Downloads\polymart\polymarket_bot\data_client.py", line 52, in fetch_active_markets
    payload, _latency_ms = self._request_json(
                           ~~~~~~~~~~~~~~~~~~^
        f"{self.config.gamma_host}/markets",
        ^^^^^^^^^^^^^^^^^^^^^^^^^^^^^^^^^^^^
        params={"active": "true", "closed": "false", "limit": str(limit)},
        ^^^^^^^^^^^^^^^^^^^^^^^^^^^^^^^^^^^^^^^^^^^^^^^^^^^^^^^^^^^^^^^^^^
    )
    ^
  File "C:\Users\ryano\Downloads\polymart\polymarket_bot\data_client.py", line 35, in _request_json
    resp = self.session.get(url, params=params, timeout=self.config.request_timeout_seconds)
  File "C:\Python313\Lib\site-packages\requests\sessions.py", line 602, in get
    return self.request("GET", url, **kwargs)
           ~~~~~~~~~~~~^^^^^^^^^^^^^^^^^^^^^^
  File "C:\Python313\Lib\site-packages\requests\sessions.py", line 589, in request
    resp = self.send(prep, **send_kwargs)
  File "C:\Python313\Lib\site-packages\requests\sessions.py", line 703, in send
    r = adapter.send(request, **kwargs)
  File "C:\Python313\Lib\site-packages\requests\adapters.py", line 486, in send
    resp = conn.urlopen(
        method=request.method,
    ...<9 lines>...
        chunked=chunked,
    )
  File "C:\Python313\Lib\site-packages\urllib3\connectionpool.py", line 787, in urlopen
    response = self._make_request(
        conn,
    ...<10 lines>...
        **response_kw,
    )
  File "C:\Python313\Lib\site-packages\urllib3\connectionpool.py", line 464, in _make_request
    self._validate_conn(conn)
    ~~~~~~~~~~~~~~~~~~~^^^^^^
  File "C:\Python313\Lib\site-packages\urllib3\connectionpool.py", line 1093, in _validate_conn
    conn.connect()
    ~~~~~~~~~~~~^^
  File "C:\Python313\Lib\site-packages\urllib3\connection.py", line 753, in connect
    self.sock = sock = self._new_conn()
                       ~~~~~~~~~~~~~~^^
  File "C:\Python313\Lib\site-packages\urllib3\connection.py", line 198, in _new_conn
    sock = connection.create_connection(
        (self._dns_host, self.port),
    ...<2 lines>...
        socket_options=self.socket_options,
    )
  File "C:\Python313\Lib\site-packages\urllib3\util\connection.py", line 73, in create_connection
    sock.connect(sa)
    ~~~~~~~~~~~~^^^^
KeyboardInterrupt

[2026-04-05T15:17:36.705668+00:00] Starting bot from dashboard
{"ts": "2026-04-05T15:17:37.133182+00:00", "level": "INFO", "logger": "polymarket_bot.runtime", "message": "Starting polymarket bot mode=dry_run min_group=2 max_group=6 sports_only=False no_basket=True pair=True multi=True scan_limit=400 min_net_profit=0.2 min_net_edge=0.004 aggression=0.92"}
Traceback (most recent call last):
  File "<frozen runpy>", line 198, in _run_module_as_main
  File "<frozen runpy>", line 88, in _run_code
  File "C:\Users\ryano\Downloads\polymart\polymarket_bot\main.py", line 51, in <module>
    run_bot_loop(config)
    ~~~~~~~~~~~~^^^^^^^^
  File "C:\Users\ryano\Downloads\polymart\polymarket_bot\runtime.py", line 277, in run_bot_loop
    summary = run_bot_once(current_config, last_trade_at=last_trade_at)
  File "C:\Users\ryano\Downloads\polymart\polymarket_bot\runtime.py", line 159, in run_bot_once
    scan = scanner.scan(last_trade_at=last_trade_at)
  File "C:\Users\ryano\Downloads\polymart\polymarket_bot\scanner.py", line 76, in scan
    markets = self.client.fetch_active_markets(self.config.scan_limit)
  File "C:\Users\ryano\Downloads\polymart\polymarket_bot\data_client.py", line 52, in fetch_active_markets
    payload, _latency_ms = self._request_json(
                           ~~~~~~~~~~~~~~~~~~^
        f"{self.config.gamma_host}/markets",
        ^^^^^^^^^^^^^^^^^^^^^^^^^^^^^^^^^^^^
        params={"active": "true", "closed": "false", "limit": str(limit)},
        ^^^^^^^^^^^^^^^^^^^^^^^^^^^^^^^^^^^^^^^^^^^^^^^^^^^^^^^^^^^^^^^^^^
    )
    ^
  File "C:\Users\ryano\Downloads\polymart\polymarket_bot\data_client.py", line 35, in _request_json
    resp = self.session.get(url, params=params, timeout=self.config.request_timeout_seconds)
  File "C:\Python313\Lib\site-packages\requests\sessions.py", line 602, in get
    return self.request("GET", url, **kwargs)
           ~~~~~~~~~~~~^^^^^^^^^^^^^^^^^^^^^^
  File "C:\Python313\Lib\site-packages\requests\sessions.py", line 589, in request
    resp = self.send(prep, **send_kwargs)
  File "C:\Python313\Lib\site-packages\requests\sessions.py", line 703, in send
    r = adapter.send(request, **kwargs)
  File "C:\Python313\Lib\site-packages\requests\adapters.py", line 486, in send
    resp = conn.urlopen(
        method=request.method,
    ...<9 lines>...
        chunked=chunked,
    )
  File "C:\Python313\Lib\site-packages\urllib3\connectionpool.py", line 787, in urlopen
    response = self._make_request(
        conn,
    ...<10 lines>...
        **response_kw,
    )
  File "C:\Python313\Lib\site-packages\urllib3\connectionpool.py", line 464, in _make_request
    self._validate_conn(conn)
    ~~~~~~~~~~~~~~~~~~~^^^^^^
  File "C:\Python313\Lib\site-packages\urllib3\connectionpool.py", line 1093, in _validate_conn
    conn.connect()
    ~~~~~~~~~~~~^^
  File "C:\Python313\Lib\site-packages\urllib3\connection.py", line 753, in connect
    self.sock = sock = self._new_conn()
                       ~~~~~~~~~~~~~~^^
  File "C:\Python313\Lib\site-packages\urllib3\connection.py", line 198, in _new_conn
    sock = connection.create_connection(
        (self._dns_host, self.port),
    ...<2 lines>...
        socket_options=self.socket_options,
    )
  File "C:\Python313\Lib\site-packages\urllib3\util\connection.py", line 73, in create_connection
    sock.connect(sa)
    ~~~~~~~~~~~~^^^^
KeyboardInterrupt

[2026-04-05T15:18:52.674155+00:00] Starting bot from dashboard
{"ts": "2026-04-05T15:18:53.164179+00:00", "level": "INFO", "logger": "polymarket_bot.runtime", "message": "Starting polymarket bot mode=dry_run min_group=2 max_group=6 sports_only=False no_basket=True pair=True multi=True scan_limit=400 min_net_profit=0.2 min_net_edge=0.004 aggression=0.92"}
Traceback (most recent call last):
  File "<frozen runpy>", line 198, in _run_module_as_main
  File "<frozen runpy>", line 88, in _run_code
  File "C:\Users\ryano\Downloads\polymart\polymarket_bot\main.py", line 51, in <module>
    run_bot_loop(config)
    ~~~~~~~~~~~~^^^^^^^^
  File "C:\Users\ryano\Downloads\polymart\polymarket_bot\runtime.py", line 277, in run_bot_loop
    summary = run_bot_once(current_config, last_trade_at=last_trade_at)
  File "C:\Users\ryano\Downloads\polymart\polymarket_bot\runtime.py", line 159, in run_bot_once
    scan = scanner.scan(last_trade_at=last_trade_at)
  File "C:\Users\ryano\Downloads\polymart\polymarket_bot\scanner.py", line 76, in scan
    markets = self.client.fetch_active_markets(self.config.scan_limit)
  File "C:\Users\ryano\Downloads\polymart\polymarket_bot\data_client.py", line 52, in fetch_active_markets
    payload, _latency_ms = self._request_json(
                           ~~~~~~~~~~~~~~~~~~^
        f"{self.config.gamma_host}/markets",
        ^^^^^^^^^^^^^^^^^^^^^^^^^^^^^^^^^^^^
        params={"active": "true", "closed": "false", "limit": str(limit)},
        ^^^^^^^^^^^^^^^^^^^^^^^^^^^^^^^^^^^^^^^^^^^^^^^^^^^^^^^^^^^^^^^^^^
    )
    ^
  File "C:\Users\ryano\Downloads\polymart\polymarket_bot\data_client.py", line 35, in _request_json
    resp = self.session.get(url, params=params, timeout=self.config.request_timeout_seconds)
  File "C:\Python313\Lib\site-packages\requests\sessions.py", line 602, in get
    return self.request("GET", url, **kwargs)
           ~~~~~~~~~~~~^^^^^^^^^^^^^^^^^^^^^^
  File "C:\Python313\Lib\site-packages\requests\sessions.py", line 589, in request
    resp = self.send(prep, **send_kwargs)
  File "C:\Python313\Lib\site-packages\requests\sessions.py", line 703, in send
    r = adapter.send(request, **kwargs)
  File "C:\Python313\Lib\site-packages\requests\adapters.py", line 486, in send
    resp = conn.urlopen(
        method=request.method,
    ...<9 lines>...
        chunked=chunked,
    )
  File "C:\Python313\Lib\site-packages\urllib3\connectionpool.py", line 787, in urlopen
    response = self._make_request(
        conn,
    ...<10 lines>...
        **response_kw,
    )
  File "C:\Python313\Lib\site-packages\urllib3\connectionpool.py", line 464, in _make_request
    self._validate_conn(conn)
    ~~~~~~~~~~~~~~~~~~~^^^^^^
  File "C:\Python313\Lib\site-packages\urllib3\connectionpool.py", line 1093, in _validate_conn
    conn.connect()
    ~~~~~~~~~~~~^^
  File "C:\Python313\Lib\site-packages\urllib3\connection.py", line 753, in connect
    self.sock = sock = self._new_conn()
                       ~~~~~~~~~~~~~~^^
  File "C:\Python313\Lib\site-packages\urllib3\connection.py", line 198, in _new_conn
    sock = connection.create_connection(
        (self._dns_host, self.port),
    ...<2 lines>...
        socket_options=self.socket_options,
    )
  File "C:\Python313\Lib\site-packages\urllib3\util\connection.py", line 73, in create_connection
    sock.connect(sa)
    ~~~~~~~~~~~~^^^^
KeyboardInterrupt

[2026-04-05T15:19:07.277919+00:00] Starting bot from dashboard
{"ts": "2026-04-05T15:19:07.716211+00:00", "level": "INFO", "logger": "polymarket_bot.runtime", "message": "Starting polymarket bot mode=dry_run min_group=2 max_group=6 sports_only=False no_basket=True pair=True multi=True scan_limit=400 min_net_profit=0.2 min_net_edge=0.004 aggression=0.92"}
Traceback (most recent call last):
  File "<frozen runpy>", line 198, in _run_module_as_main
  File "<frozen runpy>", line 88, in _run_code
  File "C:\Users\ryano\Downloads\polymart\polymarket_bot\main.py", line 51, in <module>
    run_bot_loop(config)
    ~~~~~~~~~~~~^^^^^^^^
  File "C:\Users\ryano\Downloads\polymart\polymarket_bot\runtime.py", line 277, in run_bot_loop
    summary = run_bot_once(current_config, last_trade_at=last_trade_at)
  File "C:\Users\ryano\Downloads\polymart\polymarket_bot\runtime.py", line 159, in run_bot_once
    scan = scanner.scan(last_trade_at=last_trade_at)
  File "C:\Users\ryano\Downloads\polymart\polymarket_bot\scanner.py", line 76, in scan
    markets = self.client.fetch_active_markets(self.config.scan_limit)
  File "C:\Users\ryano\Downloads\polymart\polymarket_bot\data_client.py", line 52, in fetch_active_markets
    payload, _latency_ms = self._request_json(
                           ~~~~~~~~~~~~~~~~~~^
        f"{self.config.gamma_host}/markets",
        ^^^^^^^^^^^^^^^^^^^^^^^^^^^^^^^^^^^^
        params={"active": "true", "closed": "false", "limit": str(limit)},
        ^^^^^^^^^^^^^^^^^^^^^^^^^^^^^^^^^^^^^^^^^^^^^^^^^^^^^^^^^^^^^^^^^^
    )
    ^
  File "C:\Users\ryano\Downloads\polymart\polymarket_bot\data_client.py", line 35, in _request_json
    resp = self.session.get(url, params=params, timeout=self.config.request_timeout_seconds)
  File "C:\Python313\Lib\site-packages\requests\sessions.py", line 602, in get
    return self.request("GET", url, **kwargs)
           ~~~~~~~~~~~~^^^^^^^^^^^^^^^^^^^^^^
  File "C:\Python313\Lib\site-packages\requests\sessions.py", line 589, in request
    resp = self.send(prep, **send_kwargs)
  File "C:\Python313\Lib\site-packages\requests\sessions.py", line 703, in send
    r = adapter.send(request, **kwargs)
  File "C:\Python313\Lib\site-packages\requests\adapters.py", line 486, in send
    resp = conn.urlopen(
        method=request.method,
    ...<9 lines>...
        chunked=chunked,
    )
  File "C:\Python313\Lib\site-packages\urllib3\connectionpool.py", line 787, in urlopen
    response = self._make_request(
        conn,
    ...<10 lines>...
        **response_kw,
    )
  File "C:\Python313\Lib\site-packages\urllib3\connectionpool.py", line 464, in _make_request
    self._validate_conn(conn)
    ~~~~~~~~~~~~~~~~~~~^^^^^^
  File "C:\Python313\Lib\site-packages\urllib3\connectionpool.py", line 1093, in _validate_conn
    conn.connect()
    ~~~~~~~~~~~~^^
  File "C:\Python313\Lib\site-packages\urllib3\connection.py", line 753, in connect
    self.sock = sock = self._new_conn()
                       ~~~~~~~~~~~~~~^^
  File "C:\Python313\Lib\site-packages\urllib3\connection.py", line 198, in _new_conn
    sock = connection.create_connection(
        (self._dns_host, self.port),
    ...<2 lines>...
        socket_options=self.socket_options,
    )
  File "C:\Python313\Lib\site-packages\urllib3\util\connection.py", line 73, in create_connection
    sock.connect(sa)
    ~~~~~~~~~~~~^^^^
KeyboardInterrupt

[2026-04-05T15:20:51.958409+00:00] Starting bot from dashboard
{"ts": "2026-04-05T15:20:52.415192+00:00", "level": "INFO", "logger": "polymarket_bot.runtime", "message": "Starting polymarket bot mode=dry_run min_group=2 max_group=6 sports_only=False no_basket=True pair=True multi=True scan_limit=400 min_net_profit=0.2 min_net_edge=0.004 aggression=0.92"}
{"ts": "2026-04-05T15:20:52.467743+00:00", "level": "INFO", "logger": "__main__", "message": "Bot stopped by user interrupt."}

[2026-04-05T15:21:27.920224+00:00] Starting bot from dashboard
{"ts": "2026-04-05T15:21:28.389846+00:00", "level": "INFO", "logger": "polymarket_bot.runtime", "message": "Starting polymarket bot mode=dry_run min_group=2 max_group=6 sports_only=False no_basket=True pair=True multi=True scan_limit=400 min_net_profit=0.2 min_net_edge=0.004 aggression=0.92"}
{"ts": "2026-04-05T15:21:28.423162+00:00", "level": "INFO", "logger": "__main__", "message": "Bot stopped by user interrupt."}

[2026-04-05T15:24:24.774988+00:00] Starting bot from dashboard
{"ts": "2026-04-05T15:24:25.193809+00:00", "level": "INFO", "logger": "polymarket_bot.runtime", "message": "Starting polymarket bot mode=dry_run min_group=2 max_group=6 sports_only=False no_basket=True pair=True multi=True scan_limit=400 min_net_profit=0.2 min_net_edge=0.004 aggression=0.92"}
{"ts": "2026-04-05T15:27:15.111852+00:00", "level": "INFO", "logger": "__main__", "message": "Bot stopped by user interrupt."}

[2026-04-05T15:27:37.869275+00:00] Starting bot from dashboard
{"ts": "2026-04-05T15:27:38.286477+00:00", "level": "INFO", "logger": "polymarket_bot.runtime", "message": "Starting polymarket bot mode=dry_run min_group=2 max_group=6 sports_only=False no_basket=True pair=True multi=True scan_limit=400 min_net_profit=0.2 min_net_edge=0.004 aggression=0.92"}
