2026-04-08 18:14:12,542 [INFO] event_trader_improved.runtime: Event Trader (IMPROVED) started | mode=dry_run kelly=True min_edge=1.0%
2026-04-08 18:14:12,542 [INFO] event_trader_improved.runtime: === Cycle ev_20260408T181412_d6fd64 (#1) ===
2026-04-08 18:14:13,658 [INFO] event_trader.data_client: fetched 600 markets across 7 pages
2026-04-08 18:14:15,775 [INFO] event_trader_improved.runtime: Fetched 600 markets
2026-04-08 18:14:15,776 [INFO] event_trader_improved.scanner: Scan stats: scanned=600 signals=239 skipped_active=0 skipped_volume=17 skipped_price=277 skipped_edge=0
2026-04-08 18:14:15,776 [INFO] event_trader_improved.runtime: Found 239 signals
2026-04-08 18:14:15,776 [INFO] event_trader_improved.runtime: Signal #1: Yes @ $0.011 (edge=48.9%)
2026-04-08 18:14:15,776 [INFO] event_trader_improved.runtime: Signal #2: Yes @ $0.011 (edge=48.9%)
2026-04-08 18:14:15,776 [INFO] event_trader_improved.runtime: Signal #3: Yes @ $0.011 (edge=48.9%)
2026-04-08 18:14:15,776 [INFO] event_trader_improved.runtime: DRY-RUN: Would buy Yes @ $0.011 for $36.71 (edge=48.9%)
2026-04-08 18:14:15,776 [INFO] event_trader_improved.runtime: DRY-RUN: Would buy Yes @ $0.011 for $36.71 (edge=48.9%)
2026-04-08 18:14:15,776 [INFO] event_trader_improved.runtime: DRY-RUN: Would buy Yes @ $0.011 for $36.71 (edge=48.9%)
2026-04-08 18:14:15,777 [INFO] event_trader_improved.runtime: DRY-RUN: Would buy Yes @ $0.011 for $36.71 (edge=48.9%)
2026-04-08 18:14:15,777 [INFO] event_trader_improved.runtime: DRY-RUN: Would buy Yes @ $0.011 for $36.71 (edge=48.9%)
2026-04-08 18:14:15,777 [INFO] event_trader_improved.runtime: DRY-RUN: Would buy Yes @ $0.011 for $36.71 (edge=48.9%)
2026-04-08 18:14:15,777 [INFO] event_trader_improved.runtime: DRY-RUN: Would buy Yes @ $0.011 for $36.71 (edge=48.9%)
2026-04-08 18:14:15,777 [INFO] event_trader_improved.runtime: DRY-RUN: Would buy Yes @ $0.011 for $36.71 (edge=48.9%)
2026-04-08 18:14:15,777 [INFO] event_trader_improved.runtime: DRY-RUN: Would buy Yes @ $0.011 for $36.71 (edge=48.9%)
2026-04-08 18:14:15,777 [INFO] event_trader_improved.runtime: DRY-RUN: Would buy Yes @ $0.011 for $36.71 (edge=48.9%)
2026-04-08 18:14:15,777 [INFO] event_trader_improved.runtime: DRY-RUN: Would buy Yes @ $0.011 for $36.71 (edge=48.9%)
2026-04-08 18:14:15,777 [INFO] event_trader_improved.runtime: DRY-RUN: Would buy Yes @ $0.011 for $36.71 (edge=48.9%)
2026-04-08 18:14:15,777 [INFO] event_trader_improved.runtime: DRY-RUN: Would buy Yes @ $0.011 for $36.71 (edge=48.9%)
2026-04-08 18:14:15,777 [INFO] event_trader_improved.runtime: DRY-RUN: Would buy Yes @ $0.011 for $36.71 (edge=48.9%)
2026-04-08 18:14:15,777 [INFO] event_trader_improved.runtime: DRY-RUN: Would buy Yes @ $0.011 for $36.67 (edge=48.9%)
2026-04-08 18:14:15,777 [INFO] event_trader_improved.runtime: DRY-RUN: Would buy Yes @ $0.011 for $36.67 (edge=48.9%)
2026-04-08 18:14:15,777 [INFO] event_trader_improved.runtime: DRY-RUN: Would buy Yes @ $0.011 for $36.67 (edge=48.9%)
2026-04-08 18:14:15,777 [INFO] event_trader_improved.runtime: DRY-RUN: Would buy Yes @ $0.011 for $36.67 (edge=48.9%)
2026-04-08 18:14:15,777 [INFO] event_trader_improved.runtime: DRY-RUN: Would buy Yes @ $0.011 for $36.67 (edge=48.9%)
2026-04-08 18:14:15,777 [INFO] event_trader_improved.runtime: DRY-RUN: Would buy Yes @ $0.011 for $36.67 (edge=48.9%)
2026-04-08 18:14:15,777 [INFO] event_trader_improved.runtime: DRY-RUN: Would buy Yes @ $0.011 for $36.67 (edge=48.9%)
2026-04-08 18:14:15,777 [INFO] event_trader_improved.runtime: DRY-RUN: Would buy Yes @ $0.011 for $36.67 (edge=48.9%)
2026-04-08 18:14:15,777 [INFO] event_trader_improved.runtime: DRY-RUN: Would buy Yes @ $0.011 for $36.64 (edge=48.9%)
2026-04-08 18:14:15,777 [INFO] event_trader_improved.runtime: DRY-RUN: Would buy Yes @ $0.011 for $36.64 (edge=48.9%)
2026-04-08 18:14:15,777 [INFO] event_trader_improved.runtime: DRY-RUN: Would buy Yes @ $0.011 for $36.64 (edge=48.9%)
2026-04-08 18:14:15,777 [INFO] event_trader_improved.runtime: DRY-RUN: Would buy Yes @ $0.011 for $36.64 (edge=48.9%)
2026-04-08 18:14:15,777 [INFO] event_trader_improved.runtime: DRY-RUN: Would buy Yes @ $0.011 for $36.64 (edge=48.9%)
2026-04-08 18:14:15,778 [INFO] event_trader_improved.runtime: DRY-RUN: Would buy Yes @ $0.011 for $36.64 (edge=48.9%)
2026-04-08 18:14:15,778 [INFO] event_trader_improved.runtime: DRY-RUN: Would buy Yes @ $0.011 for $36.64 (edge=48.9%)
2026-04-08 18:14:15,778 [INFO] event_trader_improved.runtime: DRY-RUN: Would buy Yes @ $0.011 for $36.64 (edge=48.9%)
2026-04-08 18:14:15,788 [INFO] event_trader_improved.runtime: Cycle complete: scanned=600 signals=239 executed=30
2026-04-08 18:14:20,788 [INFO] event_trader_improved.runtime: === Cycle ev_20260408T181420_d6fd6c (#2) ===
2026-04-08 18:14:21,276 [INFO] event_trader.data_client: fetched 600 markets across 7 pages
2026-04-08 18:14:21,277 [INFO] event_trader_improved.runtime: Fetched 600 markets
2026-04-08 18:14:21,278 [INFO] event_trader_improved.scanner: Scan stats: scanned=600 signals=239 skipped_active=0 skipped_volume=17 skipped_price=277 skipped_edge=0
2026-04-08 18:14:21,278 [INFO] event_trader_improved.runtime: Found 239 signals
2026-04-08 18:14:21,278 [INFO] event_trader_improved.runtime: Signal #1: Yes @ $0.011 (edge=48.9%)
2026-04-08 18:14:21,278 [INFO] event_trader_improved.runtime: Signal #2: Yes @ $0.011 (edge=48.9%)
2026-04-08 18:14:21,278 [INFO] event_trader_improved.runtime: Signal #3: Yes @ $0.011 (edge=48.9%)
2026-04-08 18:14:21,278 [INFO] event_trader_improved.runtime: DRY-RUN: Would buy Yes @ $0.011 for $36.71 (edge=48.9%)
2026-04-08 18:14:21,278 [INFO] event_trader_improved.runtime: DRY-RUN: Would buy Yes @ $0.011 for $36.71 (edge=48.9%)
2026-04-08 18:14:21,278 [INFO] event_trader_improved.runtime: DRY-RUN: Would buy Yes @ $0.011 for $36.71 (edge=48.9%)
2026-04-08 18:14:21,278 [INFO] event_trader_improved.runtime: DRY-RUN: Would buy Yes @ $0.011 for $36.71 (edge=48.9%)
2026-04-08 18:14:21,278 [INFO] event_trader_improved.runtime: DRY-RUN: Would buy Yes @ $0.011 for $36.71 (edge=48.9%)
2026-04-08 18:14:21,279 [INFO] event_trader_improved.runtime: DRY-RUN: Would buy Yes @ $0.011 for $36.71 (edge=48.9%)
2026-04-08 18:14:21,279 [INFO] event_trader_improved.runtime: DRY-RUN: Would buy Yes @ $0.011 for $36.71 (edge=48.9%)
2026-04-08 18:14:21,279 [INFO] event_trader_improved.runtime: DRY-RUN: Would buy Yes @ $0.011 for $36.71 (edge=48.9%)
2026-04-08 18:14:21,279 [INFO] event_trader_improved.runtime: DRY-RUN: Would buy Yes @ $0.011 for $36.71 (edge=48.9%)
2026-04-08 18:14:21,279 [INFO] event_trader_improved.runtime: DRY-RUN: Would buy Yes @ $0.011 for $36.71 (edge=48.9%)
2026-04-08 18:14:21,279 [INFO] event_trader_improved.runtime: DRY-RUN: Would buy Yes @ $0.011 for $36.71 (edge=48.9%)
2026-04-08 18:14:21,279 [INFO] event_trader_improved.runtime: DRY-RUN: Would buy Yes @ $0.011 for $36.71 (edge=48.9%)
2026-04-08 18:14:21,279 [INFO] event_trader_improved.runtime: DRY-RUN: Would buy Yes @ $0.011 for $36.71 (edge=48.9%)
2026-04-08 18:14:21,279 [INFO] event_trader_improved.runtime: DRY-RUN: Would buy Yes @ $0.011 for $36.71 (edge=48.9%)
2026-04-08 18:14:21,279 [INFO] event_trader_improved.runtime: DRY-RUN: Would buy Yes @ $0.011 for $36.67 (edge=48.9%)
2026-04-08 18:14:21,279 [INFO] event_trader_improved.runtime: DRY-RUN: Would buy Yes @ $0.011 for $36.67 (edge=48.9%)
2026-04-08 18:14:21,279 [INFO] event_trader_improved.runtime: DRY-RUN: Would buy Yes @ $0.011 for $36.67 (edge=48.9%)
2026-04-08 18:14:21,279 [INFO] event_trader_improved.runtime: DRY-RUN: Would buy Yes @ $0.011 for $36.67 (edge=48.9%)
2026-04-08 18:14:21,279 [INFO] event_trader_improved.runtime: DRY-RUN: Would buy Yes @ $0.011 for $36.67 (edge=48.9%)
2026-04-08 18:14:21,279 [INFO] event_trader_improved.runtime: DRY-RUN: Would buy Yes @ $0.011 for $36.67 (edge=48.9%)
2026-04-08 18:14:21,279 [INFO] event_trader_improved.runtime: DRY-RUN: Would buy Yes @ $0.011 for $36.67 (edge=48.9%)
2026-04-08 18:14:21,279 [INFO] event_trader_improved.runtime: DRY-RUN: Would buy Yes @ $0.011 for $36.67 (edge=48.9%)
2026-04-08 18:14:21,279 [INFO] event_trader_improved.runtime: DRY-RUN: Would buy Yes @ $0.011 for $36.64 (edge=48.9%)
2026-04-08 18:14:21,279 [INFO] event_trader_improved.runtime: DRY-RUN: Would buy Yes @ $0.011 for $36.64 (edge=48.9%)
2026-04-08 18:14:21,279 [INFO] event_trader_improved.runtime: DRY-RUN: Would buy Yes @ $0.011 for $36.64 (edge=48.9%)
2026-04-08 18:14:21,279 [INFO] event_trader_improved.runtime: DRY-RUN: Would buy Yes @ $0.011 for $36.64 (edge=48.9%)
2026-04-08 18:14:21,279 [INFO] event_trader_improved.runtime: DRY-RUN: Would buy Yes @ $0.011 for $36.64 (edge=48.9%)
2026-04-08 18:14:21,279 [INFO] event_trader_improved.runtime: DRY-RUN: Would buy Yes @ $0.011 for $36.64 (edge=48.9%)
2026-04-08 18:14:21,279 [INFO] event_trader_improved.runtime: DRY-RUN: Would buy Yes @ $0.011 for $36.64 (edge=48.9%)
2026-04-08 18:14:21,279 [INFO] event_trader_improved.runtime: DRY-RUN: Would buy Yes @ $0.011 for $36.64 (edge=48.9%)
2026-04-08 18:14:21,321 [INFO] event_trader_improved.runtime: Cycle complete: scanned=600 signals=239 executed=30
2026-04-08 18:14:26,321 [INFO] event_trader_improved.runtime: === Cycle ev_20260408T181426_d6fd72 (#3) ===
2026-04-08 18:14:26,809 [INFO] event_trader.data_client: fetched 600 markets across 7 pages
2026-04-08 18:14:26,810 [INFO] event_trader_improved.runtime: Fetched 600 markets
2026-04-08 18:14:26,811 [INFO] event_trader_improved.scanner: Scan stats: scanned=600 signals=239 skipped_active=0 skipped_volume=17 skipped_price=277 skipped_edge=0
2026-04-08 18:14:26,811 [INFO] event_trader_improved.runtime: Found 239 signals
2026-04-08 18:14:26,811 [INFO] event_trader_improved.runtime: Signal #1: Yes @ $0.011 (edge=48.9%)
2026-04-08 18:14:26,811 [INFO] event_trader_improved.runtime: Signal #2: Yes @ $0.011 (edge=48.9%)
2026-04-08 18:14:26,811 [INFO] event_trader_improved.runtime: Signal #3: Yes @ $0.011 (edge=48.9%)
2026-04-08 18:14:26,811 [INFO] event_trader_improved.runtime: DRY-RUN: Would buy Yes @ $0.011 for $36.71 (edge=48.9%)
2026-04-08 18:14:26,811 [INFO] event_trader_improved.runtime: DRY-RUN: Would buy Yes @ $0.011 for $36.71 (edge=48.9%)
2026-04-08 18:14:26,812 [INFO] event_trader_improved.runtime: DRY-RUN: Would buy Yes @ $0.011 for $36.71 (edge=48.9%)
2026-04-08 18:14:26,812 [INFO] event_trader_improved.runtime: DRY-RUN: Would buy Yes @ $0.011 for $36.71 (edge=48.9%)
2026-04-08 18:14:26,812 [INFO] event_trader_improved.runtime: DRY-RUN: Would buy Yes @ $0.011 for $36.71 (edge=48.9%)
2026-04-08 18:14:26,812 [INFO] event_trader_improved.runtime: DRY-RUN: Would buy Yes @ $0.011 for $36.71 (edge=48.9%)
2026-04-08 18:14:26,812 [INFO] event_trader_improved.runtime: DRY-RUN: Would buy Yes @ $0.011 for $36.71 (edge=48.9%)
2026-04-08 18:14:26,812 [INFO] event_trader_improved.runtime: DRY-RUN: Would buy Yes @ $0.011 for $36.71 (edge=48.9%)
2026-04-08 18:14:26,812 [INFO] event_trader_improved.runtime: DRY-RUN: Would buy Yes @ $0.011 for $36.71 (edge=48.9%)
2026-04-08 18:14:26,812 [INFO] event_trader_improved.runtime: DRY-RUN: Would buy Yes @ $0.011 for $36.71 (edge=48.9%)
2026-04-08 18:14:26,812 [INFO] event_trader_improved.runtime: DRY-RUN: Would buy Yes @ $0.011 for $36.71 (edge=48.9%)
2026-04-08 18:14:26,812 [INFO] event_trader_improved.runtime: DRY-RUN: Would buy Yes @ $0.011 for $36.71 (edge=48.9%)
2026-04-08 18:14:26,812 [INFO] event_trader_improved.runtime: DRY-RUN: Would buy Yes @ $0.011 for $36.71 (edge=48.9%)
2026-04-08 18:14:26,812 [INFO] event_trader_improved.runtime: DRY-RUN: Would buy Yes @ $0.011 for $36.71 (edge=48.9%)
2026-04-08 18:14:26,812 [INFO] event_trader_improved.runtime: DRY-RUN: Would buy Yes @ $0.011 for $36.67 (edge=48.9%)
2026-04-08 18:14:26,812 [INFO] event_trader_improved.runtime: DRY-RUN: Would buy Yes @ $0.011 for $36.67 (edge=48.9%)
2026-04-08 18:14:26,812 [INFO] event_trader_improved.runtime: DRY-RUN: Would buy Yes @ $0.011 for $36.67 (edge=48.9%)
2026-04-08 18:14:26,812 [INFO] event_trader_improved.runtime: DRY-RUN: Would buy Yes @ $0.011 for $36.67 (edge=48.9%)
2026-04-08 18:14:26,812 [INFO] event_trader_improved.runtime: DRY-RUN: Would buy Yes @ $0.011 for $36.67 (edge=48.9%)
2026-04-08 18:14:26,812 [INFO] event_trader_improved.runtime: DRY-RUN: Would buy Yes @ $0.011 for $36.67 (edge=48.9%)
2026-04-08 18:14:26,812 [INFO] event_trader_improved.runtime: DRY-RUN: Would buy Yes @ $0.011 for $36.67 (edge=48.9%)
2026-04-08 18:14:26,812 [INFO] event_trader_improved.runtime: DRY-RUN: Would buy Yes @ $0.011 for $36.67 (edge=48.9%)
2026-04-08 18:14:26,812 [INFO] event_trader_improved.runtime: DRY-RUN: Would buy Yes @ $0.011 for $36.64 (edge=48.9%)
2026-04-08 18:14:26,812 [INFO] event_trader_improved.runtime: DRY-RUN: Would buy Yes @ $0.011 for $36.64 (edge=48.9%)
2026-04-08 18:14:26,812 [INFO] event_trader_improved.runtime: DRY-RUN: Would buy Yes @ $0.011 for $36.64 (edge=48.9%)
2026-04-08 18:14:26,812 [INFO] event_trader_improved.runtime: DRY-RUN: Would buy Yes @ $0.011 for $36.64 (edge=48.9%)
2026-04-08 18:14:26,812 [INFO] event_trader_improved.runtime: DRY-RUN: Would buy Yes @ $0.011 for $36.64 (edge=48.9%)
2026-04-08 18:14:26,812 [INFO] event_trader_improved.runtime: DRY-RUN: Would buy Yes @ $0.011 for $36.64 (edge=48.9%)
2026-04-08 18:14:26,812 [INFO] event_trader_improved.runtime: DRY-RUN: Would buy Yes @ $0.011 for $36.64 (edge=48.9%)
2026-04-08 18:14:26,812 [INFO] event_trader_improved.runtime: DRY-RUN: Would buy Yes @ $0.011 for $36.64 (edge=48.9%)
2026-04-08 18:14:26,828 [INFO] event_trader_improved.runtime: Cycle complete: scanned=600 signals=239 executed=30
2026-04-08 18:14:31,829 [INFO] event_trader_improved.runtime: === Cycle ev_20260408T181431_d6fd77 (#4) ===
2026-04-08 18:14:32,287 [INFO] event_trader.data_client: fetched 600 markets across 7 pages
2026-04-08 18:14:32,287 [INFO] event_trader_improved.runtime: Fetched 600 markets
2026-04-08 18:14:32,289 [INFO] event_trader_improved.scanner: Scan stats: scanned=600 signals=239 skipped_active=0 skipped_volume=17 skipped_price=277 skipped_edge=0
2026-04-08 18:14:32,289 [INFO] event_trader_improved.runtime: Found 239 signals
2026-04-08 18:14:32,289 [INFO] event_trader_improved.runtime: Signal #1: Yes @ $0.011 (edge=48.9%)
2026-04-08 18:14:32,289 [INFO] event_trader_improved.runtime: Signal #2: Yes @ $0.011 (edge=48.9%)
2026-04-08 18:14:32,289 [INFO] event_trader_improved.runtime: Signal #3: Yes @ $0.011 (edge=48.9%)
2026-04-08 18:14:32,289 [INFO] event_trader_improved.runtime: DRY-RUN: Would buy Yes @ $0.011 for $36.71 (edge=48.9%)
2026-04-08 18:14:32,289 [INFO] event_trader_improved.runtime: DRY-RUN: Would buy Yes @ $0.011 for $36.71 (edge=48.9%)
2026-04-08 18:14:32,289 [INFO] event_trader_improved.runtime: DRY-RUN: Would buy Yes @ $0.011 for $36.71 (edge=48.9%)
2026-04-08 18:14:32,289 [INFO] event_trader_improved.runtime: DRY-RUN: Would buy Yes @ $0.011 for $36.71 (edge=48.9%)
2026-04-08 18:14:32,289 [INFO] event_trader_improved.runtime: DRY-RUN: Would buy Yes @ $0.011 for $36.71 (edge=48.9%)
2026-04-08 18:14:32,289 [INFO] event_trader_improved.runtime: DRY-RUN: Would buy Yes @ $0.011 for $36.71 (edge=48.9%)
2026-04-08 18:14:32,289 [INFO] event_trader_improved.runtime: DRY-RUN: Would buy Yes @ $0.011 for $36.71 (edge=48.9%)
2026-04-08 18:14:32,289 [INFO] event_trader_improved.runtime: DRY-RUN: Would buy Yes @ $0.011 for $36.71 (edge=48.9%)
2026-04-08 18:14:32,289 [INFO] event_trader_improved.runtime: DRY-RUN: Would buy Yes @ $0.011 for $36.71 (edge=48.9%)
2026-04-08 18:14:32,289 [INFO] event_trader_improved.runtime: DRY-RUN: Would buy Yes @ $0.011 for $36.71 (edge=48.9%)
2026-04-08 18:14:32,289 [INFO] event_trader_improved.runtime: DRY-RUN: Would buy Yes @ $0.011 for $36.71 (edge=48.9%)
2026-04-08 18:14:32,289 [INFO] event_trader_improved.runtime: DRY-RUN: Would buy Yes @ $0.011 for $36.71 (edge=48.9%)
2026-04-08 18:14:32,289 [INFO] event_trader_improved.runtime: DRY-RUN: Would buy Yes @ $0.011 for $36.71 (edge=48.9%)
2026-04-08 18:14:32,289 [INFO] event_trader_improved.runtime: DRY-RUN: Would buy Yes @ $0.011 for $36.71 (edge=48.9%)
2026-04-08 18:14:32,289 [INFO] event_trader_improved.runtime: DRY-RUN: Would buy Yes @ $0.011 for $36.67 (edge=48.9%)
2026-04-08 18:14:32,289 [INFO] event_trader_improved.runtime: DRY-RUN: Would buy Yes @ $0.011 for $36.67 (edge=48.9%)
2026-04-08 18:14:32,289 [INFO] event_trader_improved.runtime: DRY-RUN: Would buy Yes @ $0.011 for $36.67 (edge=48.9%)
2026-04-08 18:14:32,290 [INFO] event_trader_improved.runtime: DRY-RUN: Would buy Yes @ $0.011 for $36.67 (edge=48.9%)
2026-04-08 18:14:32,290 [INFO] event_trader_improved.runtime: DRY-RUN: Would buy Yes @ $0.011 for $36.67 (edge=48.9%)
2026-04-08 18:14:32,290 [INFO] event_trader_improved.runtime: DRY-RUN: Would buy Yes @ $0.011 for $36.67 (edge=48.9%)
2026-04-08 18:14:32,290 [INFO] event_trader_improved.runtime: DRY-RUN: Would buy Yes @ $0.011 for $36.67 (edge=48.9%)
2026-04-08 18:14:32,290 [INFO] event_trader_improved.runtime: DRY-RUN: Would buy Yes @ $0.011 for $36.67 (edge=48.9%)
2026-04-08 18:14:32,290 [INFO] event_trader_improved.runtime: DRY-RUN: Would buy Yes @ $0.011 for $36.64 (edge=48.9%)
2026-04-08 18:14:32,290 [INFO] event_trader_improved.runtime: DRY-RUN: Would buy Yes @ $0.011 for $36.64 (edge=48.9%)
2026-04-08 18:14:32,290 [INFO] event_trader_improved.runtime: DRY-RUN: Would buy Yes @ $0.011 for $36.64 (edge=48.9%)
2026-04-08 18:14:32,290 [INFO] event_trader_improved.runtime: DRY-RUN: Would buy Yes @ $0.011 for $36.64 (edge=48.9%)
2026-04-08 18:14:32,290 [INFO] event_trader_improved.runtime: DRY-RUN: Would buy Yes @ $0.011 for $36.64 (edge=48.9%)
2026-04-08 18:14:32,290 [INFO] event_trader_improved.runtime: DRY-RUN: Would buy Yes @ $0.011 for $36.64 (edge=48.9%)
2026-04-08 18:14:32,290 [INFO] event_trader_improved.runtime: DRY-RUN: Would buy Yes @ $0.011 for $36.64 (edge=48.9%)
2026-04-08 18:14:32,290 [INFO] event_trader_improved.runtime: DRY-RUN: Would buy Yes @ $0.011 for $36.64 (edge=48.9%)
2026-04-08 18:14:32,309 [INFO] event_trader_improved.runtime: Cycle complete: scanned=600 signals=239 executed=30
2026-04-08 18:14:37,310 [INFO] event_trader_improved.runtime: === Cycle ev_20260408T181437_d6fd7d (#5) ===
2026-04-08 18:14:37,875 [INFO] event_trader.data_client: fetched 600 markets across 7 pages
2026-04-08 18:14:37,875 [INFO] event_trader_improved.runtime: Fetched 600 markets
2026-04-08 18:14:37,876 [INFO] event_trader_improved.scanner: Scan stats: scanned=600 signals=239 skipped_active=0 skipped_volume=17 skipped_price=277 skipped_edge=0
2026-04-08 18:14:37,876 [INFO] event_trader_improved.runtime: Found 239 signals
2026-04-08 18:14:37,876 [INFO] event_trader_improved.runtime: Signal #1: Yes @ $0.011 (edge=48.9%)
2026-04-08 18:14:37,876 [INFO] event_trader_improved.runtime: Signal #2: Yes @ $0.011 (edge=48.9%)
2026-04-08 18:14:37,876 [INFO] event_trader_improved.runtime: Signal #3: Yes @ $0.011 (edge=48.9%)
2026-04-08 18:14:37,876 [INFO] event_trader_improved.runtime: DRY-RUN: Would buy Yes @ $0.011 for $36.71 (edge=48.9%)
2026-04-08 18:14:37,877 [INFO] event_trader_improved.runtime: DRY-RUN: Would buy Yes @ $0.011 for $36.71 (edge=48.9%)
2026-04-08 18:14:37,877 [INFO] event_trader_improved.runtime: DRY-RUN: Would buy Yes @ $0.011 for $36.71 (edge=48.9%)
2026-04-08 18:14:37,877 [INFO] event_trader_improved.runtime: DRY-RUN: Would buy Yes @ $0.011 for $36.71 (edge=48.9%)
2026-04-08 18:14:37,877 [INFO] event_trader_improved.runtime: DRY-RUN: Would buy Yes @ $0.011 for $36.71 (edge=48.9%)
2026-04-08 18:14:37,877 [INFO] event_trader_improved.runtime: DRY-RUN: Would buy Yes @ $0.011 for $36.71 (edge=48.9%)
2026-04-08 18:14:37,877 [INFO] event_trader_improved.runtime: DRY-RUN: Would buy Yes @ $0.011 for $36.71 (edge=48.9%)
2026-04-08 18:14:37,877 [INFO] event_trader_improved.runtime: DRY-RUN: Would buy Yes @ $0.011 for $36.71 (edge=48.9%)
2026-04-08 18:14:37,877 [INFO] event_trader_improved.runtime: DRY-RUN: Would buy Yes @ $0.011 for $36.71 (edge=48.9%)
2026-04-08 18:14:37,877 [INFO] event_trader_improved.runtime: DRY-RUN: Would buy Yes @ $0.011 for $36.71 (edge=48.9%)
2026-04-08 18:14:37,877 [INFO] event_trader_improved.runtime: DRY-RUN: Would buy Yes @ $0.011 for $36.71 (edge=48.9%)
2026-04-08 18:14:37,877 [INFO] event_trader_improved.runtime: DRY-RUN: Would buy Yes @ $0.011 for $36.71 (edge=48.9%)
2026-04-08 18:14:37,877 [INFO] event_trader_improved.runtime: DRY-RUN: Would buy Yes @ $0.011 for $36.71 (edge=48.9%)
2026-04-08 18:14:37,877 [INFO] event_trader_improved.runtime: DRY-RUN: Would buy Yes @ $0.011 for $36.71 (edge=48.9%)
2026-04-08 18:14:37,877 [INFO] event_trader_improved.runtime: DRY-RUN: Would buy Yes @ $0.011 for $36.67 (edge=48.9%)
2026-04-08 18:14:37,877 [INFO] event_trader_improved.runtime: DRY-RUN: Would buy Yes @ $0.011 for $36.67 (edge=48.9%)
2026-04-08 18:14:37,877 [INFO] event_trader_improved.runtime: DRY-RUN: Would buy Yes @ $0.011 for $36.67 (edge=48.9%)
2026-04-08 18:14:37,877 [INFO] event_trader_improved.runtime: DRY-RUN: Would buy Yes @ $0.011 for $36.67 (edge=48.9%)
2026-04-08 18:14:37,877 [INFO] event_trader_improved.runtime: DRY-RUN: Would buy Yes @ $0.011 for $36.67 (edge=48.9%)
2026-04-08 18:14:37,877 [INFO] event_trader_improved.runtime: DRY-RUN: Would buy Yes @ $0.011 for $36.67 (edge=48.9%)
2026-04-08 18:14:37,877 [INFO] event_trader_improved.runtime: DRY-RUN: Would buy Yes @ $0.011 for $36.67 (edge=48.9%)
2026-04-08 18:14:37,877 [INFO] event_trader_improved.runtime: DRY-RUN: Would buy Yes @ $0.011 for $36.67 (edge=48.9%)
2026-04-08 18:14:37,877 [INFO] event_trader_improved.runtime: DRY-RUN: Would buy Yes @ $0.011 for $36.64 (edge=48.9%)
2026-04-08 18:14:37,877 [INFO] event_trader_improved.runtime: DRY-RUN: Would buy Yes @ $0.011 for $36.64 (edge=48.9%)
2026-04-08 18:14:37,877 [INFO] event_trader_improved.runtime: DRY-RUN: Would buy Yes @ $0.011 for $36.64 (edge=48.9%)
2026-04-08 18:14:37,877 [INFO] event_trader_improved.runtime: DRY-RUN: Would buy Yes @ $0.011 for $36.64 (edge=48.9%)
2026-04-08 18:14:37,877 [INFO] event_trader_improved.runtime: DRY-RUN: Would buy Yes @ $0.011 for $36.64 (edge=48.9%)
2026-04-08 18:14:37,877 [INFO] event_trader_improved.runtime: DRY-RUN: Would buy Yes @ $0.011 for $36.64 (edge=48.9%)
2026-04-08 18:14:37,877 [INFO] event_trader_improved.runtime: DRY-RUN: Would buy Yes @ $0.011 for $36.64 (edge=48.9%)
2026-04-08 18:14:37,878 [INFO] event_trader_improved.runtime: DRY-RUN: Would buy Yes @ $0.011 for $36.64 (edge=48.9%)
2026-04-08 18:14:37,901 [INFO] event_trader_improved.runtime: Cycle complete: scanned=600 signals=239 executed=30
2026-04-08 18:14:42,901 [INFO] event_trader_improved.runtime: === Cycle ev_20260408T181442_d6fd82 (#6) ===
2026-04-08 18:14:43,491 [INFO] event_trader.data_client: fetched 600 markets across 7 pages
2026-04-08 18:14:43,492 [INFO] event_trader_improved.runtime: Fetched 600 markets
2026-04-08 18:14:43,492 [INFO] event_trader_improved.scanner: Scan stats: scanned=600 signals=239 skipped_active=0 skipped_volume=17 skipped_price=277 skipped_edge=0
2026-04-08 18:14:43,493 [INFO] event_trader_improved.runtime: Found 239 signals
2026-04-08 18:14:43,493 [INFO] event_trader_improved.runtime: Signal #1: Yes @ $0.011 (edge=48.9%)
2026-04-08 18:14:43,493 [INFO] event_trader_improved.runtime: Signal #2: Yes @ $0.011 (edge=48.9%)
2026-04-08 18:14:43,493 [INFO] event_trader_improved.runtime: Signal #3: Yes @ $0.011 (edge=48.9%)
2026-04-08 18:14:43,493 [INFO] event_trader_improved.runtime: DRY-RUN: Would buy Yes @ $0.011 for $36.71 (edge=48.9%)
2026-04-08 18:14:43,493 [INFO] event_trader_improved.runtime: DRY-RUN: Would buy Yes @ $0.011 for $36.71 (edge=48.9%)
2026-04-08 18:14:43,493 [INFO] event_trader_improved.runtime: DRY-RUN: Would buy Yes @ $0.011 for $36.71 (edge=48.9%)
2026-04-08 18:14:43,493 [INFO] event_trader_improved.runtime: DRY-RUN: Would buy Yes @ $0.011 for $36.71 (edge=48.9%)
2026-04-08 18:14:43,493 [INFO] event_trader_improved.runtime: DRY-RUN: Would buy Yes @ $0.011 for $36.71 (edge=48.9%)
2026-04-08 18:14:43,493 [INFO] event_trader_improved.runtime: DRY-RUN: Would buy Yes @ $0.011 for $36.71 (edge=48.9%)
2026-04-08 18:14:43,493 [INFO] event_trader_improved.runtime: DRY-RUN: Would buy Yes @ $0.011 for $36.71 (edge=48.9%)
2026-04-08 18:14:43,493 [INFO] event_trader_improved.runtime: DRY-RUN: Would buy Yes @ $0.011 for $36.71 (edge=48.9%)
2026-04-08 18:14:43,493 [INFO] event_trader_improved.runtime: DRY-RUN: Would buy Yes @ $0.011 for $36.71 (edge=48.9%)
2026-04-08 18:14:43,493 [INFO] event_trader_improved.runtime: DRY-RUN: Would buy Yes @ $0.011 for $36.71 (edge=48.9%)
2026-04-08 18:14:43,493 [INFO] event_trader_improved.runtime: DRY-RUN: Would buy Yes @ $0.011 for $36.71 (edge=48.9%)
2026-04-08 18:14:43,493 [INFO] event_trader_improved.runtime: DRY-RUN: Would buy Yes @ $0.011 for $36.71 (edge=48.9%)
2026-04-08 18:14:43,493 [INFO] event_trader_improved.runtime: DRY-RUN: Would buy Yes @ $0.011 for $36.71 (edge=48.9%)
2026-04-08 18:14:43,493 [INFO] event_trader_improved.runtime: DRY-RUN: Would buy Yes @ $0.011 for $36.71 (edge=48.9%)
2026-04-08 18:14:43,493 [INFO] event_trader_improved.runtime: DRY-RUN: Would buy Yes @ $0.011 for $36.67 (edge=48.9%)
2026-04-08 18:14:43,493 [INFO] event_trader_improved.runtime: DRY-RUN: Would buy Yes @ $0.011 for $36.67 (edge=48.9%)
2026-04-08 18:14:43,493 [INFO] event_trader_improved.runtime: DRY-RUN: Would buy Yes @ $0.011 for $36.67 (edge=48.9%)
2026-04-08 18:14:43,493 [INFO] event_trader_improved.runtime: DRY-RUN: Would buy Yes @ $0.011 for $36.67 (edge=48.9%)
2026-04-08 18:14:43,493 [INFO] event_trader_improved.runtime: DRY-RUN: Would buy Yes @ $0.011 for $36.67 (edge=48.9%)
2026-04-08 18:14:43,494 [INFO] event_trader_improved.runtime: DRY-RUN: Would buy Yes @ $0.011 for $36.67 (edge=48.9%)
2026-04-08 18:14:43,494 [INFO] event_trader_improved.runtime: DRY-RUN: Would buy Yes @ $0.011 for $36.67 (edge=48.9%)
2026-04-08 18:14:43,494 [INFO] event_trader_improved.runtime: DRY-RUN: Would buy Yes @ $0.011 for $36.67 (edge=48.9%)
2026-04-08 18:14:43,494 [INFO] event_trader_improved.runtime: DRY-RUN: Would buy Yes @ $0.011 for $36.64 (edge=48.9%)
2026-04-08 18:14:43,494 [INFO] event_trader_improved.runtime: DRY-RUN: Would buy Yes @ $0.011 for $36.64 (edge=48.9%)
2026-04-08 18:14:43,494 [INFO] event_trader_improved.runtime: DRY-RUN: Would buy Yes @ $0.011 for $36.64 (edge=48.9%)
2026-04-08 18:14:43,494 [INFO] event_trader_improved.runtime: DRY-RUN: Would buy Yes @ $0.011 for $36.64 (edge=48.9%)
2026-04-08 18:14:43,494 [INFO] event_trader_improved.runtime: DRY-RUN: Would buy Yes @ $0.011 for $36.64 (edge=48.9%)
2026-04-08 18:14:43,494 [INFO] event_trader_improved.runtime: DRY-RUN: Would buy Yes @ $0.011 for $36.64 (edge=48.9%)
2026-04-08 18:14:43,494 [INFO] event_trader_improved.runtime: DRY-RUN: Would buy Yes @ $0.011 for $36.64 (edge=48.9%)
2026-04-08 18:14:43,494 [INFO] event_trader_improved.runtime: DRY-RUN: Would buy Yes @ $0.011 for $36.64 (edge=48.9%)
2026-04-08 18:14:45,330 [INFO] event_trader_improved.runtime: Cycle complete: scanned=600 signals=239 executed=30
2026-04-08 18:14:50,330 [INFO] event_trader_improved.runtime: === Cycle ev_20260408T181450_d6fd8a (#7) ===
2026-04-08 18:14:50,891 [INFO] event_trader.data_client: fetched 600 markets across 7 pages
2026-04-08 18:14:50,891 [INFO] event_trader_improved.runtime: Fetched 600 markets
2026-04-08 18:14:50,892 [INFO] event_trader_improved.scanner: Scan stats: scanned=600 signals=239 skipped_active=0 skipped_volume=17 skipped_price=277 skipped_edge=0
2026-04-08 18:14:50,892 [INFO] event_trader_improved.runtime: Found 239 signals
2026-04-08 18:14:50,892 [INFO] event_trader_improved.runtime: Signal #1: Yes @ $0.011 (edge=48.9%)
2026-04-08 18:14:50,892 [INFO] event_trader_improved.runtime: Signal #2: Yes @ $0.011 (edge=48.9%)
2026-04-08 18:14:50,893 [INFO] event_trader_improved.runtime: Signal #3: Yes @ $0.011 (edge=48.9%)
2026-04-08 18:14:50,893 [INFO] event_trader_improved.runtime: DRY-RUN: Would buy Yes @ $0.011 for $36.71 (edge=48.9%)
2026-04-08 18:14:50,893 [INFO] event_trader_improved.runtime: DRY-RUN: Would buy Yes @ $0.011 for $36.71 (edge=48.9%)
2026-04-08 18:14:50,893 [INFO] event_trader_improved.runtime: DRY-RUN: Would buy Yes @ $0.011 for $36.71 (edge=48.9%)
2026-04-08 18:14:50,893 [INFO] event_trader_improved.runtime: DRY-RUN: Would buy Yes @ $0.011 for $36.71 (edge=48.9%)
2026-04-08 18:14:50,893 [INFO] event_trader_improved.runtime: DRY-RUN: Would buy Yes @ $0.011 for $36.71 (edge=48.9%)
2026-04-08 18:14:50,893 [INFO] event_trader_improved.runtime: DRY-RUN: Would buy Yes @ $0.011 for $36.71 (edge=48.9%)
2026-04-08 18:14:50,893 [INFO] event_trader_improved.runtime: DRY-RUN: Would buy Yes @ $0.011 for $36.71 (edge=48.9%)
2026-04-08 18:14:50,893 [INFO] event_trader_improved.runtime: DRY-RUN: Would buy Yes @ $0.011 for $36.71 (edge=48.9%)
2026-04-08 18:14:50,893 [INFO] event_trader_improved.runtime: DRY-RUN: Would buy Yes @ $0.011 for $36.71 (edge=48.9%)
2026-04-08 18:14:50,893 [INFO] event_trader_improved.runtime: DRY-RUN: Would buy Yes @ $0.011 for $36.71 (edge=48.9%)
2026-04-08 18:14:50,893 [INFO] event_trader_improved.runtime: DRY-RUN: Would buy Yes @ $0.011 for $36.71 (edge=48.9%)
2026-04-08 18:14:50,893 [INFO] event_trader_improved.runtime: DRY-RUN: Would buy Yes @ $0.011 for $36.71 (edge=48.9%)
2026-04-08 18:14:50,893 [INFO] event_trader_improved.runtime: DRY-RUN: Would buy Yes @ $0.011 for $36.71 (edge=48.9%)
2026-04-08 18:14:50,893 [INFO] event_trader_improved.runtime: DRY-RUN: Would buy Yes @ $0.011 for $36.71 (edge=48.9%)
2026-04-08 18:14:50,893 [INFO] event_trader_improved.runtime: DRY-RUN: Would buy Yes @ $0.011 for $36.67 (edge=48.9%)
2026-04-08 18:14:50,893 [INFO] event_trader_improved.runtime: DRY-RUN: Would buy Yes @ $0.011 for $36.67 (edge=48.9%)
2026-04-08 18:14:50,893 [INFO] event_trader_improved.runtime: DRY-RUN: Would buy Yes @ $0.011 for $36.67 (edge=48.9%)
2026-04-08 18:14:50,893 [INFO] event_trader_improved.runtime: DRY-RUN: Would buy Yes @ $0.011 for $36.67 (edge=48.9%)
2026-04-08 18:14:50,893 [INFO] event_trader_improved.runtime: DRY-RUN: Would buy Yes @ $0.011 for $36.67 (edge=48.9%)
2026-04-08 18:14:50,893 [INFO] event_trader_improved.runtime: DRY-RUN: Would buy Yes @ $0.011 for $36.67 (edge=48.9%)
2026-04-08 18:14:50,893 [INFO] event_trader_improved.runtime: DRY-RUN: Would buy Yes @ $0.011 for $36.67 (edge=48.9%)
2026-04-08 18:14:50,893 [INFO] event_trader_improved.runtime: DRY-RUN: Would buy Yes @ $0.011 for $36.67 (edge=48.9%)
2026-04-08 18:14:50,893 [INFO] event_trader_improved.runtime: DRY-RUN: Would buy Yes @ $0.011 for $36.64 (edge=48.9%)
2026-04-08 18:14:50,893 [INFO] event_trader_improved.runtime: DRY-RUN: Would buy Yes @ $0.011 for $36.64 (edge=48.9%)
2026-04-08 18:14:50,893 [INFO] event_trader_improved.runtime: DRY-RUN: Would buy Yes @ $0.011 for $36.64 (edge=48.9%)
2026-04-08 18:14:50,893 [INFO] event_trader_improved.runtime: DRY-RUN: Would buy Yes @ $0.011 for $36.64 (edge=48.9%)
2026-04-08 18:14:50,894 [INFO] event_trader_improved.runtime: DRY-RUN: Would buy Yes @ $0.011 for $36.64 (edge=48.9%)
2026-04-08 18:14:50,894 [INFO] event_trader_improved.runtime: DRY-RUN: Would buy Yes @ $0.011 for $36.64 (edge=48.9%)
2026-04-08 18:14:50,894 [INFO] event_trader_improved.runtime: DRY-RUN: Would buy Yes @ $0.011 for $36.64 (edge=48.9%)
2026-04-08 18:14:50,894 [INFO] event_trader_improved.runtime: DRY-RUN: Would buy Yes @ $0.011 for $36.64 (edge=48.9%)
2026-04-08 18:14:50,910 [INFO] event_trader_improved.runtime: Cycle complete: scanned=600 signals=239 executed=30
2026-04-08 18:14:55,910 [INFO] event_trader_improved.runtime: === Cycle ev_20260408T181455_d6fd8f (#8) ===
2026-04-08 18:14:56,512 [INFO] event_trader.data_client: fetched 600 markets across 7 pages
2026-04-08 18:14:56,512 [INFO] event_trader_improved.runtime: Fetched 600 markets
2026-04-08 18:14:56,513 [INFO] event_trader_improved.scanner: Scan stats: scanned=600 signals=239 skipped_active=0 skipped_volume=17 skipped_price=277 skipped_edge=0
2026-04-08 18:14:56,513 [INFO] event_trader_improved.runtime: Found 239 signals
2026-04-08 18:14:56,513 [INFO] event_trader_improved.runtime: Signal #1: Yes @ $0.011 (edge=48.9%)
2026-04-08 18:14:56,513 [INFO] event_trader_improved.runtime: Signal #2: Yes @ $0.011 (edge=48.9%)
2026-04-08 18:14:56,513 [INFO] event_trader_improved.runtime: Signal #3: Yes @ $0.011 (edge=48.9%)
2026-04-08 18:14:56,513 [INFO] event_trader_improved.runtime: DRY-RUN: Would buy Yes @ $0.011 for $36.71 (edge=48.9%)
2026-04-08 18:14:56,513 [INFO] event_trader_improved.runtime: DRY-RUN: Would buy Yes @ $0.011 for $36.71 (edge=48.9%)
2026-04-08 18:14:56,513 [INFO] event_trader_improved.runtime: DRY-RUN: Would buy Yes @ $0.011 for $36.71 (edge=48.9%)
2026-04-08 18:14:56,513 [INFO] event_trader_improved.runtime: DRY-RUN: Would buy Yes @ $0.011 for $36.71 (edge=48.9%)
2026-04-08 18:14:56,514 [INFO] event_trader_improved.runtime: DRY-RUN: Would buy Yes @ $0.011 for $36.71 (edge=48.9%)
2026-04-08 18:14:56,514 [INFO] event_trader_improved.runtime: DRY-RUN: Would buy Yes @ $0.011 for $36.71 (edge=48.9%)
2026-04-08 18:14:56,514 [INFO] event_trader_improved.runtime: DRY-RUN: Would buy Yes @ $0.011 for $36.71 (edge=48.9%)
2026-04-08 18:14:56,514 [INFO] event_trader_improved.runtime: DRY-RUN: Would buy Yes @ $0.011 for $36.71 (edge=48.9%)
2026-04-08 18:14:56,514 [INFO] event_trader_improved.runtime: DRY-RUN: Would buy Yes @ $0.011 for $36.71 (edge=48.9%)
2026-04-08 18:14:56,514 [INFO] event_trader_improved.runtime: DRY-RUN: Would buy Yes @ $0.011 for $36.71 (edge=48.9%)
2026-04-08 18:14:56,514 [INFO] event_trader_improved.runtime: DRY-RUN: Would buy Yes @ $0.011 for $36.71 (edge=48.9%)
2026-04-08 18:14:56,514 [INFO] event_trader_improved.runtime: DRY-RUN: Would buy Yes @ $0.011 for $36.71 (edge=48.9%)
2026-04-08 18:14:56,514 [INFO] event_trader_improved.runtime: DRY-RUN: Would buy Yes @ $0.011 for $36.71 (edge=48.9%)
2026-04-08 18:14:56,514 [INFO] event_trader_improved.runtime: DRY-RUN: Would buy Yes @ $0.011 for $36.71 (edge=48.9%)
2026-04-08 18:14:56,514 [INFO] event_trader_improved.runtime: DRY-RUN: Would buy Yes @ $0.011 for $36.67 (edge=48.9%)
2026-04-08 18:14:56,514 [INFO] event_trader_improved.runtime: DRY-RUN: Would buy Yes @ $0.011 for $36.67 (edge=48.9%)
2026-04-08 18:14:56,514 [INFO] event_trader_improved.runtime: DRY-RUN: Would buy Yes @ $0.011 for $36.67 (edge=48.9%)
2026-04-08 18:14:56,514 [INFO] event_trader_improved.runtime: DRY-RUN: Would buy Yes @ $0.011 for $36.67 (edge=48.9%)
2026-04-08 18:14:56,514 [INFO] event_trader_improved.runtime: DRY-RUN: Would buy Yes @ $0.011 for $36.67 (edge=48.9%)
2026-04-08 18:14:56,514 [INFO] event_trader_improved.runtime: DRY-RUN: Would buy Yes @ $0.011 for $36.67 (edge=48.9%)
2026-04-08 18:14:56,514 [INFO] event_trader_improved.runtime: DRY-RUN: Would buy Yes @ $0.011 for $36.67 (edge=48.9%)
2026-04-08 18:14:56,514 [INFO] event_trader_improved.runtime: DRY-RUN: Would buy Yes @ $0.011 for $36.67 (edge=48.9%)
2026-04-08 18:14:56,514 [INFO] event_trader_improved.runtime: DRY-RUN: Would buy Yes @ $0.011 for $36.64 (edge=48.9%)
2026-04-08 18:14:56,514 [INFO] event_trader_improved.runtime: DRY-RUN: Would buy Yes @ $0.011 for $36.64 (edge=48.9%)
2026-04-08 18:14:56,514 [INFO] event_trader_improved.runtime: DRY-RUN: Would buy Yes @ $0.011 for $36.64 (edge=48.9%)
2026-04-08 18:14:56,514 [INFO] event_trader_improved.runtime: DRY-RUN: Would buy Yes @ $0.011 for $36.64 (edge=48.9%)
2026-04-08 18:14:56,514 [INFO] event_trader_improved.runtime: DRY-RUN: Would buy Yes @ $0.011 for $36.64 (edge=48.9%)
2026-04-08 18:14:56,514 [INFO] event_trader_improved.runtime: DRY-RUN: Would buy Yes @ $0.011 for $36.64 (edge=48.9%)
2026-04-08 18:14:56,514 [INFO] event_trader_improved.runtime: DRY-RUN: Would buy Yes @ $0.011 for $36.64 (edge=48.9%)
2026-04-08 18:14:56,514 [INFO] event_trader_improved.runtime: DRY-RUN: Would buy Yes @ $0.011 for $36.64 (edge=48.9%)
2026-04-08 18:14:57,556 [INFO] event_trader_improved.runtime: Cycle complete: scanned=600 signals=239 executed=30
2026-04-08 18:15:02,557 [INFO] event_trader_improved.runtime: === Cycle ev_20260408T181502_d6fd96 (#9) ===
2026-04-08 18:15:03,006 [INFO] event_trader.data_client: fetched 600 markets across 7 pages
2026-04-08 18:15:03,006 [INFO] event_trader_improved.runtime: Fetched 600 markets
2026-04-08 18:15:03,007 [INFO] event_trader_improved.scanner: Scan stats: scanned=600 signals=239 skipped_active=0 skipped_volume=17 skipped_price=277 skipped_edge=0
2026-04-08 18:15:03,007 [INFO] event_trader_improved.runtime: Found 239 signals
2026-04-08 18:15:03,008 [INFO] event_trader_improved.runtime: Signal #1: Yes @ $0.011 (edge=48.9%)
2026-04-08 18:15:03,008 [INFO] event_trader_improved.runtime: Signal #2: Yes @ $0.011 (edge=48.9%)
2026-04-08 18:15:03,008 [INFO] event_trader_improved.runtime: Signal #3: Yes @ $0.011 (edge=48.9%)
2026-04-08 18:15:03,008 [INFO] event_trader_improved.runtime: DRY-RUN: Would buy Yes @ $0.011 for $36.71 (edge=48.9%)
2026-04-08 18:15:03,008 [INFO] event_trader_improved.runtime: DRY-RUN: Would buy Yes @ $0.011 for $36.71 (edge=48.9%)
2026-04-08 18:15:03,008 [INFO] event_trader_improved.runtime: DRY-RUN: Would buy Yes @ $0.011 for $36.71 (edge=48.9%)
2026-04-08 18:15:03,008 [INFO] event_trader_improved.runtime: DRY-RUN: Would buy Yes @ $0.011 for $36.71 (edge=48.9%)
2026-04-08 18:15:03,008 [INFO] event_trader_improved.runtime: DRY-RUN: Would buy Yes @ $0.011 for $36.71 (edge=48.9%)
2026-04-08 18:15:03,008 [INFO] event_trader_improved.runtime: DRY-RUN: Would buy Yes @ $0.011 for $36.71 (edge=48.9%)
2026-04-08 18:15:03,008 [INFO] event_trader_improved.runtime: DRY-RUN: Would buy Yes @ $0.011 for $36.71 (edge=48.9%)
2026-04-08 18:15:03,008 [INFO] event_trader_improved.runtime: DRY-RUN: Would buy Yes @ $0.011 for $36.71 (edge=48.9%)
2026-04-08 18:15:03,008 [INFO] event_trader_improved.runtime: DRY-RUN: Would buy Yes @ $0.011 for $36.71 (edge=48.9%)
2026-04-08 18:15:03,008 [INFO] event_trader_improved.runtime: DRY-RUN: Would buy Yes @ $0.011 for $36.71 (edge=48.9%)
2026-04-08 18:15:03,008 [INFO] event_trader_improved.runtime: DRY-RUN: Would buy Yes @ $0.011 for $36.71 (edge=48.9%)
2026-04-08 18:15:03,008 [INFO] event_trader_improved.runtime: DRY-RUN: Would buy Yes @ $0.011 for $36.71 (edge=48.9%)
2026-04-08 18:15:03,008 [INFO] event_trader_improved.runtime: DRY-RUN: Would buy Yes @ $0.011 for $36.71 (edge=48.9%)
2026-04-08 18:15:03,008 [INFO] event_trader_improved.runtime: DRY-RUN: Would buy Yes @ $0.011 for $36.71 (edge=48.9%)
2026-04-08 18:15:03,008 [INFO] event_trader_improved.runtime: DRY-RUN: Would buy Yes @ $0.011 for $36.67 (edge=48.9%)
2026-04-08 18:15:03,008 [INFO] event_trader_improved.runtime: DRY-RUN: Would buy Yes @ $0.011 for $36.67 (edge=48.9%)
2026-04-08 18:15:03,008 [INFO] event_trader_improved.runtime: DRY-RUN: Would buy Yes @ $0.011 for $36.67 (edge=48.9%)
2026-04-08 18:15:03,008 [INFO] event_trader_improved.runtime: DRY-RUN: Would buy Yes @ $0.011 for $36.67 (edge=48.9%)
2026-04-08 18:15:03,008 [INFO] event_trader_improved.runtime: DRY-RUN: Would buy Yes @ $0.011 for $36.67 (edge=48.9%)
2026-04-08 18:15:03,008 [INFO] event_trader_improved.runtime: DRY-RUN: Would buy Yes @ $0.011 for $36.67 (edge=48.9%)
2026-04-08 18:15:03,008 [INFO] event_trader_improved.runtime: DRY-RUN: Would buy Yes @ $0.011 for $36.67 (edge=48.9%)
2026-04-08 18:15:03,008 [INFO] event_trader_improved.runtime: DRY-RUN: Would buy Yes @ $0.011 for $36.67 (edge=48.9%)
2026-04-08 18:15:03,008 [INFO] event_trader_improved.runtime: DRY-RUN: Would buy Yes @ $0.011 for $36.64 (edge=48.9%)
2026-04-08 18:15:03,009 [INFO] event_trader_improved.runtime: DRY-RUN: Would buy Yes @ $0.011 for $36.64 (edge=48.9%)
2026-04-08 18:15:03,009 [INFO] event_trader_improved.runtime: DRY-RUN: Would buy Yes @ $0.011 for $36.64 (edge=48.9%)
2026-04-08 18:15:03,009 [INFO] event_trader_improved.runtime: DRY-RUN: Would buy Yes @ $0.011 for $36.64 (edge=48.9%)
2026-04-08 18:15:03,009 [INFO] event_trader_improved.runtime: DRY-RUN: Would buy Yes @ $0.011 for $36.64 (edge=48.9%)
2026-04-08 18:15:03,009 [INFO] event_trader_improved.runtime: DRY-RUN: Would buy Yes @ $0.011 for $36.64 (edge=48.9%)
2026-04-08 18:15:03,009 [INFO] event_trader_improved.runtime: DRY-RUN: Would buy Yes @ $0.011 for $36.64 (edge=48.9%)
2026-04-08 18:15:03,009 [INFO] event_trader_improved.runtime: DRY-RUN: Would buy Yes @ $0.011 for $36.64 (edge=48.9%)
2026-04-08 18:15:03,040 [INFO] event_trader_improved.runtime: Cycle complete: scanned=600 signals=239 executed=30
2026-04-08 18:15:08,040 [INFO] event_trader_improved.runtime: === Cycle ev_20260408T181508_d6fd9c (#10) ===
2026-04-08 18:15:08,624 [INFO] event_trader.data_client: fetched 600 markets across 7 pages
2026-04-08 18:15:08,624 [INFO] event_trader_improved.runtime: Fetched 600 markets
2026-04-08 18:15:08,625 [INFO] event_trader_improved.scanner: Scan stats: scanned=600 signals=239 skipped_active=0 skipped_volume=17 skipped_price=277 skipped_edge=0
2026-04-08 18:15:08,625 [INFO] event_trader_improved.runtime: Found 239 signals
2026-04-08 18:15:08,626 [INFO] event_trader_improved.runtime: Signal #1: Yes @ $0.011 (edge=48.9%)
2026-04-08 18:15:08,626 [INFO] event_trader_improved.runtime: Signal #2: Yes @ $0.011 (edge=48.9%)
2026-04-08 18:15:08,626 [INFO] event_trader_improved.runtime: Signal #3: Yes @ $0.011 (edge=48.9%)
2026-04-08 18:15:08,626 [INFO] event_trader_improved.runtime: DRY-RUN: Would buy Yes @ $0.011 for $36.71 (edge=48.9%)
2026-04-08 18:15:08,626 [INFO] event_trader_improved.runtime: DRY-RUN: Would buy Yes @ $0.011 for $36.71 (edge=48.9%)
2026-04-08 18:15:08,626 [INFO] event_trader_improved.runtime: DRY-RUN: Would buy Yes @ $0.011 for $36.71 (edge=48.9%)
2026-04-08 18:15:08,626 [INFO] event_trader_improved.runtime: DRY-RUN: Would buy Yes @ $0.011 for $36.71 (edge=48.9%)
2026-04-08 18:15:08,626 [INFO] event_trader_improved.runtime: DRY-RUN: Would buy Yes @ $0.011 for $36.71 (edge=48.9%)
2026-04-08 18:15:08,626 [INFO] event_trader_improved.runtime: DRY-RUN: Would buy Yes @ $0.011 for $36.71 (edge=48.9%)
2026-04-08 18:15:08,626 [INFO] event_trader_improved.runtime: DRY-RUN: Would buy Yes @ $0.011 for $36.71 (edge=48.9%)
2026-04-08 18:15:08,626 [INFO] event_trader_improved.runtime: DRY-RUN: Would buy Yes @ $0.011 for $36.71 (edge=48.9%)
2026-04-08 18:15:08,626 [INFO] event_trader_improved.runtime: DRY-RUN: Would buy Yes @ $0.011 for $36.71 (edge=48.9%)
2026-04-08 18:15:08,626 [INFO] event_trader_improved.runtime: DRY-RUN: Would buy Yes @ $0.011 for $36.71 (edge=48.9%)
2026-04-08 18:15:08,626 [INFO] event_trader_improved.runtime: DRY-RUN: Would buy Yes @ $0.011 for $36.71 (edge=48.9%)
2026-04-08 18:15:08,626 [INFO] event_trader_improved.runtime: DRY-RUN: Would buy Yes @ $0.011 for $36.71 (edge=48.9%)
2026-04-08 18:15:08,626 [INFO] event_trader_improved.runtime: DRY-RUN: Would buy Yes @ $0.011 for $36.71 (edge=48.9%)
2026-04-08 18:15:08,626 [INFO] event_trader_improved.runtime: DRY-RUN: Would buy Yes @ $0.011 for $36.71 (edge=48.9%)
2026-04-08 18:15:08,626 [INFO] event_trader_improved.runtime: DRY-RUN: Would buy Yes @ $0.011 for $36.67 (edge=48.9%)
2026-04-08 18:15:08,626 [INFO] event_trader_improved.runtime: DRY-RUN: Would buy Yes @ $0.011 for $36.67 (edge=48.9%)
2026-04-08 18:15:08,626 [INFO] event_trader_improved.runtime: DRY-RUN: Would buy Yes @ $0.011 for $36.67 (edge=48.9%)
2026-04-08 18:15:08,626 [INFO] event_trader_improved.runtime: DRY-RUN: Would buy Yes @ $0.011 for $36.67 (edge=48.9%)
2026-04-08 18:15:08,626 [INFO] event_trader_improved.runtime: DRY-RUN: Would buy Yes @ $0.011 for $36.67 (edge=48.9%)
2026-04-08 18:15:08,626 [INFO] event_trader_improved.runtime: DRY-RUN: Would buy Yes @ $0.011 for $36.67 (edge=48.9%)
2026-04-08 18:15:08,627 [INFO] event_trader_improved.runtime: DRY-RUN: Would buy Yes @ $0.011 for $36.67 (edge=48.9%)
2026-04-08 18:15:08,627 [INFO] event_trader_improved.runtime: DRY-RUN: Would buy Yes @ $0.011 for $36.67 (edge=48.9%)
2026-04-08 18:15:08,627 [INFO] event_trader_improved.runtime: DRY-RUN: Would buy Yes @ $0.011 for $36.64 (edge=48.9%)
2026-04-08 18:15:08,627 [INFO] event_trader_improved.runtime: DRY-RUN: Would buy Yes @ $0.011 for $36.64 (edge=48.9%)
2026-04-08 18:15:08,627 [INFO] event_trader_improved.runtime: DRY-RUN: Would buy Yes @ $0.011 for $36.64 (edge=48.9%)
2026-04-08 18:15:08,627 [INFO] event_trader_improved.runtime: DRY-RUN: Would buy Yes @ $0.011 for $36.64 (edge=48.9%)
2026-04-08 18:15:08,627 [INFO] event_trader_improved.runtime: DRY-RUN: Would buy Yes @ $0.011 for $36.64 (edge=48.9%)
2026-04-08 18:15:08,627 [INFO] event_trader_improved.runtime: DRY-RUN: Would buy Yes @ $0.011 for $36.64 (edge=48.9%)
2026-04-08 18:15:08,627 [INFO] event_trader_improved.runtime: DRY-RUN: Would buy Yes @ $0.011 for $36.64 (edge=48.9%)
2026-04-08 18:15:08,627 [INFO] event_trader_improved.runtime: DRY-RUN: Would buy Yes @ $0.011 for $36.64 (edge=48.9%)
2026-04-08 18:15:08,640 [INFO] event_trader_improved.runtime: Cycle complete: scanned=600 signals=239 executed=30
2026-04-08 18:15:13,641 [INFO] event_trader_improved.runtime: === Cycle ev_20260408T181513_d6fda1 (#11) ===
2026-04-08 18:15:14,228 [INFO] event_trader.data_client: fetched 600 markets across 7 pages
2026-04-08 18:15:14,229 [INFO] event_trader_improved.runtime: Fetched 600 markets
2026-04-08 18:15:14,230 [INFO] event_trader_improved.scanner: Scan stats: scanned=600 signals=239 skipped_active=0 skipped_volume=17 skipped_price=277 skipped_edge=0
2026-04-08 18:15:14,230 [INFO] event_trader_improved.runtime: Found 239 signals
2026-04-08 18:15:14,230 [INFO] event_trader_improved.runtime: Signal #1: Yes @ $0.011 (edge=48.9%)
2026-04-08 18:15:14,230 [INFO] event_trader_improved.runtime: Signal #2: Yes @ $0.011 (edge=48.9%)
2026-04-08 18:15:14,230 [INFO] event_trader_improved.runtime: Signal #3: Yes @ $0.011 (edge=48.9%)
2026-04-08 18:15:14,230 [INFO] event_trader_improved.runtime: DRY-RUN: Would buy Yes @ $0.011 for $36.71 (edge=48.9%)
2026-04-08 18:15:14,230 [INFO] event_trader_improved.runtime: DRY-RUN: Would buy Yes @ $0.011 for $36.71 (edge=48.9%)
2026-04-08 18:15:14,230 [INFO] event_trader_improved.runtime: DRY-RUN: Would buy Yes @ $0.011 for $36.71 (edge=48.9%)
2026-04-08 18:15:14,230 [INFO] event_trader_improved.runtime: DRY-RUN: Would buy Yes @ $0.011 for $36.71 (edge=48.9%)
2026-04-08 18:15:14,230 [INFO] event_trader_improved.runtime: DRY-RUN: Would buy Yes @ $0.011 for $36.71 (edge=48.9%)
2026-04-08 18:15:14,230 [INFO] event_trader_improved.runtime: DRY-RUN: Would buy Yes @ $0.011 for $36.71 (edge=48.9%)
2026-04-08 18:15:14,230 [INFO] event_trader_improved.runtime: DRY-RUN: Would buy Yes @ $0.011 for $36.71 (edge=48.9%)
2026-04-08 18:15:14,230 [INFO] event_trader_improved.runtime: DRY-RUN: Would buy Yes @ $0.011 for $36.71 (edge=48.9%)
2026-04-08 18:15:14,230 [INFO] event_trader_improved.runtime: DRY-RUN: Would buy Yes @ $0.011 for $36.71 (edge=48.9%)
2026-04-08 18:15:14,230 [INFO] event_trader_improved.runtime: DRY-RUN: Would buy Yes @ $0.011 for $36.71 (edge=48.9%)
2026-04-08 18:15:14,230 [INFO] event_trader_improved.runtime: DRY-RUN: Would buy Yes @ $0.011 for $36.71 (edge=48.9%)
2026-04-08 18:15:14,230 [INFO] event_trader_improved.runtime: DRY-RUN: Would buy Yes @ $0.011 for $36.71 (edge=48.9%)
2026-04-08 18:15:14,230 [INFO] event_trader_improved.runtime: DRY-RUN: Would buy Yes @ $0.011 for $36.71 (edge=48.9%)
2026-04-08 18:15:14,230 [INFO] event_trader_improved.runtime: DRY-RUN: Would buy Yes @ $0.011 for $36.71 (edge=48.9%)
2026-04-08 18:15:14,231 [INFO] event_trader_improved.runtime: DRY-RUN: Would buy Yes @ $0.011 for $36.67 (edge=48.9%)
2026-04-08 18:15:14,231 [INFO] event_trader_improved.runtime: DRY-RUN: Would buy Yes @ $0.011 for $36.67 (edge=48.9%)
2026-04-08 18:15:14,231 [INFO] event_trader_improved.runtime: DRY-RUN: Would buy Yes @ $0.011 for $36.67 (edge=48.9%)
2026-04-08 18:15:14,231 [INFO] event_trader_improved.runtime: DRY-RUN: Would buy Yes @ $0.011 for $36.67 (edge=48.9%)
2026-04-08 18:15:14,231 [INFO] event_trader_improved.runtime: DRY-RUN: Would buy Yes @ $0.011 for $36.67 (edge=48.9%)
2026-04-08 18:15:14,231 [INFO] event_trader_improved.runtime: DRY-RUN: Would buy Yes @ $0.011 for $36.67 (edge=48.9%)
2026-04-08 18:15:14,231 [INFO] event_trader_improved.runtime: DRY-RUN: Would buy Yes @ $0.011 for $36.67 (edge=48.9%)
2026-04-08 18:15:14,231 [INFO] event_trader_improved.runtime: DRY-RUN: Would buy Yes @ $0.011 for $36.67 (edge=48.9%)
2026-04-08 18:15:14,231 [INFO] event_trader_improved.runtime: DRY-RUN: Would buy Yes @ $0.011 for $36.64 (edge=48.9%)
2026-04-08 18:15:14,231 [INFO] event_trader_improved.runtime: DRY-RUN: Would buy Yes @ $0.011 for $36.64 (edge=48.9%)
2026-04-08 18:15:14,231 [INFO] event_trader_improved.runtime: DRY-RUN: Would buy Yes @ $0.011 for $36.64 (edge=48.9%)
2026-04-08 18:15:14,231 [INFO] event_trader_improved.runtime: DRY-RUN: Would buy Yes @ $0.011 for $36.64 (edge=48.9%)
2026-04-08 18:15:14,231 [INFO] event_trader_improved.runtime: DRY-RUN: Would buy Yes @ $0.011 for $36.64 (edge=48.9%)
2026-04-08 18:15:14,231 [INFO] event_trader_improved.runtime: DRY-RUN: Would buy Yes @ $0.011 for $36.64 (edge=48.9%)
2026-04-08 18:15:14,231 [INFO] event_trader_improved.runtime: DRY-RUN: Would buy Yes @ $0.011 for $36.64 (edge=48.9%)
2026-04-08 18:15:14,231 [INFO] event_trader_improved.runtime: DRY-RUN: Would buy Yes @ $0.011 for $36.64 (edge=48.9%)
2026-04-08 18:15:14,250 [INFO] event_trader_improved.runtime: Cycle complete: scanned=600 signals=239 executed=30
2026-04-08 18:15:19,250 [INFO] event_trader_improved.runtime: === Cycle ev_20260408T181519_d6fda7 (#12) ===
2026-04-08 18:15:19,709 [INFO] event_trader.data_client: fetched 600 markets across 7 pages
2026-04-08 18:15:19,709 [INFO] event_trader_improved.runtime: Fetched 600 markets
2026-04-08 18:15:19,711 [INFO] event_trader_improved.scanner: Scan stats: scanned=600 signals=239 skipped_active=0 skipped_volume=17 skipped_price=277 skipped_edge=0
2026-04-08 18:15:19,711 [INFO] event_trader_improved.runtime: Found 239 signals
2026-04-08 18:15:19,711 [INFO] event_trader_improved.runtime: Signal #1: Yes @ $0.011 (edge=48.9%)
2026-04-08 18:15:19,711 [INFO] event_trader_improved.runtime: Signal #2: Yes @ $0.011 (edge=48.9%)
2026-04-08 18:15:19,711 [INFO] event_trader_improved.runtime: Signal #3: Yes @ $0.011 (edge=48.9%)
2026-04-08 18:15:19,711 [INFO] event_trader_improved.runtime: DRY-RUN: Would buy Yes @ $0.011 for $36.71 (edge=48.9%)
2026-04-08 18:15:19,711 [INFO] event_trader_improved.runtime: DRY-RUN: Would buy Yes @ $0.011 for $36.71 (edge=48.9%)
2026-04-08 18:15:19,711 [INFO] event_trader_improved.runtime: DRY-RUN: Would buy Yes @ $0.011 for $36.71 (edge=48.9%)
2026-04-08 18:15:19,711 [INFO] event_trader_improved.runtime: DRY-RUN: Would buy Yes @ $0.011 for $36.71 (edge=48.9%)
2026-04-08 18:15:19,711 [INFO] event_trader_improved.runtime: DRY-RUN: Would buy Yes @ $0.011 for $36.71 (edge=48.9%)
2026-04-08 18:15:19,711 [INFO] event_trader_improved.runtime: DRY-RUN: Would buy Yes @ $0.011 for $36.71 (edge=48.9%)
2026-04-08 18:15:19,711 [INFO] event_trader_improved.runtime: DRY-RUN: Would buy Yes @ $0.011 for $36.71 (edge=48.9%)
2026-04-08 18:15:19,711 [INFO] event_trader_improved.runtime: DRY-RUN: Would buy Yes @ $0.011 for $36.71 (edge=48.9%)
2026-04-08 18:15:19,712 [INFO] event_trader_improved.runtime: DRY-RUN: Would buy Yes @ $0.011 for $36.71 (edge=48.9%)
2026-04-08 18:15:19,712 [INFO] event_trader_improved.runtime: DRY-RUN: Would buy Yes @ $0.011 for $36.71 (edge=48.9%)
2026-04-08 18:15:19,712 [INFO] event_trader_improved.runtime: DRY-RUN: Would buy Yes @ $0.011 for $36.71 (edge=48.9%)
2026-04-08 18:15:19,712 [INFO] event_trader_improved.runtime: DRY-RUN: Would buy Yes @ $0.011 for $36.71 (edge=48.9%)
2026-04-08 18:15:19,712 [INFO] event_trader_improved.runtime: DRY-RUN: Would buy Yes @ $0.011 for $36.71 (edge=48.9%)
2026-04-08 18:15:19,712 [INFO] event_trader_improved.runtime: DRY-RUN: Would buy Yes @ $0.011 for $36.71 (edge=48.9%)
2026-04-08 18:15:19,712 [INFO] event_trader_improved.runtime: DRY-RUN: Would buy Yes @ $0.011 for $36.67 (edge=48.9%)
2026-04-08 18:15:19,712 [INFO] event_trader_improved.runtime: DRY-RUN: Would buy Yes @ $0.011 for $36.67 (edge=48.9%)
2026-04-08 18:15:19,712 [INFO] event_trader_improved.runtime: DRY-RUN: Would buy Yes @ $0.011 for $36.67 (edge=48.9%)
2026-04-08 18:15:19,712 [INFO] event_trader_improved.runtime: DRY-RUN: Would buy Yes @ $0.011 for $36.67 (edge=48.9%)
2026-04-08 18:15:19,712 [INFO] event_trader_improved.runtime: DRY-RUN: Would buy Yes @ $0.011 for $36.67 (edge=48.9%)
2026-04-08 18:15:19,712 [INFO] event_trader_improved.runtime: DRY-RUN: Would buy Yes @ $0.011 for $36.67 (edge=48.9%)
2026-04-08 18:15:19,712 [INFO] event_trader_improved.runtime: DRY-RUN: Would buy Yes @ $0.011 for $36.67 (edge=48.9%)
2026-04-08 18:15:19,712 [INFO] event_trader_improved.runtime: DRY-RUN: Would buy Yes @ $0.011 for $36.67 (edge=48.9%)
2026-04-08 18:15:19,713 [INFO] event_trader_improved.runtime: DRY-RUN: Would buy Yes @ $0.011 for $36.64 (edge=48.9%)
2026-04-08 18:15:19,713 [INFO] event_trader_improved.runtime: DRY-RUN: Would buy Yes @ $0.011 for $36.64 (edge=48.9%)
2026-04-08 18:15:19,713 [INFO] event_trader_improved.runtime: DRY-RUN: Would buy Yes @ $0.011 for $36.64 (edge=48.9%)
2026-04-08 18:15:19,713 [INFO] event_trader_improved.runtime: DRY-RUN: Would buy Yes @ $0.011 for $36.64 (edge=48.9%)
2026-04-08 18:15:19,713 [INFO] event_trader_improved.runtime: DRY-RUN: Would buy Yes @ $0.011 for $36.64 (edge=48.9%)
2026-04-08 18:15:19,713 [INFO] event_trader_improved.runtime: DRY-RUN: Would buy Yes @ $0.011 for $36.64 (edge=48.9%)
2026-04-08 18:15:19,713 [INFO] event_trader_improved.runtime: DRY-RUN: Would buy Yes @ $0.011 for $36.64 (edge=48.9%)
2026-04-08 18:15:19,713 [INFO] event_trader_improved.runtime: DRY-RUN: Would buy Yes @ $0.011 for $36.64 (edge=48.9%)
2026-04-08 18:15:19,724 [INFO] event_trader_improved.runtime: Cycle complete: scanned=600 signals=239 executed=30
2026-04-08 18:15:24,725 [INFO] event_trader_improved.runtime: === Cycle ev_20260408T181524_d6fdac (#13) ===
2026-04-08 18:15:25,174 [INFO] event_trader.data_client: fetched 600 markets across 7 pages
2026-04-08 18:15:25,174 [INFO] event_trader_improved.runtime: Fetched 600 markets
2026-04-08 18:15:25,175 [INFO] event_trader_improved.scanner: Scan stats: scanned=600 signals=239 skipped_active=0 skipped_volume=17 skipped_price=277 skipped_edge=0
2026-04-08 18:15:25,175 [INFO] event_trader_improved.runtime: Found 239 signals
2026-04-08 18:15:25,175 [INFO] event_trader_improved.runtime: Signal #1: Yes @ $0.011 (edge=48.9%)
2026-04-08 18:15:25,175 [INFO] event_trader_improved.runtime: Signal #2: Yes @ $0.011 (edge=48.9%)
2026-04-08 18:15:25,175 [INFO] event_trader_improved.runtime: Signal #3: Yes @ $0.011 (edge=48.9%)
2026-04-08 18:15:25,175 [INFO] event_trader_improved.runtime: DRY-RUN: Would buy Yes @ $0.011 for $36.71 (edge=48.9%)
2026-04-08 18:15:25,175 [INFO] event_trader_improved.runtime: DRY-RUN: Would buy Yes @ $0.011 for $36.71 (edge=48.9%)
2026-04-08 18:15:25,175 [INFO] event_trader_improved.runtime: DRY-RUN: Would buy Yes @ $0.011 for $36.71 (edge=48.9%)
2026-04-08 18:15:25,175 [INFO] event_trader_improved.runtime: DRY-RUN: Would buy Yes @ $0.011 for $36.71 (edge=48.9%)
2026-04-08 18:15:25,176 [INFO] event_trader_improved.runtime: DRY-RUN: Would buy Yes @ $0.011 for $36.71 (edge=48.9%)
2026-04-08 18:15:25,176 [INFO] event_trader_improved.runtime: DRY-RUN: Would buy Yes @ $0.011 for $36.71 (edge=48.9%)
2026-04-08 18:15:25,176 [INFO] event_trader_improved.runtime: DRY-RUN: Would buy Yes @ $0.011 for $36.71 (edge=48.9%)
2026-04-08 18:15:25,176 [INFO] event_trader_improved.runtime: DRY-RUN: Would buy Yes @ $0.011 for $36.71 (edge=48.9%)
2026-04-08 18:15:25,176 [INFO] event_trader_improved.runtime: DRY-RUN: Would buy Yes @ $0.011 for $36.71 (edge=48.9%)
2026-04-08 18:15:25,176 [INFO] event_trader_improved.runtime: DRY-RUN: Would buy Yes @ $0.011 for $36.71 (edge=48.9%)
2026-04-08 18:15:25,176 [INFO] event_trader_improved.runtime: DRY-RUN: Would buy Yes @ $0.011 for $36.71 (edge=48.9%)
2026-04-08 18:15:25,176 [INFO] event_trader_improved.runtime: DRY-RUN: Would buy Yes @ $0.011 for $36.71 (edge=48.9%)
2026-04-08 18:15:25,176 [INFO] event_trader_improved.runtime: DRY-RUN: Would buy Yes @ $0.011 for $36.71 (edge=48.9%)
2026-04-08 18:15:25,176 [INFO] event_trader_improved.runtime: DRY-RUN: Would buy Yes @ $0.011 for $36.71 (edge=48.9%)
2026-04-08 18:15:25,176 [INFO] event_trader_improved.runtime: DRY-RUN: Would buy Yes @ $0.011 for $36.67 (edge=48.9%)
2026-04-08 18:15:25,176 [INFO] event_trader_improved.runtime: DRY-RUN: Would buy Yes @ $0.011 for $36.67 (edge=48.9%)
2026-04-08 18:15:25,176 [INFO] event_trader_improved.runtime: DRY-RUN: Would buy Yes @ $0.011 for $36.67 (edge=48.9%)
2026-04-08 18:15:25,176 [INFO] event_trader_improved.runtime: DRY-RUN: Would buy Yes @ $0.011 for $36.67 (edge=48.9%)
2026-04-08 18:15:25,176 [INFO] event_trader_improved.runtime: DRY-RUN: Would buy Yes @ $0.011 for $36.67 (edge=48.9%)
2026-04-08 18:15:25,176 [INFO] event_trader_improved.runtime: DRY-RUN: Would buy Yes @ $0.011 for $36.67 (edge=48.9%)
2026-04-08 18:15:25,176 [INFO] event_trader_improved.runtime: DRY-RUN: Would buy Yes @ $0.011 for $36.67 (edge=48.9%)
2026-04-08 18:15:25,176 [INFO] event_trader_improved.runtime: DRY-RUN: Would buy Yes @ $0.011 for $36.67 (edge=48.9%)
2026-04-08 18:15:25,176 [INFO] event_trader_improved.runtime: DRY-RUN: Would buy Yes @ $0.011 for $36.64 (edge=48.9%)
2026-04-08 18:15:25,176 [INFO] event_trader_improved.runtime: DRY-RUN: Would buy Yes @ $0.011 for $36.64 (edge=48.9%)
2026-04-08 18:15:25,176 [INFO] event_trader_improved.runtime: DRY-RUN: Would buy Yes @ $0.011 for $36.64 (edge=48.9%)
2026-04-08 18:15:25,176 [INFO] event_trader_improved.runtime: DRY-RUN: Would buy Yes @ $0.011 for $36.64 (edge=48.9%)
2026-04-08 18:15:25,176 [INFO] event_trader_improved.runtime: DRY-RUN: Would buy Yes @ $0.011 for $36.64 (edge=48.9%)
2026-04-08 18:15:25,176 [INFO] event_trader_improved.runtime: DRY-RUN: Would buy Yes @ $0.011 for $36.64 (edge=48.9%)
2026-04-08 18:15:25,176 [INFO] event_trader_improved.runtime: DRY-RUN: Would buy Yes @ $0.011 for $36.64 (edge=48.9%)
2026-04-08 18:15:25,176 [INFO] event_trader_improved.runtime: DRY-RUN: Would buy Yes @ $0.011 for $36.64 (edge=48.9%)
2026-04-08 18:15:25,198 [INFO] event_trader_improved.runtime: Cycle complete: scanned=600 signals=239 executed=30
2026-04-08 18:15:30,198 [INFO] event_trader_improved.runtime: === Cycle ev_20260408T181530_d6fdb2 (#14) ===
2026-04-08 18:15:30,671 [INFO] event_trader.data_client: fetched 600 markets across 7 pages
2026-04-08 18:15:30,672 [INFO] event_trader_improved.runtime: Fetched 600 markets
2026-04-08 18:15:30,673 [INFO] event_trader_improved.scanner: Scan stats: scanned=600 signals=239 skipped_active=0 skipped_volume=17 skipped_price=277 skipped_edge=0
2026-04-08 18:15:30,673 [INFO] event_trader_improved.runtime: Found 239 signals
2026-04-08 18:15:30,673 [INFO] event_trader_improved.runtime: Signal #1: Yes @ $0.011 (edge=48.9%)
2026-04-08 18:15:30,673 [INFO] event_trader_improved.runtime: Signal #2: Yes @ $0.011 (edge=48.9%)
2026-04-08 18:15:30,673 [INFO] event_trader_improved.runtime: Signal #3: Yes @ $0.011 (edge=48.9%)
2026-04-08 18:15:30,673 [INFO] event_trader_improved.runtime: DRY-RUN: Would buy Yes @ $0.011 for $36.71 (edge=48.9%)
2026-04-08 18:15:30,673 [INFO] event_trader_improved.runtime: DRY-RUN: Would buy Yes @ $0.011 for $36.71 (edge=48.9%)
2026-04-08 18:15:30,673 [INFO] event_trader_improved.runtime: DRY-RUN: Would buy Yes @ $0.011 for $36.71 (edge=48.9%)
2026-04-08 18:15:30,673 [INFO] event_trader_improved.runtime: DRY-RUN: Would buy Yes @ $0.011 for $36.71 (edge=48.9%)
2026-04-08 18:15:30,673 [INFO] event_trader_improved.runtime: DRY-RUN: Would buy Yes @ $0.011 for $36.71 (edge=48.9%)
2026-04-08 18:15:30,673 [INFO] event_trader_improved.runtime: DRY-RUN: Would buy Yes @ $0.011 for $36.71 (edge=48.9%)
2026-04-08 18:15:30,673 [INFO] event_trader_improved.runtime: DRY-RUN: Would buy Yes @ $0.011 for $36.71 (edge=48.9%)
2026-04-08 18:15:30,673 [INFO] event_trader_improved.runtime: DRY-RUN: Would buy Yes @ $0.011 for $36.71 (edge=48.9%)
2026-04-08 18:15:30,673 [INFO] event_trader_improved.runtime: DRY-RUN: Would buy Yes @ $0.011 for $36.71 (edge=48.9%)
2026-04-08 18:15:30,673 [INFO] event_trader_improved.runtime: DRY-RUN: Would buy Yes @ $0.011 for $36.71 (edge=48.9%)
2026-04-08 18:15:30,673 [INFO] event_trader_improved.runtime: DRY-RUN: Would buy Yes @ $0.011 for $36.71 (edge=48.9%)
2026-04-08 18:15:30,674 [INFO] event_trader_improved.runtime: DRY-RUN: Would buy Yes @ $0.011 for $36.71 (edge=48.9%)
2026-04-08 18:15:30,674 [INFO] event_trader_improved.runtime: DRY-RUN: Would buy Yes @ $0.011 for $36.71 (edge=48.9%)
2026-04-08 18:15:30,674 [INFO] event_trader_improved.runtime: DRY-RUN: Would buy Yes @ $0.011 for $36.71 (edge=48.9%)
2026-04-08 18:15:30,674 [INFO] event_trader_improved.runtime: DRY-RUN: Would buy Yes @ $0.011 for $36.67 (edge=48.9%)
2026-04-08 18:15:30,674 [INFO] event_trader_improved.runtime: DRY-RUN: Would buy Yes @ $0.011 for $36.67 (edge=48.9%)
2026-04-08 18:15:30,674 [INFO] event_trader_improved.runtime: DRY-RUN: Would buy Yes @ $0.011 for $36.67 (edge=48.9%)
2026-04-08 18:15:30,674 [INFO] event_trader_improved.runtime: DRY-RUN: Would buy Yes @ $0.011 for $36.67 (edge=48.9%)
2026-04-08 18:15:30,674 [INFO] event_trader_improved.runtime: DRY-RUN: Would buy Yes @ $0.011 for $36.67 (edge=48.9%)
2026-04-08 18:15:30,674 [INFO] event_trader_improved.runtime: DRY-RUN: Would buy Yes @ $0.011 for $36.67 (edge=48.9%)
2026-04-08 18:15:30,674 [INFO] event_trader_improved.runtime: DRY-RUN: Would buy Yes @ $0.011 for $36.67 (edge=48.9%)
2026-04-08 18:15:30,674 [INFO] event_trader_improved.runtime: DRY-RUN: Would buy Yes @ $0.011 for $36.67 (edge=48.9%)
2026-04-08 18:15:30,674 [INFO] event_trader_improved.runtime: DRY-RUN: Would buy Yes @ $0.011 for $36.64 (edge=48.9%)
2026-04-08 18:15:30,674 [INFO] event_trader_improved.runtime: DRY-RUN: Would buy Yes @ $0.011 for $36.64 (edge=48.9%)
2026-04-08 18:15:30,674 [INFO] event_trader_improved.runtime: DRY-RUN: Would buy Yes @ $0.011 for $36.64 (edge=48.9%)
2026-04-08 18:15:30,674 [INFO] event_trader_improved.runtime: DRY-RUN: Would buy Yes @ $0.011 for $36.64 (edge=48.9%)
2026-04-08 18:15:30,674 [INFO] event_trader_improved.runtime: DRY-RUN: Would buy Yes @ $0.011 for $36.64 (edge=48.9%)
2026-04-08 18:15:30,674 [INFO] event_trader_improved.runtime: DRY-RUN: Would buy Yes @ $0.011 for $36.64 (edge=48.9%)
2026-04-08 18:15:30,674 [INFO] event_trader_improved.runtime: DRY-RUN: Would buy Yes @ $0.011 for $36.64 (edge=48.9%)
2026-04-08 18:15:30,674 [INFO] event_trader_improved.runtime: DRY-RUN: Would buy Yes @ $0.011 for $36.64 (edge=48.9%)
2026-04-08 18:15:30,718 [INFO] event_trader_improved.runtime: Cycle complete: scanned=600 signals=239 executed=30
2026-04-08 18:15:35,719 [INFO] event_trader_improved.runtime: === Cycle ev_20260408T181535_d6fdb7 (#15) ===
2026-04-08 18:15:36,343 [INFO] event_trader.data_client: fetched 600 markets across 7 pages
2026-04-08 18:15:36,344 [INFO] event_trader_improved.runtime: Fetched 600 markets
2026-04-08 18:15:36,345 [INFO] event_trader_improved.scanner: Scan stats: scanned=600 signals=239 skipped_active=0 skipped_volume=17 skipped_price=277 skipped_edge=0
2026-04-08 18:15:36,345 [INFO] event_trader_improved.runtime: Found 239 signals
2026-04-08 18:15:36,345 [INFO] event_trader_improved.runtime: Signal #1: Yes @ $0.011 (edge=48.9%)
2026-04-08 18:15:36,345 [INFO] event_trader_improved.runtime: Signal #2: Yes @ $0.011 (edge=48.9%)
2026-04-08 18:15:36,345 [INFO] event_trader_improved.runtime: Signal #3: Yes @ $0.011 (edge=48.9%)
2026-04-08 18:15:36,345 [INFO] event_trader_improved.runtime: DRY-RUN: Would buy Yes @ $0.011 for $36.71 (edge=48.9%)
2026-04-08 18:15:36,345 [INFO] event_trader_improved.runtime: DRY-RUN: Would buy Yes @ $0.011 for $36.71 (edge=48.9%)
2026-04-08 18:15:36,345 [INFO] event_trader_improved.runtime: DRY-RUN: Would buy Yes @ $0.011 for $36.71 (edge=48.9%)
2026-04-08 18:15:36,345 [INFO] event_trader_improved.runtime: DRY-RUN: Would buy Yes @ $0.011 for $36.71 (edge=48.9%)
2026-04-08 18:15:36,345 [INFO] event_trader_improved.runtime: DRY-RUN: Would buy Yes @ $0.011 for $36.71 (edge=48.9%)
2026-04-08 18:15:36,345 [INFO] event_trader_improved.runtime: DRY-RUN: Would buy Yes @ $0.011 for $36.71 (edge=48.9%)
2026-04-08 18:15:36,345 [INFO] event_trader_improved.runtime: DRY-RUN: Would buy Yes @ $0.011 for $36.71 (edge=48.9%)
2026-04-08 18:15:36,345 [INFO] event_trader_improved.runtime: DRY-RUN: Would buy Yes @ $0.011 for $36.71 (edge=48.9%)
2026-04-08 18:15:36,345 [INFO] event_trader_improved.runtime: DRY-RUN: Would buy Yes @ $0.011 for $36.71 (edge=48.9%)
2026-04-08 18:15:36,345 [INFO] event_trader_improved.runtime: DRY-RUN: Would buy Yes @ $0.011 for $36.71 (edge=48.9%)
2026-04-08 18:15:36,345 [INFO] event_trader_improved.runtime: DRY-RUN: Would buy Yes @ $0.011 for $36.71 (edge=48.9%)
2026-04-08 18:15:36,345 [INFO] event_trader_improved.runtime: DRY-RUN: Would buy Yes @ $0.011 for $36.71 (edge=48.9%)
2026-04-08 18:15:36,345 [INFO] event_trader_improved.runtime: DRY-RUN: Would buy Yes @ $0.011 for $36.71 (edge=48.9%)
2026-04-08 18:15:36,345 [INFO] event_trader_improved.runtime: DRY-RUN: Would buy Yes @ $0.011 for $36.71 (edge=48.9%)
2026-04-08 18:15:36,345 [INFO] event_trader_improved.runtime: DRY-RUN: Would buy Yes @ $0.011 for $36.67 (edge=48.9%)
2026-04-08 18:15:36,345 [INFO] event_trader_improved.runtime: DRY-RUN: Would buy Yes @ $0.011 for $36.67 (edge=48.9%)
2026-04-08 18:15:36,346 [INFO] event_trader_improved.runtime: DRY-RUN: Would buy Yes @ $0.011 for $36.67 (edge=48.9%)
2026-04-08 18:15:36,346 [INFO] event_trader_improved.runtime: DRY-RUN: Would buy Yes @ $0.011 for $36.67 (edge=48.9%)
2026-04-08 18:15:36,346 [INFO] event_trader_improved.runtime: DRY-RUN: Would buy Yes @ $0.011 for $36.67 (edge=48.9%)
2026-04-08 18:15:36,346 [INFO] event_trader_improved.runtime: DRY-RUN: Would buy Yes @ $0.011 for $36.67 (edge=48.9%)
2026-04-08 18:15:36,346 [INFO] event_trader_improved.runtime: DRY-RUN: Would buy Yes @ $0.011 for $36.67 (edge=48.9%)
2026-04-08 18:15:36,346 [INFO] event_trader_improved.runtime: DRY-RUN: Would buy Yes @ $0.011 for $36.67 (edge=48.9%)
2026-04-08 18:15:36,346 [INFO] event_trader_improved.runtime: DRY-RUN: Would buy Yes @ $0.011 for $36.64 (edge=48.9%)
2026-04-08 18:15:36,346 [INFO] event_trader_improved.runtime: DRY-RUN: Would buy Yes @ $0.011 for $36.64 (edge=48.9%)
2026-04-08 18:15:36,346 [INFO] event_trader_improved.runtime: DRY-RUN: Would buy Yes @ $0.011 for $36.64 (edge=48.9%)
2026-04-08 18:15:36,346 [INFO] event_trader_improved.runtime: DRY-RUN: Would buy Yes @ $0.011 for $36.64 (edge=48.9%)
2026-04-08 18:15:36,346 [INFO] event_trader_improved.runtime: DRY-RUN: Would buy Yes @ $0.011 for $36.64 (edge=48.9%)
2026-04-08 18:15:36,346 [INFO] event_trader_improved.runtime: DRY-RUN: Would buy Yes @ $0.011 for $36.64 (edge=48.9%)
2026-04-08 18:15:36,346 [INFO] event_trader_improved.runtime: DRY-RUN: Would buy Yes @ $0.011 for $36.64 (edge=48.9%)
2026-04-08 18:15:36,346 [INFO] event_trader_improved.runtime: DRY-RUN: Would buy Yes @ $0.011 for $36.64 (edge=48.9%)
