2026-04-08 16:38:41,513 INFO event_trader_improved.runtime event trader (IMPROVED) started  mode=dry_run  kelly=True  min_edge=5.0%
2026-04-08 16:38:42,118 INFO event_trader.data_client fetched 100 markets across 2 pages
2026-04-08 16:38:42,118 INFO event_trader_improved.runtime cycle ev_20260408T233841_989e42 (#1): fetched 100 markets in 0.6s
2026-04-08 16:38:42,119 INFO event_trader_improved.scanner filtered to 100 candidate markets from 100
2026-04-08 16:38:53,591 INFO event_trader_improved.scanner fetched 200 order books
2026-04-08 16:38:53,632 INFO event_trader_improved.scanner generated 0 signals with min_edge=0.05
2026-04-08 16:38:53,634 INFO event_trader_improved.runtime scan: 0 signals found in 11.5s
2026-04-08 16:38:53,634 INFO event_trader_improved.runtime executed 0 entries in 0.0s
2026-04-08 16:38:53,635 INFO event_trader_improved.runtime monitored 0 positions, 0 exits in 0.0s
2026-04-08 16:39:03,785 INFO event_trader.data_client fetched 100 markets across 2 pages
2026-04-08 16:39:03,786 INFO event_trader_improved.runtime cycle ev_20260408T233903_a85bcc (#2): fetched 100 markets in 0.1s
2026-04-08 16:39:03,786 INFO event_trader_improved.scanner filtered to 100 candidate markets from 100
2026-04-08 16:39:14,649 INFO event_trader_improved.scanner fetched 200 order books
2026-04-08 16:39:14,687 INFO event_trader_improved.scanner generated 0 signals with min_edge=0.05
2026-04-08 16:39:14,689 INFO event_trader_improved.runtime scan: 0 signals found in 10.9s
2026-04-08 16:39:14,689 INFO event_trader_improved.runtime executed 0 entries in 0.0s
2026-04-08 16:39:14,689 INFO event_trader_improved.runtime monitored 0 positions, 0 exits in 0.0s
2026-04-08 16:39:25,016 INFO event_trader.data_client fetched 100 markets across 2 pages
2026-04-08 16:39:25,017 INFO event_trader_improved.runtime cycle ev_20260408T233924_5efe1f (#3): fetched 100 markets in 0.2s
2026-04-08 16:39:25,017 INFO event_trader_improved.scanner filtered to 100 candidate markets from 100
2026-04-08 16:39:35,963 INFO event_trader_improved.scanner fetched 200 order books
2026-04-08 16:39:36,004 INFO event_trader_improved.scanner generated 0 signals with min_edge=0.05
2026-04-08 16:39:36,006 INFO event_trader_improved.runtime scan: 0 signals found in 11.0s
2026-04-08 16:39:36,006 INFO event_trader_improved.runtime executed 0 entries in 0.0s
2026-04-08 16:39:36,007 INFO event_trader_improved.runtime monitored 0 positions, 0 exits in 0.0s
2026-04-08 16:39:46,292 INFO event_trader.data_client fetched 100 markets across 2 pages
2026-04-08 16:39:46,293 INFO event_trader_improved.runtime cycle ev_20260408T233946_1b1c26 (#4): fetched 100 markets in 0.1s
2026-04-08 16:39:46,293 INFO event_trader_improved.scanner filtered to 100 candidate markets from 100
2026-04-08 16:39:57,704 INFO event_trader_improved.scanner fetched 200 order books
2026-04-08 16:39:57,734 INFO event_trader_improved.scanner generated 0 signals with min_edge=0.05
2026-04-08 16:39:57,735 INFO event_trader_improved.runtime scan: 0 signals found in 11.4s
2026-04-08 16:39:57,735 INFO event_trader_improved.runtime executed 0 entries in 0.0s
2026-04-08 16:39:57,736 INFO event_trader_improved.runtime monitored 0 positions, 0 exits in 0.0s
2026-04-08 16:40:07,815 INFO event_trader.data_client fetched 100 markets across 2 pages
2026-04-08 16:40:07,816 INFO event_trader_improved.runtime cycle ev_20260408T234007_315fa1 (#5): fetched 100 markets in 0.1s
2026-04-08 16:40:07,816 INFO event_trader_improved.scanner filtered to 100 candidate markets from 100
2026-04-08 16:40:18,517 INFO event_trader_improved.scanner fetched 200 order books
2026-04-08 16:40:18,547 INFO event_trader_improved.scanner generated 0 signals with min_edge=0.05
2026-04-08 16:40:18,548 INFO event_trader_improved.runtime scan: 0 signals found in 10.7s
2026-04-08 16:40:18,548 INFO event_trader_improved.runtime executed 0 entries in 0.0s
2026-04-08 16:40:18,548 INFO event_trader_improved.runtime monitored 0 positions, 0 exits in 0.0s
2026-04-08 16:40:28,634 INFO event_trader.data_client fetched 100 markets across 2 pages
2026-04-08 16:40:28,635 INFO event_trader_improved.runtime cycle ev_20260408T234028_e59025 (#6): fetched 100 markets in 0.1s
2026-04-08 16:40:28,635 INFO event_trader_improved.scanner filtered to 100 candidate markets from 100
2026-04-08 16:40:39,680 INFO event_trader_improved.scanner fetched 200 order books
2026-04-08 16:40:39,708 INFO event_trader_improved.scanner generated 0 signals with min_edge=0.05
2026-04-08 16:40:39,710 INFO event_trader_improved.runtime scan: 0 signals found in 11.1s
2026-04-08 16:40:39,710 INFO event_trader_improved.runtime executed 0 entries in 0.0s
2026-04-08 16:40:39,710 INFO event_trader_improved.runtime monitored 0 positions, 0 exits in 0.0s
2026-04-08 16:40:49,899 INFO event_trader.data_client fetched 100 markets across 2 pages
2026-04-08 16:40:49,899 INFO event_trader_improved.runtime cycle ev_20260408T234049_9636d2 (#7): fetched 100 markets in 0.2s
2026-04-08 16:40:49,899 INFO event_trader_improved.scanner filtered to 100 candidate markets from 100
2026-04-08 16:41:01,553 INFO event_trader_improved.scanner fetched 200 order books
2026-04-08 16:41:01,581 INFO event_trader_improved.scanner generated 0 signals with min_edge=0.05
2026-04-08 16:41:01,582 INFO event_trader_improved.runtime scan: 0 signals found in 11.7s
2026-04-08 16:41:01,582 INFO event_trader_improved.runtime executed 0 entries in 0.0s
2026-04-08 16:41:01,582 INFO event_trader_improved.runtime monitored 0 positions, 0 exits in 0.0s
2026-04-08 16:41:11,652 INFO event_trader.data_client fetched 100 markets across 2 pages
2026-04-08 16:41:11,653 INFO event_trader_improved.runtime cycle ev_20260408T234111_e67e37 (#8): fetched 100 markets in 0.1s
2026-04-08 16:41:11,653 INFO event_trader_improved.scanner filtered to 100 candidate markets from 100
2026-04-08 16:41:22,409 INFO event_trader_improved.scanner fetched 200 order books
2026-04-08 16:41:22,442 INFO event_trader_improved.scanner generated 0 signals with min_edge=0.05
2026-04-08 16:41:22,443 INFO event_trader_improved.runtime scan: 0 signals found in 10.8s
2026-04-08 16:41:22,443 INFO event_trader_improved.runtime executed 0 entries in 0.0s
2026-04-08 16:41:22,444 INFO event_trader_improved.runtime monitored 0 positions, 0 exits in 0.0s
2026-04-08 16:41:32,578 INFO event_trader.data_client fetched 100 markets across 2 pages
2026-04-08 16:41:32,579 INFO event_trader_improved.runtime cycle ev_20260408T234132_436510 (#9): fetched 100 markets in 0.1s
2026-04-08 16:41:32,579 INFO event_trader_improved.scanner filtered to 100 candidate markets from 100
2026-04-08 16:41:43,153 INFO event_trader_improved.scanner fetched 200 order books
2026-04-08 16:41:43,187 INFO event_trader_improved.scanner generated 0 signals with min_edge=0.05
2026-04-08 16:41:43,188 INFO event_trader_improved.runtime scan: 0 signals found in 10.6s
2026-04-08 16:41:43,188 INFO event_trader_improved.runtime executed 0 entries in 0.0s
2026-04-08 16:41:43,188 INFO event_trader_improved.runtime monitored 0 positions, 0 exits in 0.0s
2026-04-08 16:41:53,362 INFO event_trader.data_client fetched 100 markets across 2 pages
2026-04-08 16:41:53,363 INFO event_trader_improved.runtime cycle ev_20260408T234153_1eac74 (#10): fetched 100 markets in 0.2s
2026-04-08 16:41:53,363 INFO event_trader_improved.scanner filtered to 100 candidate markets from 100
2026-04-08 16:42:04,049 INFO event_trader_improved.scanner fetched 200 order books
2026-04-08 16:42:04,080 INFO event_trader_improved.scanner generated 0 signals with min_edge=0.05
2026-04-08 16:42:04,081 INFO event_trader_improved.runtime scan: 0 signals found in 10.7s
2026-04-08 16:42:04,081 INFO event_trader_improved.runtime executed 0 entries in 0.0s
2026-04-08 16:42:04,082 INFO event_trader_improved.runtime monitored 0 positions, 0 exits in 0.0s
