2026-04-08 21:33:30,227 [INFO] event_trader_improved.runtime: Event Trader (IMPROVED) started | mode=dry_run kelly=True min_edge=1.0%
2026-04-08 21:33:30,227 [INFO] event_trader_improved.runtime: === Cycle ev_20260408T213330_d72c1a (#1) ===
2026-04-08 21:33:31,251 [INFO] event_trader.data_client: fetched 600 markets across 7 pages
2026-04-08 21:33:31,252 [INFO] event_trader_improved.runtime: Fetched 600 markets
2026-04-08 21:33:31,254 [INFO] event_trader_improved.scanner: Scan stats: scanned=600 eligible=583 signals=488 skipped_active=0 skipped_volume=17
2026-04-08 21:33:31,254 [INFO] event_trader_improved.runtime: Found 488 signals
2026-04-08 21:33:31,254 [INFO] event_trader_improved.runtime: Signal #1: [NO_BASKET] No @ $0.465 (edge=331.8%)
2026-04-08 21:33:31,254 [INFO] event_trader_improved.runtime: Signal #2: [NO_BASKET] No @ $0.455 (edge=331.8%)
2026-04-08 21:33:31,254 [INFO] event_trader_improved.runtime: Signal #3: [NO_BASKET] No @ $0.445 (edge=331.8%)
2026-04-08 21:33:31,255 [INFO] event_trader_improved.runtime: DRY-RUN: [NO_BASKET] Would buy No @ $0.465 for $100.00 (edge=331.8%)
2026-04-08 21:33:31,383 [INFO] event_trader_improved.runtime: DRY-RUN: [NO_BASKET] Would buy No @ $0.455 for $100.00 (edge=331.8%)
2026-04-08 21:33:31,438 [INFO] event_trader_improved.runtime: DRY-RUN: [NO_BASKET] Would buy No @ $0.445 for $100.00 (edge=331.8%)
2026-04-08 21:33:31,463 [INFO] event_trader_improved.runtime: DRY-RUN: [NO_BASKET] Would buy No @ $0.515 for $100.00 (edge=331.8%)
2026-04-08 21:33:31,497 [INFO] event_trader_improved.runtime: DRY-RUN: [NO_BASKET] Would buy No @ $0.475 for $100.00 (edge=331.8%)
2026-04-08 21:33:31,518 [INFO] event_trader_improved.runtime: DRY-RUN: [NO_BASKET] Would buy No @ $0.485 for $100.00 (edge=331.8%)
2026-04-08 21:33:31,539 [INFO] event_trader_improved.runtime: DRY-RUN: [NO_BASKET] Would buy No @ $0.512 for $100.00 (edge=331.8%)
2026-04-08 21:33:31,575 [INFO] event_trader_improved.runtime: DRY-RUN: [NO_BASKET] Would buy No @ $0.330 for $100.00 (edge=331.8%)
2026-04-08 21:33:31,643 [INFO] event_trader_improved.runtime: DRY-RUN: [NO_BASKET] Would buy No @ $0.993 for $100.00 (edge=206.0%)
2026-04-08 21:33:31,664 [INFO] event_trader_improved.runtime: DRY-RUN: [NO_BASKET] Would buy No @ $0.676 for $100.00 (edge=206.0%)
2026-04-08 21:33:31,757 [INFO] event_trader_improved.runtime: DRY-RUN: [NO_BASKET] Would buy No @ $0.850 for $100.00 (edge=206.0%)
2026-04-08 21:33:32,022 [INFO] event_trader_improved.runtime: DRY-RUN: [NO_BASKET] Would buy No @ $0.996 for $100.00 (edge=206.0%)
2026-04-08 21:33:32,083 [INFO] event_trader_improved.runtime: DRY-RUN: [NO_BASKET] Would buy No @ $0.996 for $100.00 (edge=206.0%)
2026-04-08 21:33:32,103 [INFO] event_trader_improved.runtime: DRY-RUN: [NO_BASKET] Would buy No @ $0.535 for $100.00 (edge=206.0%)
2026-04-08 21:33:32,144 [INFO] event_trader_improved.runtime: DRY-RUN: [NO_BASKET] Would buy No @ $0.870 for $100.00 (edge=206.0%)
2026-04-08 21:33:32,161 [INFO] event_trader_improved.runtime: DRY-RUN: [NO_BASKET] Would buy No @ $0.989 for $100.00 (edge=206.0%)
2026-04-08 21:33:32,177 [INFO] event_trader_improved.runtime: DRY-RUN: [NO_BASKET] Would buy No @ $0.017 for $100.00 (edge=206.0%)
2026-04-08 21:33:32,204 [INFO] event_trader_improved.runtime: DRY-RUN: [NO_BASKET] Would buy No @ $0.018 for $100.00 (edge=206.0%)
2026-04-08 21:33:32,248 [INFO] event_trader_improved.runtime: DRY-RUN: [SINGLE] Would buy Yes @ $0.011 for $36.71 (edge=48.9%)
2026-04-08 21:33:32,283 [INFO] event_trader_improved.runtime: DRY-RUN: [SINGLE] Would buy Yes @ $0.011 for $36.71 (edge=48.9%)
2026-04-08 21:33:32,306 [INFO] event_trader_improved.runtime: DRY-RUN: [SINGLE] Would buy Yes @ $0.011 for $36.71 (edge=48.9%)
2026-04-08 21:33:32,350 [INFO] event_trader_improved.runtime: DRY-RUN: [SINGLE] Would buy Yes @ $0.011 for $36.71 (edge=48.9%)
2026-04-08 21:33:32,416 [INFO] event_trader_improved.runtime: DRY-RUN: [SINGLE] Would buy Yes @ $0.011 for $36.71 (edge=48.9%)
2026-04-08 21:33:32,492 [INFO] event_trader_improved.runtime: DRY-RUN: [SINGLE] Would buy Yes @ $0.011 for $36.71 (edge=48.9%)
2026-04-08 21:33:32,612 [INFO] event_trader_improved.runtime: DRY-RUN: [SINGLE] Would buy Yes @ $0.011 for $36.71 (edge=48.9%)
2026-04-08 21:33:32,698 [INFO] event_trader_improved.runtime: DRY-RUN: [SINGLE] Would buy Yes @ $0.011 for $36.71 (edge=48.9%)
2026-04-08 21:33:32,766 [INFO] event_trader_improved.runtime: DRY-RUN: [SINGLE] Would buy Yes @ $0.011 for $36.71 (edge=48.9%)
2026-04-08 21:33:32,812 [INFO] event_trader_improved.runtime: DRY-RUN: [SINGLE] Would buy Yes @ $0.011 for $36.71 (edge=48.9%)
2026-04-08 21:33:32,836 [INFO] event_trader_improved.runtime: DRY-RUN: [SINGLE] Would buy Yes @ $0.011 for $36.71 (edge=48.9%)
2026-04-08 21:33:32,889 [INFO] event_trader_improved.runtime: DRY-RUN: [SINGLE] Would buy Yes @ $0.011 for $36.71 (edge=48.9%)
2026-04-08 21:33:32,971 [INFO] event_trader_improved.runtime: Cycle complete: scanned=600 signals=488 executed=30
2026-04-08 21:33:37,971 [INFO] event_trader_improved.runtime: === Cycle ev_20260408T213337_d72c21 (#2) ===
2026-04-08 21:33:38,641 [INFO] event_trader.data_client: fetched 600 markets across 7 pages
2026-04-08 21:33:38,642 [INFO] event_trader_improved.runtime: Fetched 600 markets
2026-04-08 21:33:38,645 [INFO] event_trader_improved.scanner: Scan stats: scanned=600 eligible=583 signals=488 skipped_active=0 skipped_volume=17
2026-04-08 21:33:38,645 [INFO] event_trader_improved.runtime: Found 488 signals
2026-04-08 21:33:38,645 [INFO] event_trader_improved.runtime: Signal #1: [NO_BASKET] No @ $0.465 (edge=331.8%)
2026-04-08 21:33:38,645 [INFO] event_trader_improved.runtime: Signal #2: [NO_BASKET] No @ $0.455 (edge=331.8%)
2026-04-08 21:33:38,645 [INFO] event_trader_improved.runtime: Signal #3: [NO_BASKET] No @ $0.445 (edge=331.8%)
2026-04-08 21:33:38,646 [INFO] event_trader_improved.runtime: DRY-RUN: [NO_BASKET] Would buy No @ $0.465 for $100.00 (edge=331.8%)
2026-04-08 21:33:38,704 [INFO] event_trader_improved.runtime: DRY-RUN: [NO_BASKET] Would buy No @ $0.455 for $100.00 (edge=331.8%)
2026-04-08 21:33:38,764 [INFO] event_trader_improved.runtime: DRY-RUN: [NO_BASKET] Would buy No @ $0.445 for $100.00 (edge=331.8%)
2026-04-08 21:33:38,799 [INFO] event_trader_improved.runtime: DRY-RUN: [NO_BASKET] Would buy No @ $0.515 for $100.00 (edge=331.8%)
2026-04-08 21:33:38,864 [INFO] event_trader_improved.runtime: DRY-RUN: [NO_BASKET] Would buy No @ $0.475 for $100.00 (edge=331.8%)
2026-04-08 21:33:38,903 [INFO] event_trader_improved.runtime: DRY-RUN: [NO_BASKET] Would buy No @ $0.485 for $100.00 (edge=331.8%)
2026-04-08 21:33:38,939 [INFO] event_trader_improved.runtime: DRY-RUN: [NO_BASKET] Would buy No @ $0.512 for $100.00 (edge=331.8%)
2026-04-08 21:33:39,006 [INFO] event_trader_improved.runtime: DRY-RUN: [NO_BASKET] Would buy No @ $0.330 for $100.00 (edge=331.8%)
2026-04-08 21:33:39,064 [INFO] event_trader_improved.runtime: DRY-RUN: [NO_BASKET] Would buy No @ $0.993 for $100.00 (edge=206.0%)
2026-04-08 21:33:39,164 [INFO] event_trader_improved.runtime: DRY-RUN: [NO_BASKET] Would buy No @ $0.676 for $100.00 (edge=206.0%)
2026-04-08 21:33:39,261 [INFO] event_trader_improved.runtime: DRY-RUN: [NO_BASKET] Would buy No @ $0.850 for $100.00 (edge=206.0%)
2026-04-08 21:33:39,317 [INFO] event_trader_improved.runtime: DRY-RUN: [NO_BASKET] Would buy No @ $0.996 for $100.00 (edge=206.0%)
2026-04-08 21:33:39,386 [INFO] event_trader_improved.runtime: DRY-RUN: [NO_BASKET] Would buy No @ $0.996 for $100.00 (edge=206.0%)
2026-04-08 21:33:39,404 [INFO] event_trader_improved.runtime: DRY-RUN: [NO_BASKET] Would buy No @ $0.535 for $100.00 (edge=206.0%)
2026-04-08 21:33:39,473 [INFO] event_trader_improved.runtime: DRY-RUN: [NO_BASKET] Would buy No @ $0.870 for $100.00 (edge=206.0%)
2026-04-08 21:33:39,555 [INFO] event_trader_improved.runtime: DRY-RUN: [NO_BASKET] Would buy No @ $0.989 for $100.00 (edge=206.0%)
2026-04-08 21:33:39,584 [INFO] event_trader_improved.runtime: DRY-RUN: [NO_BASKET] Would buy No @ $0.017 for $100.00 (edge=206.0%)
2026-04-08 21:33:39,602 [INFO] event_trader_improved.runtime: DRY-RUN: [NO_BASKET] Would buy No @ $0.018 for $100.00 (edge=206.0%)
2026-04-08 21:33:39,673 [INFO] event_trader_improved.runtime: DRY-RUN: [SINGLE] Would buy Yes @ $0.011 for $36.71 (edge=48.9%)
2026-04-08 21:33:39,749 [INFO] event_trader_improved.runtime: DRY-RUN: [SINGLE] Would buy Yes @ $0.011 for $36.71 (edge=48.9%)
2026-04-08 21:33:39,790 [INFO] event_trader_improved.runtime: DRY-RUN: [SINGLE] Would buy Yes @ $0.011 for $36.71 (edge=48.9%)
2026-04-08 21:33:39,832 [INFO] event_trader_improved.runtime: DRY-RUN: [SINGLE] Would buy Yes @ $0.011 for $36.71 (edge=48.9%)
2026-04-08 21:33:39,906 [INFO] event_trader_improved.runtime: DRY-RUN: [SINGLE] Would buy Yes @ $0.011 for $36.71 (edge=48.9%)
2026-04-08 21:33:39,946 [INFO] event_trader_improved.runtime: DRY-RUN: [SINGLE] Would buy Yes @ $0.011 for $36.71 (edge=48.9%)
2026-04-08 21:33:39,984 [INFO] event_trader_improved.runtime: DRY-RUN: [SINGLE] Would buy Yes @ $0.011 for $36.71 (edge=48.9%)
2026-04-08 21:33:40,030 [INFO] event_trader_improved.runtime: DRY-RUN: [SINGLE] Would buy Yes @ $0.011 for $36.71 (edge=48.9%)
2026-04-08 21:33:40,063 [INFO] event_trader_improved.runtime: DRY-RUN: [SINGLE] Would buy Yes @ $0.011 for $36.71 (edge=48.9%)
2026-04-08 21:33:40,087 [INFO] event_trader_improved.runtime: DRY-RUN: [SINGLE] Would buy Yes @ $0.011 for $36.71 (edge=48.9%)
2026-04-08 21:33:40,120 [INFO] event_trader_improved.runtime: DRY-RUN: [SINGLE] Would buy Yes @ $0.011 for $36.71 (edge=48.9%)
2026-04-08 21:33:40,152 [INFO] event_trader_improved.runtime: DRY-RUN: [SINGLE] Would buy Yes @ $0.011 for $36.71 (edge=48.9%)
2026-04-08 21:33:40,197 [INFO] event_trader_improved.runtime: Cycle complete: scanned=600 signals=488 executed=30
2026-04-08 21:33:45,197 [INFO] event_trader_improved.runtime: === Cycle ev_20260408T213345_d72c29 (#3) ===
2026-04-08 21:33:45,561 [INFO] event_trader.data_client: fetched 600 markets across 7 pages
2026-04-08 21:33:45,561 [INFO] event_trader_improved.runtime: Fetched 600 markets
2026-04-08 21:33:45,563 [INFO] event_trader_improved.scanner: Scan stats: scanned=600 eligible=583 signals=488 skipped_active=0 skipped_volume=17
2026-04-08 21:33:45,563 [INFO] event_trader_improved.runtime: Found 488 signals
2026-04-08 21:33:45,564 [INFO] event_trader_improved.runtime: Signal #1: [NO_BASKET] No @ $0.465 (edge=331.8%)
2026-04-08 21:33:45,564 [INFO] event_trader_improved.runtime: Signal #2: [NO_BASKET] No @ $0.455 (edge=331.8%)
2026-04-08 21:33:45,564 [INFO] event_trader_improved.runtime: Signal #3: [NO_BASKET] No @ $0.445 (edge=331.8%)
2026-04-08 21:33:45,564 [INFO] event_trader_improved.runtime: DRY-RUN: [NO_BASKET] Would buy No @ $0.465 for $100.00 (edge=331.8%)
2026-04-08 21:33:45,590 [INFO] event_trader_improved.runtime: DRY-RUN: [NO_BASKET] Would buy No @ $0.455 for $100.00 (edge=331.8%)
2026-04-08 21:33:45,677 [INFO] event_trader_improved.runtime: DRY-RUN: [NO_BASKET] Would buy No @ $0.445 for $100.00 (edge=331.8%)
2026-04-08 21:33:45,703 [INFO] event_trader_improved.runtime: DRY-RUN: [NO_BASKET] Would buy No @ $0.515 for $100.00 (edge=331.8%)
2026-04-08 21:33:45,746 [INFO] event_trader_improved.runtime: DRY-RUN: [NO_BASKET] Would buy No @ $0.475 for $100.00 (edge=331.8%)
2026-04-08 21:33:45,767 [INFO] event_trader_improved.runtime: DRY-RUN: [NO_BASKET] Would buy No @ $0.485 for $100.00 (edge=331.8%)
2026-04-08 21:33:45,784 [INFO] event_trader_improved.runtime: DRY-RUN: [NO_BASKET] Would buy No @ $0.512 for $100.00 (edge=331.8%)
2026-04-08 21:33:45,816 [INFO] event_trader_improved.runtime: DRY-RUN: [NO_BASKET] Would buy No @ $0.330 for $100.00 (edge=331.8%)
2026-04-08 21:33:45,839 [INFO] event_trader_improved.runtime: DRY-RUN: [NO_BASKET] Would buy No @ $0.993 for $100.00 (edge=206.0%)
2026-04-08 21:33:45,858 [INFO] event_trader_improved.runtime: DRY-RUN: [NO_BASKET] Would buy No @ $0.676 for $100.00 (edge=206.0%)
2026-04-08 21:33:45,875 [INFO] event_trader_improved.runtime: DRY-RUN: [NO_BASKET] Would buy No @ $0.850 for $100.00 (edge=206.0%)
2026-04-08 21:33:45,918 [INFO] event_trader_improved.runtime: DRY-RUN: [NO_BASKET] Would buy No @ $0.996 for $100.00 (edge=206.0%)
2026-04-08 21:33:45,964 [INFO] event_trader_improved.runtime: DRY-RUN: [NO_BASKET] Would buy No @ $0.996 for $100.00 (edge=206.0%)
2026-04-08 21:33:46,007 [INFO] event_trader_improved.runtime: DRY-RUN: [NO_BASKET] Would buy No @ $0.535 for $100.00 (edge=206.0%)
2026-04-08 21:33:46,028 [INFO] event_trader_improved.runtime: DRY-RUN: [NO_BASKET] Would buy No @ $0.870 for $100.00 (edge=206.0%)
2026-04-08 21:33:46,044 [INFO] event_trader_improved.runtime: DRY-RUN: [NO_BASKET] Would buy No @ $0.989 for $100.00 (edge=206.0%)
2026-04-08 21:33:46,089 [INFO] event_trader_improved.runtime: DRY-RUN: [NO_BASKET] Would buy No @ $0.017 for $100.00 (edge=206.0%)
2026-04-08 21:33:46,118 [INFO] event_trader_improved.runtime: DRY-RUN: [NO_BASKET] Would buy No @ $0.018 for $100.00 (edge=206.0%)
2026-04-08 21:33:46,200 [INFO] event_trader_improved.runtime: DRY-RUN: [SINGLE] Would buy Yes @ $0.011 for $36.71 (edge=48.9%)
2026-04-08 21:33:46,225 [INFO] event_trader_improved.runtime: DRY-RUN: [SINGLE] Would buy Yes @ $0.011 for $36.71 (edge=48.9%)
2026-04-08 21:33:46,248 [INFO] event_trader_improved.runtime: DRY-RUN: [SINGLE] Would buy Yes @ $0.011 for $36.71 (edge=48.9%)
2026-04-08 21:33:46,270 [INFO] event_trader_improved.runtime: DRY-RUN: [SINGLE] Would buy Yes @ $0.011 for $36.71 (edge=48.9%)
2026-04-08 21:33:46,405 [INFO] event_trader_improved.runtime: DRY-RUN: [SINGLE] Would buy Yes @ $0.011 for $36.71 (edge=48.9%)
2026-04-08 21:33:46,456 [INFO] event_trader_improved.runtime: DRY-RUN: [SINGLE] Would buy Yes @ $0.011 for $36.71 (edge=48.9%)
2026-04-08 21:33:46,488 [INFO] event_trader_improved.runtime: DRY-RUN: [SINGLE] Would buy Yes @ $0.011 for $36.71 (edge=48.9%)
2026-04-08 21:33:46,507 [INFO] event_trader_improved.runtime: DRY-RUN: [SINGLE] Would buy Yes @ $0.011 for $36.71 (edge=48.9%)
2026-04-08 21:33:46,528 [INFO] event_trader_improved.runtime: DRY-RUN: [SINGLE] Would buy Yes @ $0.011 for $36.71 (edge=48.9%)
2026-04-08 21:33:46,567 [INFO] event_trader_improved.runtime: DRY-RUN: [SINGLE] Would buy Yes @ $0.011 for $36.71 (edge=48.9%)
2026-04-08 21:33:46,587 [INFO] event_trader_improved.runtime: DRY-RUN: [SINGLE] Would buy Yes @ $0.011 for $36.71 (edge=48.9%)
2026-04-08 21:33:46,610 [INFO] event_trader_improved.runtime: DRY-RUN: [SINGLE] Would buy Yes @ $0.011 for $36.71 (edge=48.9%)
2026-04-08 21:33:46,635 [INFO] event_trader_improved.runtime: Cycle complete: scanned=600 signals=488 executed=30
2026-04-08 21:33:51,636 [INFO] event_trader_improved.runtime: === Cycle ev_20260408T213351_d72c2f (#4) ===
2026-04-08 21:33:52,032 [INFO] event_trader.data_client: fetched 600 markets across 7 pages
2026-04-08 21:33:52,033 [INFO] event_trader_improved.runtime: Fetched 600 markets
2026-04-08 21:33:52,035 [INFO] event_trader_improved.scanner: Scan stats: scanned=600 eligible=583 signals=488 skipped_active=0 skipped_volume=17
2026-04-08 21:33:52,035 [INFO] event_trader_improved.runtime: Found 488 signals
2026-04-08 21:33:52,035 [INFO] event_trader_improved.runtime: Signal #1: [NO_BASKET] No @ $0.465 (edge=331.8%)
2026-04-08 21:33:52,035 [INFO] event_trader_improved.runtime: Signal #2: [NO_BASKET] No @ $0.455 (edge=331.8%)
2026-04-08 21:33:52,035 [INFO] event_trader_improved.runtime: Signal #3: [NO_BASKET] No @ $0.445 (edge=331.8%)
2026-04-08 21:33:52,036 [INFO] event_trader_improved.runtime: DRY-RUN: [NO_BASKET] Would buy No @ $0.465 for $100.00 (edge=331.8%)
2026-04-08 21:33:52,105 [INFO] event_trader_improved.runtime: DRY-RUN: [NO_BASKET] Would buy No @ $0.455 for $100.00 (edge=331.8%)
2026-04-08 21:33:52,133 [INFO] event_trader_improved.runtime: DRY-RUN: [NO_BASKET] Would buy No @ $0.445 for $100.00 (edge=331.8%)
2026-04-08 21:33:52,153 [INFO] event_trader_improved.runtime: DRY-RUN: [NO_BASKET] Would buy No @ $0.515 for $100.00 (edge=331.8%)
2026-04-08 21:33:52,174 [INFO] event_trader_improved.runtime: DRY-RUN: [NO_BASKET] Would buy No @ $0.475 for $100.00 (edge=331.8%)
2026-04-08 21:33:52,216 [INFO] event_trader_improved.runtime: DRY-RUN: [NO_BASKET] Would buy No @ $0.485 for $100.00 (edge=331.8%)
2026-04-08 21:33:52,244 [INFO] event_trader_improved.runtime: DRY-RUN: [NO_BASKET] Would buy No @ $0.512 for $100.00 (edge=331.8%)
2026-04-08 21:33:52,267 [INFO] event_trader_improved.runtime: DRY-RUN: [NO_BASKET] Would buy No @ $0.330 for $100.00 (edge=331.8%)
2026-04-08 21:33:52,290 [INFO] event_trader_improved.runtime: DRY-RUN: [NO_BASKET] Would buy No @ $0.993 for $100.00 (edge=206.0%)
2026-04-08 21:33:52,324 [INFO] event_trader_improved.runtime: DRY-RUN: [NO_BASKET] Would buy No @ $0.676 for $100.00 (edge=206.0%)
2026-04-08 21:33:52,357 [INFO] event_trader_improved.runtime: DRY-RUN: [NO_BASKET] Would buy No @ $0.850 for $100.00 (edge=206.0%)
2026-04-08 21:33:52,381 [INFO] event_trader_improved.runtime: DRY-RUN: [NO_BASKET] Would buy No @ $0.996 for $100.00 (edge=206.0%)
2026-04-08 21:33:52,423 [INFO] event_trader_improved.runtime: DRY-RUN: [NO_BASKET] Would buy No @ $0.996 for $100.00 (edge=206.0%)
2026-04-08 21:33:52,440 [INFO] event_trader_improved.runtime: DRY-RUN: [NO_BASKET] Would buy No @ $0.535 for $100.00 (edge=206.0%)
2026-04-08 21:33:52,490 [INFO] event_trader_improved.runtime: DRY-RUN: [NO_BASKET] Would buy No @ $0.870 for $100.00 (edge=206.0%)
2026-04-08 21:33:52,508 [INFO] event_trader_improved.runtime: DRY-RUN: [NO_BASKET] Would buy No @ $0.989 for $100.00 (edge=206.0%)
2026-04-08 21:33:52,535 [INFO] event_trader_improved.runtime: DRY-RUN: [NO_BASKET] Would buy No @ $0.017 for $100.00 (edge=206.0%)
2026-04-08 21:33:52,573 [INFO] event_trader_improved.runtime: DRY-RUN: [NO_BASKET] Would buy No @ $0.018 for $100.00 (edge=206.0%)
2026-04-08 21:33:52,595 [INFO] event_trader_improved.runtime: DRY-RUN: [SINGLE] Would buy Yes @ $0.011 for $36.71 (edge=48.9%)
2026-04-08 21:33:52,612 [INFO] event_trader_improved.runtime: DRY-RUN: [SINGLE] Would buy Yes @ $0.011 for $36.71 (edge=48.9%)
2026-04-08 21:33:52,629 [INFO] event_trader_improved.runtime: DRY-RUN: [SINGLE] Would buy Yes @ $0.011 for $36.71 (edge=48.9%)
2026-04-08 21:33:52,683 [INFO] event_trader_improved.runtime: DRY-RUN: [SINGLE] Would buy Yes @ $0.011 for $36.71 (edge=48.9%)
2026-04-08 21:33:52,708 [INFO] event_trader_improved.runtime: DRY-RUN: [SINGLE] Would buy Yes @ $0.011 for $36.71 (edge=48.9%)
2026-04-08 21:33:52,755 [INFO] event_trader_improved.runtime: DRY-RUN: [SINGLE] Would buy Yes @ $0.011 for $36.71 (edge=48.9%)
2026-04-08 21:33:52,798 [INFO] event_trader_improved.runtime: DRY-RUN: [SINGLE] Would buy Yes @ $0.011 for $36.71 (edge=48.9%)
2026-04-08 21:33:52,820 [INFO] event_trader_improved.runtime: DRY-RUN: [SINGLE] Would buy Yes @ $0.011 for $36.71 (edge=48.9%)
2026-04-08 21:33:52,864 [INFO] event_trader_improved.runtime: DRY-RUN: [SINGLE] Would buy Yes @ $0.011 for $36.71 (edge=48.9%)
2026-04-08 21:33:52,884 [INFO] event_trader_improved.runtime: DRY-RUN: [SINGLE] Would buy Yes @ $0.011 for $36.71 (edge=48.9%)
2026-04-08 21:33:52,902 [INFO] event_trader_improved.runtime: DRY-RUN: [SINGLE] Would buy Yes @ $0.011 for $36.71 (edge=48.9%)
2026-04-08 21:33:53,000 [INFO] event_trader_improved.runtime: DRY-RUN: [SINGLE] Would buy Yes @ $0.011 for $36.71 (edge=48.9%)
2026-04-08 21:33:53,037 [INFO] event_trader_improved.runtime: Cycle complete: scanned=600 signals=488 executed=30
2026-04-08 21:33:58,037 [INFO] event_trader_improved.runtime: === Cycle ev_20260408T213358_d72c36 (#5) ===
2026-04-08 21:33:58,441 [INFO] event_trader.data_client: fetched 600 markets across 7 pages
2026-04-08 21:33:58,441 [INFO] event_trader_improved.runtime: Fetched 600 markets
2026-04-08 21:33:58,444 [INFO] event_trader_improved.scanner: Scan stats: scanned=600 eligible=583 signals=488 skipped_active=0 skipped_volume=17
2026-04-08 21:33:58,444 [INFO] event_trader_improved.runtime: Found 488 signals
2026-04-08 21:33:58,444 [INFO] event_trader_improved.runtime: Signal #1: [NO_BASKET] No @ $0.465 (edge=331.8%)
2026-04-08 21:33:58,444 [INFO] event_trader_improved.runtime: Signal #2: [NO_BASKET] No @ $0.455 (edge=331.8%)
2026-04-08 21:33:58,444 [INFO] event_trader_improved.runtime: Signal #3: [NO_BASKET] No @ $0.445 (edge=331.8%)
2026-04-08 21:33:58,445 [INFO] event_trader_improved.runtime: DRY-RUN: [NO_BASKET] Would buy No @ $0.465 for $100.00 (edge=331.8%)
2026-04-08 21:33:59,596 [INFO] event_trader_improved.runtime: DRY-RUN: [NO_BASKET] Would buy No @ $0.455 for $100.00 (edge=331.8%)
2026-04-08 21:33:59,685 [INFO] event_trader_improved.runtime: DRY-RUN: [NO_BASKET] Would buy No @ $0.445 for $100.00 (edge=331.8%)
2026-04-08 21:33:59,702 [INFO] event_trader_improved.runtime: DRY-RUN: [NO_BASKET] Would buy No @ $0.515 for $100.00 (edge=331.8%)
2026-04-08 21:33:59,791 [INFO] event_trader_improved.runtime: DRY-RUN: [NO_BASKET] Would buy No @ $0.475 for $100.00 (edge=331.8%)
2026-04-08 21:33:59,890 [INFO] event_trader_improved.runtime: DRY-RUN: [NO_BASKET] Would buy No @ $0.485 for $100.00 (edge=331.8%)
2026-04-08 21:33:59,953 [INFO] event_trader_improved.runtime: DRY-RUN: [NO_BASKET] Would buy No @ $0.512 for $100.00 (edge=331.8%)
2026-04-08 21:34:00,002 [INFO] event_trader_improved.runtime: DRY-RUN: [NO_BASKET] Would buy No @ $0.330 for $100.00 (edge=331.8%)
2026-04-08 21:34:00,055 [INFO] event_trader_improved.runtime: DRY-RUN: [NO_BASKET] Would buy No @ $0.993 for $100.00 (edge=206.0%)
2026-04-08 21:34:00,183 [INFO] event_trader_improved.runtime: DRY-RUN: [NO_BASKET] Would buy No @ $0.676 for $100.00 (edge=206.0%)
2026-04-08 21:34:00,240 [INFO] event_trader_improved.runtime: DRY-RUN: [NO_BASKET] Would buy No @ $0.850 for $100.00 (edge=206.0%)
2026-04-08 21:34:00,293 [INFO] event_trader_improved.runtime: DRY-RUN: [NO_BASKET] Would buy No @ $0.996 for $100.00 (edge=206.0%)
2026-04-08 21:34:00,399 [INFO] event_trader_improved.runtime: DRY-RUN: [NO_BASKET] Would buy No @ $0.996 for $100.00 (edge=206.0%)
2026-04-08 21:34:00,471 [INFO] event_trader_improved.runtime: DRY-RUN: [NO_BASKET] Would buy No @ $0.535 for $100.00 (edge=206.0%)
2026-04-08 21:34:00,512 [INFO] event_trader_improved.runtime: DRY-RUN: [NO_BASKET] Would buy No @ $0.870 for $100.00 (edge=206.0%)
2026-04-08 21:34:00,533 [INFO] event_trader_improved.runtime: DRY-RUN: [NO_BASKET] Would buy No @ $0.989 for $100.00 (edge=206.0%)
2026-04-08 21:34:00,579 [INFO] event_trader_improved.runtime: DRY-RUN: [NO_BASKET] Would buy No @ $0.017 for $100.00 (edge=206.0%)
2026-04-08 21:34:00,603 [INFO] event_trader_improved.runtime: DRY-RUN: [NO_BASKET] Would buy No @ $0.018 for $100.00 (edge=206.0%)
2026-04-08 21:34:00,652 [INFO] event_trader_improved.runtime: DRY-RUN: [SINGLE] Would buy Yes @ $0.011 for $36.71 (edge=48.9%)
2026-04-08 21:34:00,699 [INFO] event_trader_improved.runtime: DRY-RUN: [SINGLE] Would buy Yes @ $0.011 for $36.71 (edge=48.9%)
2026-04-08 21:34:00,717 [INFO] event_trader_improved.runtime: DRY-RUN: [SINGLE] Would buy Yes @ $0.011 for $36.71 (edge=48.9%)
2026-04-08 21:34:00,733 [INFO] event_trader_improved.runtime: DRY-RUN: [SINGLE] Would buy Yes @ $0.011 for $36.71 (edge=48.9%)
2026-04-08 21:34:00,905 [INFO] event_trader_improved.runtime: DRY-RUN: [SINGLE] Would buy Yes @ $0.011 for $36.71 (edge=48.9%)
2026-04-08 21:34:00,923 [INFO] event_trader_improved.runtime: DRY-RUN: [SINGLE] Would buy Yes @ $0.011 for $36.71 (edge=48.9%)
2026-04-08 21:34:00,947 [INFO] event_trader_improved.runtime: DRY-RUN: [SINGLE] Would buy Yes @ $0.011 for $36.71 (edge=48.9%)
2026-04-08 21:34:00,966 [INFO] event_trader_improved.runtime: DRY-RUN: [SINGLE] Would buy Yes @ $0.011 for $36.71 (edge=48.9%)
2026-04-08 21:34:01,007 [INFO] event_trader_improved.runtime: DRY-RUN: [SINGLE] Would buy Yes @ $0.011 for $36.71 (edge=48.9%)
2026-04-08 21:34:01,044 [INFO] event_trader_improved.runtime: DRY-RUN: [SINGLE] Would buy Yes @ $0.011 for $36.71 (edge=48.9%)
2026-04-08 21:34:01,062 [INFO] event_trader_improved.runtime: DRY-RUN: [SINGLE] Would buy Yes @ $0.011 for $36.71 (edge=48.9%)
2026-04-08 21:34:01,082 [INFO] event_trader_improved.runtime: DRY-RUN: [SINGLE] Would buy Yes @ $0.011 for $36.71 (edge=48.9%)
2026-04-08 21:34:01,109 [INFO] event_trader_improved.runtime: Cycle complete: scanned=600 signals=488 executed=30
2026-04-08 21:34:06,110 [INFO] event_trader_improved.runtime: === Cycle ev_20260408T213406_d72c3e (#6) ===
2026-04-08 21:34:06,499 [INFO] event_trader.data_client: fetched 600 markets across 7 pages
2026-04-08 21:34:06,500 [INFO] event_trader_improved.runtime: Fetched 600 markets
2026-04-08 21:34:06,502 [INFO] event_trader_improved.scanner: Scan stats: scanned=600 eligible=583 signals=488 skipped_active=0 skipped_volume=17
2026-04-08 21:34:06,502 [INFO] event_trader_improved.runtime: Found 488 signals
2026-04-08 21:34:06,502 [INFO] event_trader_improved.runtime: Signal #1: [NO_BASKET] No @ $0.465 (edge=331.8%)
2026-04-08 21:34:06,502 [INFO] event_trader_improved.runtime: Signal #2: [NO_BASKET] No @ $0.455 (edge=331.8%)
2026-04-08 21:34:06,502 [INFO] event_trader_improved.runtime: Signal #3: [NO_BASKET] No @ $0.445 (edge=331.8%)
2026-04-08 21:34:06,502 [INFO] event_trader_improved.runtime: DRY-RUN: [NO_BASKET] Would buy No @ $0.465 for $100.00 (edge=331.8%)
2026-04-08 21:34:06,575 [INFO] event_trader_improved.runtime: DRY-RUN: [NO_BASKET] Would buy No @ $0.455 for $100.00 (edge=331.8%)
2026-04-08 21:34:06,607 [INFO] event_trader_improved.runtime: DRY-RUN: [NO_BASKET] Would buy No @ $0.445 for $100.00 (edge=331.8%)
2026-04-08 21:34:06,641 [INFO] event_trader_improved.runtime: DRY-RUN: [NO_BASKET] Would buy No @ $0.515 for $100.00 (edge=331.8%)
2026-04-08 21:34:06,670 [INFO] event_trader_improved.runtime: DRY-RUN: [NO_BASKET] Would buy No @ $0.475 for $100.00 (edge=331.8%)
2026-04-08 21:34:06,775 [INFO] event_trader_improved.runtime: DRY-RUN: [NO_BASKET] Would buy No @ $0.485 for $100.00 (edge=331.8%)
2026-04-08 21:34:06,869 [INFO] event_trader_improved.runtime: DRY-RUN: [NO_BASKET] Would buy No @ $0.512 for $100.00 (edge=331.8%)
2026-04-08 21:34:06,946 [INFO] event_trader_improved.runtime: DRY-RUN: [NO_BASKET] Would buy No @ $0.330 for $100.00 (edge=331.8%)
2026-04-08 21:34:06,965 [INFO] event_trader_improved.runtime: DRY-RUN: [NO_BASKET] Would buy No @ $0.993 for $100.00 (edge=206.0%)
2026-04-08 21:34:07,030 [INFO] event_trader_improved.runtime: DRY-RUN: [NO_BASKET] Would buy No @ $0.676 for $100.00 (edge=206.0%)
2026-04-08 21:34:07,055 [INFO] event_trader_improved.runtime: DRY-RUN: [NO_BASKET] Would buy No @ $0.850 for $100.00 (edge=206.0%)
2026-04-08 21:34:07,109 [INFO] event_trader_improved.runtime: DRY-RUN: [NO_BASKET] Would buy No @ $0.996 for $100.00 (edge=206.0%)
2026-04-08 21:34:07,259 [INFO] event_trader_improved.runtime: DRY-RUN: [NO_BASKET] Would buy No @ $0.996 for $100.00 (edge=206.0%)
2026-04-08 21:34:07,287 [INFO] event_trader_improved.runtime: DRY-RUN: [NO_BASKET] Would buy No @ $0.535 for $100.00 (edge=206.0%)
2026-04-08 21:34:07,314 [INFO] event_trader_improved.runtime: DRY-RUN: [NO_BASKET] Would buy No @ $0.870 for $100.00 (edge=206.0%)
2026-04-08 21:34:07,359 [INFO] event_trader_improved.runtime: DRY-RUN: [NO_BASKET] Would buy No @ $0.989 for $100.00 (edge=206.0%)
2026-04-08 21:34:07,418 [INFO] event_trader_improved.runtime: DRY-RUN: [NO_BASKET] Would buy No @ $0.017 for $100.00 (edge=206.0%)
2026-04-08 21:34:07,470 [INFO] event_trader_improved.runtime: DRY-RUN: [NO_BASKET] Would buy No @ $0.018 for $100.00 (edge=206.0%)
2026-04-08 21:34:07,509 [INFO] event_trader_improved.runtime: DRY-RUN: [SINGLE] Would buy Yes @ $0.011 for $36.71 (edge=48.9%)
2026-04-08 21:34:07,634 [INFO] event_trader_improved.runtime: DRY-RUN: [SINGLE] Would buy Yes @ $0.011 for $36.71 (edge=48.9%)
2026-04-08 21:34:07,656 [INFO] event_trader_improved.runtime: DRY-RUN: [SINGLE] Would buy Yes @ $0.011 for $36.71 (edge=48.9%)
2026-04-08 21:34:07,697 [INFO] event_trader_improved.runtime: DRY-RUN: [SINGLE] Would buy Yes @ $0.011 for $36.71 (edge=48.9%)
2026-04-08 21:34:07,729 [INFO] event_trader_improved.runtime: DRY-RUN: [SINGLE] Would buy Yes @ $0.011 for $36.71 (edge=48.9%)
2026-04-08 21:34:07,765 [INFO] event_trader_improved.runtime: DRY-RUN: [SINGLE] Would buy Yes @ $0.011 for $36.71 (edge=48.9%)
2026-04-08 21:34:07,836 [INFO] event_trader_improved.runtime: DRY-RUN: [SINGLE] Would buy Yes @ $0.011 for $36.71 (edge=48.9%)
2026-04-08 21:34:07,863 [INFO] event_trader_improved.runtime: DRY-RUN: [SINGLE] Would buy Yes @ $0.011 for $36.71 (edge=48.9%)
2026-04-08 21:34:07,918 [INFO] event_trader_improved.runtime: DRY-RUN: [SINGLE] Would buy Yes @ $0.011 for $36.71 (edge=48.9%)
2026-04-08 21:34:07,985 [INFO] event_trader_improved.runtime: DRY-RUN: [SINGLE] Would buy Yes @ $0.011 for $36.71 (edge=48.9%)
2026-04-08 21:34:08,008 [INFO] event_trader_improved.runtime: DRY-RUN: [SINGLE] Would buy Yes @ $0.011 for $36.71 (edge=48.9%)
2026-04-08 21:34:08,026 [INFO] event_trader_improved.runtime: DRY-RUN: [SINGLE] Would buy Yes @ $0.011 for $36.71 (edge=48.9%)
2026-04-08 21:34:08,096 [INFO] event_trader_improved.runtime: Cycle complete: scanned=600 signals=488 executed=30
2026-04-08 21:34:10,027 [INFO] event_trader_improved.runtime: Interrupted after 6 cycles
2026-04-08 21:34:10,028 [INFO] event_trader_improved.runtime: Event Trader (IMPROVED) stopped
