{"ts": "2026-04-06T08:30:30.911401+00:00", "level": "INFO", "logger": "__main__", "msg": "======================================================================"}
{"ts": "2026-04-06T08:30:30.911755+00:00", "level": "INFO", "logger": "__main__", "msg": "EVENT TRADER  mode=dry_run  run_dir=ev_runs\\20260406_083030"}
{"ts": "2026-04-06T08:30:30.911875+00:00", "level": "INFO", "logger": "__main__", "msg": "======================================================================"}
{"ts": "2026-04-06T08:30:30.912936+00:00", "level": "INFO", "logger": "__main__", "msg": "config: {\"gamma_host\": \"https://gamma-api.polymarket.com\", \"clob_host\": \"https://clob.polymarket.com\", \"chain_id\": 137, \"private_key\": \"0x59...68c5\", \"funder\": \"\", \"signature_type\": 0, \"api_key\": \"(not set)\", \"api_secret\": \"(not set)\", \"api_passphrase\": \"(not set)\", \"mode\": \"dry_run\", \"dry_run\": true, \"poll_interval_seconds\": 10.0, \"log_json\": true, \"scan_limit\": 600, \"min_liquidity\": 100.0, \"min_volume\": 0.0, \"max_entry_price\": 0.8, \"min_entry_price\": 0.02, \"min_book_depth_usd\": 10.0, \"min_spread_ratio\": 1.5, \"position_size_usd\": 5.0, \"longshot_size_usd\": 2.0, \"highprob_size_usd\": 8.0, \"longshot_ceiling\": 0.3, \"highprob_floor\": 0.55, \"max_contracts_per_entry\": 500.0, \"max_positions\": 20, \"take_profit_pct\": 0.5, \"stop_loss_pct\": 0.4, \"trailing_stop_pct\": 0.0, \"longshot_take_profit_pct\": 1.5, \"longshot_stop_loss_pct\": 0.5, \"highprob_take_profit_pct\": 0.3, \"highprob_stop_loss_pct\": 0.2, \"max_total_exposure_usd\": 100.0, \"max_daily_loss_usd\": 25.0, \"max_per_market_usd\": 20.0, \"emergency_stop\": false, \"request_timeout_seconds\": 8.0, \"max_request_retries\": 2, \"retry_backoff_seconds\": 0.3, \"max_workers\": 10, \"state_db_path\": \"ev_bot_state.sqlite3\", \"log_path\": \"ev_runtime.log\", \"report_path\": \"ev_cycle_report.jsonl\", \"run_dir\": \"ev_runs\\\\20260406_083030\", \"python\": \"3.13.5 (tags/v3.13.5:6cb20a2, Jun 11 2025, 16:15:46) [MSC v.1943 64 bit (AMD64)]\", \"pid\": 38660}"}
{"ts": "2026-04-06T08:30:31.046461+00:00", "level": "INFO", "logger": "event_trader.runtime", "msg": "event trader started  mode=dry_run  poll=10.0s  entry_range=$0.02-$0.80  tiers: longshot(<$0.30)=$2 mid=$5 highprob(>$0.55)=$8  max_positions=20"}
{"ts": "2026-04-06T08:30:31.837165+00:00", "level": "INFO", "logger": "event_trader.data_client", "msg": "fetched 600 markets across 7 pages"}
{"ts": "2026-04-06T08:30:31.837759+00:00", "level": "INFO", "logger": "event_trader.runtime", "msg": "cycle ev_20260406T083031_6d93bb (#1): fetched 600 markets in 0.8s"}
{"ts": "2026-04-06T08:30:31.838605+00:00", "level": "INFO", "logger": "event_trader.scanner", "msg": "pre-filter: 234 candidates from 600 markets (skipped 966 expensive)"}
{"ts": "2026-04-06T08:30:36.996570+00:00", "level": "INFO", "logger": "event_trader.scanner", "msg": "scan summary: 234 candidates checked, 234 signals, filters: {'inactive': 0, 'no_orderbook': 0, 'bad_outcomes': 0, 'low_liquidity': 0, 'no_book': 0, 'too_expensive': 0, 'too_cheap': 0, 'wide_spread': 0, 'no_depth': 0, 'has_position': 0, 'recent_signal': 0, 'low_confidence': 0, 'no_asks': 0, 'price_prefilter': 966}"}
{"ts": "2026-04-06T08:30:36.998164+00:00", "level": "INFO", "logger": "event_trader.runtime", "msg": "scan: 234 signals found in 5.2s"}
{"ts": "2026-04-06T08:30:36.998338+00:00", "level": "INFO", "logger": "event_trader.runtime", "msg": "SIGNAL [longshot $2]: $0.021  conf=0.99  Yes  \"Will the Anaheim Ducks win the 2026 NHL Stanley Cup?\"  price=$0.021 | tier=longshot | size=$2 | liq=$175376 | vol=$785436 | spread=0.998 | depth=$6887492 | conf=0.99"}
{"ts": "2026-04-06T08:30:36.998451+00:00", "level": "INFO", "logger": "event_trader.runtime", "msg": "SIGNAL [longshot $2]: $0.021  conf=0.99  Yes  \"Will Japan win the 2026 FIFA World Cup?\"  price=$0.021 | tier=longshot | size=$2 | liq=$310306 | vol=$10917626 | spread=0.998 | depth=$12334533 | conf=0.99"}
{"ts": "2026-04-06T08:30:36.998538+00:00", "level": "INFO", "logger": "event_trader.runtime", "msg": "SIGNAL [longshot $2]: $0.021  conf=0.99  Yes  \"Will Andy Beshear win the 2028 Democratic presidential nomin\"  price=$0.021 | tier=longshot | size=$2 | liq=$598504 | vol=$7873600 | spread=0.998 | depth=$6075365 | conf=0.99"}
{"ts": "2026-04-06T08:30:36.998738+00:00", "level": "INFO", "logger": "event_trader.runtime", "msg": "SIGNAL [longshot $2]: $0.021  conf=0.99  Yes  \"Will Josh Shapiro win the 2028 US Presidential Election?\"  price=$0.021 | tier=longshot | size=$2 | liq=$375613 | vol=$5448370 | spread=0.998 | depth=$8140487 | conf=0.99"}
{"ts": "2026-04-06T08:30:36.998826+00:00", "level": "INFO", "logger": "event_trader.runtime", "msg": "SIGNAL [longshot $2]: $0.022  conf=0.99  Yes  \"Will the Minnesota Timberwolves win the 2026 NBA Finals?\"  price=$0.022 | tier=longshot | size=$2 | liq=$264318 | vol=$5255397 | spread=0.998 | depth=$8982982 | conf=0.99"}
{"ts": "2026-04-06T08:30:37.042564+00:00", "level": "INFO", "logger": "event_trader.executor", "msg": "DRY_BUY [longshot]: 98 contracts @ $0.021 = $2.00  Yes  Will the Anaheim Ducks win the 2026 NHL Stanley Cup?"}
{"ts": "2026-04-06T08:30:37.087048+00:00", "level": "INFO", "logger": "event_trader.executor", "msg": "DRY_BUY [longshot]: 98 contracts @ $0.021 = $2.00  Yes  Will Japan win the 2026 FIFA World Cup?"}
{"ts": "2026-04-06T08:30:37.128707+00:00", "level": "INFO", "logger": "event_trader.executor", "msg": "DRY_BUY [longshot]: 98 contracts @ $0.021 = $2.00  Yes  Will Andy Beshear win the 2028 Democratic presidential nomin"}
{"ts": "2026-04-06T08:30:39.750921+00:00", "level": "INFO", "logger": "event_trader.runtime", "msg": "PORTFOLIO: 3 positions  cost=$6.00  value=$6.00  pnl=$-0.0001"}
{"ts": "2026-04-06T08:30:39.751041+00:00", "level": "INFO", "logger": "event_trader.runtime", "msg": "  POS: Yes  entry=0.021  now=0.021  pnl=0.0%  $-0.0000"}
{"ts": "2026-04-06T08:30:39.751108+00:00", "level": "INFO", "logger": "event_trader.runtime", "msg": "  POS: Yes  entry=0.021  now=0.021  pnl=0.0%  $-0.0000"}
{"ts": "2026-04-06T08:30:39.751165+00:00", "level": "INFO", "logger": "event_trader.runtime", "msg": "  POS: Yes  entry=0.021  now=0.021  pnl=0.0%  $-0.0000"}
{"ts": "2026-04-06T08:30:39.780480+00:00", "level": "INFO", "logger": "event_trader.runtime", "msg": "cycle ev_20260406T083031_6d93bb (#1) done in 8.7s: scanned=600 signals=234 entries=3 exits=0 open=3 unrealized=$0.0000 realized=$0.0000"}
{"ts": "2026-04-06T08:30:50.200853+00:00", "level": "INFO", "logger": "event_trader.data_client", "msg": "fetched 600 markets across 7 pages"}
{"ts": "2026-04-06T08:30:50.201869+00:00", "level": "INFO", "logger": "event_trader.runtime", "msg": "cycle ev_20260406T083049_aca8ac (#2): fetched 600 markets in 0.4s"}
{"ts": "2026-04-06T08:30:50.203002+00:00", "level": "INFO", "logger": "event_trader.scanner", "msg": "pre-filter: 234 candidates from 600 markets (skipped 966 expensive)"}
{"ts": "2026-04-06T08:30:55.325334+00:00", "level": "INFO", "logger": "event_trader.scanner", "msg": "scan summary: 234 candidates checked, 0 signals, filters: {'inactive': 0, 'no_orderbook': 0, 'bad_outcomes': 0, 'low_liquidity': 0, 'no_book': 0, 'too_expensive': 0, 'too_cheap': 0, 'wide_spread': 0, 'no_depth': 0, 'has_position': 3, 'recent_signal': 231, 'low_confidence': 0, 'no_asks': 0, 'price_prefilter': 966}"}
{"ts": "2026-04-06T08:30:55.326946+00:00", "level": "INFO", "logger": "event_trader.runtime", "msg": "scan: 0 signals found in 5.1s"}
{"ts": "2026-04-06T08:30:55.492525+00:00", "level": "INFO", "logger": "event_trader.runtime", "msg": "PORTFOLIO: 3 positions  cost=$6.00  value=$6.00  pnl=$-0.0001"}
{"ts": "2026-04-06T08:30:55.492654+00:00", "level": "INFO", "logger": "event_trader.runtime", "msg": "  POS: Yes  entry=0.021  now=0.021  pnl=0.0%  $-0.0000"}
{"ts": "2026-04-06T08:30:55.492722+00:00", "level": "INFO", "logger": "event_trader.runtime", "msg": "  POS: Yes  entry=0.021  now=0.021  pnl=0.0%  $-0.0000"}
{"ts": "2026-04-06T08:30:55.492858+00:00", "level": "INFO", "logger": "event_trader.runtime", "msg": "  POS: Yes  entry=0.021  now=0.021  pnl=0.0%  $-0.0000"}
{"ts": "2026-04-06T08:30:55.510372+00:00", "level": "INFO", "logger": "event_trader.runtime", "msg": "cycle ev_20260406T083049_aca8ac (#2) done in 5.7s: scanned=600 signals=0 entries=0 exits=0 open=3 unrealized=$0.0000 realized=$0.0000"}
{"ts": "2026-04-06T08:31:05.924422+00:00", "level": "INFO", "logger": "event_trader.data_client", "msg": "fetched 600 markets across 7 pages"}
{"ts": "2026-04-06T08:31:05.925074+00:00", "level": "INFO", "logger": "event_trader.runtime", "msg": "cycle ev_20260406T083105_7975b8 (#3): fetched 600 markets in 0.4s"}
{"ts": "2026-04-06T08:31:05.925697+00:00", "level": "INFO", "logger": "event_trader.scanner", "msg": "pre-filter: 234 candidates from 600 markets (skipped 966 expensive)"}
{"ts": "2026-04-06T08:31:11.105915+00:00", "level": "INFO", "logger": "event_trader.scanner", "msg": "scan summary: 234 candidates checked, 0 signals, filters: {'inactive': 0, 'no_orderbook': 0, 'bad_outcomes': 0, 'low_liquidity': 0, 'no_book': 0, 'too_expensive': 0, 'too_cheap': 0, 'wide_spread': 0, 'no_depth': 0, 'has_position': 3, 'recent_signal': 231, 'low_confidence': 0, 'no_asks': 0, 'price_prefilter': 966}"}
{"ts": "2026-04-06T08:31:11.107228+00:00", "level": "INFO", "logger": "event_trader.runtime", "msg": "scan: 0 signals found in 5.2s"}
{"ts": "2026-04-06T08:31:11.357307+00:00", "level": "INFO", "logger": "event_trader.runtime", "msg": "PORTFOLIO: 3 positions  cost=$6.00  value=$6.00  pnl=$-0.0001"}
{"ts": "2026-04-06T08:31:11.357445+00:00", "level": "INFO", "logger": "event_trader.runtime", "msg": "  POS: Yes  entry=0.021  now=0.021  pnl=0.0%  $-0.0000"}
{"ts": "2026-04-06T08:31:11.357515+00:00", "level": "INFO", "logger": "event_trader.runtime", "msg": "  POS: Yes  entry=0.021  now=0.021  pnl=0.0%  $-0.0000"}
{"ts": "2026-04-06T08:31:11.357575+00:00", "level": "INFO", "logger": "event_trader.runtime", "msg": "  POS: Yes  entry=0.021  now=0.021  pnl=0.0%  $-0.0000"}
{"ts": "2026-04-06T08:31:11.376798+00:00", "level": "INFO", "logger": "event_trader.runtime", "msg": "cycle ev_20260406T083105_7975b8 (#3) done in 5.8s: scanned=600 signals=0 entries=0 exits=0 open=3 unrealized=$0.0000 realized=$0.0000"}
{"ts": "2026-04-06T08:31:21.774468+00:00", "level": "INFO", "logger": "event_trader.data_client", "msg": "fetched 600 markets across 7 pages"}
{"ts": "2026-04-06T08:31:21.775131+00:00", "level": "INFO", "logger": "event_trader.runtime", "msg": "cycle ev_20260406T083121_75d11a (#4): fetched 600 markets in 0.4s"}
{"ts": "2026-04-06T08:31:21.775795+00:00", "level": "INFO", "logger": "event_trader.scanner", "msg": "pre-filter: 234 candidates from 600 markets (skipped 966 expensive)"}
{"ts": "2026-04-06T08:31:26.062720+00:00", "level": "INFO", "logger": "event_trader.scanner", "msg": "scan summary: 234 candidates checked, 0 signals, filters: {'inactive': 0, 'no_orderbook': 0, 'bad_outcomes': 0, 'low_liquidity': 0, 'no_book': 0, 'too_expensive': 0, 'too_cheap': 0, 'wide_spread': 0, 'no_depth': 0, 'has_position': 3, 'recent_signal': 231, 'low_confidence': 0, 'no_asks': 0, 'price_prefilter': 966}"}
{"ts": "2026-04-06T08:31:26.065333+00:00", "level": "INFO", "logger": "event_trader.runtime", "msg": "scan: 0 signals found in 4.3s"}
{"ts": "2026-04-06T08:31:26.230017+00:00", "level": "INFO", "logger": "event_trader.runtime", "msg": "PORTFOLIO: 3 positions  cost=$6.00  value=$6.00  pnl=$-0.0001"}
{"ts": "2026-04-06T08:31:26.230159+00:00", "level": "INFO", "logger": "event_trader.runtime", "msg": "  POS: Yes  entry=0.021  now=0.021  pnl=0.0%  $-0.0000"}
{"ts": "2026-04-06T08:31:26.230257+00:00", "level": "INFO", "logger": "event_trader.runtime", "msg": "  POS: Yes  entry=0.021  now=0.021  pnl=0.0%  $-0.0000"}
{"ts": "2026-04-06T08:31:26.230356+00:00", "level": "INFO", "logger": "event_trader.runtime", "msg": "  POS: Yes  entry=0.021  now=0.021  pnl=0.0%  $-0.0000"}
{"ts": "2026-04-06T08:31:26.242128+00:00", "level": "INFO", "logger": "event_trader.runtime", "msg": "cycle ev_20260406T083121_75d11a (#4) done in 4.9s: scanned=600 signals=0 entries=0 exits=0 open=3 unrealized=$0.0000 realized=$0.0000"}
{"ts": "2026-04-06T08:31:36.561975+00:00", "level": "INFO", "logger": "event_trader.data_client", "msg": "fetched 600 markets across 7 pages"}
{"ts": "2026-04-06T08:31:36.562658+00:00", "level": "INFO", "logger": "event_trader.runtime", "msg": "cycle ev_20260406T083136_1c320e (#5): fetched 600 markets in 0.3s"}
{"ts": "2026-04-06T08:31:36.563478+00:00", "level": "INFO", "logger": "event_trader.scanner", "msg": "pre-filter: 234 candidates from 600 markets (skipped 966 expensive)"}
{"ts": "2026-04-06T08:31:40.543659+00:00", "level": "INFO", "logger": "event_trader.scanner", "msg": "scan summary: 234 candidates checked, 0 signals, filters: {'inactive': 0, 'no_orderbook': 0, 'bad_outcomes': 0, 'low_liquidity': 0, 'no_book': 0, 'too_expensive': 0, 'too_cheap': 0, 'wide_spread': 0, 'no_depth': 0, 'has_position': 3, 'recent_signal': 231, 'low_confidence': 0, 'no_asks': 0, 'price_prefilter': 966}"}
{"ts": "2026-04-06T08:31:40.545235+00:00", "level": "INFO", "logger": "event_trader.runtime", "msg": "scan: 0 signals found in 4.0s"}
{"ts": "2026-04-06T08:31:40.714481+00:00", "level": "INFO", "logger": "event_trader.runtime", "msg": "PORTFOLIO: 3 positions  cost=$6.00  value=$6.00  pnl=$-0.0001"}
{"ts": "2026-04-06T08:31:40.714675+00:00", "level": "INFO", "logger": "event_trader.runtime", "msg": "  POS: Yes  entry=0.021  now=0.021  pnl=0.0%  $-0.0000"}
{"ts": "2026-04-06T08:31:40.714741+00:00", "level": "INFO", "logger": "event_trader.runtime", "msg": "  POS: Yes  entry=0.021  now=0.021  pnl=0.0%  $-0.0000"}
{"ts": "2026-04-06T08:31:40.714800+00:00", "level": "INFO", "logger": "event_trader.runtime", "msg": "  POS: Yes  entry=0.021  now=0.021  pnl=0.0%  $-0.0000"}
{"ts": "2026-04-06T08:31:40.727053+00:00", "level": "INFO", "logger": "event_trader.runtime", "msg": "cycle ev_20260406T083136_1c320e (#5) done in 4.5s: scanned=600 signals=0 entries=0 exits=0 open=3 unrealized=$0.0000 realized=$0.0000"}
{"ts": "2026-04-06T08:31:51.101820+00:00", "level": "INFO", "logger": "event_trader.data_client", "msg": "fetched 600 markets across 7 pages"}
{"ts": "2026-04-06T08:31:51.102646+00:00", "level": "INFO", "logger": "event_trader.runtime", "msg": "cycle ev_20260406T083150_549dbd (#6): fetched 600 markets in 0.4s"}
{"ts": "2026-04-06T08:31:51.103431+00:00", "level": "INFO", "logger": "event_trader.scanner", "msg": "pre-filter: 234 candidates from 600 markets (skipped 966 expensive)"}
{"ts": "2026-04-06T08:31:56.201027+00:00", "level": "INFO", "logger": "event_trader.scanner", "msg": "scan summary: 234 candidates checked, 0 signals, filters: {'inactive': 0, 'no_orderbook': 0, 'bad_outcomes': 0, 'low_liquidity': 0, 'no_book': 0, 'too_expensive': 0, 'too_cheap': 0, 'wide_spread': 0, 'no_depth': 0, 'has_position': 3, 'recent_signal': 231, 'low_confidence': 0, 'no_asks': 0, 'price_prefilter': 966}"}
{"ts": "2026-04-06T08:31:56.202342+00:00", "level": "INFO", "logger": "event_trader.runtime", "msg": "scan: 0 signals found in 5.1s"}
{"ts": "2026-04-06T08:31:56.428255+00:00", "level": "INFO", "logger": "event_trader.runtime", "msg": "PORTFOLIO: 3 positions  cost=$6.00  value=$6.00  pnl=$-0.0001"}
{"ts": "2026-04-06T08:31:56.428385+00:00", "level": "INFO", "logger": "event_trader.runtime", "msg": "  POS: Yes  entry=0.021  now=0.021  pnl=0.0%  $-0.0000"}
{"ts": "2026-04-06T08:31:56.428449+00:00", "level": "INFO", "logger": "event_trader.runtime", "msg": "  POS: Yes  entry=0.021  now=0.021  pnl=0.0%  $-0.0000"}
{"ts": "2026-04-06T08:31:56.428505+00:00", "level": "INFO", "logger": "event_trader.runtime", "msg": "  POS: Yes  entry=0.021  now=0.021  pnl=0.0%  $-0.0000"}
{"ts": "2026-04-06T08:31:56.441097+00:00", "level": "INFO", "logger": "event_trader.runtime", "msg": "cycle ev_20260406T083150_549dbd (#6) done in 5.7s: scanned=600 signals=0 entries=0 exits=0 open=3 unrealized=$0.0000 realized=$0.0000"}
{"ts": "2026-04-06T08:32:06.870307+00:00", "level": "INFO", "logger": "event_trader.data_client", "msg": "fetched 600 markets across 7 pages"}
{"ts": "2026-04-06T08:32:06.870925+00:00", "level": "INFO", "logger": "event_trader.runtime", "msg": "cycle ev_20260406T083206_7be967 (#7): fetched 600 markets in 0.4s"}
{"ts": "2026-04-06T08:32:06.871622+00:00", "level": "INFO", "logger": "event_trader.scanner", "msg": "pre-filter: 234 candidates from 600 markets (skipped 966 expensive)"}
{"ts": "2026-04-06T08:32:11.981138+00:00", "level": "INFO", "logger": "event_trader.scanner", "msg": "scan summary: 234 candidates checked, 0 signals, filters: {'inactive': 0, 'no_orderbook': 0, 'bad_outcomes': 0, 'low_liquidity': 0, 'no_book': 0, 'too_expensive': 0, 'too_cheap': 0, 'wide_spread': 0, 'no_depth': 0, 'has_position': 3, 'recent_signal': 231, 'low_confidence': 0, 'no_asks': 0, 'price_prefilter': 966}"}
{"ts": "2026-04-06T08:32:11.982500+00:00", "level": "INFO", "logger": "event_trader.runtime", "msg": "scan: 0 signals found in 5.1s"}
{"ts": "2026-04-06T08:32:12.163793+00:00", "level": "INFO", "logger": "event_trader.runtime", "msg": "PORTFOLIO: 3 positions  cost=$6.00  value=$6.00  pnl=$-0.0001"}
{"ts": "2026-04-06T08:32:12.163906+00:00", "level": "INFO", "logger": "event_trader.runtime", "msg": "  POS: Yes  entry=0.021  now=0.021  pnl=0.0%  $-0.0000"}
{"ts": "2026-04-06T08:32:12.163973+00:00", "level": "INFO", "logger": "event_trader.runtime", "msg": "  POS: Yes  entry=0.021  now=0.021  pnl=0.0%  $-0.0000"}
{"ts": "2026-04-06T08:32:12.164030+00:00", "level": "INFO", "logger": "event_trader.runtime", "msg": "  POS: Yes  entry=0.021  now=0.021  pnl=0.0%  $-0.0000"}
{"ts": "2026-04-06T08:32:12.176376+00:00", "level": "INFO", "logger": "event_trader.runtime", "msg": "cycle ev_20260406T083206_7be967 (#7) done in 5.7s: scanned=600 signals=0 entries=0 exits=0 open=3 unrealized=$0.0000 realized=$0.0000"}
{"ts": "2026-04-06T08:32:22.562128+00:00", "level": "INFO", "logger": "event_trader.data_client", "msg": "fetched 600 markets across 7 pages"}
{"ts": "2026-04-06T08:32:22.562969+00:00", "level": "INFO", "logger": "event_trader.runtime", "msg": "cycle ev_20260406T083222_8b8264 (#8): fetched 600 markets in 0.4s"}
{"ts": "2026-04-06T08:32:22.564194+00:00", "level": "INFO", "logger": "event_trader.scanner", "msg": "pre-filter: 234 candidates from 600 markets (skipped 966 expensive)"}
{"ts": "2026-04-06T08:32:27.014218+00:00", "level": "INFO", "logger": "event_trader.scanner", "msg": "scan summary: 234 candidates checked, 0 signals, filters: {'inactive': 0, 'no_orderbook': 0, 'bad_outcomes': 0, 'low_liquidity': 0, 'no_book': 0, 'too_expensive': 0, 'too_cheap': 0, 'wide_spread': 0, 'no_depth': 0, 'has_position': 3, 'recent_signal': 231, 'low_confidence': 0, 'no_asks': 0, 'price_prefilter': 966}"}
{"ts": "2026-04-06T08:32:27.016218+00:00", "level": "INFO", "logger": "event_trader.runtime", "msg": "scan: 0 signals found in 4.5s"}
{"ts": "2026-04-06T08:32:27.189276+00:00", "level": "INFO", "logger": "event_trader.runtime", "msg": "PORTFOLIO: 3 positions  cost=$6.00  value=$6.00  pnl=$-0.0001"}
{"ts": "2026-04-06T08:32:27.189460+00:00", "level": "INFO", "logger": "event_trader.runtime", "msg": "  POS: Yes  entry=0.021  now=0.021  pnl=0.0%  $-0.0000"}
{"ts": "2026-04-06T08:32:27.189530+00:00", "level": "INFO", "logger": "event_trader.runtime", "msg": "  POS: Yes  entry=0.021  now=0.021  pnl=0.0%  $-0.0000"}
{"ts": "2026-04-06T08:32:27.189588+00:00", "level": "INFO", "logger": "event_trader.runtime", "msg": "  POS: Yes  entry=0.021  now=0.021  pnl=0.0%  $-0.0000"}
{"ts": "2026-04-06T08:32:27.202687+00:00", "level": "INFO", "logger": "event_trader.runtime", "msg": "cycle ev_20260406T083222_8b8264 (#8) done in 5.0s: scanned=600 signals=0 entries=0 exits=0 open=3 unrealized=$0.0000 realized=$0.0000"}
{"ts": "2026-04-06T08:32:37.503507+00:00", "level": "INFO", "logger": "event_trader.data_client", "msg": "fetched 600 markets across 7 pages"}
{"ts": "2026-04-06T08:32:37.504289+00:00", "level": "INFO", "logger": "event_trader.runtime", "msg": "cycle ev_20260406T083237_bd88a0 (#9): fetched 600 markets in 0.3s"}
{"ts": "2026-04-06T08:32:37.505097+00:00", "level": "INFO", "logger": "event_trader.scanner", "msg": "pre-filter: 234 candidates from 600 markets (skipped 966 expensive)"}
{"ts": "2026-04-06T08:32:41.431861+00:00", "level": "INFO", "logger": "event_trader.scanner", "msg": "scan summary: 234 candidates checked, 0 signals, filters: {'inactive': 0, 'no_orderbook': 0, 'bad_outcomes': 0, 'low_liquidity': 0, 'no_book': 0, 'too_expensive': 0, 'too_cheap': 0, 'wide_spread': 0, 'no_depth': 0, 'has_position': 3, 'recent_signal': 231, 'low_confidence': 0, 'no_asks': 0, 'price_prefilter': 966}"}
{"ts": "2026-04-06T08:32:41.434323+00:00", "level": "INFO", "logger": "event_trader.runtime", "msg": "scan: 0 signals found in 3.9s"}
{"ts": "2026-04-06T08:32:41.597344+00:00", "level": "INFO", "logger": "event_trader.runtime", "msg": "PORTFOLIO: 3 positions  cost=$6.00  value=$6.00  pnl=$-0.0001"}
{"ts": "2026-04-06T08:32:41.597594+00:00", "level": "INFO", "logger": "event_trader.runtime", "msg": "  POS: Yes  entry=0.021  now=0.021  pnl=0.0%  $-0.0000"}
{"ts": "2026-04-06T08:32:41.597726+00:00", "level": "INFO", "logger": "event_trader.runtime", "msg": "  POS: Yes  entry=0.021  now=0.021  pnl=0.0%  $-0.0000"}
{"ts": "2026-04-06T08:32:41.597830+00:00", "level": "INFO", "logger": "event_trader.runtime", "msg": "  POS: Yes  entry=0.021  now=0.021  pnl=0.0%  $-0.0000"}
{"ts": "2026-04-06T08:32:41.609864+00:00", "level": "INFO", "logger": "event_trader.runtime", "msg": "cycle ev_20260406T083237_bd88a0 (#9) done in 4.4s: scanned=600 signals=0 entries=0 exits=0 open=3 unrealized=$0.0000 realized=$0.0000"}
{"ts": "2026-04-06T08:32:51.977848+00:00", "level": "INFO", "logger": "event_trader.data_client", "msg": "fetched 600 markets across 7 pages"}
{"ts": "2026-04-06T08:32:51.978341+00:00", "level": "INFO", "logger": "event_trader.runtime", "msg": "cycle ev_20260406T083251_241bf5 (#10): fetched 600 markets in 0.4s"}
{"ts": "2026-04-06T08:32:51.979088+00:00", "level": "INFO", "logger": "event_trader.scanner", "msg": "pre-filter: 234 candidates from 600 markets (skipped 966 expensive)"}
{"ts": "2026-04-06T08:32:57.076920+00:00", "level": "INFO", "logger": "event_trader.scanner", "msg": "scan summary: 234 candidates checked, 0 signals, filters: {'inactive': 0, 'no_orderbook': 0, 'bad_outcomes': 0, 'low_liquidity': 0, 'no_book': 0, 'too_expensive': 0, 'too_cheap': 0, 'wide_spread': 0, 'no_depth': 0, 'has_position': 3, 'recent_signal': 231, 'low_confidence': 0, 'no_asks': 0, 'price_prefilter': 966}"}
{"ts": "2026-04-06T08:32:57.078718+00:00", "level": "INFO", "logger": "event_trader.runtime", "msg": "scan: 0 signals found in 5.1s"}
{"ts": "2026-04-06T08:32:57.306212+00:00", "level": "INFO", "logger": "event_trader.runtime", "msg": "PORTFOLIO: 3 positions  cost=$6.00  value=$6.00  pnl=$-0.0001"}
{"ts": "2026-04-06T08:32:57.306343+00:00", "level": "INFO", "logger": "event_trader.runtime", "msg": "  POS: Yes  entry=0.021  now=0.021  pnl=0.0%  $-0.0000"}
{"ts": "2026-04-06T08:32:57.306443+00:00", "level": "INFO", "logger": "event_trader.runtime", "msg": "  POS: Yes  entry=0.021  now=0.021  pnl=0.0%  $-0.0000"}
{"ts": "2026-04-06T08:32:57.306544+00:00", "level": "INFO", "logger": "event_trader.runtime", "msg": "  POS: Yes  entry=0.021  now=0.021  pnl=0.0%  $-0.0000"}
{"ts": "2026-04-06T08:32:57.317807+00:00", "level": "INFO", "logger": "event_trader.runtime", "msg": "cycle ev_20260406T083251_241bf5 (#10) done in 5.7s: scanned=600 signals=0 entries=0 exits=0 open=3 unrealized=$0.0000 realized=$0.0000"}
{"ts": "2026-04-06T08:33:07.767875+00:00", "level": "INFO", "logger": "event_trader.data_client", "msg": "fetched 600 markets across 7 pages"}
{"ts": "2026-04-06T08:33:07.768330+00:00", "level": "INFO", "logger": "event_trader.runtime", "msg": "cycle ev_20260406T083307_f89f0c (#11): fetched 600 markets in 0.4s"}
{"ts": "2026-04-06T08:33:07.769564+00:00", "level": "INFO", "logger": "event_trader.scanner", "msg": "pre-filter: 234 candidates from 600 markets (skipped 966 expensive)"}
{"ts": "2026-04-06T08:33:12.926692+00:00", "level": "INFO", "logger": "event_trader.scanner", "msg": "scan summary: 234 candidates checked, 0 signals, filters: {'inactive': 0, 'no_orderbook': 0, 'bad_outcomes': 0, 'low_liquidity': 0, 'no_book': 0, 'too_expensive': 0, 'too_cheap': 0, 'wide_spread': 0, 'no_depth': 0, 'has_position': 3, 'recent_signal': 231, 'low_confidence': 0, 'no_asks': 0, 'price_prefilter': 966}"}
{"ts": "2026-04-06T08:33:12.928475+00:00", "level": "INFO", "logger": "event_trader.runtime", "msg": "scan: 0 signals found in 5.2s"}
{"ts": "2026-04-06T08:33:13.139028+00:00", "level": "INFO", "logger": "event_trader.runtime", "msg": "PORTFOLIO: 3 positions  cost=$6.00  value=$6.00  pnl=$-0.0001"}
{"ts": "2026-04-06T08:33:13.139167+00:00", "level": "INFO", "logger": "event_trader.runtime", "msg": "  POS: Yes  entry=0.021  now=0.021  pnl=0.0%  $-0.0000"}
{"ts": "2026-04-06T08:33:13.139236+00:00", "level": "INFO", "logger": "event_trader.runtime", "msg": "  POS: Yes  entry=0.021  now=0.021  pnl=0.0%  $-0.0000"}
{"ts": "2026-04-06T08:33:13.139297+00:00", "level": "INFO", "logger": "event_trader.runtime", "msg": "  POS: Yes  entry=0.021  now=0.021  pnl=0.0%  $-0.0000"}
{"ts": "2026-04-06T08:33:13.150908+00:00", "level": "INFO", "logger": "event_trader.runtime", "msg": "cycle ev_20260406T083307_f89f0c (#11) done in 5.8s: scanned=600 signals=0 entries=0 exits=0 open=3 unrealized=$0.0000 realized=$0.0000"}
{"ts": "2026-04-06T08:33:23.557550+00:00", "level": "INFO", "logger": "event_trader.data_client", "msg": "fetched 600 markets across 7 pages"}
{"ts": "2026-04-06T08:33:23.557991+00:00", "level": "INFO", "logger": "event_trader.runtime", "msg": "cycle ev_20260406T083323_ca37d3 (#12): fetched 600 markets in 0.4s"}
{"ts": "2026-04-06T08:33:23.558833+00:00", "level": "INFO", "logger": "event_trader.scanner", "msg": "pre-filter: 234 candidates from 600 markets (skipped 966 expensive)"}
{"ts": "2026-04-06T08:33:28.756208+00:00", "level": "INFO", "logger": "event_trader.scanner", "msg": "scan summary: 234 candidates checked, 0 signals, filters: {'inactive': 0, 'no_orderbook': 0, 'bad_outcomes': 0, 'low_liquidity': 0, 'no_book': 0, 'too_expensive': 0, 'too_cheap': 0, 'wide_spread': 0, 'no_depth': 0, 'has_position': 3, 'recent_signal': 231, 'low_confidence': 0, 'no_asks': 0, 'price_prefilter': 966}"}
{"ts": "2026-04-06T08:33:28.758200+00:00", "level": "INFO", "logger": "event_trader.runtime", "msg": "scan: 0 signals found in 5.2s"}
{"ts": "2026-04-06T08:33:28.922352+00:00", "level": "INFO", "logger": "event_trader.runtime", "msg": "PORTFOLIO: 3 positions  cost=$6.00  value=$6.00  pnl=$-0.0001"}
{"ts": "2026-04-06T08:33:28.922478+00:00", "level": "INFO", "logger": "event_trader.runtime", "msg": "  POS: Yes  entry=0.021  now=0.021  pnl=0.0%  $-0.0000"}
{"ts": "2026-04-06T08:33:28.922545+00:00", "level": "INFO", "logger": "event_trader.runtime", "msg": "  POS: Yes  entry=0.021  now=0.021  pnl=0.0%  $-0.0000"}
{"ts": "2026-04-06T08:33:28.922601+00:00", "level": "INFO", "logger": "event_trader.runtime", "msg": "  POS: Yes  entry=0.021  now=0.021  pnl=0.0%  $-0.0000"}
{"ts": "2026-04-06T08:33:28.933631+00:00", "level": "INFO", "logger": "event_trader.runtime", "msg": "cycle ev_20260406T083323_ca37d3 (#12) done in 5.8s: scanned=600 signals=0 entries=0 exits=0 open=3 unrealized=$0.0000 realized=$0.0000"}
{"ts": "2026-04-06T08:33:39.335784+00:00", "level": "INFO", "logger": "event_trader.data_client", "msg": "fetched 600 markets across 7 pages"}
{"ts": "2026-04-06T08:33:39.336126+00:00", "level": "INFO", "logger": "event_trader.runtime", "msg": "cycle ev_20260406T083338_2b69b8 (#13): fetched 600 markets in 0.4s"}
{"ts": "2026-04-06T08:33:39.336928+00:00", "level": "INFO", "logger": "event_trader.scanner", "msg": "pre-filter: 234 candidates from 600 markets (skipped 966 expensive)"}
{"ts": "2026-04-06T08:33:44.578710+00:00", "level": "INFO", "logger": "event_trader.scanner", "msg": "scan summary: 234 candidates checked, 0 signals, filters: {'inactive': 0, 'no_orderbook': 0, 'bad_outcomes': 0, 'low_liquidity': 0, 'no_book': 0, 'too_expensive': 0, 'too_cheap': 0, 'wide_spread': 0, 'no_depth': 0, 'has_position': 3, 'recent_signal': 231, 'low_confidence': 0, 'no_asks': 0, 'price_prefilter': 966}"}
{"ts": "2026-04-06T08:33:44.581029+00:00", "level": "INFO", "logger": "event_trader.runtime", "msg": "scan: 0 signals found in 5.2s"}
{"ts": "2026-04-06T08:33:44.787711+00:00", "level": "INFO", "logger": "event_trader.runtime", "msg": "PORTFOLIO: 3 positions  cost=$6.00  value=$6.00  pnl=$-0.0001"}
{"ts": "2026-04-06T08:33:44.787935+00:00", "level": "INFO", "logger": "event_trader.runtime", "msg": "  POS: Yes  entry=0.021  now=0.021  pnl=0.0%  $-0.0000"}
{"ts": "2026-04-06T08:33:44.788068+00:00", "level": "INFO", "logger": "event_trader.runtime", "msg": "  POS: Yes  entry=0.021  now=0.021  pnl=0.0%  $-0.0000"}
{"ts": "2026-04-06T08:33:44.788199+00:00", "level": "INFO", "logger": "event_trader.runtime", "msg": "  POS: Yes  entry=0.021  now=0.021  pnl=0.0%  $-0.0000"}
{"ts": "2026-04-06T08:33:44.801994+00:00", "level": "INFO", "logger": "event_trader.runtime", "msg": "cycle ev_20260406T083338_2b69b8 (#13) done in 5.9s: scanned=600 signals=0 entries=0 exits=0 open=3 unrealized=$0.0000 realized=$0.0000"}
{"ts": "2026-04-06T08:33:55.198018+00:00", "level": "INFO", "logger": "event_trader.data_client", "msg": "fetched 600 markets across 7 pages"}
{"ts": "2026-04-06T08:33:55.198445+00:00", "level": "INFO", "logger": "event_trader.runtime", "msg": "cycle ev_20260406T083354_0e3504 (#14): fetched 600 markets in 0.4s"}
{"ts": "2026-04-06T08:33:55.199107+00:00", "level": "INFO", "logger": "event_trader.scanner", "msg": "pre-filter: 234 candidates from 600 markets (skipped 966 expensive)"}
