{"ts": "2026-04-06T08:57:44.090601+00:00", "level": "INFO", "logger": "__main__", "msg": "======================================================================"}
{"ts": "2026-04-06T08:57:44.090889+00:00", "level": "INFO", "logger": "__main__", "msg": "EVENT TRADER  mode=dry_run  run_dir=ev_runs\\20260406_085744"}
{"ts": "2026-04-06T08:57:44.091098+00:00", "level": "INFO", "logger": "__main__", "msg": "======================================================================"}
{"ts": "2026-04-06T08:57:44.092604+00:00", "level": "INFO", "logger": "__main__", "msg": "config: {\"gamma_host\": \"https://gamma-api.polymarket.com\", \"clob_host\": \"https://clob.polymarket.com\", \"chain_id\": 137, \"private_key\": \"0x59...68c5\", \"funder\": \"\", \"signature_type\": 0, \"api_key\": \"(not set)\", \"api_secret\": \"(not set)\", \"api_passphrase\": \"(not set)\", \"mode\": \"dry_run\", \"dry_run\": true, \"poll_interval_seconds\": 5.0, \"log_json\": true, \"scan_limit\": 600, \"min_liquidity\": 100.0, \"min_volume\": 0.0, \"max_entry_price\": 0.8, \"min_entry_price\": 0.02, \"min_book_depth_usd\": 10.0, \"min_spread_ratio\": 1.5, \"position_size_usd\": 5.0, \"longshot_size_usd\": 2.0, \"highprob_size_usd\": 8.0, \"longshot_ceiling\": 0.3, \"highprob_floor\": 0.55, \"max_contracts_per_entry\": 500.0, \"max_positions\": 20, \"take_profit_pct\": 0.5, \"stop_loss_pct\": 0.4, \"trailing_stop_pct\": 0.0, \"longshot_take_profit_pct\": 1.5, \"longshot_stop_loss_pct\": 0.5, \"highprob_take_profit_pct\": 0.3, \"highprob_stop_loss_pct\": 0.2, \"max_total_exposure_usd\": 100.0, \"max_daily_loss_usd\": 25.0, \"max_per_market_usd\": 20.0, \"emergency_stop\": false, \"request_timeout_seconds\": 8.0, \"max_request_retries\": 2, \"retry_backoff_seconds\": 0.3, \"max_workers\": 10, \"state_db_path\": \"ev_bot_state.sqlite3\", \"log_path\": \"ev_runtime.log\", \"report_path\": \"ev_cycle_report.jsonl\", \"run_dir\": \"ev_runs\\\\20260406_085744\", \"python\": \"3.13.5 (tags/v3.13.5:6cb20a2, Jun 11 2025, 16:15:46) [MSC v.1943 64 bit (AMD64)]\", \"pid\": 13636}"}
{"ts": "2026-04-06T08:57:44.229460+00:00", "level": "INFO", "logger": "event_trader.runtime", "msg": "event trader started  mode=dry_run  poll=5.0s  entry_range=$0.02-$0.80  tiers: longshot(<$0.30)=$2 mid=$5 highprob(>$0.55)=$8  max_positions=20"}
{"ts": "2026-04-06T08:57:45.201010+00:00", "level": "INFO", "logger": "event_trader.data_client", "msg": "fetched 600 markets across 7 pages"}
{"ts": "2026-04-06T08:57:45.201450+00:00", "level": "INFO", "logger": "event_trader.runtime", "msg": "cycle ev_20260406T085744_649a37 (#1): fetched 600 markets in 1.0s"}
{"ts": "2026-04-06T08:57:45.202191+00:00", "level": "INFO", "logger": "event_trader.scanner", "msg": "pre-filter: 234 candidates from 600 markets (skipped 966 expensive)"}
{"ts": "2026-04-06T08:57:51.218786+00:00", "level": "INFO", "logger": "event_trader.scanner", "msg": "scan summary: 234 candidates checked, 234 signals, filters: {'inactive': 0, 'no_orderbook': 0, 'bad_outcomes': 0, 'low_liquidity': 0, 'no_book': 0, 'too_expensive': 0, 'too_cheap': 0, 'wide_spread': 0, 'no_depth': 0, 'has_position': 0, 'recent_signal': 0, 'low_confidence': 0, 'no_asks': 0, 'price_prefilter': 966}"}
{"ts": "2026-04-06T08:57:51.219859+00:00", "level": "INFO", "logger": "event_trader.runtime", "msg": "scan: 234 signals found in 6.0s"}
{"ts": "2026-04-06T08:57:51.219947+00:00", "level": "INFO", "logger": "event_trader.runtime", "msg": "SIGNAL [longshot $2]: $0.021  conf=0.99  Yes  \"Will the Anaheim Ducks win the 2026 NHL Stanley Cup?\"  price=$0.021 | tier=longshot | size=$2 | liq=$175559 | vol=$785436 | spread=0.998 | depth=$6887504 | conf=0.99"}
{"ts": "2026-04-06T08:57:51.220013+00:00", "level": "INFO", "logger": "event_trader.runtime", "msg": "SIGNAL [longshot $2]: $0.020  conf=0.99  Yes  \"Will Japan win the 2026 FIFA World Cup?\"  price=$0.020 | tier=longshot | size=$2 | liq=$311147 | vol=$10928768 | spread=0.998 | depth=$12334533 | conf=0.99"}
{"ts": "2026-04-06T08:57:51.220091+00:00", "level": "INFO", "logger": "event_trader.runtime", "msg": "SIGNAL [longshot $2]: $0.021  conf=0.99  Yes  \"Will Andy Beshear win the 2028 Democratic presidential nomin\"  price=$0.021 | tier=longshot | size=$2 | liq=$600398 | vol=$7873645 | spread=0.998 | depth=$6075365 | conf=0.99"}
{"ts": "2026-04-06T08:57:51.220278+00:00", "level": "INFO", "logger": "event_trader.runtime", "msg": "SIGNAL [longshot $2]: $0.021  conf=0.99  Yes  \"Will Josh Shapiro win the 2028 US Presidential Election?\"  price=$0.021 | tier=longshot | size=$2 | liq=$371743 | vol=$5448485 | spread=0.998 | depth=$8140487 | conf=0.99"}
{"ts": "2026-04-06T08:57:51.220374+00:00", "level": "INFO", "logger": "event_trader.runtime", "msg": "SIGNAL [longshot $2]: $0.022  conf=0.99  Yes  \"Will the Minnesota Timberwolves win the 2026 NBA Finals?\"  price=$0.022 | tier=longshot | size=$2 | liq=$264973 | vol=$5255540 | spread=0.998 | depth=$8982982 | conf=0.99"}
{"ts": "2026-04-06T08:57:51.263791+00:00", "level": "INFO", "logger": "event_trader.executor", "msg": "DRY_BUY [longshot]: 98 contracts @ $0.021 = $2.00  Yes  Will the Anaheim Ducks win the 2026 NHL Stanley Cup?"}
{"ts": "2026-04-06T08:57:51.305571+00:00", "level": "INFO", "logger": "event_trader.executor", "msg": "DRY_BUY [mid]: 14 contracts @ $0.350 = $5.00  Yes  Will the next Prime Minister of Hungary be Viktor Orb\u00e1n?"}
{"ts": "2026-04-06T08:57:51.356677+00:00", "level": "INFO", "logger": "event_trader.executor", "msg": "DRY_BUY [highprob]: 13 contracts @ $0.595 = $8.00  No  Will the Republicans win the 2028 US Presidential Election?"}
{"ts": "2026-04-06T08:57:54.199638+00:00", "level": "INFO", "logger": "event_trader.runtime", "msg": "PORTFOLIO: 3 positions  cost=$15.00  value=$15.00  pnl=$0.0000"}
{"ts": "2026-04-06T08:57:54.199762+00:00", "level": "INFO", "logger": "event_trader.runtime", "msg": "  POS: Yes  entry=0.021  now=0.021  pnl=0.0%  $-0.0000"}
{"ts": "2026-04-06T08:57:54.199829+00:00", "level": "INFO", "logger": "event_trader.runtime", "msg": "  POS: Yes  entry=0.350  now=0.350  pnl=0.0%  $-0.0000"}
{"ts": "2026-04-06T08:57:54.199886+00:00", "level": "INFO", "logger": "event_trader.runtime", "msg": "  POS: No  entry=0.595  now=0.595  pnl=0.0%  $0.0000"}
{"ts": "2026-04-06T08:57:54.217191+00:00", "level": "INFO", "logger": "event_trader.runtime", "msg": "cycle ev_20260406T085744_649a37 (#1) done in 10.0s: scanned=600 signals=234 entries=3 exits=0 open=3 unrealized=$0.0000 realized=$0.0000"}
{"ts": "2026-04-06T08:57:59.639185+00:00", "level": "INFO", "logger": "event_trader.data_client", "msg": "fetched 600 markets across 7 pages"}
{"ts": "2026-04-06T08:57:59.639661+00:00", "level": "INFO", "logger": "event_trader.runtime", "msg": "cycle ev_20260406T085759_6e74b1 (#2): fetched 600 markets in 0.4s"}
{"ts": "2026-04-06T08:57:59.640435+00:00", "level": "INFO", "logger": "event_trader.scanner", "msg": "pre-filter: 234 candidates from 600 markets (skipped 966 expensive)"}
{"ts": "2026-04-06T08:58:04.771958+00:00", "level": "INFO", "logger": "event_trader.scanner", "msg": "scan summary: 234 candidates checked, 0 signals, filters: {'inactive': 0, 'no_orderbook': 0, 'bad_outcomes': 0, 'low_liquidity': 0, 'no_book': 0, 'too_expensive': 0, 'too_cheap': 0, 'wide_spread': 0, 'no_depth': 0, 'has_position': 3, 'recent_signal': 231, 'low_confidence': 0, 'no_asks': 0, 'price_prefilter': 966}"}
{"ts": "2026-04-06T08:58:04.773188+00:00", "level": "INFO", "logger": "event_trader.runtime", "msg": "scan: 0 signals found in 5.1s"}
{"ts": "2026-04-06T08:58:04.985731+00:00", "level": "INFO", "logger": "event_trader.runtime", "msg": "PORTFOLIO: 3 positions  cost=$15.00  value=$15.00  pnl=$0.0000"}
{"ts": "2026-04-06T08:58:04.985868+00:00", "level": "INFO", "logger": "event_trader.runtime", "msg": "  POS: Yes  entry=0.021  now=0.021  pnl=0.0%  $-0.0000"}
{"ts": "2026-04-06T08:58:04.985933+00:00", "level": "INFO", "logger": "event_trader.runtime", "msg": "  POS: Yes  entry=0.350  now=0.350  pnl=0.0%  $-0.0000"}
{"ts": "2026-04-06T08:58:04.985988+00:00", "level": "INFO", "logger": "event_trader.runtime", "msg": "  POS: No  entry=0.595  now=0.595  pnl=0.0%  $0.0000"}
{"ts": "2026-04-06T08:58:04.998463+00:00", "level": "INFO", "logger": "event_trader.runtime", "msg": "cycle ev_20260406T085759_6e74b1 (#2) done in 5.8s: scanned=600 signals=0 entries=0 exits=0 open=3 unrealized=$0.0000 realized=$0.0000"}
{"ts": "2026-04-06T08:58:10.420152+00:00", "level": "INFO", "logger": "event_trader.data_client", "msg": "fetched 600 markets across 7 pages"}
{"ts": "2026-04-06T08:58:10.420711+00:00", "level": "INFO", "logger": "event_trader.runtime", "msg": "cycle ev_20260406T085809_bd2888 (#3): fetched 600 markets in 0.4s"}
{"ts": "2026-04-06T08:58:10.421514+00:00", "level": "INFO", "logger": "event_trader.scanner", "msg": "pre-filter: 234 candidates from 600 markets (skipped 966 expensive)"}
{"ts": "2026-04-06T08:58:14.574174+00:00", "level": "INFO", "logger": "event_trader.scanner", "msg": "scan summary: 234 candidates checked, 0 signals, filters: {'inactive': 0, 'no_orderbook': 0, 'bad_outcomes': 0, 'low_liquidity': 0, 'no_book': 0, 'too_expensive': 0, 'too_cheap': 0, 'wide_spread': 0, 'no_depth': 0, 'has_position': 3, 'recent_signal': 231, 'low_confidence': 0, 'no_asks': 0, 'price_prefilter': 966}"}
{"ts": "2026-04-06T08:58:14.575725+00:00", "level": "INFO", "logger": "event_trader.runtime", "msg": "scan: 0 signals found in 4.2s"}
{"ts": "2026-04-06T08:58:14.738024+00:00", "level": "INFO", "logger": "event_trader.runtime", "msg": "PORTFOLIO: 3 positions  cost=$15.00  value=$15.00  pnl=$0.0000"}
{"ts": "2026-04-06T08:58:14.738133+00:00", "level": "INFO", "logger": "event_trader.runtime", "msg": "  POS: Yes  entry=0.021  now=0.021  pnl=0.0%  $-0.0000"}
{"ts": "2026-04-06T08:58:14.738196+00:00", "level": "INFO", "logger": "event_trader.runtime", "msg": "  POS: Yes  entry=0.350  now=0.350  pnl=0.0%  $-0.0000"}
{"ts": "2026-04-06T08:58:14.738251+00:00", "level": "INFO", "logger": "event_trader.runtime", "msg": "  POS: No  entry=0.595  now=0.595  pnl=0.0%  $0.0000"}
{"ts": "2026-04-06T08:58:14.749464+00:00", "level": "INFO", "logger": "event_trader.runtime", "msg": "cycle ev_20260406T085809_bd2888 (#3) done in 4.7s: scanned=600 signals=0 entries=0 exits=0 open=3 unrealized=$0.0000 realized=$0.0000"}
{"ts": "2026-04-06T08:58:20.063907+00:00", "level": "INFO", "logger": "event_trader.data_client", "msg": "fetched 600 markets across 7 pages"}
{"ts": "2026-04-06T08:58:20.064562+00:00", "level": "INFO", "logger": "event_trader.runtime", "msg": "cycle ev_20260406T085819_716d9f (#4): fetched 600 markets in 0.3s"}
{"ts": "2026-04-06T08:58:20.065539+00:00", "level": "INFO", "logger": "event_trader.scanner", "msg": "pre-filter: 234 candidates from 600 markets (skipped 966 expensive)"}
{"ts": "2026-04-06T08:58:25.149654+00:00", "level": "INFO", "logger": "event_trader.scanner", "msg": "scan summary: 234 candidates checked, 0 signals, filters: {'inactive': 0, 'no_orderbook': 0, 'bad_outcomes': 0, 'low_liquidity': 0, 'no_book': 0, 'too_expensive': 0, 'too_cheap': 0, 'wide_spread': 0, 'no_depth': 0, 'has_position': 3, 'recent_signal': 231, 'low_confidence': 0, 'no_asks': 0, 'price_prefilter': 966}"}
{"ts": "2026-04-06T08:58:25.150929+00:00", "level": "INFO", "logger": "event_trader.runtime", "msg": "scan: 0 signals found in 5.1s"}
{"ts": "2026-04-06T08:58:25.388593+00:00", "level": "INFO", "logger": "event_trader.runtime", "msg": "PORTFOLIO: 3 positions  cost=$15.00  value=$15.00  pnl=$0.0000"}
{"ts": "2026-04-06T08:58:25.388700+00:00", "level": "INFO", "logger": "event_trader.runtime", "msg": "  POS: Yes  entry=0.021  now=0.021  pnl=0.0%  $-0.0000"}
{"ts": "2026-04-06T08:58:25.388762+00:00", "level": "INFO", "logger": "event_trader.runtime", "msg": "  POS: Yes  entry=0.350  now=0.350  pnl=0.0%  $-0.0000"}
{"ts": "2026-04-06T08:58:25.388816+00:00", "level": "INFO", "logger": "event_trader.runtime", "msg": "  POS: No  entry=0.595  now=0.595  pnl=0.0%  $0.0000"}
{"ts": "2026-04-06T08:58:25.405350+00:00", "level": "INFO", "logger": "event_trader.runtime", "msg": "cycle ev_20260406T085819_716d9f (#4) done in 5.6s: scanned=600 signals=0 entries=0 exits=0 open=3 unrealized=$0.0000 realized=$0.0000"}
{"ts": "2026-04-06T08:58:30.818950+00:00", "level": "INFO", "logger": "event_trader.data_client", "msg": "fetched 600 markets across 7 pages"}
{"ts": "2026-04-06T08:58:30.819558+00:00", "level": "INFO", "logger": "event_trader.runtime", "msg": "cycle ev_20260406T085830_2fd1fc (#5): fetched 600 markets in 0.4s"}
{"ts": "2026-04-06T08:58:30.820431+00:00", "level": "INFO", "logger": "event_trader.scanner", "msg": "pre-filter: 234 candidates from 600 markets (skipped 966 expensive)"}
{"ts": "2026-04-06T08:58:37.035893+00:00", "level": "INFO", "logger": "event_trader.scanner", "msg": "scan summary: 234 candidates checked, 0 signals, filters: {'inactive': 0, 'no_orderbook': 0, 'bad_outcomes': 0, 'low_liquidity': 0, 'no_book': 0, 'too_expensive': 0, 'too_cheap': 0, 'wide_spread': 0, 'no_depth': 0, 'has_position': 3, 'recent_signal': 231, 'low_confidence': 0, 'no_asks': 0, 'price_prefilter': 966}"}
{"ts": "2026-04-06T08:58:37.037250+00:00", "level": "INFO", "logger": "event_trader.runtime", "msg": "scan: 0 signals found in 6.2s"}
{"ts": "2026-04-06T08:58:37.280268+00:00", "level": "INFO", "logger": "event_trader.runtime", "msg": "PORTFOLIO: 3 positions  cost=$15.00  value=$15.00  pnl=$0.0000"}
{"ts": "2026-04-06T08:58:37.280379+00:00", "level": "INFO", "logger": "event_trader.runtime", "msg": "  POS: Yes  entry=0.021  now=0.021  pnl=0.0%  $-0.0000"}
{"ts": "2026-04-06T08:58:37.280444+00:00", "level": "INFO", "logger": "event_trader.runtime", "msg": "  POS: Yes  entry=0.350  now=0.350  pnl=0.0%  $-0.0000"}
{"ts": "2026-04-06T08:58:37.280500+00:00", "level": "INFO", "logger": "event_trader.runtime", "msg": "  POS: No  entry=0.595  now=0.595  pnl=0.0%  $0.0000"}
{"ts": "2026-04-06T08:58:37.295192+00:00", "level": "INFO", "logger": "event_trader.runtime", "msg": "cycle ev_20260406T085830_2fd1fc (#5) done in 6.9s: scanned=600 signals=0 entries=0 exits=0 open=3 unrealized=$0.0000 realized=$0.0000"}
{"ts": "2026-04-06T08:58:42.676195+00:00", "level": "INFO", "logger": "event_trader.data_client", "msg": "fetched 600 markets across 7 pages"}
{"ts": "2026-04-06T08:58:42.676933+00:00", "level": "INFO", "logger": "event_trader.runtime", "msg": "cycle ev_20260406T085842_004242 (#6): fetched 600 markets in 0.4s"}
{"ts": "2026-04-06T08:58:42.677803+00:00", "level": "INFO", "logger": "event_trader.scanner", "msg": "pre-filter: 234 candidates from 600 markets (skipped 966 expensive)"}
{"ts": "2026-04-06T08:58:47.745415+00:00", "level": "INFO", "logger": "event_trader.scanner", "msg": "scan summary: 234 candidates checked, 0 signals, filters: {'inactive': 0, 'no_orderbook': 0, 'bad_outcomes': 0, 'low_liquidity': 0, 'no_book': 0, 'too_expensive': 0, 'too_cheap': 0, 'wide_spread': 0, 'no_depth': 0, 'has_position': 3, 'recent_signal': 231, 'low_confidence': 0, 'no_asks': 0, 'price_prefilter': 966}"}
{"ts": "2026-04-06T08:58:47.746807+00:00", "level": "INFO", "logger": "event_trader.runtime", "msg": "scan: 0 signals found in 5.1s"}
{"ts": "2026-04-06T08:58:47.986363+00:00", "level": "INFO", "logger": "event_trader.runtime", "msg": "PORTFOLIO: 3 positions  cost=$15.00  value=$15.00  pnl=$0.0000"}
{"ts": "2026-04-06T08:58:47.986479+00:00", "level": "INFO", "logger": "event_trader.runtime", "msg": "  POS: Yes  entry=0.021  now=0.021  pnl=0.0%  $-0.0000"}
{"ts": "2026-04-06T08:58:47.986546+00:00", "level": "INFO", "logger": "event_trader.runtime", "msg": "  POS: Yes  entry=0.350  now=0.350  pnl=0.0%  $-0.0000"}
{"ts": "2026-04-06T08:58:47.986601+00:00", "level": "INFO", "logger": "event_trader.runtime", "msg": "  POS: No  entry=0.595  now=0.595  pnl=0.0%  $0.0000"}
{"ts": "2026-04-06T08:58:47.997755+00:00", "level": "INFO", "logger": "event_trader.runtime", "msg": "cycle ev_20260406T085842_004242 (#6) done in 5.7s: scanned=600 signals=0 entries=0 exits=0 open=3 unrealized=$0.0000 realized=$0.0000"}
{"ts": "2026-04-06T08:58:53.419811+00:00", "level": "INFO", "logger": "event_trader.data_client", "msg": "fetched 600 markets across 7 pages"}
{"ts": "2026-04-06T08:58:53.420291+00:00", "level": "INFO", "logger": "event_trader.runtime", "msg": "cycle ev_20260406T085852_797c49 (#7): fetched 600 markets in 0.4s"}
{"ts": "2026-04-06T08:58:53.421328+00:00", "level": "INFO", "logger": "event_trader.scanner", "msg": "pre-filter: 234 candidates from 600 markets (skipped 966 expensive)"}
{"ts": "2026-04-06T08:58:58.579013+00:00", "level": "INFO", "logger": "event_trader.scanner", "msg": "scan summary: 234 candidates checked, 0 signals, filters: {'inactive': 0, 'no_orderbook': 0, 'bad_outcomes': 0, 'low_liquidity': 0, 'no_book': 0, 'too_expensive': 0, 'too_cheap': 0, 'wide_spread': 0, 'no_depth': 0, 'has_position': 3, 'recent_signal': 231, 'low_confidence': 0, 'no_asks': 0, 'price_prefilter': 966}"}
{"ts": "2026-04-06T08:58:58.580778+00:00", "level": "INFO", "logger": "event_trader.runtime", "msg": "scan: 0 signals found in 5.2s"}
{"ts": "2026-04-06T08:58:58.760214+00:00", "level": "INFO", "logger": "event_trader.runtime", "msg": "PORTFOLIO: 3 positions  cost=$15.00  value=$15.00  pnl=$0.0000"}
{"ts": "2026-04-06T08:58:58.760384+00:00", "level": "INFO", "logger": "event_trader.runtime", "msg": "  POS: Yes  entry=0.021  now=0.021  pnl=0.0%  $-0.0000"}
{"ts": "2026-04-06T08:58:58.760454+00:00", "level": "INFO", "logger": "event_trader.runtime", "msg": "  POS: Yes  entry=0.350  now=0.350  pnl=0.0%  $-0.0000"}
{"ts": "2026-04-06T08:58:58.760511+00:00", "level": "INFO", "logger": "event_trader.runtime", "msg": "  POS: No  entry=0.595  now=0.595  pnl=0.0%  $0.0000"}
{"ts": "2026-04-06T08:58:58.774636+00:00", "level": "INFO", "logger": "event_trader.runtime", "msg": "cycle ev_20260406T085852_797c49 (#7) done in 5.8s: scanned=600 signals=0 entries=0 exits=0 open=3 unrealized=$0.0000 realized=$0.0000"}
{"ts": "2026-04-06T08:59:04.221888+00:00", "level": "INFO", "logger": "event_trader.data_client", "msg": "fetched 600 markets across 7 pages"}
{"ts": "2026-04-06T08:59:04.222560+00:00", "level": "INFO", "logger": "event_trader.runtime", "msg": "cycle ev_20260406T085903_a33a09 (#8): fetched 600 markets in 0.4s"}
{"ts": "2026-04-06T08:59:04.223663+00:00", "level": "INFO", "logger": "event_trader.scanner", "msg": "pre-filter: 234 candidates from 600 markets (skipped 966 expensive)"}
{"ts": "2026-04-06T08:59:09.159213+00:00", "level": "INFO", "logger": "event_trader.scanner", "msg": "scan summary: 234 candidates checked, 0 signals, filters: {'inactive': 0, 'no_orderbook': 0, 'bad_outcomes': 0, 'low_liquidity': 0, 'no_book': 0, 'too_expensive': 0, 'too_cheap': 0, 'wide_spread': 0, 'no_depth': 0, 'has_position': 3, 'recent_signal': 231, 'low_confidence': 0, 'no_asks': 0, 'price_prefilter': 966}"}
{"ts": "2026-04-06T08:59:09.160963+00:00", "level": "INFO", "logger": "event_trader.runtime", "msg": "scan: 0 signals found in 4.9s"}
{"ts": "2026-04-06T08:59:09.399034+00:00", "level": "INFO", "logger": "event_trader.runtime", "msg": "PORTFOLIO: 3 positions  cost=$15.00  value=$15.00  pnl=$0.0000"}
{"ts": "2026-04-06T08:59:09.399151+00:00", "level": "INFO", "logger": "event_trader.runtime", "msg": "  POS: Yes  entry=0.021  now=0.021  pnl=0.0%  $-0.0000"}
{"ts": "2026-04-06T08:59:09.399222+00:00", "level": "INFO", "logger": "event_trader.runtime", "msg": "  POS: Yes  entry=0.350  now=0.350  pnl=0.0%  $-0.0000"}
{"ts": "2026-04-06T08:59:09.399281+00:00", "level": "INFO", "logger": "event_trader.runtime", "msg": "  POS: No  entry=0.595  now=0.595  pnl=0.0%  $0.0000"}
{"ts": "2026-04-06T08:59:09.411889+00:00", "level": "INFO", "logger": "event_trader.runtime", "msg": "cycle ev_20260406T085903_a33a09 (#8) done in 5.6s: scanned=600 signals=0 entries=0 exits=0 open=3 unrealized=$0.0000 realized=$0.0000"}
{"ts": "2026-04-06T08:59:14.836707+00:00", "level": "INFO", "logger": "event_trader.data_client", "msg": "fetched 600 markets across 7 pages"}
{"ts": "2026-04-06T08:59:14.837511+00:00", "level": "INFO", "logger": "event_trader.runtime", "msg": "cycle ev_20260406T085914_46f58e (#9): fetched 600 markets in 0.4s"}
{"ts": "2026-04-06T08:59:14.838493+00:00", "level": "INFO", "logger": "event_trader.scanner", "msg": "pre-filter: 234 candidates from 600 markets (skipped 966 expensive)"}
{"ts": "2026-04-06T08:59:19.946810+00:00", "level": "INFO", "logger": "event_trader.scanner", "msg": "scan summary: 234 candidates checked, 0 signals, filters: {'inactive': 0, 'no_orderbook': 0, 'bad_outcomes': 0, 'low_liquidity': 0, 'no_book': 0, 'too_expensive': 0, 'too_cheap': 0, 'wide_spread': 0, 'no_depth': 0, 'has_position': 3, 'recent_signal': 231, 'low_confidence': 0, 'no_asks': 0, 'price_prefilter': 966}"}
{"ts": "2026-04-06T08:59:19.948467+00:00", "level": "INFO", "logger": "event_trader.runtime", "msg": "scan: 0 signals found in 5.1s"}
{"ts": "2026-04-06T08:59:20.221609+00:00", "level": "INFO", "logger": "event_trader.runtime", "msg": "PORTFOLIO: 3 positions  cost=$15.00  value=$15.00  pnl=$0.0000"}
{"ts": "2026-04-06T08:59:20.221767+00:00", "level": "INFO", "logger": "event_trader.runtime", "msg": "  POS: Yes  entry=0.021  now=0.021  pnl=0.0%  $-0.0000"}
{"ts": "2026-04-06T08:59:20.221870+00:00", "level": "INFO", "logger": "event_trader.runtime", "msg": "  POS: Yes  entry=0.350  now=0.350  pnl=0.0%  $-0.0000"}
{"ts": "2026-04-06T08:59:20.221960+00:00", "level": "INFO", "logger": "event_trader.runtime", "msg": "  POS: No  entry=0.595  now=0.595  pnl=0.0%  $0.0000"}
{"ts": "2026-04-06T08:59:20.234730+00:00", "level": "INFO", "logger": "event_trader.runtime", "msg": "cycle ev_20260406T085914_46f58e (#9) done in 5.8s: scanned=600 signals=0 entries=0 exits=0 open=3 unrealized=$0.0000 realized=$0.0000"}
{"ts": "2026-04-06T08:59:25.683464+00:00", "level": "INFO", "logger": "event_trader.data_client", "msg": "fetched 600 markets across 7 pages"}
{"ts": "2026-04-06T08:59:25.684260+00:00", "level": "INFO", "logger": "event_trader.runtime", "msg": "cycle ev_20260406T085925_4743ec (#10): fetched 600 markets in 0.4s"}
{"ts": "2026-04-06T08:59:25.685724+00:00", "level": "INFO", "logger": "event_trader.scanner", "msg": "pre-filter: 234 candidates from 600 markets (skipped 966 expensive)"}
{"ts": "2026-04-06T08:59:30.810231+00:00", "level": "INFO", "logger": "event_trader.scanner", "msg": "scan summary: 234 candidates checked, 0 signals, filters: {'inactive': 0, 'no_orderbook': 0, 'bad_outcomes': 0, 'low_liquidity': 0, 'no_book': 0, 'too_expensive': 0, 'too_cheap': 0, 'wide_spread': 0, 'no_depth': 0, 'has_position': 3, 'recent_signal': 231, 'low_confidence': 0, 'no_asks': 0, 'price_prefilter': 966}"}
{"ts": "2026-04-06T08:59:30.811946+00:00", "level": "INFO", "logger": "event_trader.runtime", "msg": "scan: 0 signals found in 5.1s"}
{"ts": "2026-04-06T08:59:31.010606+00:00", "level": "INFO", "logger": "event_trader.runtime", "msg": "PORTFOLIO: 3 positions  cost=$15.00  value=$15.00  pnl=$0.0000"}
{"ts": "2026-04-06T08:59:31.010724+00:00", "level": "INFO", "logger": "event_trader.runtime", "msg": "  POS: Yes  entry=0.021  now=0.021  pnl=0.0%  $-0.0000"}
{"ts": "2026-04-06T08:59:31.010789+00:00", "level": "INFO", "logger": "event_trader.runtime", "msg": "  POS: Yes  entry=0.350  now=0.350  pnl=0.0%  $-0.0000"}
{"ts": "2026-04-06T08:59:31.010846+00:00", "level": "INFO", "logger": "event_trader.runtime", "msg": "  POS: No  entry=0.595  now=0.595  pnl=0.0%  $0.0000"}
{"ts": "2026-04-06T08:59:31.023215+00:00", "level": "INFO", "logger": "event_trader.runtime", "msg": "cycle ev_20260406T085925_4743ec (#10) done in 5.8s: scanned=600 signals=0 entries=0 exits=0 open=3 unrealized=$0.0000 realized=$0.0000"}
{"ts": "2026-04-06T08:59:36.353641+00:00", "level": "INFO", "logger": "event_trader.data_client", "msg": "fetched 600 markets across 7 pages"}
{"ts": "2026-04-06T08:59:36.354220+00:00", "level": "INFO", "logger": "event_trader.runtime", "msg": "cycle ev_20260406T085936_f8664b (#11): fetched 600 markets in 0.3s"}
{"ts": "2026-04-06T08:59:36.355451+00:00", "level": "INFO", "logger": "event_trader.scanner", "msg": "pre-filter: 234 candidates from 600 markets (skipped 966 expensive)"}
{"ts": "2026-04-06T08:59:41.677330+00:00", "level": "INFO", "logger": "event_trader.scanner", "msg": "scan summary: 234 candidates checked, 0 signals, filters: {'inactive': 0, 'no_orderbook': 0, 'bad_outcomes': 0, 'low_liquidity': 0, 'no_book': 0, 'too_expensive': 0, 'too_cheap': 0, 'wide_spread': 0, 'no_depth': 0, 'has_position': 3, 'recent_signal': 231, 'low_confidence': 0, 'no_asks': 0, 'price_prefilter': 966}"}
{"ts": "2026-04-06T08:59:41.679081+00:00", "level": "INFO", "logger": "event_trader.runtime", "msg": "scan: 0 signals found in 5.3s"}
{"ts": "2026-04-06T08:59:41.883296+00:00", "level": "INFO", "logger": "event_trader.runtime", "msg": "PORTFOLIO: 3 positions  cost=$15.00  value=$15.00  pnl=$0.0000"}
{"ts": "2026-04-06T08:59:41.883426+00:00", "level": "INFO", "logger": "event_trader.runtime", "msg": "  POS: Yes  entry=0.021  now=0.021  pnl=0.0%  $-0.0000"}
{"ts": "2026-04-06T08:59:41.883500+00:00", "level": "INFO", "logger": "event_trader.runtime", "msg": "  POS: Yes  entry=0.350  now=0.350  pnl=0.0%  $-0.0000"}
{"ts": "2026-04-06T08:59:41.883561+00:00", "level": "INFO", "logger": "event_trader.runtime", "msg": "  POS: No  entry=0.595  now=0.595  pnl=0.0%  $0.0000"}
{"ts": "2026-04-06T08:59:41.895932+00:00", "level": "INFO", "logger": "event_trader.runtime", "msg": "cycle ev_20260406T085936_f8664b (#11) done in 5.9s: scanned=600 signals=0 entries=0 exits=0 open=3 unrealized=$0.0000 realized=$0.0000"}
{"ts": "2026-04-06T08:59:47.224461+00:00", "level": "INFO", "logger": "event_trader.data_client", "msg": "fetched 600 markets across 7 pages"}
{"ts": "2026-04-06T08:59:47.224787+00:00", "level": "INFO", "logger": "event_trader.runtime", "msg": "cycle ev_20260406T085946_ffb016 (#12): fetched 600 markets in 0.3s"}
{"ts": "2026-04-06T08:59:47.225606+00:00", "level": "INFO", "logger": "event_trader.scanner", "msg": "pre-filter: 234 candidates from 600 markets (skipped 966 expensive)"}
{"ts": "2026-04-06T08:59:51.742929+00:00", "level": "INFO", "logger": "event_trader.scanner", "msg": "scan summary: 234 candidates checked, 0 signals, filters: {'inactive': 0, 'no_orderbook': 0, 'bad_outcomes': 0, 'low_liquidity': 0, 'no_book': 0, 'too_expensive': 0, 'too_cheap': 0, 'wide_spread': 0, 'no_depth': 0, 'has_position': 3, 'recent_signal': 231, 'low_confidence': 0, 'no_asks': 0, 'price_prefilter': 966}"}
{"ts": "2026-04-06T08:59:51.744758+00:00", "level": "INFO", "logger": "event_trader.runtime", "msg": "scan: 0 signals found in 4.5s"}
{"ts": "2026-04-06T08:59:51.908838+00:00", "level": "INFO", "logger": "event_trader.runtime", "msg": "PORTFOLIO: 3 positions  cost=$15.00  value=$15.00  pnl=$0.0000"}
{"ts": "2026-04-06T08:59:51.909085+00:00", "level": "INFO", "logger": "event_trader.runtime", "msg": "  POS: Yes  entry=0.021  now=0.021  pnl=0.0%  $-0.0000"}
{"ts": "2026-04-06T08:59:51.909215+00:00", "level": "INFO", "logger": "event_trader.runtime", "msg": "  POS: Yes  entry=0.350  now=0.350  pnl=0.0%  $-0.0000"}
{"ts": "2026-04-06T08:59:51.909305+00:00", "level": "INFO", "logger": "event_trader.runtime", "msg": "  POS: No  entry=0.595  now=0.595  pnl=0.0%  $0.0000"}
{"ts": "2026-04-06T08:59:51.921437+00:00", "level": "INFO", "logger": "event_trader.runtime", "msg": "cycle ev_20260406T085946_ffb016 (#12) done in 5.0s: scanned=600 signals=0 entries=0 exits=0 open=3 unrealized=$0.0000 realized=$0.0000"}
{"ts": "2026-04-06T08:59:57.474666+00:00", "level": "INFO", "logger": "event_trader.data_client", "msg": "fetched 600 markets across 7 pages"}
{"ts": "2026-04-06T08:59:57.475243+00:00", "level": "INFO", "logger": "event_trader.runtime", "msg": "cycle ev_20260406T085956_68785e (#13): fetched 600 markets in 0.6s"}
{"ts": "2026-04-06T08:59:57.476305+00:00", "level": "INFO", "logger": "event_trader.scanner", "msg": "pre-filter: 234 candidates from 600 markets (skipped 966 expensive)"}
{"ts": "2026-04-06T09:00:02.693349+00:00", "level": "INFO", "logger": "event_trader.scanner", "msg": "scan summary: 234 candidates checked, 0 signals, filters: {'inactive': 0, 'no_orderbook': 0, 'bad_outcomes': 0, 'low_liquidity': 0, 'no_book': 0, 'too_expensive': 0, 'too_cheap': 0, 'wide_spread': 0, 'no_depth': 0, 'has_position': 3, 'recent_signal': 231, 'low_confidence': 0, 'no_asks': 0, 'price_prefilter': 966}"}
{"ts": "2026-04-06T09:00:02.694817+00:00", "level": "INFO", "logger": "event_trader.runtime", "msg": "scan: 0 signals found in 5.2s"}
{"ts": "2026-04-06T09:00:02.927198+00:00", "level": "INFO", "logger": "event_trader.runtime", "msg": "PORTFOLIO: 3 positions  cost=$15.00  value=$15.00  pnl=$0.0000"}
{"ts": "2026-04-06T09:00:02.927331+00:00", "level": "INFO", "logger": "event_trader.runtime", "msg": "  POS: Yes  entry=0.021  now=0.021  pnl=0.0%  $-0.0000"}
{"ts": "2026-04-06T09:00:02.927404+00:00", "level": "INFO", "logger": "event_trader.runtime", "msg": "  POS: Yes  entry=0.350  now=0.350  pnl=0.0%  $-0.0000"}
{"ts": "2026-04-06T09:00:02.927463+00:00", "level": "INFO", "logger": "event_trader.runtime", "msg": "  POS: No  entry=0.595  now=0.595  pnl=0.0%  $0.0000"}
{"ts": "2026-04-06T09:00:02.939154+00:00", "level": "INFO", "logger": "event_trader.runtime", "msg": "cycle ev_20260406T085956_68785e (#13) done in 6.0s: scanned=600 signals=0 entries=0 exits=0 open=3 unrealized=$0.0000 realized=$0.0000"}
{"ts": "2026-04-06T09:00:08.368857+00:00", "level": "INFO", "logger": "event_trader.data_client", "msg": "fetched 600 markets across 7 pages"}
{"ts": "2026-04-06T09:00:08.369131+00:00", "level": "INFO", "logger": "event_trader.runtime", "msg": "cycle ev_20260406T090007_d38679 (#14): fetched 600 markets in 0.4s"}
{"ts": "2026-04-06T09:00:08.369950+00:00", "level": "INFO", "logger": "event_trader.scanner", "msg": "pre-filter: 234 candidates from 600 markets (skipped 966 expensive)"}
