2026-04-08 17:01:38,217 INFO event_trader_improved.scanner Scanner initialized: max_entry_price=0.4, min_edge=0.01
2026-04-08 17:01:38,217 INFO event_trader_improved.runtime event trader (IMPROVED) started  mode=dry_run  kelly=True  min_edge=1.0%
2026-04-08 17:01:38,814 INFO event_trader.data_client fetched 100 markets across 2 pages
2026-04-08 17:01:38,815 INFO event_trader_improved.runtime cycle ev_20260409T000138_042765 (#1): fetched 100 markets in 0.6s
2026-04-08 17:01:38,815 INFO event_trader_improved.scanner filtered to 100 candidate markets from 100
2026-04-08 17:01:50,135 INFO event_trader_improved.scanner fetched 200 order books
2026-04-08 17:01:50,169 INFO event_trader_improved.scanner generated 0 signals with min_edge=0.01
2026-04-08 17:01:50,169 INFO event_trader_improved.scanner filter breakdown: {'has_position': 0, 'no_asks': 2, 'price_too_high': 198, 'price_too_low': 0, 'quality_fail': 0, 'edge_too_low': 0}
2026-04-08 17:01:50,170 INFO event_trader_improved.runtime scan: 0 signals found in 11.4s
2026-04-08 17:01:50,170 INFO event_trader_improved.runtime executed 0 entries in 0.0s
2026-04-08 17:01:50,171 INFO event_trader_improved.runtime monitored 0 positions, 0 exits in 0.0s
2026-04-08 17:02:00,274 INFO event_trader.data_client fetched 100 markets across 2 pages
2026-04-08 17:02:00,275 INFO event_trader_improved.runtime cycle ev_20260409T000200_7de7cf (#2): fetched 100 markets in 0.1s
2026-04-08 17:02:00,275 INFO event_trader_improved.scanner filtered to 100 candidate markets from 100
2026-04-08 17:02:10,935 INFO event_trader_improved.scanner fetched 200 order books
2026-04-08 17:02:10,999 INFO event_trader_improved.scanner generated 0 signals with min_edge=0.01
2026-04-08 17:02:10,999 INFO event_trader_improved.scanner filter breakdown: {'has_position': 0, 'no_asks': 2, 'price_too_high': 198, 'price_too_low': 0, 'quality_fail': 0, 'edge_too_low': 0}
2026-04-08 17:02:11,002 INFO event_trader_improved.runtime scan: 0 signals found in 10.7s
2026-04-08 17:02:11,002 INFO event_trader_improved.runtime executed 0 entries in 0.0s
2026-04-08 17:02:11,003 INFO event_trader_improved.runtime monitored 0 positions, 0 exits in 0.0s
2026-04-08 17:02:21,117 INFO event_trader.data_client fetched 100 markets across 2 pages
2026-04-08 17:02:21,118 INFO event_trader_improved.runtime cycle ev_20260409T000221_20409b (#3): fetched 100 markets in 0.1s
2026-04-08 17:02:21,118 INFO event_trader_improved.scanner filtered to 100 candidate markets from 100
2026-04-08 17:02:31,819 INFO event_trader_improved.scanner fetched 200 order books
2026-04-08 17:02:31,849 INFO event_trader_improved.scanner generated 0 signals with min_edge=0.01
2026-04-08 17:02:31,849 INFO event_trader_improved.scanner filter breakdown: {'has_position': 0, 'no_asks': 2, 'price_too_high': 198, 'price_too_low': 0, 'quality_fail': 0, 'edge_too_low': 0}
2026-04-08 17:02:31,850 INFO event_trader_improved.runtime scan: 0 signals found in 10.7s
2026-04-08 17:02:31,850 INFO event_trader_improved.runtime executed 0 entries in 0.0s
2026-04-08 17:02:31,850 INFO event_trader_improved.runtime monitored 0 positions, 0 exits in 0.0s
2026-04-08 17:02:42,033 INFO event_trader.data_client fetched 100 markets across 2 pages
2026-04-08 17:02:42,033 INFO event_trader_improved.runtime cycle ev_20260409T000241_5fcc43 (#4): fetched 100 markets in 0.2s
2026-04-08 17:02:42,033 INFO event_trader_improved.scanner filtered to 100 candidate markets from 100
2026-04-08 17:02:52,716 INFO event_trader_improved.scanner fetched 200 order books
2026-04-08 17:02:52,746 INFO event_trader_improved.scanner generated 0 signals with min_edge=0.01
2026-04-08 17:02:52,746 INFO event_trader_improved.scanner filter breakdown: {'has_position': 0, 'no_asks': 2, 'price_too_high': 198, 'price_too_low': 0, 'quality_fail': 0, 'edge_too_low': 0}
2026-04-08 17:02:52,747 INFO event_trader_improved.runtime scan: 0 signals found in 10.7s
2026-04-08 17:02:52,747 INFO event_trader_improved.runtime executed 0 entries in 0.0s
2026-04-08 17:02:52,748 INFO event_trader_improved.runtime monitored 0 positions, 0 exits in 0.0s
2026-04-08 17:03:02,897 INFO event_trader.data_client fetched 100 markets across 2 pages
2026-04-08 17:03:02,897 INFO event_trader_improved.runtime cycle ev_20260409T000302_9babb3 (#5): fetched 100 markets in 0.1s
2026-04-08 17:03:02,897 INFO event_trader_improved.scanner filtered to 100 candidate markets from 100
2026-04-08 17:03:13,466 INFO event_trader_improved.scanner fetched 200 order books
2026-04-08 17:03:13,497 INFO event_trader_improved.scanner generated 0 signals with min_edge=0.01
2026-04-08 17:03:13,497 INFO event_trader_improved.scanner filter breakdown: {'has_position': 0, 'no_asks': 2, 'price_too_high': 198, 'price_too_low': 0, 'quality_fail': 0, 'edge_too_low': 0}
2026-04-08 17:03:13,498 INFO event_trader_improved.runtime scan: 0 signals found in 10.6s
2026-04-08 17:03:13,498 INFO event_trader_improved.runtime executed 0 entries in 0.0s
2026-04-08 17:03:13,498 INFO event_trader_improved.runtime monitored 0 positions, 0 exits in 0.0s
2026-04-08 17:03:23,736 INFO event_trader.data_client fetched 100 markets across 2 pages
2026-04-08 17:03:23,736 INFO event_trader_improved.runtime cycle ev_20260409T000323_09e5b3 (#6): fetched 100 markets in 0.1s
2026-04-08 17:03:23,736 INFO event_trader_improved.scanner filtered to 100 candidate markets from 100
2026-04-08 17:03:34,692 INFO event_trader_improved.scanner fetched 200 order books
2026-04-08 17:03:34,722 INFO event_trader_improved.scanner generated 0 signals with min_edge=0.01
2026-04-08 17:03:34,722 INFO event_trader_improved.scanner filter breakdown: {'has_position': 0, 'no_asks': 2, 'price_too_high': 198, 'price_too_low': 0, 'quality_fail': 0, 'edge_too_low': 0}
2026-04-08 17:03:34,723 INFO event_trader_improved.runtime scan: 0 signals found in 11.0s
2026-04-08 17:03:34,723 INFO event_trader_improved.runtime executed 0 entries in 0.0s
2026-04-08 17:03:34,723 INFO event_trader_improved.runtime monitored 0 positions, 0 exits in 0.0s
2026-04-08 17:03:44,841 INFO event_trader.data_client fetched 100 markets across 2 pages
2026-04-08 17:03:44,842 INFO event_trader_improved.runtime cycle ev_20260409T000344_dc73a5 (#7): fetched 100 markets in 0.1s
2026-04-08 17:03:44,842 INFO event_trader_improved.scanner filtered to 100 candidate markets from 100
2026-04-08 17:03:55,609 INFO event_trader_improved.scanner fetched 200 order books
2026-04-08 17:03:55,639 INFO event_trader_improved.scanner generated 0 signals with min_edge=0.01
2026-04-08 17:03:55,639 INFO event_trader_improved.scanner filter breakdown: {'has_position': 0, 'no_asks': 2, 'price_too_high': 198, 'price_too_low': 0, 'quality_fail': 0, 'edge_too_low': 0}
2026-04-08 17:03:55,640 INFO event_trader_improved.runtime scan: 0 signals found in 10.8s
2026-04-08 17:03:55,640 INFO event_trader_improved.runtime executed 0 entries in 0.0s
2026-04-08 17:03:55,640 INFO event_trader_improved.runtime monitored 0 positions, 0 exits in 0.0s
2026-04-08 17:04:05,861 INFO event_trader.data_client fetched 100 markets across 2 pages
2026-04-08 17:04:05,861 INFO event_trader_improved.runtime cycle ev_20260409T000405_cb30e6 (#8): fetched 100 markets in 0.2s
2026-04-08 17:04:05,861 INFO event_trader_improved.scanner filtered to 100 candidate markets from 100
2026-04-08 17:04:16,632 INFO event_trader_improved.scanner fetched 200 order books
2026-04-08 17:04:16,663 INFO event_trader_improved.scanner generated 0 signals with min_edge=0.01
2026-04-08 17:04:16,663 INFO event_trader_improved.scanner filter breakdown: {'has_position': 0, 'no_asks': 2, 'price_too_high': 198, 'price_too_low': 0, 'quality_fail': 0, 'edge_too_low': 0}
2026-04-08 17:04:16,664 INFO event_trader_improved.runtime scan: 0 signals found in 10.8s
2026-04-08 17:04:16,664 INFO event_trader_improved.runtime executed 0 entries in 0.0s
2026-04-08 17:04:16,664 INFO event_trader_improved.runtime monitored 0 positions, 0 exits in 0.0s
2026-04-08 17:04:26,836 INFO event_trader.data_client fetched 100 markets across 2 pages
2026-04-08 17:04:26,836 INFO event_trader_improved.runtime cycle ev_20260409T000426_23cc6c (#9): fetched 100 markets in 0.2s
2026-04-08 17:04:26,836 INFO event_trader_improved.scanner filtered to 100 candidate markets from 100
2026-04-08 17:04:37,891 INFO event_trader_improved.scanner fetched 200 order books
2026-04-08 17:04:37,920 INFO event_trader_improved.scanner generated 0 signals with min_edge=0.01
2026-04-08 17:04:37,920 INFO event_trader_improved.scanner filter breakdown: {'has_position': 0, 'no_asks': 2, 'price_too_high': 198, 'price_too_low': 0, 'quality_fail': 0, 'edge_too_low': 0}
2026-04-08 17:04:37,922 INFO event_trader_improved.runtime scan: 0 signals found in 11.1s
2026-04-08 17:04:37,922 INFO event_trader_improved.runtime executed 0 entries in 0.0s
2026-04-08 17:04:37,922 INFO event_trader_improved.runtime monitored 0 positions, 0 exits in 0.0s
2026-04-08 17:04:48,060 INFO event_trader.data_client fetched 100 markets across 2 pages
2026-04-08 17:04:48,061 INFO event_trader_improved.runtime cycle ev_20260409T000447_06b941 (#10): fetched 100 markets in 0.1s
2026-04-08 17:04:48,061 INFO event_trader_improved.scanner filtered to 100 candidate markets from 100
2026-04-08 17:04:58,463 INFO event_trader_improved.scanner fetched 200 order books
2026-04-08 17:04:58,493 INFO event_trader_improved.scanner generated 0 signals with min_edge=0.01
2026-04-08 17:04:58,493 INFO event_trader_improved.scanner filter breakdown: {'has_position': 0, 'no_asks': 2, 'price_too_high': 198, 'price_too_low': 0, 'quality_fail': 0, 'edge_too_low': 0}
2026-04-08 17:04:58,494 INFO event_trader_improved.runtime scan: 0 signals found in 10.4s
2026-04-08 17:04:58,494 INFO event_trader_improved.runtime executed 0 entries in 0.0s
2026-04-08 17:04:58,494 INFO event_trader_improved.runtime monitored 0 positions, 0 exits in 0.0s
2026-04-08 17:05:10,839 INFO event_trader.data_client fetched 100 markets across 2 pages
2026-04-08 17:05:10,840 INFO event_trader_improved.runtime cycle ev_20260409T000510_3f0c4e (#11): fetched 100 markets in 0.1s
2026-04-08 17:05:10,840 INFO event_trader_improved.scanner filtered to 100 candidate markets from 100
2026-04-08 17:05:21,572 INFO event_trader_improved.scanner fetched 200 order books
2026-04-08 17:05:21,601 INFO event_trader_improved.scanner generated 0 signals with min_edge=0.01
2026-04-08 17:05:21,601 INFO event_trader_improved.scanner filter breakdown: {'has_position': 0, 'no_asks': 2, 'price_too_high': 198, 'price_too_low': 0, 'quality_fail': 0, 'edge_too_low': 0}
2026-04-08 17:05:21,602 INFO event_trader_improved.runtime scan: 0 signals found in 10.8s
2026-04-08 17:05:21,602 INFO event_trader_improved.runtime executed 0 entries in 0.0s
2026-04-08 17:05:21,603 INFO event_trader_improved.runtime monitored 0 positions, 0 exits in 0.0s
2026-04-08 17:05:31,771 INFO event_trader.data_client fetched 100 markets across 2 pages
2026-04-08 17:05:31,771 INFO event_trader_improved.runtime cycle ev_20260409T000531_c8be46 (#12): fetched 100 markets in 0.1s
2026-04-08 17:05:31,771 INFO event_trader_improved.scanner filtered to 100 candidate markets from 100
2026-04-08 17:05:42,458 INFO event_trader_improved.scanner fetched 200 order books
2026-04-08 17:05:42,486 INFO event_trader_improved.scanner generated 0 signals with min_edge=0.01
2026-04-08 17:05:42,486 INFO event_trader_improved.scanner filter breakdown: {'has_position': 0, 'no_asks': 2, 'price_too_high': 198, 'price_too_low': 0, 'quality_fail': 0, 'edge_too_low': 0}
2026-04-08 17:05:42,487 INFO event_trader_improved.runtime scan: 0 signals found in 10.7s
2026-04-08 17:05:42,487 INFO event_trader_improved.runtime executed 0 entries in 0.0s
2026-04-08 17:05:42,488 INFO event_trader_improved.runtime monitored 0 positions, 0 exits in 0.0s
2026-04-08 17:05:52,685 INFO event_trader.data_client fetched 100 markets across 2 pages
2026-04-08 17:05:52,685 INFO event_trader_improved.runtime cycle ev_20260409T000552_f350ac (#13): fetched 100 markets in 0.2s
2026-04-08 17:05:52,685 INFO event_trader_improved.scanner filtered to 100 candidate markets from 100
2026-04-08 17:06:03,481 INFO event_trader_improved.scanner fetched 200 order books
2026-04-08 17:06:03,511 INFO event_trader_improved.scanner generated 0 signals with min_edge=0.01
2026-04-08 17:06:03,511 INFO event_trader_improved.scanner filter breakdown: {'has_position': 0, 'no_asks': 2, 'price_too_high': 198, 'price_too_low': 0, 'quality_fail': 0, 'edge_too_low': 0}
2026-04-08 17:06:03,513 INFO event_trader_improved.runtime scan: 0 signals found in 10.8s
2026-04-08 17:06:03,513 INFO event_trader_improved.runtime executed 0 entries in 0.0s
2026-04-08 17:06:03,513 INFO event_trader_improved.runtime monitored 0 positions, 0 exits in 0.0s
2026-04-08 17:06:13,684 INFO event_trader.data_client fetched 100 markets across 2 pages
2026-04-08 17:06:13,685 INFO event_trader_improved.runtime cycle ev_20260409T000613_9be460 (#14): fetched 100 markets in 0.1s
2026-04-08 17:06:13,685 INFO event_trader_improved.scanner filtered to 100 candidate markets from 100
2026-04-08 17:06:24,346 INFO event_trader_improved.scanner fetched 200 order books
2026-04-08 17:06:24,375 INFO event_trader_improved.scanner generated 0 signals with min_edge=0.01
2026-04-08 17:06:24,376 INFO event_trader_improved.scanner filter breakdown: {'has_position': 0, 'no_asks': 2, 'price_too_high': 198, 'price_too_low': 0, 'quality_fail': 0, 'edge_too_low': 0}
2026-04-08 17:06:24,377 INFO event_trader_improved.runtime scan: 0 signals found in 10.7s
2026-04-08 17:06:24,377 INFO event_trader_improved.runtime executed 0 entries in 0.0s
2026-04-08 17:06:24,377 INFO event_trader_improved.runtime monitored 0 positions, 0 exits in 0.0s
2026-04-08 17:06:34,609 INFO event_trader.data_client fetched 100 markets across 2 pages
2026-04-08 17:06:34,610 INFO event_trader_improved.runtime cycle ev_20260409T000634_e430fa (#15): fetched 100 markets in 0.2s
2026-04-08 17:06:34,610 INFO event_trader_improved.scanner filtered to 100 candidate markets from 100
2026-04-08 17:06:46,149 INFO event_trader_improved.scanner fetched 200 order books
2026-04-08 17:06:46,179 INFO event_trader_improved.scanner generated 0 signals with min_edge=0.01
2026-04-08 17:06:46,179 INFO event_trader_improved.scanner filter breakdown: {'has_position': 0, 'no_asks': 2, 'price_too_high': 198, 'price_too_low': 0, 'quality_fail': 0, 'edge_too_low': 0}
2026-04-08 17:06:46,180 INFO event_trader_improved.runtime scan: 0 signals found in 11.6s
2026-04-08 17:06:46,180 INFO event_trader_improved.runtime executed 0 entries in 0.0s
2026-04-08 17:06:46,180 INFO event_trader_improved.runtime monitored 0 positions, 0 exits in 0.0s
2026-04-08 17:06:56,254 INFO event_trader.data_client fetched 100 markets across 2 pages
2026-04-08 17:06:56,254 INFO event_trader_improved.runtime cycle ev_20260409T000656_391d86 (#16): fetched 100 markets in 0.1s
2026-04-08 17:06:56,254 INFO event_trader_improved.scanner filtered to 100 candidate markets from 100
2026-04-08 17:07:07,307 INFO event_trader_improved.scanner fetched 200 order books
2026-04-08 17:07:07,337 INFO event_trader_improved.scanner generated 0 signals with min_edge=0.01
2026-04-08 17:07:07,337 INFO event_trader_improved.scanner filter breakdown: {'has_position': 0, 'no_asks': 2, 'price_too_high': 198, 'price_too_low': 0, 'quality_fail': 0, 'edge_too_low': 0}
2026-04-08 17:07:07,338 INFO event_trader_improved.runtime scan: 0 signals found in 11.1s
2026-04-08 17:07:07,338 INFO event_trader_improved.runtime executed 0 entries in 0.0s
2026-04-08 17:07:07,338 INFO event_trader_improved.runtime monitored 0 positions, 0 exits in 0.0s
2026-04-08 17:07:17,497 INFO event_trader.data_client fetched 100 markets across 2 pages
2026-04-08 17:07:17,497 INFO event_trader_improved.runtime cycle ev_20260409T000717_6fff25 (#17): fetched 100 markets in 0.1s
2026-04-08 17:07:17,497 INFO event_trader_improved.scanner filtered to 100 candidate markets from 100
2026-04-08 17:07:28,052 INFO event_trader_improved.scanner fetched 200 order books
2026-04-08 17:07:28,079 INFO event_trader_improved.scanner generated 0 signals with min_edge=0.01
2026-04-08 17:07:28,079 INFO event_trader_improved.scanner filter breakdown: {'has_position': 0, 'no_asks': 2, 'price_too_high': 198, 'price_too_low': 0, 'quality_fail': 0, 'edge_too_low': 0}
2026-04-08 17:07:28,080 INFO event_trader_improved.runtime scan: 0 signals found in 10.6s
2026-04-08 17:07:28,081 INFO event_trader_improved.runtime executed 0 entries in 0.0s
2026-04-08 17:07:28,081 INFO event_trader_improved.runtime monitored 0 positions, 0 exits in 0.0s
2026-04-08 17:07:38,172 INFO event_trader.data_client fetched 100 markets across 2 pages
2026-04-08 17:07:38,172 INFO event_trader_improved.runtime cycle ev_20260409T000738_936adb (#18): fetched 100 markets in 0.1s
2026-04-08 17:07:38,172 INFO event_trader_improved.scanner filtered to 100 candidate markets from 100
2026-04-08 17:07:49,022 INFO event_trader_improved.scanner fetched 200 order books
2026-04-08 17:07:49,052 INFO event_trader_improved.scanner generated 0 signals with min_edge=0.01
2026-04-08 17:07:49,052 INFO event_trader_improved.scanner filter breakdown: {'has_position': 0, 'no_asks': 2, 'price_too_high': 198, 'price_too_low': 0, 'quality_fail': 0, 'edge_too_low': 0}
2026-04-08 17:07:49,053 INFO event_trader_improved.runtime scan: 0 signals found in 10.9s
2026-04-08 17:07:49,053 INFO event_trader_improved.runtime executed 0 entries in 0.0s
2026-04-08 17:07:49,054 INFO event_trader_improved.runtime monitored 0 positions, 0 exits in 0.0s
2026-04-08 17:07:59,221 INFO event_trader.data_client fetched 100 markets across 2 pages
2026-04-08 17:07:59,221 INFO event_trader_improved.runtime cycle ev_20260409T000759_84339c (#19): fetched 100 markets in 0.1s
2026-04-08 17:07:59,222 INFO event_trader_improved.scanner filtered to 100 candidate markets from 100
2026-04-08 17:08:09,932 INFO event_trader_improved.scanner fetched 200 order books
2026-04-08 17:08:09,959 INFO event_trader_improved.scanner generated 0 signals with min_edge=0.01
2026-04-08 17:08:09,959 INFO event_trader_improved.scanner filter breakdown: {'has_position': 0, 'no_asks': 2, 'price_too_high': 198, 'price_too_low': 0, 'quality_fail': 0, 'edge_too_low': 0}
2026-04-08 17:08:09,961 INFO event_trader_improved.runtime scan: 0 signals found in 10.7s
2026-04-08 17:08:09,961 INFO event_trader_improved.runtime executed 0 entries in 0.0s
2026-04-08 17:08:09,961 INFO event_trader_improved.runtime monitored 0 positions, 0 exits in 0.0s
2026-04-08 17:08:20,244 INFO event_trader.data_client fetched 100 markets across 2 pages
2026-04-08 17:08:20,244 INFO event_trader_improved.runtime cycle ev_20260409T000820_75329d (#20): fetched 100 markets in 0.1s
2026-04-08 17:08:20,244 INFO event_trader_improved.scanner filtered to 100 candidate markets from 100
2026-04-08 17:08:31,173 INFO event_trader_improved.scanner fetched 200 order books
2026-04-08 17:08:31,200 INFO event_trader_improved.scanner generated 0 signals with min_edge=0.01
2026-04-08 17:08:31,201 INFO event_trader_improved.scanner filter breakdown: {'has_position': 0, 'no_asks': 2, 'price_too_high': 198, 'price_too_low': 0, 'quality_fail': 0, 'edge_too_low': 0}
2026-04-08 17:08:31,202 INFO event_trader_improved.runtime scan: 0 signals found in 11.0s
2026-04-08 17:08:31,202 INFO event_trader_improved.runtime executed 0 entries in 0.0s
2026-04-08 17:08:31,202 INFO event_trader_improved.runtime monitored 0 positions, 0 exits in 0.0s
2026-04-08 17:08:41,547 INFO event_trader.data_client fetched 100 markets across 2 pages
2026-04-08 17:08:41,547 INFO event_trader_improved.runtime cycle ev_20260409T000841_735ade (#21): fetched 100 markets in 0.3s
2026-04-08 17:08:41,548 INFO event_trader_improved.scanner filtered to 100 candidate markets from 100
2026-04-08 17:08:53,886 INFO event_trader_improved.scanner fetched 200 order books
2026-04-08 17:08:53,920 INFO event_trader_improved.scanner generated 0 signals with min_edge=0.01
2026-04-08 17:08:53,920 INFO event_trader_improved.scanner filter breakdown: {'has_position': 0, 'no_asks': 2, 'price_too_high': 198, 'price_too_low': 0, 'quality_fail': 0, 'edge_too_low': 0}
2026-04-08 17:08:53,921 INFO event_trader_improved.runtime scan: 0 signals found in 12.4s
2026-04-08 17:08:53,921 INFO event_trader_improved.runtime executed 0 entries in 0.0s
2026-04-08 17:08:53,922 INFO event_trader_improved.runtime monitored 0 positions, 0 exits in 0.0s
2026-04-08 17:09:04,083 INFO event_trader.data_client fetched 100 markets across 2 pages
2026-04-08 17:09:04,083 INFO event_trader_improved.runtime cycle ev_20260409T000903_6fecf1 (#22): fetched 100 markets in 0.1s
2026-04-08 17:09:04,084 INFO event_trader_improved.scanner filtered to 100 candidate markets from 100
2026-04-08 17:09:15,382 INFO event_trader_improved.scanner fetched 200 order books
2026-04-08 17:09:15,416 INFO event_trader_improved.scanner generated 0 signals with min_edge=0.01
2026-04-08 17:09:15,416 INFO event_trader_improved.scanner filter breakdown: {'has_position': 0, 'no_asks': 2, 'price_too_high': 198, 'price_too_low': 0, 'quality_fail': 0, 'edge_too_low': 0}
2026-04-08 17:09:15,417 INFO event_trader_improved.runtime scan: 0 signals found in 11.3s
2026-04-08 17:09:15,417 INFO event_trader_improved.runtime executed 0 entries in 0.0s
2026-04-08 17:09:15,417 INFO event_trader_improved.runtime monitored 0 positions, 0 exits in 0.0s
2026-04-08 17:09:25,499 INFO event_trader.data_client fetched 100 markets across 2 pages
2026-04-08 17:09:25,500 INFO event_trader_improved.runtime cycle ev_20260409T000925_55c6f7 (#23): fetched 100 markets in 0.1s
2026-04-08 17:09:25,500 INFO event_trader_improved.scanner filtered to 100 candidate markets from 100
2026-04-08 17:09:36,250 INFO event_trader_improved.scanner fetched 200 order books
2026-04-08 17:09:36,288 INFO event_trader_improved.scanner generated 0 signals with min_edge=0.01
2026-04-08 17:09:36,288 INFO event_trader_improved.scanner filter breakdown: {'has_position': 0, 'no_asks': 2, 'price_too_high': 198, 'price_too_low': 0, 'quality_fail': 0, 'edge_too_low': 0}
2026-04-08 17:09:36,290 INFO event_trader_improved.runtime scan: 0 signals found in 10.8s
2026-04-08 17:09:36,290 INFO event_trader_improved.runtime executed 0 entries in 0.0s
2026-04-08 17:09:36,290 INFO event_trader_improved.runtime monitored 0 positions, 0 exits in 0.0s
2026-04-08 17:09:46,437 INFO event_trader.data_client fetched 100 markets across 2 pages
2026-04-08 17:09:46,438 INFO event_trader_improved.runtime cycle ev_20260409T000946_82d014 (#24): fetched 100 markets in 0.1s
2026-04-08 17:09:46,438 INFO event_trader_improved.scanner filtered to 100 candidate markets from 100
2026-04-08 17:09:57,246 INFO event_trader_improved.scanner fetched 200 order books
2026-04-08 17:09:57,274 INFO event_trader_improved.scanner generated 0 signals with min_edge=0.01
2026-04-08 17:09:57,274 INFO event_trader_improved.scanner filter breakdown: {'has_position': 0, 'no_asks': 2, 'price_too_high': 198, 'price_too_low': 0, 'quality_fail': 0, 'edge_too_low': 0}
2026-04-08 17:09:57,275 INFO event_trader_improved.runtime scan: 0 signals found in 10.8s
2026-04-08 17:09:57,275 INFO event_trader_improved.runtime executed 0 entries in 0.0s
2026-04-08 17:09:57,276 INFO event_trader_improved.runtime monitored 0 positions, 0 exits in 0.0s
2026-04-08 17:10:07,427 INFO event_trader.data_client fetched 100 markets across 2 pages
2026-04-08 17:10:07,428 INFO event_trader_improved.runtime cycle ev_20260409T001007_9d4c93 (#25): fetched 100 markets in 0.1s
2026-04-08 17:10:07,428 INFO event_trader_improved.scanner filtered to 100 candidate markets from 100
2026-04-08 17:10:20,873 INFO event_trader_improved.scanner fetched 200 order books
2026-04-08 17:10:20,901 INFO event_trader_improved.scanner generated 0 signals with min_edge=0.01
2026-04-08 17:10:20,901 INFO event_trader_improved.scanner filter breakdown: {'has_position': 0, 'no_asks': 2, 'price_too_high': 198, 'price_too_low': 0, 'quality_fail': 0, 'edge_too_low': 0}
2026-04-08 17:10:20,902 INFO event_trader_improved.runtime scan: 0 signals found in 13.5s
2026-04-08 17:10:20,903 INFO event_trader_improved.runtime executed 0 entries in 0.0s
2026-04-08 17:10:20,903 INFO event_trader_improved.runtime monitored 0 positions, 0 exits in 0.0s
2026-04-08 17:10:31,058 INFO event_trader.data_client fetched 100 markets across 2 pages
2026-04-08 17:10:31,058 INFO event_trader_improved.runtime cycle ev_20260409T001030_fef4a3 (#26): fetched 100 markets in 0.1s
2026-04-08 17:10:31,058 INFO event_trader_improved.scanner filtered to 100 candidate markets from 100
2026-04-08 17:10:42,246 INFO event_trader_improved.scanner fetched 200 order books
2026-04-08 17:10:42,274 INFO event_trader_improved.scanner generated 0 signals with min_edge=0.01
2026-04-08 17:10:42,274 INFO event_trader_improved.scanner filter breakdown: {'has_position': 0, 'no_asks': 2, 'price_too_high': 198, 'price_too_low': 0, 'quality_fail': 0, 'edge_too_low': 0}
2026-04-08 17:10:42,275 INFO event_trader_improved.runtime scan: 0 signals found in 11.2s
2026-04-08 17:10:42,275 INFO event_trader_improved.runtime executed 0 entries in 0.0s
2026-04-08 17:10:42,275 INFO event_trader_improved.runtime monitored 0 positions, 0 exits in 0.0s
2026-04-08 17:10:52,446 INFO event_trader.data_client fetched 100 markets across 2 pages
2026-04-08 17:10:52,447 INFO event_trader_improved.runtime cycle ev_20260409T001052_722d2e (#27): fetched 100 markets in 0.2s
2026-04-08 17:10:52,447 INFO event_trader_improved.scanner filtered to 100 candidate markets from 100
2026-04-08 17:11:09,989 INFO event_trader_improved.scanner fetched 200 order books
2026-04-08 17:11:10,030 INFO event_trader_improved.scanner generated 0 signals with min_edge=0.01
2026-04-08 17:11:10,031 INFO event_trader_improved.scanner filter breakdown: {'has_position': 0, 'no_asks': 2, 'price_too_high': 198, 'price_too_low': 0, 'quality_fail': 0, 'edge_too_low': 0}
2026-04-08 17:11:10,032 INFO event_trader_improved.runtime scan: 0 signals found in 17.6s
2026-04-08 17:11:10,032 INFO event_trader_improved.runtime executed 0 entries in 0.0s
2026-04-08 17:11:10,032 INFO event_trader_improved.runtime monitored 0 positions, 0 exits in 0.0s
2026-04-08 17:11:20,213 INFO event_trader.data_client fetched 100 markets across 2 pages
2026-04-08 17:11:20,213 INFO event_trader_improved.runtime cycle ev_20260409T001120_a836bb (#28): fetched 100 markets in 0.2s
2026-04-08 17:11:20,213 INFO event_trader_improved.scanner filtered to 100 candidate markets from 100
2026-04-08 17:11:32,472 INFO event_trader_improved.scanner fetched 200 order books
2026-04-08 17:11:32,499 INFO event_trader_improved.scanner generated 0 signals with min_edge=0.01
2026-04-08 17:11:32,499 INFO event_trader_improved.scanner filter breakdown: {'has_position': 0, 'no_asks': 2, 'price_too_high': 198, 'price_too_low': 0, 'quality_fail': 0, 'edge_too_low': 0}
2026-04-08 17:11:32,500 INFO event_trader_improved.runtime scan: 0 signals found in 12.3s
2026-04-08 17:11:32,500 INFO event_trader_improved.runtime executed 0 entries in 0.0s
2026-04-08 17:11:32,500 INFO event_trader_improved.runtime monitored 0 positions, 0 exits in 0.0s
2026-04-08 17:11:42,696 INFO event_trader.data_client fetched 100 markets across 2 pages
2026-04-08 17:11:42,696 INFO event_trader_improved.runtime cycle ev_20260409T001142_e8af06 (#29): fetched 100 markets in 0.2s
2026-04-08 17:11:42,696 INFO event_trader_improved.scanner filtered to 100 candidate markets from 100
