2026-04-08 21:35:36,768 [INFO] event_trader_improved.runtime: Event Trader (IMPROVED) started | mode=dry_run kelly=True min_edge=1.0%
2026-04-08 21:35:36,768 [INFO] event_trader_improved.runtime: === Cycle ev_20260408T213536_d72c98 (#1) ===
2026-04-08 21:35:37,731 [INFO] event_trader.data_client: fetched 600 markets across 7 pages
2026-04-08 21:35:37,731 [INFO] event_trader_improved.runtime: Fetched 600 markets
2026-04-08 21:35:37,734 [INFO] event_trader_improved.scanner: Scan stats: scanned=600 eligible=583 signals=488 skipped_active=0 skipped_volume=17
2026-04-08 21:35:37,734 [INFO] event_trader_improved.runtime: Found 488 signals
2026-04-08 21:35:37,734 [INFO] event_trader_improved.runtime: Signal #1: [NO_BASKET] No @ $0.465 (edge=331.8%)
2026-04-08 21:35:37,734 [INFO] event_trader_improved.runtime: Signal #2: [NO_BASKET] No @ $0.455 (edge=331.8%)
2026-04-08 21:35:37,734 [INFO] event_trader_improved.runtime: Signal #3: [NO_BASKET] No @ $0.445 (edge=331.8%)
2026-04-08 21:35:37,735 [INFO] event_trader_improved.runtime: DRY-RUN: [NO_BASKET] Would buy No @ $0.465 for $100.00 (edge=331.8%)
2026-04-08 21:35:37,902 [INFO] event_trader_improved.runtime: DRY-RUN: [NO_BASKET] Would buy No @ $0.455 for $100.00 (edge=331.8%)
2026-04-08 21:35:37,955 [INFO] event_trader_improved.runtime: DRY-RUN: [NO_BASKET] Would buy No @ $0.445 for $100.00 (edge=331.8%)
2026-04-08 21:35:38,010 [INFO] event_trader_improved.runtime: DRY-RUN: [NO_BASKET] Would buy No @ $0.515 for $100.00 (edge=331.8%)
2026-04-08 21:35:38,041 [INFO] event_trader_improved.runtime: DRY-RUN: [NO_BASKET] Would buy No @ $0.475 for $100.00 (edge=331.8%)
2026-04-08 21:35:38,090 [INFO] event_trader_improved.runtime: DRY-RUN: [NO_BASKET] Would buy No @ $0.485 for $100.00 (edge=331.8%)
2026-04-08 21:35:38,165 [INFO] event_trader_improved.runtime: DRY-RUN: [NO_BASKET] Would buy No @ $0.512 for $100.00 (edge=331.8%)
2026-04-08 21:35:38,248 [INFO] event_trader_improved.runtime: DRY-RUN: [NO_BASKET] Would buy No @ $0.330 for $100.00 (edge=331.8%)
2026-04-08 21:35:38,324 [INFO] event_trader_improved.runtime: DRY-RUN: [NO_BASKET] Would buy No @ $0.993 for $100.00 (edge=206.0%)
2026-04-08 21:35:38,358 [INFO] event_trader_improved.runtime: DRY-RUN: [NO_BASKET] Would buy No @ $0.676 for $100.00 (edge=206.0%)
2026-04-08 21:35:38,401 [INFO] event_trader_improved.runtime: DRY-RUN: [NO_BASKET] Would buy No @ $0.850 for $100.00 (edge=206.0%)
2026-04-08 21:35:38,421 [INFO] event_trader_improved.runtime: DRY-RUN: [NO_BASKET] Would buy No @ $0.996 for $100.00 (edge=206.0%)
2026-04-08 21:35:38,454 [INFO] event_trader_improved.runtime: DRY-RUN: [NO_BASKET] Would buy No @ $0.996 for $100.00 (edge=206.0%)
2026-04-08 21:35:38,516 [INFO] event_trader_improved.runtime: DRY-RUN: [NO_BASKET] Would buy No @ $0.535 for $100.00 (edge=206.0%)
2026-04-08 21:35:38,576 [INFO] event_trader_improved.runtime: DRY-RUN: [NO_BASKET] Would buy No @ $0.870 for $100.00 (edge=206.0%)
2026-04-08 21:35:38,648 [INFO] event_trader_improved.runtime: DRY-RUN: [NO_BASKET] Would buy No @ $0.989 for $100.00 (edge=206.0%)
2026-04-08 21:35:38,672 [INFO] event_trader_improved.runtime: DRY-RUN: [NO_BASKET] Would buy No @ $0.017 for $100.00 (edge=206.0%)
2026-04-08 21:35:38,698 [INFO] event_trader_improved.runtime: DRY-RUN: [NO_BASKET] Would buy No @ $0.018 for $100.00 (edge=206.0%)
2026-04-08 21:35:38,736 [INFO] event_trader_improved.runtime: DRY-RUN: [SINGLE] Would buy Yes @ $0.011 for $36.71 (edge=48.9%)
2026-04-08 21:35:38,779 [INFO] event_trader_improved.runtime: DRY-RUN: [SINGLE] Would buy Yes @ $0.011 for $36.71 (edge=48.9%)
2026-04-08 21:35:38,821 [INFO] event_trader_improved.runtime: DRY-RUN: [SINGLE] Would buy Yes @ $0.011 for $36.71 (edge=48.9%)
2026-04-08 21:35:38,942 [INFO] event_trader_improved.runtime: DRY-RUN: [SINGLE] Would buy Yes @ $0.011 for $36.71 (edge=48.9%)
2026-04-08 21:35:39,013 [INFO] event_trader_improved.runtime: DRY-RUN: [SINGLE] Would buy Yes @ $0.011 for $36.71 (edge=48.9%)
2026-04-08 21:35:39,036 [INFO] event_trader_improved.runtime: DRY-RUN: [SINGLE] Would buy Yes @ $0.011 for $36.71 (edge=48.9%)
2026-04-08 21:35:39,070 [INFO] event_trader_improved.runtime: DRY-RUN: [SINGLE] Would buy Yes @ $0.011 for $36.71 (edge=48.9%)
2026-04-08 21:35:39,135 [INFO] event_trader_improved.runtime: DRY-RUN: [SINGLE] Would buy Yes @ $0.011 for $36.71 (edge=48.9%)
2026-04-08 21:35:39,182 [INFO] event_trader_improved.runtime: DRY-RUN: [SINGLE] Would buy Yes @ $0.011 for $36.71 (edge=48.9%)
2026-04-08 21:35:39,283 [INFO] event_trader_improved.runtime: DRY-RUN: [SINGLE] Would buy Yes @ $0.011 for $36.71 (edge=48.9%)
2026-04-08 21:35:39,314 [INFO] event_trader_improved.runtime: DRY-RUN: [SINGLE] Would buy Yes @ $0.011 for $36.71 (edge=48.9%)
2026-04-08 21:35:39,344 [INFO] event_trader_improved.runtime: DRY-RUN: [SINGLE] Would buy Yes @ $0.011 for $36.71 (edge=48.9%)
2026-04-08 21:35:39,458 [INFO] event_trader_improved.runtime: Cycle complete: scanned=600 signals=488 executed=30
2026-04-08 21:35:44,460 [INFO] event_trader_improved.runtime: === Cycle ev_20260408T213544_d72ca0 (#2) ===
2026-04-08 21:35:44,822 [INFO] event_trader.data_client: fetched 600 markets across 7 pages
2026-04-08 21:35:44,823 [INFO] event_trader_improved.runtime: Fetched 600 markets
2026-04-08 21:35:44,825 [INFO] event_trader_improved.scanner: Scan stats: scanned=600 eligible=583 signals=488 skipped_active=0 skipped_volume=17
2026-04-08 21:35:44,825 [INFO] event_trader_improved.runtime: Found 488 signals
2026-04-08 21:35:44,825 [INFO] event_trader_improved.runtime: Signal #1: [NO_BASKET] No @ $0.465 (edge=331.8%)
2026-04-08 21:35:44,825 [INFO] event_trader_improved.runtime: Signal #2: [NO_BASKET] No @ $0.455 (edge=331.8%)
2026-04-08 21:35:44,825 [INFO] event_trader_improved.runtime: Signal #3: [NO_BASKET] No @ $0.445 (edge=331.8%)
2026-04-08 21:35:44,825 [INFO] event_trader_improved.runtime: DRY-RUN: [NO_BASKET] Would buy No @ $0.465 for $100.00 (edge=331.8%)
2026-04-08 21:35:46,012 [INFO] event_trader_improved.runtime: DRY-RUN: [NO_BASKET] Would buy No @ $0.455 for $100.00 (edge=331.8%)
2026-04-08 21:35:46,056 [INFO] event_trader_improved.runtime: DRY-RUN: [NO_BASKET] Would buy No @ $0.445 for $100.00 (edge=331.8%)
2026-04-08 21:35:46,118 [INFO] event_trader_improved.runtime: DRY-RUN: [NO_BASKET] Would buy No @ $0.515 for $100.00 (edge=331.8%)
2026-04-08 21:35:46,145 [INFO] event_trader_improved.runtime: DRY-RUN: [NO_BASKET] Would buy No @ $0.475 for $100.00 (edge=331.8%)
2026-04-08 21:35:46,171 [INFO] event_trader_improved.runtime: DRY-RUN: [NO_BASKET] Would buy No @ $0.485 for $100.00 (edge=331.8%)
2026-04-08 21:35:46,209 [INFO] event_trader_improved.runtime: DRY-RUN: [NO_BASKET] Would buy No @ $0.512 for $100.00 (edge=331.8%)
2026-04-08 21:35:46,228 [INFO] event_trader_improved.runtime: DRY-RUN: [NO_BASKET] Would buy No @ $0.330 for $100.00 (edge=331.8%)
2026-04-08 21:35:46,276 [INFO] event_trader_improved.runtime: DRY-RUN: [NO_BASKET] Would buy No @ $0.993 for $100.00 (edge=206.0%)
2026-04-08 21:35:46,295 [INFO] event_trader_improved.runtime: DRY-RUN: [NO_BASKET] Would buy No @ $0.676 for $100.00 (edge=206.0%)
2026-04-08 21:35:46,345 [INFO] event_trader_improved.runtime: DRY-RUN: [NO_BASKET] Would buy No @ $0.850 for $100.00 (edge=206.0%)
2026-04-08 21:35:46,396 [INFO] event_trader_improved.runtime: DRY-RUN: [NO_BASKET] Would buy No @ $0.996 for $100.00 (edge=206.0%)
2026-04-08 21:35:46,430 [INFO] event_trader_improved.runtime: DRY-RUN: [NO_BASKET] Would buy No @ $0.996 for $100.00 (edge=206.0%)
2026-04-08 21:35:46,470 [INFO] event_trader_improved.runtime: DRY-RUN: [NO_BASKET] Would buy No @ $0.535 for $100.00 (edge=206.0%)
2026-04-08 21:35:46,502 [INFO] event_trader_improved.runtime: DRY-RUN: [NO_BASKET] Would buy No @ $0.870 for $100.00 (edge=206.0%)
2026-04-08 21:35:46,521 [INFO] event_trader_improved.runtime: DRY-RUN: [NO_BASKET] Would buy No @ $0.989 for $100.00 (edge=206.0%)
2026-04-08 21:35:46,545 [INFO] event_trader_improved.runtime: DRY-RUN: [NO_BASKET] Would buy No @ $0.017 for $100.00 (edge=206.0%)
2026-04-08 21:35:46,698 [INFO] event_trader_improved.runtime: DRY-RUN: [NO_BASKET] Would buy No @ $0.018 for $100.00 (edge=206.0%)
2026-04-08 21:35:46,724 [INFO] event_trader_improved.runtime: DRY-RUN: [SINGLE] Would buy Yes @ $0.011 for $36.71 (edge=48.9%)
2026-04-08 21:35:46,740 [INFO] event_trader_improved.runtime: DRY-RUN: [SINGLE] Would buy Yes @ $0.011 for $36.71 (edge=48.9%)
2026-04-08 21:35:46,756 [INFO] event_trader_improved.runtime: DRY-RUN: [SINGLE] Would buy Yes @ $0.011 for $36.71 (edge=48.9%)
2026-04-08 21:35:46,778 [INFO] event_trader_improved.runtime: DRY-RUN: [SINGLE] Would buy Yes @ $0.011 for $36.71 (edge=48.9%)
2026-04-08 21:35:46,794 [INFO] event_trader_improved.runtime: DRY-RUN: [SINGLE] Would buy Yes @ $0.011 for $36.71 (edge=48.9%)
2026-04-08 21:35:46,826 [INFO] event_trader_improved.runtime: DRY-RUN: [SINGLE] Would buy Yes @ $0.011 for $36.71 (edge=48.9%)
2026-04-08 21:35:46,845 [INFO] event_trader_improved.runtime: DRY-RUN: [SINGLE] Would buy Yes @ $0.011 for $36.71 (edge=48.9%)
2026-04-08 21:35:46,868 [INFO] event_trader_improved.runtime: DRY-RUN: [SINGLE] Would buy Yes @ $0.011 for $36.71 (edge=48.9%)
2026-04-08 21:35:46,884 [INFO] event_trader_improved.runtime: DRY-RUN: [SINGLE] Would buy Yes @ $0.011 for $36.71 (edge=48.9%)
2026-04-08 21:35:46,926 [INFO] event_trader_improved.runtime: DRY-RUN: [SINGLE] Would buy Yes @ $0.011 for $36.71 (edge=48.9%)
2026-04-08 21:35:46,943 [INFO] event_trader_improved.runtime: DRY-RUN: [SINGLE] Would buy Yes @ $0.011 for $36.71 (edge=48.9%)
2026-04-08 21:35:46,961 [INFO] event_trader_improved.runtime: DRY-RUN: [SINGLE] Would buy Yes @ $0.011 for $36.71 (edge=48.9%)
2026-04-08 21:35:47,028 [INFO] event_trader_improved.runtime: Cycle complete: scanned=600 signals=488 executed=30
2026-04-08 21:35:52,029 [INFO] event_trader_improved.runtime: === Cycle ev_20260408T213552_d72ca8 (#3) ===
2026-04-08 21:35:52,540 [INFO] event_trader.data_client: fetched 600 markets across 7 pages
2026-04-08 21:35:52,541 [INFO] event_trader_improved.runtime: Fetched 600 markets
2026-04-08 21:35:52,543 [INFO] event_trader_improved.scanner: Scan stats: scanned=600 eligible=583 signals=488 skipped_active=0 skipped_volume=17
2026-04-08 21:35:52,543 [INFO] event_trader_improved.runtime: Found 488 signals
2026-04-08 21:35:52,543 [INFO] event_trader_improved.runtime: Signal #1: [NO_BASKET] No @ $0.465 (edge=331.8%)
2026-04-08 21:35:52,543 [INFO] event_trader_improved.runtime: Signal #2: [NO_BASKET] No @ $0.455 (edge=331.8%)
2026-04-08 21:35:52,543 [INFO] event_trader_improved.runtime: Signal #3: [NO_BASKET] No @ $0.445 (edge=331.8%)
2026-04-08 21:35:52,543 [INFO] event_trader_improved.runtime: DRY-RUN: [NO_BASKET] Would buy No @ $0.465 for $100.00 (edge=331.8%)
2026-04-08 21:35:52,603 [INFO] event_trader_improved.runtime: DRY-RUN: [NO_BASKET] Would buy No @ $0.455 for $100.00 (edge=331.8%)
2026-04-08 21:35:52,652 [INFO] event_trader_improved.runtime: DRY-RUN: [NO_BASKET] Would buy No @ $0.445 for $100.00 (edge=331.8%)
2026-04-08 21:35:52,674 [INFO] event_trader_improved.runtime: DRY-RUN: [NO_BASKET] Would buy No @ $0.515 for $100.00 (edge=331.8%)
2026-04-08 21:35:52,717 [INFO] event_trader_improved.runtime: DRY-RUN: [NO_BASKET] Would buy No @ $0.475 for $100.00 (edge=331.8%)
2026-04-08 21:35:52,758 [INFO] event_trader_improved.runtime: DRY-RUN: [NO_BASKET] Would buy No @ $0.485 for $100.00 (edge=331.8%)
2026-04-08 21:35:52,778 [INFO] event_trader_improved.runtime: DRY-RUN: [NO_BASKET] Would buy No @ $0.512 for $100.00 (edge=331.8%)
2026-04-08 21:35:52,816 [INFO] event_trader_improved.runtime: DRY-RUN: [NO_BASKET] Would buy No @ $0.330 for $100.00 (edge=331.8%)
2026-04-08 21:35:52,850 [INFO] event_trader_improved.runtime: DRY-RUN: [NO_BASKET] Would buy No @ $0.993 for $100.00 (edge=206.0%)
2026-04-08 21:35:52,869 [INFO] event_trader_improved.runtime: DRY-RUN: [NO_BASKET] Would buy No @ $0.676 for $100.00 (edge=206.0%)
2026-04-08 21:35:52,891 [INFO] event_trader_improved.runtime: DRY-RUN: [NO_BASKET] Would buy No @ $0.850 for $100.00 (edge=206.0%)
2026-04-08 21:35:52,914 [INFO] event_trader_improved.runtime: DRY-RUN: [NO_BASKET] Would buy No @ $0.996 for $100.00 (edge=206.0%)
2026-04-08 21:35:52,935 [INFO] event_trader_improved.runtime: DRY-RUN: [NO_BASKET] Would buy No @ $0.996 for $100.00 (edge=206.0%)
2026-04-08 21:35:53,059 [INFO] event_trader_improved.runtime: DRY-RUN: [NO_BASKET] Would buy No @ $0.535 for $100.00 (edge=206.0%)
2026-04-08 21:35:53,082 [INFO] event_trader_improved.runtime: DRY-RUN: [NO_BASKET] Would buy No @ $0.870 for $100.00 (edge=206.0%)
2026-04-08 21:35:53,106 [INFO] event_trader_improved.runtime: DRY-RUN: [NO_BASKET] Would buy No @ $0.989 for $100.00 (edge=206.0%)
2026-04-08 21:35:53,203 [INFO] event_trader_improved.runtime: DRY-RUN: [NO_BASKET] Would buy No @ $0.017 for $100.00 (edge=206.0%)
2026-04-08 21:35:53,223 [INFO] event_trader_improved.runtime: DRY-RUN: [NO_BASKET] Would buy No @ $0.018 for $100.00 (edge=206.0%)
2026-04-08 21:35:53,242 [INFO] event_trader_improved.runtime: DRY-RUN: [SINGLE] Would buy Yes @ $0.011 for $36.71 (edge=48.9%)
2026-04-08 21:35:53,262 [INFO] event_trader_improved.runtime: DRY-RUN: [SINGLE] Would buy Yes @ $0.011 for $36.71 (edge=48.9%)
2026-04-08 21:35:53,306 [INFO] event_trader_improved.runtime: DRY-RUN: [SINGLE] Would buy Yes @ $0.011 for $36.71 (edge=48.9%)
2026-04-08 21:35:53,323 [INFO] event_trader_improved.runtime: DRY-RUN: [SINGLE] Would buy Yes @ $0.011 for $36.71 (edge=48.9%)
2026-04-08 21:35:53,341 [INFO] event_trader_improved.runtime: DRY-RUN: [SINGLE] Would buy Yes @ $0.011 for $36.71 (edge=48.9%)
2026-04-08 21:35:53,412 [INFO] event_trader_improved.runtime: DRY-RUN: [SINGLE] Would buy Yes @ $0.011 for $36.71 (edge=48.9%)
2026-04-08 21:35:53,430 [INFO] event_trader_improved.runtime: DRY-RUN: [SINGLE] Would buy Yes @ $0.011 for $36.71 (edge=48.9%)
2026-04-08 21:35:53,470 [INFO] event_trader_improved.runtime: DRY-RUN: [SINGLE] Would buy Yes @ $0.011 for $36.71 (edge=48.9%)
2026-04-08 21:35:53,489 [INFO] event_trader_improved.runtime: DRY-RUN: [SINGLE] Would buy Yes @ $0.011 for $36.71 (edge=48.9%)
2026-04-08 21:35:53,525 [INFO] event_trader_improved.runtime: DRY-RUN: [SINGLE] Would buy Yes @ $0.011 for $36.71 (edge=48.9%)
2026-04-08 21:35:53,572 [INFO] event_trader_improved.runtime: DRY-RUN: [SINGLE] Would buy Yes @ $0.011 for $36.71 (edge=48.9%)
2026-04-08 21:35:53,617 [INFO] event_trader_improved.runtime: DRY-RUN: [SINGLE] Would buy Yes @ $0.011 for $36.71 (edge=48.9%)
2026-04-08 21:35:53,682 [INFO] event_trader_improved.runtime: Cycle complete: scanned=600 signals=488 executed=30
2026-04-08 21:35:58,682 [INFO] event_trader_improved.runtime: === Cycle ev_20260408T213558_d72cae (#4) ===
2026-04-08 21:35:59,163 [INFO] event_trader.data_client: fetched 600 markets across 7 pages
2026-04-08 21:35:59,164 [INFO] event_trader_improved.runtime: Fetched 600 markets
2026-04-08 21:35:59,167 [INFO] event_trader_improved.scanner: Scan stats: scanned=600 eligible=583 signals=488 skipped_active=0 skipped_volume=17
2026-04-08 21:35:59,167 [INFO] event_trader_improved.runtime: Found 488 signals
2026-04-08 21:35:59,167 [INFO] event_trader_improved.runtime: Signal #1: [NO_BASKET] No @ $0.465 (edge=331.8%)
2026-04-08 21:35:59,167 [INFO] event_trader_improved.runtime: Signal #2: [NO_BASKET] No @ $0.455 (edge=331.8%)
2026-04-08 21:35:59,167 [INFO] event_trader_improved.runtime: Signal #3: [NO_BASKET] No @ $0.445 (edge=331.8%)
2026-04-08 21:35:59,167 [INFO] event_trader_improved.runtime: DRY-RUN: [NO_BASKET] Would buy No @ $0.465 for $100.00 (edge=331.8%)
2026-04-08 21:35:59,247 [INFO] event_trader_improved.runtime: DRY-RUN: [NO_BASKET] Would buy No @ $0.455 for $100.00 (edge=331.8%)
2026-04-08 21:35:59,274 [INFO] event_trader_improved.runtime: DRY-RUN: [NO_BASKET] Would buy No @ $0.445 for $100.00 (edge=331.8%)
2026-04-08 21:35:59,312 [INFO] event_trader_improved.runtime: DRY-RUN: [NO_BASKET] Would buy No @ $0.515 for $100.00 (edge=331.8%)
2026-04-08 21:35:59,454 [INFO] event_trader_improved.runtime: DRY-RUN: [NO_BASKET] Would buy No @ $0.475 for $100.00 (edge=331.8%)
2026-04-08 21:35:59,474 [INFO] event_trader_improved.runtime: DRY-RUN: [NO_BASKET] Would buy No @ $0.485 for $100.00 (edge=331.8%)
2026-04-08 21:35:59,499 [INFO] event_trader_improved.runtime: DRY-RUN: [NO_BASKET] Would buy No @ $0.512 for $100.00 (edge=331.8%)
2026-04-08 21:35:59,521 [INFO] event_trader_improved.runtime: DRY-RUN: [NO_BASKET] Would buy No @ $0.330 for $100.00 (edge=331.8%)
2026-04-08 21:35:59,593 [INFO] event_trader_improved.runtime: DRY-RUN: [NO_BASKET] Would buy No @ $0.993 for $100.00 (edge=206.0%)
2026-04-08 21:35:59,640 [INFO] event_trader_improved.runtime: DRY-RUN: [NO_BASKET] Would buy No @ $0.676 for $100.00 (edge=206.0%)
2026-04-08 21:35:59,663 [INFO] event_trader_improved.runtime: DRY-RUN: [NO_BASKET] Would buy No @ $0.850 for $100.00 (edge=206.0%)
2026-04-08 21:35:59,759 [INFO] event_trader_improved.runtime: DRY-RUN: [NO_BASKET] Would buy No @ $0.996 for $100.00 (edge=206.0%)
2026-04-08 21:35:59,863 [INFO] event_trader_improved.runtime: DRY-RUN: [NO_BASKET] Would buy No @ $0.996 for $100.00 (edge=206.0%)
2026-04-08 21:35:59,941 [INFO] event_trader_improved.runtime: DRY-RUN: [NO_BASKET] Would buy No @ $0.535 for $100.00 (edge=206.0%)
2026-04-08 21:36:00,058 [INFO] event_trader_improved.runtime: DRY-RUN: [NO_BASKET] Would buy No @ $0.870 for $100.00 (edge=206.0%)
2026-04-08 21:36:00,149 [INFO] event_trader_improved.runtime: DRY-RUN: [NO_BASKET] Would buy No @ $0.989 for $100.00 (edge=206.0%)
2026-04-08 21:36:00,223 [INFO] event_trader_improved.runtime: DRY-RUN: [NO_BASKET] Would buy No @ $0.017 for $100.00 (edge=206.0%)
2026-04-08 21:36:00,306 [INFO] event_trader_improved.runtime: DRY-RUN: [NO_BASKET] Would buy No @ $0.018 for $100.00 (edge=206.0%)
2026-04-08 21:36:00,381 [INFO] event_trader_improved.runtime: DRY-RUN: [SINGLE] Would buy Yes @ $0.011 for $36.71 (edge=48.9%)
2026-04-08 21:36:00,470 [INFO] event_trader_improved.runtime: DRY-RUN: [SINGLE] Would buy Yes @ $0.011 for $36.71 (edge=48.9%)
2026-04-08 21:36:00,536 [INFO] event_trader_improved.runtime: DRY-RUN: [SINGLE] Would buy Yes @ $0.011 for $36.71 (edge=48.9%)
2026-04-08 21:36:00,615 [INFO] event_trader_improved.runtime: DRY-RUN: [SINGLE] Would buy Yes @ $0.011 for $36.71 (edge=48.9%)
2026-04-08 21:36:00,632 [INFO] event_trader_improved.runtime: DRY-RUN: [SINGLE] Would buy Yes @ $0.011 for $36.71 (edge=48.9%)
2026-04-08 21:36:00,652 [INFO] event_trader_improved.runtime: DRY-RUN: [SINGLE] Would buy Yes @ $0.011 for $36.71 (edge=48.9%)
2026-04-08 21:36:00,751 [INFO] event_trader_improved.runtime: DRY-RUN: [SINGLE] Would buy Yes @ $0.011 for $36.71 (edge=48.9%)
2026-04-08 21:36:00,773 [INFO] event_trader_improved.runtime: DRY-RUN: [SINGLE] Would buy Yes @ $0.011 for $36.71 (edge=48.9%)
2026-04-08 21:36:00,827 [INFO] event_trader_improved.runtime: DRY-RUN: [SINGLE] Would buy Yes @ $0.011 for $36.71 (edge=48.9%)
2026-04-08 21:36:00,891 [INFO] event_trader_improved.runtime: DRY-RUN: [SINGLE] Would buy Yes @ $0.011 for $36.71 (edge=48.9%)
2026-04-08 21:36:00,911 [INFO] event_trader_improved.runtime: DRY-RUN: [SINGLE] Would buy Yes @ $0.011 for $36.71 (edge=48.9%)
2026-04-08 21:36:00,982 [INFO] event_trader_improved.runtime: DRY-RUN: [SINGLE] Would buy Yes @ $0.011 for $36.71 (edge=48.9%)
2026-04-08 21:36:01,200 [INFO] event_trader_improved.runtime: Cycle complete: scanned=600 signals=488 executed=30
2026-04-08 21:36:06,200 [INFO] event_trader_improved.runtime: === Cycle ev_20260408T213606_d72cb6 (#5) ===
2026-04-08 21:36:06,553 [INFO] event_trader.data_client: fetched 600 markets across 7 pages
2026-04-08 21:36:06,554 [INFO] event_trader_improved.runtime: Fetched 600 markets
2026-04-08 21:36:06,556 [INFO] event_trader_improved.scanner: Scan stats: scanned=600 eligible=583 signals=488 skipped_active=0 skipped_volume=17
2026-04-08 21:36:06,556 [INFO] event_trader_improved.runtime: Found 488 signals
2026-04-08 21:36:06,556 [INFO] event_trader_improved.runtime: Signal #1: [NO_BASKET] No @ $0.465 (edge=331.8%)
2026-04-08 21:36:06,556 [INFO] event_trader_improved.runtime: Signal #2: [NO_BASKET] No @ $0.455 (edge=331.8%)
2026-04-08 21:36:06,556 [INFO] event_trader_improved.runtime: Signal #3: [NO_BASKET] No @ $0.445 (edge=331.8%)
2026-04-08 21:36:06,556 [INFO] event_trader_improved.runtime: DRY-RUN: [NO_BASKET] Would buy No @ $0.465 for $100.00 (edge=331.8%)
2026-04-08 21:36:06,630 [INFO] event_trader_improved.runtime: DRY-RUN: [NO_BASKET] Would buy No @ $0.455 for $100.00 (edge=331.8%)
2026-04-08 21:36:06,664 [INFO] event_trader_improved.runtime: DRY-RUN: [NO_BASKET] Would buy No @ $0.445 for $100.00 (edge=331.8%)
2026-04-08 21:36:06,698 [INFO] event_trader_improved.runtime: DRY-RUN: [NO_BASKET] Would buy No @ $0.515 for $100.00 (edge=331.8%)
2026-04-08 21:36:06,766 [INFO] event_trader_improved.runtime: DRY-RUN: [NO_BASKET] Would buy No @ $0.475 for $100.00 (edge=331.8%)
2026-04-08 21:36:06,871 [INFO] event_trader_improved.runtime: DRY-RUN: [NO_BASKET] Would buy No @ $0.485 for $100.00 (edge=331.8%)
2026-04-08 21:36:06,898 [INFO] event_trader_improved.runtime: DRY-RUN: [NO_BASKET] Would buy No @ $0.512 for $100.00 (edge=331.8%)
2026-04-08 21:36:06,985 [INFO] event_trader_improved.runtime: DRY-RUN: [NO_BASKET] Would buy No @ $0.330 for $100.00 (edge=331.8%)
2026-04-08 21:36:07,073 [INFO] event_trader_improved.runtime: DRY-RUN: [NO_BASKET] Would buy No @ $0.993 for $100.00 (edge=206.0%)
2026-04-08 21:36:07,123 [INFO] event_trader_improved.runtime: DRY-RUN: [NO_BASKET] Would buy No @ $0.676 for $100.00 (edge=206.0%)
2026-04-08 21:36:07,186 [INFO] event_trader_improved.runtime: DRY-RUN: [NO_BASKET] Would buy No @ $0.850 for $100.00 (edge=206.0%)
2026-04-08 21:36:07,211 [INFO] event_trader_improved.runtime: DRY-RUN: [NO_BASKET] Would buy No @ $0.996 for $100.00 (edge=206.0%)
2026-04-08 21:36:07,300 [INFO] event_trader_improved.runtime: DRY-RUN: [NO_BASKET] Would buy No @ $0.996 for $100.00 (edge=206.0%)
2026-04-08 21:36:07,348 [INFO] event_trader_improved.runtime: DRY-RUN: [NO_BASKET] Would buy No @ $0.535 for $100.00 (edge=206.0%)
2026-04-08 21:36:07,477 [INFO] event_trader_improved.runtime: DRY-RUN: [NO_BASKET] Would buy No @ $0.870 for $100.00 (edge=206.0%)
2026-04-08 21:36:07,566 [INFO] event_trader_improved.runtime: DRY-RUN: [NO_BASKET] Would buy No @ $0.989 for $100.00 (edge=206.0%)
2026-04-08 21:36:07,639 [INFO] event_trader_improved.runtime: DRY-RUN: [NO_BASKET] Would buy No @ $0.017 for $100.00 (edge=206.0%)
2026-04-08 21:36:07,665 [INFO] event_trader_improved.runtime: DRY-RUN: [NO_BASKET] Would buy No @ $0.018 for $100.00 (edge=206.0%)
2026-04-08 21:36:07,716 [INFO] event_trader_improved.runtime: DRY-RUN: [SINGLE] Would buy Yes @ $0.011 for $36.71 (edge=48.9%)
2026-04-08 21:36:07,829 [INFO] event_trader_improved.runtime: DRY-RUN: [SINGLE] Would buy Yes @ $0.011 for $36.71 (edge=48.9%)
2026-04-08 21:36:07,909 [INFO] event_trader_improved.runtime: DRY-RUN: [SINGLE] Would buy Yes @ $0.011 for $36.71 (edge=48.9%)
2026-04-08 21:36:08,021 [INFO] event_trader_improved.runtime: DRY-RUN: [SINGLE] Would buy Yes @ $0.011 for $36.71 (edge=48.9%)
2026-04-08 21:36:08,040 [INFO] event_trader_improved.runtime: DRY-RUN: [SINGLE] Would buy Yes @ $0.011 for $36.71 (edge=48.9%)
2026-04-08 21:36:08,060 [INFO] event_trader_improved.runtime: DRY-RUN: [SINGLE] Would buy Yes @ $0.011 for $36.71 (edge=48.9%)
2026-04-08 21:36:08,162 [INFO] event_trader_improved.runtime: DRY-RUN: [SINGLE] Would buy Yes @ $0.011 for $36.71 (edge=48.9%)
2026-04-08 21:36:08,196 [INFO] event_trader_improved.runtime: DRY-RUN: [SINGLE] Would buy Yes @ $0.011 for $36.71 (edge=48.9%)
2026-04-08 21:36:08,265 [INFO] event_trader_improved.runtime: DRY-RUN: [SINGLE] Would buy Yes @ $0.011 for $36.71 (edge=48.9%)
2026-04-08 21:36:08,310 [INFO] event_trader_improved.runtime: DRY-RUN: [SINGLE] Would buy Yes @ $0.011 for $36.71 (edge=48.9%)
2026-04-08 21:36:08,406 [INFO] event_trader_improved.runtime: DRY-RUN: [SINGLE] Would buy Yes @ $0.011 for $36.71 (edge=48.9%)
2026-04-08 21:36:08,462 [INFO] event_trader_improved.runtime: DRY-RUN: [SINGLE] Would buy Yes @ $0.011 for $36.71 (edge=48.9%)
2026-04-08 21:36:08,515 [INFO] event_trader_improved.runtime: Cycle complete: scanned=600 signals=488 executed=30
2026-04-08 21:36:13,516 [INFO] event_trader_improved.runtime: === Cycle ev_20260408T213613_d72cbd (#6) ===
2026-04-08 21:36:13,930 [INFO] event_trader.data_client: fetched 600 markets across 7 pages
2026-04-08 21:36:13,931 [INFO] event_trader_improved.runtime: Fetched 600 markets
2026-04-08 21:36:13,934 [INFO] event_trader_improved.scanner: Scan stats: scanned=600 eligible=583 signals=488 skipped_active=0 skipped_volume=17
2026-04-08 21:36:13,935 [INFO] event_trader_improved.runtime: Found 488 signals
2026-04-08 21:36:13,935 [INFO] event_trader_improved.runtime: Signal #1: [NO_BASKET] No @ $0.465 (edge=331.8%)
2026-04-08 21:36:13,935 [INFO] event_trader_improved.runtime: Signal #2: [NO_BASKET] No @ $0.455 (edge=331.8%)
2026-04-08 21:36:13,935 [INFO] event_trader_improved.runtime: Signal #3: [NO_BASKET] No @ $0.445 (edge=331.8%)
2026-04-08 21:36:13,935 [INFO] event_trader_improved.runtime: DRY-RUN: [NO_BASKET] Would buy No @ $0.465 for $100.00 (edge=331.8%)
2026-04-08 21:36:16,209 [INFO] event_trader_improved.runtime: DRY-RUN: [NO_BASKET] Would buy No @ $0.455 for $100.00 (edge=331.8%)
2026-04-08 21:36:16,227 [INFO] event_trader_improved.runtime: DRY-RUN: [NO_BASKET] Would buy No @ $0.445 for $100.00 (edge=331.8%)
2026-04-08 21:36:16,246 [INFO] event_trader_improved.runtime: DRY-RUN: [NO_BASKET] Would buy No @ $0.515 for $100.00 (edge=331.8%)
2026-04-08 21:36:16,328 [INFO] event_trader_improved.runtime: DRY-RUN: [NO_BASKET] Would buy No @ $0.475 for $100.00 (edge=331.8%)
2026-04-08 21:36:16,346 [INFO] event_trader_improved.runtime: DRY-RUN: [NO_BASKET] Would buy No @ $0.485 for $100.00 (edge=331.8%)
2026-04-08 21:36:16,389 [INFO] event_trader_improved.runtime: DRY-RUN: [NO_BASKET] Would buy No @ $0.512 for $100.00 (edge=331.8%)
2026-04-08 21:36:16,406 [INFO] event_trader_improved.runtime: DRY-RUN: [NO_BASKET] Would buy No @ $0.330 for $100.00 (edge=331.8%)
2026-04-08 21:36:16,432 [INFO] event_trader_improved.runtime: DRY-RUN: [NO_BASKET] Would buy No @ $0.993 for $100.00 (edge=206.0%)
2026-04-08 21:36:16,486 [INFO] event_trader_improved.runtime: DRY-RUN: [NO_BASKET] Would buy No @ $0.676 for $100.00 (edge=206.0%)
2026-04-08 21:36:16,537 [INFO] event_trader_improved.runtime: DRY-RUN: [NO_BASKET] Would buy No @ $0.850 for $100.00 (edge=206.0%)
2026-04-08 21:36:16,593 [INFO] event_trader_improved.runtime: DRY-RUN: [NO_BASKET] Would buy No @ $0.996 for $100.00 (edge=206.0%)
2026-04-08 21:36:16,612 [INFO] event_trader_improved.runtime: DRY-RUN: [NO_BASKET] Would buy No @ $0.996 for $100.00 (edge=206.0%)
2026-04-08 21:36:16,662 [INFO] event_trader_improved.runtime: DRY-RUN: [NO_BASKET] Would buy No @ $0.535 for $100.00 (edge=206.0%)
2026-04-08 21:36:16,724 [INFO] event_trader_improved.runtime: DRY-RUN: [NO_BASKET] Would buy No @ $0.870 for $100.00 (edge=206.0%)
2026-04-08 21:36:16,752 [INFO] event_trader_improved.runtime: DRY-RUN: [NO_BASKET] Would buy No @ $0.989 for $100.00 (edge=206.0%)
2026-04-08 21:36:16,779 [INFO] event_trader_improved.runtime: DRY-RUN: [NO_BASKET] Would buy No @ $0.017 for $100.00 (edge=206.0%)
2026-04-08 21:36:16,859 [INFO] event_trader_improved.runtime: DRY-RUN: [NO_BASKET] Would buy No @ $0.018 for $100.00 (edge=206.0%)
2026-04-08 21:36:16,893 [INFO] event_trader_improved.runtime: DRY-RUN: [SINGLE] Would buy Yes @ $0.011 for $36.71 (edge=48.9%)
2026-04-08 21:36:16,915 [INFO] event_trader_improved.runtime: DRY-RUN: [SINGLE] Would buy Yes @ $0.011 for $36.71 (edge=48.9%)
2026-04-08 21:36:16,932 [INFO] event_trader_improved.runtime: DRY-RUN: [SINGLE] Would buy Yes @ $0.011 for $36.71 (edge=48.9%)
2026-04-08 21:36:17,061 [INFO] event_trader_improved.runtime: DRY-RUN: [SINGLE] Would buy Yes @ $0.011 for $36.71 (edge=48.9%)
2026-04-08 21:36:17,166 [INFO] event_trader_improved.runtime: DRY-RUN: [SINGLE] Would buy Yes @ $0.011 for $36.71 (edge=48.9%)
2026-04-08 21:36:17,207 [INFO] event_trader_improved.runtime: DRY-RUN: [SINGLE] Would buy Yes @ $0.011 for $36.71 (edge=48.9%)
2026-04-08 21:36:17,252 [INFO] event_trader_improved.runtime: DRY-RUN: [SINGLE] Would buy Yes @ $0.011 for $36.71 (edge=48.9%)
2026-04-08 21:36:17,292 [INFO] event_trader_improved.runtime: DRY-RUN: [SINGLE] Would buy Yes @ $0.011 for $36.71 (edge=48.9%)
2026-04-08 21:36:17,360 [INFO] event_trader_improved.runtime: DRY-RUN: [SINGLE] Would buy Yes @ $0.011 for $36.71 (edge=48.9%)
2026-04-08 21:36:17,418 [INFO] event_trader_improved.runtime: DRY-RUN: [SINGLE] Would buy Yes @ $0.011 for $36.71 (edge=48.9%)
2026-04-08 21:36:17,458 [INFO] event_trader_improved.runtime: DRY-RUN: [SINGLE] Would buy Yes @ $0.011 for $36.71 (edge=48.9%)
2026-04-08 21:36:17,497 [INFO] event_trader_improved.runtime: DRY-RUN: [SINGLE] Would buy Yes @ $0.011 for $36.71 (edge=48.9%)
2026-04-08 21:36:17,534 [INFO] event_trader_improved.runtime: Cycle complete: scanned=600 signals=488 executed=30
2026-04-08 21:36:22,534 [INFO] event_trader_improved.runtime: === Cycle ev_20260408T213622_d72cc6 (#7) ===
2026-04-08 21:36:23,012 [INFO] event_trader.data_client: fetched 600 markets across 7 pages
2026-04-08 21:36:23,012 [INFO] event_trader_improved.runtime: Fetched 600 markets
2026-04-08 21:36:23,014 [INFO] event_trader_improved.scanner: Scan stats: scanned=600 eligible=583 signals=488 skipped_active=0 skipped_volume=17
2026-04-08 21:36:23,014 [INFO] event_trader_improved.runtime: Found 488 signals
2026-04-08 21:36:23,014 [INFO] event_trader_improved.runtime: Signal #1: [NO_BASKET] No @ $0.465 (edge=331.8%)
2026-04-08 21:36:23,014 [INFO] event_trader_improved.runtime: Signal #2: [NO_BASKET] No @ $0.455 (edge=331.8%)
2026-04-08 21:36:23,014 [INFO] event_trader_improved.runtime: Signal #3: [NO_BASKET] No @ $0.445 (edge=331.8%)
2026-04-08 21:36:23,015 [INFO] event_trader_improved.runtime: DRY-RUN: [NO_BASKET] Would buy No @ $0.465 for $100.00 (edge=331.8%)
2026-04-08 21:36:23,088 [INFO] event_trader_improved.runtime: DRY-RUN: [NO_BASKET] Would buy No @ $0.455 for $100.00 (edge=331.8%)
2026-04-08 21:36:23,150 [INFO] event_trader_improved.runtime: DRY-RUN: [NO_BASKET] Would buy No @ $0.445 for $100.00 (edge=331.8%)
2026-04-08 21:36:23,167 [INFO] event_trader_improved.runtime: DRY-RUN: [NO_BASKET] Would buy No @ $0.515 for $100.00 (edge=331.8%)
2026-04-08 21:36:23,196 [INFO] event_trader_improved.runtime: DRY-RUN: [NO_BASKET] Would buy No @ $0.475 for $100.00 (edge=331.8%)
2026-04-08 21:36:23,217 [INFO] event_trader_improved.runtime: DRY-RUN: [NO_BASKET] Would buy No @ $0.485 for $100.00 (edge=331.8%)
2026-04-08 21:36:23,242 [INFO] event_trader_improved.runtime: DRY-RUN: [NO_BASKET] Would buy No @ $0.512 for $100.00 (edge=331.8%)
2026-04-08 21:36:23,261 [INFO] event_trader_improved.runtime: DRY-RUN: [NO_BASKET] Would buy No @ $0.330 for $100.00 (edge=331.8%)
2026-04-08 21:36:23,277 [INFO] event_trader_improved.runtime: DRY-RUN: [NO_BASKET] Would buy No @ $0.993 for $100.00 (edge=206.0%)
2026-04-08 21:36:23,293 [INFO] event_trader_improved.runtime: DRY-RUN: [NO_BASKET] Would buy No @ $0.676 for $100.00 (edge=206.0%)
2026-04-08 21:36:23,336 [INFO] event_trader_improved.runtime: DRY-RUN: [NO_BASKET] Would buy No @ $0.850 for $100.00 (edge=206.0%)
2026-04-08 21:36:23,356 [INFO] event_trader_improved.runtime: DRY-RUN: [NO_BASKET] Would buy No @ $0.996 for $100.00 (edge=206.0%)
2026-04-08 21:36:23,378 [INFO] event_trader_improved.runtime: DRY-RUN: [NO_BASKET] Would buy No @ $0.996 for $100.00 (edge=206.0%)
2026-04-08 21:36:23,400 [INFO] event_trader_improved.runtime: DRY-RUN: [NO_BASKET] Would buy No @ $0.535 for $100.00 (edge=206.0%)
2026-04-08 21:36:23,420 [INFO] event_trader_improved.runtime: DRY-RUN: [NO_BASKET] Would buy No @ $0.870 for $100.00 (edge=206.0%)
2026-04-08 21:36:23,436 [INFO] event_trader_improved.runtime: DRY-RUN: [NO_BASKET] Would buy No @ $0.989 for $100.00 (edge=206.0%)
2026-04-08 21:36:23,457 [INFO] event_trader_improved.runtime: DRY-RUN: [NO_BASKET] Would buy No @ $0.017 for $100.00 (edge=206.0%)
2026-04-08 21:36:23,579 [INFO] event_trader_improved.runtime: DRY-RUN: [NO_BASKET] Would buy No @ $0.018 for $100.00 (edge=206.0%)
2026-04-08 21:36:23,597 [INFO] event_trader_improved.runtime: DRY-RUN: [SINGLE] Would buy Yes @ $0.011 for $36.71 (edge=48.9%)
2026-04-08 21:36:23,616 [INFO] event_trader_improved.runtime: DRY-RUN: [SINGLE] Would buy Yes @ $0.011 for $36.71 (edge=48.9%)
2026-04-08 21:36:23,651 [INFO] event_trader_improved.runtime: DRY-RUN: [SINGLE] Would buy Yes @ $0.011 for $36.71 (edge=48.9%)
2026-04-08 21:36:23,684 [INFO] event_trader_improved.runtime: DRY-RUN: [SINGLE] Would buy Yes @ $0.011 for $36.71 (edge=48.9%)
2026-04-08 21:36:23,718 [INFO] event_trader_improved.runtime: DRY-RUN: [SINGLE] Would buy Yes @ $0.011 for $36.71 (edge=48.9%)
2026-04-08 21:36:23,741 [INFO] event_trader_improved.runtime: DRY-RUN: [SINGLE] Would buy Yes @ $0.011 for $36.71 (edge=48.9%)
2026-04-08 21:36:23,775 [INFO] event_trader_improved.runtime: DRY-RUN: [SINGLE] Would buy Yes @ $0.011 for $36.71 (edge=48.9%)
2026-04-08 21:36:23,812 [INFO] event_trader_improved.runtime: DRY-RUN: [SINGLE] Would buy Yes @ $0.011 for $36.71 (edge=48.9%)
2026-04-08 21:36:23,952 [INFO] event_trader_improved.runtime: DRY-RUN: [SINGLE] Would buy Yes @ $0.011 for $36.71 (edge=48.9%)
2026-04-08 21:36:23,990 [INFO] event_trader_improved.runtime: DRY-RUN: [SINGLE] Would buy Yes @ $0.011 for $36.71 (edge=48.9%)
2026-04-08 21:36:24,014 [INFO] event_trader_improved.runtime: DRY-RUN: [SINGLE] Would buy Yes @ $0.011 for $36.71 (edge=48.9%)
2026-04-08 21:36:24,069 [INFO] event_trader_improved.runtime: DRY-RUN: [SINGLE] Would buy Yes @ $0.011 for $36.71 (edge=48.9%)
2026-04-08 21:36:24,215 [INFO] event_trader_improved.runtime: Cycle complete: scanned=600 signals=488 executed=30
2026-04-08 21:36:29,216 [INFO] event_trader_improved.runtime: === Cycle ev_20260408T213629_d72ccd (#8) ===
2026-04-08 21:36:29,557 [INFO] event_trader.data_client: fetched 600 markets across 7 pages
2026-04-08 21:36:29,558 [INFO] event_trader_improved.runtime: Fetched 600 markets
2026-04-08 21:36:29,560 [INFO] event_trader_improved.scanner: Scan stats: scanned=600 eligible=583 signals=488 skipped_active=0 skipped_volume=17
2026-04-08 21:36:29,560 [INFO] event_trader_improved.runtime: Found 488 signals
2026-04-08 21:36:29,560 [INFO] event_trader_improved.runtime: Signal #1: [NO_BASKET] No @ $0.465 (edge=331.8%)
2026-04-08 21:36:29,560 [INFO] event_trader_improved.runtime: Signal #2: [NO_BASKET] No @ $0.455 (edge=331.8%)
2026-04-08 21:36:29,560 [INFO] event_trader_improved.runtime: Signal #3: [NO_BASKET] No @ $0.445 (edge=331.8%)
2026-04-08 21:36:29,561 [INFO] event_trader_improved.runtime: DRY-RUN: [NO_BASKET] Would buy No @ $0.465 for $100.00 (edge=331.8%)
2026-04-08 21:36:29,593 [INFO] event_trader_improved.runtime: DRY-RUN: [NO_BASKET] Would buy No @ $0.455 for $100.00 (edge=331.8%)
2026-04-08 21:36:29,699 [INFO] event_trader_improved.runtime: DRY-RUN: [NO_BASKET] Would buy No @ $0.445 for $100.00 (edge=331.8%)
2026-04-08 21:36:29,719 [INFO] event_trader_improved.runtime: DRY-RUN: [NO_BASKET] Would buy No @ $0.515 for $100.00 (edge=331.8%)
2026-04-08 21:36:29,752 [INFO] event_trader_improved.runtime: DRY-RUN: [NO_BASKET] Would buy No @ $0.475 for $100.00 (edge=331.8%)
2026-04-08 21:36:29,811 [INFO] event_trader_improved.runtime: DRY-RUN: [NO_BASKET] Would buy No @ $0.485 for $100.00 (edge=331.8%)
2026-04-08 21:36:29,830 [INFO] event_trader_improved.runtime: DRY-RUN: [NO_BASKET] Would buy No @ $0.512 for $100.00 (edge=331.8%)
2026-04-08 21:36:29,861 [INFO] event_trader_improved.runtime: DRY-RUN: [NO_BASKET] Would buy No @ $0.330 for $100.00 (edge=331.8%)
2026-04-08 21:36:29,920 [INFO] event_trader_improved.runtime: DRY-RUN: [NO_BASKET] Would buy No @ $0.993 for $100.00 (edge=206.0%)
2026-04-08 21:36:29,937 [INFO] event_trader_improved.runtime: DRY-RUN: [NO_BASKET] Would buy No @ $0.676 for $100.00 (edge=206.0%)
2026-04-08 21:36:29,979 [INFO] event_trader_improved.runtime: DRY-RUN: [NO_BASKET] Would buy No @ $0.850 for $100.00 (edge=206.0%)
2026-04-08 21:36:30,032 [INFO] event_trader_improved.runtime: DRY-RUN: [NO_BASKET] Would buy No @ $0.996 for $100.00 (edge=206.0%)
2026-04-08 21:36:30,055 [INFO] event_trader_improved.runtime: DRY-RUN: [NO_BASKET] Would buy No @ $0.996 for $100.00 (edge=206.0%)
2026-04-08 21:36:30,107 [INFO] event_trader_improved.runtime: DRY-RUN: [NO_BASKET] Would buy No @ $0.535 for $100.00 (edge=206.0%)
2026-04-08 21:36:30,123 [INFO] event_trader_improved.runtime: DRY-RUN: [NO_BASKET] Would buy No @ $0.870 for $100.00 (edge=206.0%)
2026-04-08 21:36:30,168 [INFO] event_trader_improved.runtime: DRY-RUN: [NO_BASKET] Would buy No @ $0.989 for $100.00 (edge=206.0%)
2026-04-08 21:36:30,185 [INFO] event_trader_improved.runtime: DRY-RUN: [NO_BASKET] Would buy No @ $0.017 for $100.00 (edge=206.0%)
2026-04-08 21:36:30,268 [INFO] event_trader_improved.runtime: DRY-RUN: [NO_BASKET] Would buy No @ $0.018 for $100.00 (edge=206.0%)
2026-04-08 21:36:30,315 [INFO] event_trader_improved.runtime: DRY-RUN: [SINGLE] Would buy Yes @ $0.011 for $36.71 (edge=48.9%)
2026-04-08 21:36:30,345 [INFO] event_trader_improved.runtime: DRY-RUN: [SINGLE] Would buy Yes @ $0.011 for $36.71 (edge=48.9%)
2026-04-08 21:36:30,437 [INFO] event_trader_improved.runtime: DRY-RUN: [SINGLE] Would buy Yes @ $0.011 for $36.71 (edge=48.9%)
2026-04-08 21:36:30,463 [INFO] event_trader_improved.runtime: DRY-RUN: [SINGLE] Would buy Yes @ $0.011 for $36.71 (edge=48.9%)
2026-04-08 21:36:30,497 [INFO] event_trader_improved.runtime: DRY-RUN: [SINGLE] Would buy Yes @ $0.011 for $36.71 (edge=48.9%)
2026-04-08 21:36:30,520 [INFO] event_trader_improved.runtime: DRY-RUN: [SINGLE] Would buy Yes @ $0.011 for $36.71 (edge=48.9%)
2026-04-08 21:36:30,551 [INFO] event_trader_improved.runtime: DRY-RUN: [SINGLE] Would buy Yes @ $0.011 for $36.71 (edge=48.9%)
2026-04-08 21:36:30,575 [INFO] event_trader_improved.runtime: DRY-RUN: [SINGLE] Would buy Yes @ $0.011 for $36.71 (edge=48.9%)
2026-04-08 21:36:30,592 [INFO] event_trader_improved.runtime: DRY-RUN: [SINGLE] Would buy Yes @ $0.011 for $36.71 (edge=48.9%)
2026-04-08 21:36:30,608 [INFO] event_trader_improved.runtime: DRY-RUN: [SINGLE] Would buy Yes @ $0.011 for $36.71 (edge=48.9%)
2026-04-08 21:36:30,627 [INFO] event_trader_improved.runtime: DRY-RUN: [SINGLE] Would buy Yes @ $0.011 for $36.71 (edge=48.9%)
2026-04-08 21:36:30,706 [INFO] event_trader_improved.runtime: DRY-RUN: [SINGLE] Would buy Yes @ $0.011 for $36.71 (edge=48.9%)
2026-04-08 21:36:30,765 [INFO] event_trader_improved.runtime: Cycle complete: scanned=600 signals=488 executed=30
2026-04-08 21:36:35,766 [INFO] event_trader_improved.runtime: === Cycle ev_20260408T213635_d72cd3 (#9) ===
2026-04-08 21:36:36,152 [INFO] event_trader.data_client: fetched 600 markets across 7 pages
2026-04-08 21:36:36,153 [INFO] event_trader_improved.runtime: Fetched 600 markets
2026-04-08 21:36:36,156 [INFO] event_trader_improved.scanner: Scan stats: scanned=600 eligible=583 signals=488 skipped_active=0 skipped_volume=17
2026-04-08 21:36:36,157 [INFO] event_trader_improved.runtime: Found 488 signals
2026-04-08 21:36:36,157 [INFO] event_trader_improved.runtime: Signal #1: [NO_BASKET] No @ $0.465 (edge=331.8%)
2026-04-08 21:36:36,157 [INFO] event_trader_improved.runtime: Signal #2: [NO_BASKET] No @ $0.455 (edge=331.8%)
2026-04-08 21:36:36,157 [INFO] event_trader_improved.runtime: Signal #3: [NO_BASKET] No @ $0.445 (edge=331.8%)
2026-04-08 21:36:36,157 [INFO] event_trader_improved.runtime: DRY-RUN: [NO_BASKET] Would buy No @ $0.465 for $100.00 (edge=331.8%)
2026-04-08 21:36:36,249 [INFO] event_trader_improved.runtime: DRY-RUN: [NO_BASKET] Would buy No @ $0.455 for $100.00 (edge=331.8%)
2026-04-08 21:36:36,299 [INFO] event_trader_improved.runtime: DRY-RUN: [NO_BASKET] Would buy No @ $0.445 for $100.00 (edge=331.8%)
2026-04-08 21:36:36,339 [INFO] event_trader_improved.runtime: DRY-RUN: [NO_BASKET] Would buy No @ $0.515 for $100.00 (edge=331.8%)
2026-04-08 21:36:36,359 [INFO] event_trader_improved.runtime: DRY-RUN: [NO_BASKET] Would buy No @ $0.475 for $100.00 (edge=331.8%)
2026-04-08 21:36:36,463 [INFO] event_trader_improved.runtime: DRY-RUN: [NO_BASKET] Would buy No @ $0.485 for $100.00 (edge=331.8%)
2026-04-08 21:36:36,504 [INFO] event_trader_improved.runtime: DRY-RUN: [NO_BASKET] Would buy No @ $0.512 for $100.00 (edge=331.8%)
2026-04-08 21:36:36,557 [INFO] event_trader_improved.runtime: DRY-RUN: [NO_BASKET] Would buy No @ $0.330 for $100.00 (edge=331.8%)
2026-04-08 21:36:36,624 [INFO] event_trader_improved.runtime: DRY-RUN: [NO_BASKET] Would buy No @ $0.993 for $100.00 (edge=206.0%)
2026-04-08 21:36:36,669 [INFO] event_trader_improved.runtime: DRY-RUN: [NO_BASKET] Would buy No @ $0.676 for $100.00 (edge=206.0%)
2026-04-08 21:36:36,711 [INFO] event_trader_improved.runtime: DRY-RUN: [NO_BASKET] Would buy No @ $0.850 for $100.00 (edge=206.0%)
2026-04-08 21:36:36,783 [INFO] event_trader_improved.runtime: DRY-RUN: [NO_BASKET] Would buy No @ $0.996 for $100.00 (edge=206.0%)
2026-04-08 21:36:36,873 [INFO] event_trader_improved.runtime: DRY-RUN: [NO_BASKET] Would buy No @ $0.996 for $100.00 (edge=206.0%)
2026-04-08 21:36:36,904 [INFO] event_trader_improved.runtime: DRY-RUN: [NO_BASKET] Would buy No @ $0.535 for $100.00 (edge=206.0%)
2026-04-08 21:36:37,018 [INFO] event_trader_improved.runtime: DRY-RUN: [NO_BASKET] Would buy No @ $0.870 for $100.00 (edge=206.0%)
2026-04-08 21:36:37,064 [INFO] event_trader_improved.runtime: DRY-RUN: [NO_BASKET] Would buy No @ $0.989 for $100.00 (edge=206.0%)
2026-04-08 21:36:37,104 [INFO] event_trader_improved.runtime: DRY-RUN: [NO_BASKET] Would buy No @ $0.017 for $100.00 (edge=206.0%)
2026-04-08 21:36:37,124 [INFO] event_trader_improved.runtime: DRY-RUN: [NO_BASKET] Would buy No @ $0.018 for $100.00 (edge=206.0%)
2026-04-08 21:36:37,188 [INFO] event_trader_improved.runtime: DRY-RUN: [SINGLE] Would buy Yes @ $0.011 for $36.71 (edge=48.9%)
2026-04-08 21:36:37,213 [INFO] event_trader_improved.runtime: DRY-RUN: [SINGLE] Would buy Yes @ $0.011 for $36.71 (edge=48.9%)
2026-04-08 21:36:37,236 [INFO] event_trader_improved.runtime: DRY-RUN: [SINGLE] Would buy Yes @ $0.011 for $36.71 (edge=48.9%)
2026-04-08 21:36:37,255 [INFO] event_trader_improved.runtime: DRY-RUN: [SINGLE] Would buy Yes @ $0.011 for $36.71 (edge=48.9%)
2026-04-08 21:36:37,278 [INFO] event_trader_improved.runtime: DRY-RUN: [SINGLE] Would buy Yes @ $0.011 for $36.71 (edge=48.9%)
2026-04-08 21:36:37,348 [INFO] event_trader_improved.runtime: DRY-RUN: [SINGLE] Would buy Yes @ $0.011 for $36.71 (edge=48.9%)
2026-04-08 21:36:37,417 [INFO] event_trader_improved.runtime: DRY-RUN: [SINGLE] Would buy Yes @ $0.011 for $36.71 (edge=48.9%)
2026-04-08 21:36:37,434 [INFO] event_trader_improved.runtime: DRY-RUN: [SINGLE] Would buy Yes @ $0.011 for $36.71 (edge=48.9%)
2026-04-08 21:36:37,471 [INFO] event_trader_improved.runtime: DRY-RUN: [SINGLE] Would buy Yes @ $0.011 for $36.71 (edge=48.9%)
2026-04-08 21:36:37,546 [INFO] event_trader_improved.runtime: DRY-RUN: [SINGLE] Would buy Yes @ $0.011 for $36.71 (edge=48.9%)
2026-04-08 21:36:37,563 [INFO] event_trader_improved.runtime: DRY-RUN: [SINGLE] Would buy Yes @ $0.011 for $36.71 (edge=48.9%)
2026-04-08 21:36:37,587 [INFO] event_trader_improved.runtime: DRY-RUN: [SINGLE] Would buy Yes @ $0.011 for $36.71 (edge=48.9%)
2026-04-08 21:36:37,612 [INFO] event_trader_improved.runtime: Cycle complete: scanned=600 signals=488 executed=30
2026-04-08 21:36:42,613 [INFO] event_trader_improved.runtime: === Cycle ev_20260408T213642_d72cda (#10) ===
2026-04-08 21:36:43,315 [INFO] event_trader.data_client: fetched 600 markets across 7 pages
2026-04-08 21:36:43,315 [INFO] event_trader_improved.runtime: Fetched 600 markets
2026-04-08 21:36:43,319 [INFO] event_trader_improved.scanner: Scan stats: scanned=600 eligible=583 signals=488 skipped_active=0 skipped_volume=17
2026-04-08 21:36:43,320 [INFO] event_trader_improved.runtime: Found 488 signals
2026-04-08 21:36:43,320 [INFO] event_trader_improved.runtime: Signal #1: [NO_BASKET] No @ $0.465 (edge=331.8%)
2026-04-08 21:36:43,320 [INFO] event_trader_improved.runtime: Signal #2: [NO_BASKET] No @ $0.455 (edge=331.8%)
2026-04-08 21:36:43,320 [INFO] event_trader_improved.runtime: Signal #3: [NO_BASKET] No @ $0.445 (edge=331.8%)
2026-04-08 21:36:43,320 [INFO] event_trader_improved.runtime: DRY-RUN: [NO_BASKET] Would buy No @ $0.465 for $100.00 (edge=331.8%)
2026-04-08 21:36:45,967 [INFO] event_trader_improved.runtime: DRY-RUN: [NO_BASKET] Would buy No @ $0.455 for $100.00 (edge=331.8%)
2026-04-08 21:36:46,109 [INFO] event_trader_improved.runtime: DRY-RUN: [NO_BASKET] Would buy No @ $0.445 for $100.00 (edge=331.8%)
2026-04-08 21:36:46,128 [INFO] event_trader_improved.runtime: DRY-RUN: [NO_BASKET] Would buy No @ $0.515 for $100.00 (edge=331.8%)
2026-04-08 21:36:46,167 [INFO] event_trader_improved.runtime: DRY-RUN: [NO_BASKET] Would buy No @ $0.475 for $100.00 (edge=331.8%)
2026-04-08 21:36:46,217 [INFO] event_trader_improved.runtime: DRY-RUN: [NO_BASKET] Would buy No @ $0.485 for $100.00 (edge=331.8%)
2026-04-08 21:36:46,240 [INFO] event_trader_improved.runtime: DRY-RUN: [NO_BASKET] Would buy No @ $0.512 for $100.00 (edge=331.8%)
2026-04-08 21:36:46,296 [INFO] event_trader_improved.runtime: DRY-RUN: [NO_BASKET] Would buy No @ $0.330 for $100.00 (edge=331.8%)
2026-04-08 21:36:46,398 [INFO] event_trader_improved.runtime: DRY-RUN: [NO_BASKET] Would buy No @ $0.993 for $100.00 (edge=206.0%)
2026-04-08 21:36:46,420 [INFO] event_trader_improved.runtime: DRY-RUN: [NO_BASKET] Would buy No @ $0.676 for $100.00 (edge=206.0%)
2026-04-08 21:36:46,463 [INFO] event_trader_improved.runtime: DRY-RUN: [NO_BASKET] Would buy No @ $0.850 for $100.00 (edge=206.0%)
2026-04-08 21:36:46,480 [INFO] event_trader_improved.runtime: DRY-RUN: [NO_BASKET] Would buy No @ $0.996 for $100.00 (edge=206.0%)
2026-04-08 21:36:46,521 [INFO] event_trader_improved.runtime: DRY-RUN: [NO_BASKET] Would buy No @ $0.996 for $100.00 (edge=206.0%)
2026-04-08 21:36:46,559 [INFO] event_trader_improved.runtime: DRY-RUN: [NO_BASKET] Would buy No @ $0.535 for $100.00 (edge=206.0%)
2026-04-08 21:36:46,577 [INFO] event_trader_improved.runtime: DRY-RUN: [NO_BASKET] Would buy No @ $0.870 for $100.00 (edge=206.0%)
2026-04-08 21:36:46,601 [INFO] event_trader_improved.runtime: DRY-RUN: [NO_BASKET] Would buy No @ $0.989 for $100.00 (edge=206.0%)
2026-04-08 21:36:46,620 [INFO] event_trader_improved.runtime: DRY-RUN: [NO_BASKET] Would buy No @ $0.017 for $100.00 (edge=206.0%)
2026-04-08 21:36:46,646 [INFO] event_trader_improved.runtime: DRY-RUN: [NO_BASKET] Would buy No @ $0.018 for $100.00 (edge=206.0%)
2026-04-08 21:36:46,669 [INFO] event_trader_improved.runtime: DRY-RUN: [SINGLE] Would buy Yes @ $0.011 for $36.71 (edge=48.9%)
2026-04-08 21:36:46,704 [INFO] event_trader_improved.runtime: DRY-RUN: [SINGLE] Would buy Yes @ $0.011 for $36.71 (edge=48.9%)
2026-04-08 21:36:46,742 [INFO] event_trader_improved.runtime: DRY-RUN: [SINGLE] Would buy Yes @ $0.011 for $36.71 (edge=48.9%)
2026-04-08 21:36:46,791 [INFO] event_trader_improved.runtime: DRY-RUN: [SINGLE] Would buy Yes @ $0.011 for $36.71 (edge=48.9%)
2026-04-08 21:36:46,819 [INFO] event_trader_improved.runtime: DRY-RUN: [SINGLE] Would buy Yes @ $0.011 for $36.71 (edge=48.9%)
2026-04-08 21:36:46,838 [INFO] event_trader_improved.runtime: DRY-RUN: [SINGLE] Would buy Yes @ $0.011 for $36.71 (edge=48.9%)
2026-04-08 21:36:46,859 [INFO] event_trader_improved.runtime: DRY-RUN: [SINGLE] Would buy Yes @ $0.011 for $36.71 (edge=48.9%)
2026-04-08 21:36:46,881 [INFO] event_trader_improved.runtime: DRY-RUN: [SINGLE] Would buy Yes @ $0.011 for $36.71 (edge=48.9%)
2026-04-08 21:36:46,903 [INFO] event_trader_improved.runtime: DRY-RUN: [SINGLE] Would buy Yes @ $0.011 for $36.71 (edge=48.9%)
2026-04-08 21:36:46,926 [INFO] event_trader_improved.runtime: DRY-RUN: [SINGLE] Would buy Yes @ $0.011 for $36.71 (edge=48.9%)
2026-04-08 21:36:46,974 [INFO] event_trader_improved.runtime: DRY-RUN: [SINGLE] Would buy Yes @ $0.011 for $36.71 (edge=48.9%)
2026-04-08 21:36:47,020 [INFO] event_trader_improved.runtime: DRY-RUN: [SINGLE] Would buy Yes @ $0.011 for $36.71 (edge=48.9%)
2026-04-08 21:36:47,065 [INFO] event_trader_improved.runtime: Cycle complete: scanned=600 signals=488 executed=30
2026-04-08 21:36:52,066 [INFO] event_trader_improved.runtime: === Cycle ev_20260408T213652_d72ce4 (#11) ===
2026-04-08 21:36:52,763 [INFO] event_trader.data_client: fetched 600 markets across 7 pages
2026-04-08 21:36:52,764 [INFO] event_trader_improved.runtime: Fetched 600 markets
2026-04-08 21:36:52,766 [INFO] event_trader_improved.scanner: Scan stats: scanned=600 eligible=583 signals=488 skipped_active=0 skipped_volume=17
2026-04-08 21:36:52,766 [INFO] event_trader_improved.runtime: Found 488 signals
2026-04-08 21:36:52,766 [INFO] event_trader_improved.runtime: Signal #1: [NO_BASKET] No @ $0.465 (edge=331.8%)
2026-04-08 21:36:52,766 [INFO] event_trader_improved.runtime: Signal #2: [NO_BASKET] No @ $0.455 (edge=331.8%)
2026-04-08 21:36:52,766 [INFO] event_trader_improved.runtime: Signal #3: [NO_BASKET] No @ $0.445 (edge=331.8%)
2026-04-08 21:36:52,766 [INFO] event_trader_improved.runtime: DRY-RUN: [NO_BASKET] Would buy No @ $0.465 for $100.00 (edge=331.8%)
2026-04-08 21:36:52,810 [INFO] event_trader_improved.runtime: DRY-RUN: [NO_BASKET] Would buy No @ $0.455 for $100.00 (edge=331.8%)
2026-04-08 21:36:52,832 [INFO] event_trader_improved.runtime: DRY-RUN: [NO_BASKET] Would buy No @ $0.445 for $100.00 (edge=331.8%)
2026-04-08 21:36:52,926 [INFO] event_trader_improved.runtime: DRY-RUN: [NO_BASKET] Would buy No @ $0.515 for $100.00 (edge=331.8%)
2026-04-08 21:36:52,944 [INFO] event_trader_improved.runtime: DRY-RUN: [NO_BASKET] Would buy No @ $0.475 for $100.00 (edge=331.8%)
2026-04-08 21:36:52,977 [INFO] event_trader_improved.runtime: DRY-RUN: [NO_BASKET] Would buy No @ $0.485 for $100.00 (edge=331.8%)
2026-04-08 21:36:53,031 [INFO] event_trader_improved.runtime: DRY-RUN: [NO_BASKET] Would buy No @ $0.512 for $100.00 (edge=331.8%)
2026-04-08 21:36:53,053 [INFO] event_trader_improved.runtime: DRY-RUN: [NO_BASKET] Would buy No @ $0.330 for $100.00 (edge=331.8%)
2026-04-08 21:36:53,107 [INFO] event_trader_improved.runtime: DRY-RUN: [NO_BASKET] Would buy No @ $0.993 for $100.00 (edge=206.0%)
2026-04-08 21:36:53,123 [INFO] event_trader_improved.runtime: DRY-RUN: [NO_BASKET] Would buy No @ $0.676 for $100.00 (edge=206.0%)
2026-04-08 21:36:53,141 [INFO] event_trader_improved.runtime: DRY-RUN: [NO_BASKET] Would buy No @ $0.850 for $100.00 (edge=206.0%)
2026-04-08 21:36:53,159 [INFO] event_trader_improved.runtime: DRY-RUN: [NO_BASKET] Would buy No @ $0.996 for $100.00 (edge=206.0%)
2026-04-08 21:36:53,178 [INFO] event_trader_improved.runtime: DRY-RUN: [NO_BASKET] Would buy No @ $0.996 for $100.00 (edge=206.0%)
2026-04-08 21:36:53,205 [INFO] event_trader_improved.runtime: DRY-RUN: [NO_BASKET] Would buy No @ $0.535 for $100.00 (edge=206.0%)
2026-04-08 21:36:53,249 [INFO] event_trader_improved.runtime: DRY-RUN: [NO_BASKET] Would buy No @ $0.870 for $100.00 (edge=206.0%)
2026-04-08 21:36:53,272 [INFO] event_trader_improved.runtime: DRY-RUN: [NO_BASKET] Would buy No @ $0.989 for $100.00 (edge=206.0%)
2026-04-08 21:36:53,291 [INFO] event_trader_improved.runtime: DRY-RUN: [NO_BASKET] Would buy No @ $0.017 for $100.00 (edge=206.0%)
2026-04-08 21:36:53,307 [INFO] event_trader_improved.runtime: DRY-RUN: [NO_BASKET] Would buy No @ $0.018 for $100.00 (edge=206.0%)
2026-04-08 21:36:53,327 [INFO] event_trader_improved.runtime: DRY-RUN: [SINGLE] Would buy Yes @ $0.011 for $36.71 (edge=48.9%)
2026-04-08 21:36:53,462 [INFO] event_trader_improved.runtime: DRY-RUN: [SINGLE] Would buy Yes @ $0.011 for $36.71 (edge=48.9%)
2026-04-08 21:36:53,485 [INFO] event_trader_improved.runtime: DRY-RUN: [SINGLE] Would buy Yes @ $0.011 for $36.71 (edge=48.9%)
2026-04-08 21:36:53,539 [INFO] event_trader_improved.runtime: DRY-RUN: [SINGLE] Would buy Yes @ $0.011 for $36.71 (edge=48.9%)
2026-04-08 21:36:53,563 [INFO] event_trader_improved.runtime: DRY-RUN: [SINGLE] Would buy Yes @ $0.011 for $36.71 (edge=48.9%)
2026-04-08 21:36:53,585 [INFO] event_trader_improved.runtime: DRY-RUN: [SINGLE] Would buy Yes @ $0.011 for $36.71 (edge=48.9%)
2026-04-08 21:36:53,602 [INFO] event_trader_improved.runtime: DRY-RUN: [SINGLE] Would buy Yes @ $0.011 for $36.71 (edge=48.9%)
2026-04-08 21:36:53,622 [INFO] event_trader_improved.runtime: DRY-RUN: [SINGLE] Would buy Yes @ $0.011 for $36.71 (edge=48.9%)
2026-04-08 21:36:53,640 [INFO] event_trader_improved.runtime: DRY-RUN: [SINGLE] Would buy Yes @ $0.011 for $36.71 (edge=48.9%)
2026-04-08 21:36:53,656 [INFO] event_trader_improved.runtime: DRY-RUN: [SINGLE] Would buy Yes @ $0.011 for $36.71 (edge=48.9%)
2026-04-08 21:36:53,679 [INFO] event_trader_improved.runtime: DRY-RUN: [SINGLE] Would buy Yes @ $0.011 for $36.71 (edge=48.9%)
2026-04-08 21:36:53,701 [INFO] event_trader_improved.runtime: DRY-RUN: [SINGLE] Would buy Yes @ $0.011 for $36.71 (edge=48.9%)
2026-04-08 21:36:53,754 [INFO] event_trader_improved.runtime: Cycle complete: scanned=600 signals=488 executed=30
2026-04-08 21:36:58,754 [INFO] event_trader_improved.runtime: === Cycle ev_20260408T213658_d72cea (#12) ===
2026-04-08 21:36:59,117 [INFO] event_trader.data_client: fetched 600 markets across 7 pages
2026-04-08 21:36:59,118 [INFO] event_trader_improved.runtime: Fetched 600 markets
2026-04-08 21:36:59,121 [INFO] event_trader_improved.scanner: Scan stats: scanned=600 eligible=583 signals=488 skipped_active=0 skipped_volume=17
2026-04-08 21:36:59,122 [INFO] event_trader_improved.runtime: Found 488 signals
2026-04-08 21:36:59,122 [INFO] event_trader_improved.runtime: Signal #1: [NO_BASKET] No @ $0.465 (edge=331.8%)
2026-04-08 21:36:59,122 [INFO] event_trader_improved.runtime: Signal #2: [NO_BASKET] No @ $0.455 (edge=331.8%)
2026-04-08 21:36:59,122 [INFO] event_trader_improved.runtime: Signal #3: [NO_BASKET] No @ $0.445 (edge=331.8%)
2026-04-08 21:36:59,122 [INFO] event_trader_improved.runtime: DRY-RUN: [NO_BASKET] Would buy No @ $0.465 for $100.00 (edge=331.8%)
2026-04-08 21:36:59,176 [INFO] event_trader_improved.runtime: DRY-RUN: [NO_BASKET] Would buy No @ $0.455 for $100.00 (edge=331.8%)
2026-04-08 21:36:59,282 [INFO] event_trader_improved.runtime: DRY-RUN: [NO_BASKET] Would buy No @ $0.445 for $100.00 (edge=331.8%)
2026-04-08 21:36:59,307 [INFO] event_trader_improved.runtime: DRY-RUN: [NO_BASKET] Would buy No @ $0.515 for $100.00 (edge=331.8%)
2026-04-08 21:36:59,341 [INFO] event_trader_improved.runtime: DRY-RUN: [NO_BASKET] Would buy No @ $0.475 for $100.00 (edge=331.8%)
2026-04-08 21:36:59,374 [INFO] event_trader_improved.runtime: DRY-RUN: [NO_BASKET] Would buy No @ $0.485 for $100.00 (edge=331.8%)
2026-04-08 21:36:59,435 [INFO] event_trader_improved.runtime: DRY-RUN: [NO_BASKET] Would buy No @ $0.512 for $100.00 (edge=331.8%)
2026-04-08 21:36:59,489 [INFO] event_trader_improved.runtime: DRY-RUN: [NO_BASKET] Would buy No @ $0.330 for $100.00 (edge=331.8%)
2026-04-08 21:36:59,532 [INFO] event_trader_improved.runtime: DRY-RUN: [NO_BASKET] Would buy No @ $0.993 for $100.00 (edge=206.0%)
2026-04-08 21:36:59,632 [INFO] event_trader_improved.runtime: DRY-RUN: [NO_BASKET] Would buy No @ $0.676 for $100.00 (edge=206.0%)
2026-04-08 21:36:59,695 [INFO] event_trader_improved.runtime: DRY-RUN: [NO_BASKET] Would buy No @ $0.850 for $100.00 (edge=206.0%)
2026-04-08 21:36:59,728 [INFO] event_trader_improved.runtime: DRY-RUN: [NO_BASKET] Would buy No @ $0.996 for $100.00 (edge=206.0%)
2026-04-08 21:36:59,746 [INFO] event_trader_improved.runtime: DRY-RUN: [NO_BASKET] Would buy No @ $0.996 for $100.00 (edge=206.0%)
2026-04-08 21:36:59,783 [INFO] event_trader_improved.runtime: DRY-RUN: [NO_BASKET] Would buy No @ $0.535 for $100.00 (edge=206.0%)
2026-04-08 21:36:59,825 [INFO] event_trader_improved.runtime: DRY-RUN: [NO_BASKET] Would buy No @ $0.870 for $100.00 (edge=206.0%)
2026-04-08 21:36:59,863 [INFO] event_trader_improved.runtime: DRY-RUN: [NO_BASKET] Would buy No @ $0.989 for $100.00 (edge=206.0%)
2026-04-08 21:36:59,925 [INFO] event_trader_improved.runtime: DRY-RUN: [NO_BASKET] Would buy No @ $0.017 for $100.00 (edge=206.0%)
2026-04-08 21:37:00,009 [INFO] event_trader_improved.runtime: DRY-RUN: [NO_BASKET] Would buy No @ $0.018 for $100.00 (edge=206.0%)
2026-04-08 21:37:00,101 [INFO] event_trader_improved.runtime: DRY-RUN: [SINGLE] Would buy Yes @ $0.011 for $36.71 (edge=48.9%)
2026-04-08 21:37:00,170 [INFO] event_trader_improved.runtime: DRY-RUN: [SINGLE] Would buy Yes @ $0.011 for $36.71 (edge=48.9%)
2026-04-08 21:37:00,238 [INFO] event_trader_improved.runtime: DRY-RUN: [SINGLE] Would buy Yes @ $0.011 for $36.71 (edge=48.9%)
2026-04-08 21:37:00,264 [INFO] event_trader_improved.runtime: DRY-RUN: [SINGLE] Would buy Yes @ $0.011 for $36.71 (edge=48.9%)
2026-04-08 21:37:00,286 [INFO] event_trader_improved.runtime: DRY-RUN: [SINGLE] Would buy Yes @ $0.011 for $36.71 (edge=48.9%)
2026-04-08 21:37:00,373 [INFO] event_trader_improved.runtime: DRY-RUN: [SINGLE] Would buy Yes @ $0.011 for $36.71 (edge=48.9%)
2026-04-08 21:37:00,418 [INFO] event_trader_improved.runtime: DRY-RUN: [SINGLE] Would buy Yes @ $0.011 for $36.71 (edge=48.9%)
2026-04-08 21:37:00,488 [INFO] event_trader_improved.runtime: DRY-RUN: [SINGLE] Would buy Yes @ $0.011 for $36.71 (edge=48.9%)
2026-04-08 21:37:00,508 [INFO] event_trader_improved.runtime: DRY-RUN: [SINGLE] Would buy Yes @ $0.011 for $36.71 (edge=48.9%)
2026-04-08 21:37:00,525 [INFO] event_trader_improved.runtime: DRY-RUN: [SINGLE] Would buy Yes @ $0.011 for $36.71 (edge=48.9%)
2026-04-08 21:37:00,586 [INFO] event_trader_improved.runtime: DRY-RUN: [SINGLE] Would buy Yes @ $0.011 for $36.71 (edge=48.9%)
2026-04-08 21:37:00,605 [INFO] event_trader_improved.runtime: DRY-RUN: [SINGLE] Would buy Yes @ $0.011 for $36.71 (edge=48.9%)
2026-04-08 21:37:00,647 [INFO] event_trader_improved.runtime: Cycle complete: scanned=600 signals=488 executed=30
2026-04-08 21:37:05,648 [INFO] event_trader_improved.runtime: === Cycle ev_20260408T213705_d72cf1 (#13) ===
2026-04-08 21:37:06,013 [INFO] event_trader.data_client: fetched 600 markets across 7 pages
2026-04-08 21:37:06,013 [INFO] event_trader_improved.runtime: Fetched 600 markets
2026-04-08 21:37:06,015 [INFO] event_trader_improved.scanner: Scan stats: scanned=600 eligible=583 signals=488 skipped_active=0 skipped_volume=17
2026-04-08 21:37:06,015 [INFO] event_trader_improved.runtime: Found 488 signals
2026-04-08 21:37:06,015 [INFO] event_trader_improved.runtime: Signal #1: [NO_BASKET] No @ $0.465 (edge=331.8%)
2026-04-08 21:37:06,016 [INFO] event_trader_improved.runtime: Signal #2: [NO_BASKET] No @ $0.455 (edge=331.8%)
2026-04-08 21:37:06,016 [INFO] event_trader_improved.runtime: Signal #3: [NO_BASKET] No @ $0.445 (edge=331.8%)
2026-04-08 21:37:06,016 [INFO] event_trader_improved.runtime: DRY-RUN: [NO_BASKET] Would buy No @ $0.465 for $100.00 (edge=331.8%)
2026-04-08 21:37:06,149 [INFO] event_trader_improved.runtime: DRY-RUN: [NO_BASKET] Would buy No @ $0.455 for $100.00 (edge=331.8%)
2026-04-08 21:37:06,199 [INFO] event_trader_improved.runtime: DRY-RUN: [NO_BASKET] Would buy No @ $0.445 for $100.00 (edge=331.8%)
2026-04-08 21:37:06,293 [INFO] event_trader_improved.runtime: DRY-RUN: [NO_BASKET] Would buy No @ $0.515 for $100.00 (edge=331.8%)
2026-04-08 21:37:06,314 [INFO] event_trader_improved.runtime: DRY-RUN: [NO_BASKET] Would buy No @ $0.475 for $100.00 (edge=331.8%)
2026-04-08 21:37:06,355 [INFO] event_trader_improved.runtime: DRY-RUN: [NO_BASKET] Would buy No @ $0.485 for $100.00 (edge=331.8%)
2026-04-08 21:37:06,410 [INFO] event_trader_improved.runtime: DRY-RUN: [NO_BASKET] Would buy No @ $0.512 for $100.00 (edge=331.8%)
2026-04-08 21:37:06,445 [INFO] event_trader_improved.runtime: DRY-RUN: [NO_BASKET] Would buy No @ $0.330 for $100.00 (edge=331.8%)
2026-04-08 21:37:06,478 [INFO] event_trader_improved.runtime: DRY-RUN: [NO_BASKET] Would buy No @ $0.993 for $100.00 (edge=206.0%)
2026-04-08 21:37:06,626 [INFO] event_trader_improved.runtime: DRY-RUN: [NO_BASKET] Would buy No @ $0.676 for $100.00 (edge=206.0%)
2026-04-08 21:37:06,662 [INFO] event_trader_improved.runtime: DRY-RUN: [NO_BASKET] Would buy No @ $0.850 for $100.00 (edge=206.0%)
2026-04-08 21:37:06,771 [INFO] event_trader_improved.runtime: DRY-RUN: [NO_BASKET] Would buy No @ $0.996 for $100.00 (edge=206.0%)
2026-04-08 21:37:06,790 [INFO] event_trader_improved.runtime: DRY-RUN: [NO_BASKET] Would buy No @ $0.996 for $100.00 (edge=206.0%)
2026-04-08 21:37:06,812 [INFO] event_trader_improved.runtime: DRY-RUN: [NO_BASKET] Would buy No @ $0.535 for $100.00 (edge=206.0%)
2026-04-08 21:37:06,855 [INFO] event_trader_improved.runtime: DRY-RUN: [NO_BASKET] Would buy No @ $0.870 for $100.00 (edge=206.0%)
2026-04-08 21:37:06,873 [INFO] event_trader_improved.runtime: DRY-RUN: [NO_BASKET] Would buy No @ $0.989 for $100.00 (edge=206.0%)
2026-04-08 21:37:06,913 [INFO] event_trader_improved.runtime: DRY-RUN: [NO_BASKET] Would buy No @ $0.017 for $100.00 (edge=206.0%)
2026-04-08 21:37:06,937 [INFO] event_trader_improved.runtime: DRY-RUN: [NO_BASKET] Would buy No @ $0.018 for $100.00 (edge=206.0%)
2026-04-08 21:37:06,994 [INFO] event_trader_improved.runtime: DRY-RUN: [SINGLE] Would buy Yes @ $0.011 for $36.71 (edge=48.9%)
2026-04-08 21:37:07,028 [INFO] event_trader_improved.runtime: DRY-RUN: [SINGLE] Would buy Yes @ $0.011 for $36.71 (edge=48.9%)
2026-04-08 21:37:07,051 [INFO] event_trader_improved.runtime: DRY-RUN: [SINGLE] Would buy Yes @ $0.011 for $36.71 (edge=48.9%)
2026-04-08 21:37:07,086 [INFO] event_trader_improved.runtime: DRY-RUN: [SINGLE] Would buy Yes @ $0.011 for $36.71 (edge=48.9%)
2026-04-08 21:37:07,132 [INFO] event_trader_improved.runtime: DRY-RUN: [SINGLE] Would buy Yes @ $0.011 for $36.71 (edge=48.9%)
2026-04-08 21:37:07,161 [INFO] event_trader_improved.runtime: DRY-RUN: [SINGLE] Would buy Yes @ $0.011 for $36.71 (edge=48.9%)
2026-04-08 21:37:07,260 [INFO] event_trader_improved.runtime: DRY-RUN: [SINGLE] Would buy Yes @ $0.011 for $36.71 (edge=48.9%)
2026-04-08 21:37:07,278 [INFO] event_trader_improved.runtime: DRY-RUN: [SINGLE] Would buy Yes @ $0.011 for $36.71 (edge=48.9%)
2026-04-08 21:37:07,328 [INFO] event_trader_improved.runtime: DRY-RUN: [SINGLE] Would buy Yes @ $0.011 for $36.71 (edge=48.9%)
2026-04-08 21:37:07,347 [INFO] event_trader_improved.runtime: DRY-RUN: [SINGLE] Would buy Yes @ $0.011 for $36.71 (edge=48.9%)
2026-04-08 21:37:07,364 [INFO] event_trader_improved.runtime: DRY-RUN: [SINGLE] Would buy Yes @ $0.011 for $36.71 (edge=48.9%)
2026-04-08 21:37:07,381 [INFO] event_trader_improved.runtime: DRY-RUN: [SINGLE] Would buy Yes @ $0.011 for $36.71 (edge=48.9%)
2026-04-08 21:37:07,455 [INFO] event_trader_improved.runtime: Cycle complete: scanned=600 signals=488 executed=30
2026-04-08 21:37:12,455 [INFO] event_trader_improved.runtime: === Cycle ev_20260408T213712_d72cf8 (#14) ===
2026-04-08 21:37:13,045 [INFO] event_trader.data_client: fetched 600 markets across 7 pages
2026-04-08 21:37:13,046 [INFO] event_trader_improved.runtime: Fetched 600 markets
2026-04-08 21:37:13,048 [INFO] event_trader_improved.scanner: Scan stats: scanned=600 eligible=583 signals=488 skipped_active=0 skipped_volume=17
2026-04-08 21:37:13,048 [INFO] event_trader_improved.runtime: Found 488 signals
2026-04-08 21:37:13,049 [INFO] event_trader_improved.runtime: Signal #1: [NO_BASKET] No @ $0.465 (edge=331.8%)
2026-04-08 21:37:13,049 [INFO] event_trader_improved.runtime: Signal #2: [NO_BASKET] No @ $0.455 (edge=331.8%)
2026-04-08 21:37:13,049 [INFO] event_trader_improved.runtime: Signal #3: [NO_BASKET] No @ $0.445 (edge=331.8%)
2026-04-08 21:37:13,049 [INFO] event_trader_improved.runtime: DRY-RUN: [NO_BASKET] Would buy No @ $0.465 for $100.00 (edge=331.8%)
2026-04-08 21:37:15,880 [INFO] event_trader_improved.runtime: DRY-RUN: [NO_BASKET] Would buy No @ $0.455 for $100.00 (edge=331.8%)
2026-04-08 21:37:15,964 [INFO] event_trader_improved.runtime: DRY-RUN: [NO_BASKET] Would buy No @ $0.445 for $100.00 (edge=331.8%)
2026-04-08 21:37:15,991 [INFO] event_trader_improved.runtime: DRY-RUN: [NO_BASKET] Would buy No @ $0.515 for $100.00 (edge=331.8%)
2026-04-08 21:37:16,029 [INFO] event_trader_improved.runtime: DRY-RUN: [NO_BASKET] Would buy No @ $0.475 for $100.00 (edge=331.8%)
2026-04-08 21:37:16,046 [INFO] event_trader_improved.runtime: DRY-RUN: [NO_BASKET] Would buy No @ $0.485 for $100.00 (edge=331.8%)
2026-04-08 21:37:16,070 [INFO] event_trader_improved.runtime: DRY-RUN: [NO_BASKET] Would buy No @ $0.512 for $100.00 (edge=331.8%)
2026-04-08 21:37:16,126 [INFO] event_trader_improved.runtime: DRY-RUN: [NO_BASKET] Would buy No @ $0.330 for $100.00 (edge=331.8%)
2026-04-08 21:37:16,150 [INFO] event_trader_improved.runtime: DRY-RUN: [NO_BASKET] Would buy No @ $0.993 for $100.00 (edge=206.0%)
2026-04-08 21:37:16,167 [INFO] event_trader_improved.runtime: DRY-RUN: [NO_BASKET] Would buy No @ $0.676 for $100.00 (edge=206.0%)
2026-04-08 21:37:16,183 [INFO] event_trader_improved.runtime: DRY-RUN: [NO_BASKET] Would buy No @ $0.850 for $100.00 (edge=206.0%)
2026-04-08 21:37:16,204 [INFO] event_trader_improved.runtime: DRY-RUN: [NO_BASKET] Would buy No @ $0.996 for $100.00 (edge=206.0%)
2026-04-08 21:37:16,224 [INFO] event_trader_improved.runtime: DRY-RUN: [NO_BASKET] Would buy No @ $0.996 for $100.00 (edge=206.0%)
2026-04-08 21:37:16,338 [INFO] event_trader_improved.runtime: DRY-RUN: [NO_BASKET] Would buy No @ $0.535 for $100.00 (edge=206.0%)
2026-04-08 21:37:16,356 [INFO] event_trader_improved.runtime: DRY-RUN: [NO_BASKET] Would buy No @ $0.870 for $100.00 (edge=206.0%)
2026-04-08 21:37:16,390 [INFO] event_trader_improved.runtime: DRY-RUN: [NO_BASKET] Would buy No @ $0.989 for $100.00 (edge=206.0%)
2026-04-08 21:37:16,410 [INFO] event_trader_improved.runtime: DRY-RUN: [NO_BASKET] Would buy No @ $0.017 for $100.00 (edge=206.0%)
2026-04-08 21:37:16,475 [INFO] event_trader_improved.runtime: DRY-RUN: [NO_BASKET] Would buy No @ $0.018 for $100.00 (edge=206.0%)
2026-04-08 21:37:16,493 [INFO] event_trader_improved.runtime: DRY-RUN: [SINGLE] Would buy Yes @ $0.011 for $36.71 (edge=48.9%)
2026-04-08 21:37:16,513 [INFO] event_trader_improved.runtime: DRY-RUN: [SINGLE] Would buy Yes @ $0.011 for $36.71 (edge=48.9%)
2026-04-08 21:37:16,536 [INFO] event_trader_improved.runtime: DRY-RUN: [SINGLE] Would buy Yes @ $0.011 for $36.71 (edge=48.9%)
2026-04-08 21:37:16,554 [INFO] event_trader_improved.runtime: DRY-RUN: [SINGLE] Would buy Yes @ $0.011 for $36.71 (edge=48.9%)
2026-04-08 21:37:16,574 [INFO] event_trader_improved.runtime: DRY-RUN: [SINGLE] Would buy Yes @ $0.011 for $36.71 (edge=48.9%)
2026-04-08 21:37:16,628 [INFO] event_trader_improved.runtime: DRY-RUN: [SINGLE] Would buy Yes @ $0.011 for $36.71 (edge=48.9%)
2026-04-08 21:37:16,666 [INFO] event_trader_improved.runtime: DRY-RUN: [SINGLE] Would buy Yes @ $0.011 for $36.71 (edge=48.9%)
2026-04-08 21:37:16,712 [INFO] event_trader_improved.runtime: DRY-RUN: [SINGLE] Would buy Yes @ $0.011 for $36.71 (edge=48.9%)
2026-04-08 21:37:16,753 [INFO] event_trader_improved.runtime: DRY-RUN: [SINGLE] Would buy Yes @ $0.011 for $36.71 (edge=48.9%)
2026-04-08 21:37:16,777 [INFO] event_trader_improved.runtime: DRY-RUN: [SINGLE] Would buy Yes @ $0.011 for $36.71 (edge=48.9%)
2026-04-08 21:37:16,833 [INFO] event_trader_improved.runtime: DRY-RUN: [SINGLE] Would buy Yes @ $0.011 for $36.71 (edge=48.9%)
2026-04-08 21:37:16,855 [INFO] event_trader_improved.runtime: DRY-RUN: [SINGLE] Would buy Yes @ $0.011 for $36.71 (edge=48.9%)
2026-04-08 21:37:16,909 [INFO] event_trader_improved.runtime: Cycle complete: scanned=600 signals=488 executed=30
2026-04-08 21:37:21,910 [INFO] event_trader_improved.runtime: === Cycle ev_20260408T213721_d72d01 (#15) ===
2026-04-08 21:37:22,682 [INFO] event_trader.data_client: fetched 600 markets across 7 pages
2026-04-08 21:37:22,682 [INFO] event_trader_improved.runtime: Fetched 600 markets
2026-04-08 21:37:22,684 [INFO] event_trader_improved.scanner: Scan stats: scanned=600 eligible=583 signals=488 skipped_active=0 skipped_volume=17
2026-04-08 21:37:22,684 [INFO] event_trader_improved.runtime: Found 488 signals
2026-04-08 21:37:22,685 [INFO] event_trader_improved.runtime: Signal #1: [NO_BASKET] No @ $0.465 (edge=331.8%)
2026-04-08 21:37:22,685 [INFO] event_trader_improved.runtime: Signal #2: [NO_BASKET] No @ $0.455 (edge=331.8%)
2026-04-08 21:37:22,685 [INFO] event_trader_improved.runtime: Signal #3: [NO_BASKET] No @ $0.445 (edge=331.8%)
2026-04-08 21:37:22,685 [INFO] event_trader_improved.runtime: DRY-RUN: [NO_BASKET] Would buy No @ $0.465 for $100.00 (edge=331.8%)
2026-04-08 21:37:25,095 [INFO] event_trader_improved.runtime: DRY-RUN: [NO_BASKET] Would buy No @ $0.455 for $100.00 (edge=331.8%)
2026-04-08 21:37:25,188 [INFO] event_trader_improved.runtime: DRY-RUN: [NO_BASKET] Would buy No @ $0.445 for $100.00 (edge=331.8%)
2026-04-08 21:37:25,246 [INFO] event_trader_improved.runtime: DRY-RUN: [NO_BASKET] Would buy No @ $0.515 for $100.00 (edge=331.8%)
2026-04-08 21:37:25,266 [INFO] event_trader_improved.runtime: DRY-RUN: [NO_BASKET] Would buy No @ $0.475 for $100.00 (edge=331.8%)
2026-04-08 21:37:25,309 [INFO] event_trader_improved.runtime: DRY-RUN: [NO_BASKET] Would buy No @ $0.485 for $100.00 (edge=331.8%)
2026-04-08 21:37:25,335 [INFO] event_trader_improved.runtime: DRY-RUN: [NO_BASKET] Would buy No @ $0.512 for $100.00 (edge=331.8%)
2026-04-08 21:37:25,360 [INFO] event_trader_improved.runtime: DRY-RUN: [NO_BASKET] Would buy No @ $0.330 for $100.00 (edge=331.8%)
2026-04-08 21:37:25,379 [INFO] event_trader_improved.runtime: DRY-RUN: [NO_BASKET] Would buy No @ $0.993 for $100.00 (edge=206.0%)
2026-04-08 21:37:25,403 [INFO] event_trader_improved.runtime: DRY-RUN: [NO_BASKET] Would buy No @ $0.676 for $100.00 (edge=206.0%)
2026-04-08 21:37:25,428 [INFO] event_trader_improved.runtime: DRY-RUN: [NO_BASKET] Would buy No @ $0.850 for $100.00 (edge=206.0%)
2026-04-08 21:37:25,446 [INFO] event_trader_improved.runtime: DRY-RUN: [NO_BASKET] Would buy No @ $0.996 for $100.00 (edge=206.0%)
2026-04-08 21:37:25,466 [INFO] event_trader_improved.runtime: DRY-RUN: [NO_BASKET] Would buy No @ $0.996 for $100.00 (edge=206.0%)
2026-04-08 21:37:25,484 [INFO] event_trader_improved.runtime: DRY-RUN: [NO_BASKET] Would buy No @ $0.535 for $100.00 (edge=206.0%)
2026-04-08 21:37:25,508 [INFO] event_trader_improved.runtime: DRY-RUN: [NO_BASKET] Would buy No @ $0.870 for $100.00 (edge=206.0%)
2026-04-08 21:37:25,525 [INFO] event_trader_improved.runtime: DRY-RUN: [NO_BASKET] Would buy No @ $0.989 for $100.00 (edge=206.0%)
2026-04-08 21:37:25,542 [INFO] event_trader_improved.runtime: DRY-RUN: [NO_BASKET] Would buy No @ $0.017 for $100.00 (edge=206.0%)
2026-04-08 21:37:25,619 [INFO] event_trader_improved.runtime: DRY-RUN: [NO_BASKET] Would buy No @ $0.018 for $100.00 (edge=206.0%)
2026-04-08 21:37:25,647 [INFO] event_trader_improved.runtime: DRY-RUN: [SINGLE] Would buy Yes @ $0.011 for $36.71 (edge=48.9%)
2026-04-08 21:37:25,704 [INFO] event_trader_improved.runtime: DRY-RUN: [SINGLE] Would buy Yes @ $0.011 for $36.71 (edge=48.9%)
2026-04-08 21:37:25,758 [INFO] event_trader_improved.runtime: DRY-RUN: [SINGLE] Would buy Yes @ $0.011 for $36.71 (edge=48.9%)
2026-04-08 21:37:25,775 [INFO] event_trader_improved.runtime: DRY-RUN: [SINGLE] Would buy Yes @ $0.011 for $36.71 (edge=48.9%)
2026-04-08 21:37:25,793 [INFO] event_trader_improved.runtime: DRY-RUN: [SINGLE] Would buy Yes @ $0.011 for $36.71 (edge=48.9%)
2026-04-08 21:37:25,816 [INFO] event_trader_improved.runtime: DRY-RUN: [SINGLE] Would buy Yes @ $0.011 for $36.71 (edge=48.9%)
2026-04-08 21:37:25,838 [INFO] event_trader_improved.runtime: DRY-RUN: [SINGLE] Would buy Yes @ $0.011 for $36.71 (edge=48.9%)
2026-04-08 21:37:25,880 [INFO] event_trader_improved.runtime: DRY-RUN: [SINGLE] Would buy Yes @ $0.011 for $36.71 (edge=48.9%)
2026-04-08 21:37:25,897 [INFO] event_trader_improved.runtime: DRY-RUN: [SINGLE] Would buy Yes @ $0.011 for $36.71 (edge=48.9%)
2026-04-08 21:37:25,917 [INFO] event_trader_improved.runtime: DRY-RUN: [SINGLE] Would buy Yes @ $0.011 for $36.71 (edge=48.9%)
2026-04-08 21:37:25,959 [INFO] event_trader_improved.runtime: DRY-RUN: [SINGLE] Would buy Yes @ $0.011 for $36.71 (edge=48.9%)
2026-04-08 21:37:26,002 [INFO] event_trader_improved.runtime: DRY-RUN: [SINGLE] Would buy Yes @ $0.011 for $36.71 (edge=48.9%)
2026-04-08 21:37:26,072 [INFO] event_trader_improved.runtime: Cycle complete: scanned=600 signals=488 executed=30
2026-04-08 21:37:31,073 [INFO] event_trader_improved.runtime: === Cycle ev_20260408T213731_d72d0b (#16) ===
2026-04-08 21:37:31,523 [INFO] event_trader.data_client: fetched 600 markets across 7 pages
2026-04-08 21:37:31,523 [INFO] event_trader_improved.runtime: Fetched 600 markets
2026-04-08 21:37:31,526 [INFO] event_trader_improved.scanner: Scan stats: scanned=600 eligible=583 signals=488 skipped_active=0 skipped_volume=17
2026-04-08 21:37:31,526 [INFO] event_trader_improved.runtime: Found 488 signals
2026-04-08 21:37:31,526 [INFO] event_trader_improved.runtime: Signal #1: [NO_BASKET] No @ $0.465 (edge=331.8%)
2026-04-08 21:37:31,526 [INFO] event_trader_improved.runtime: Signal #2: [NO_BASKET] No @ $0.455 (edge=331.8%)
2026-04-08 21:37:31,526 [INFO] event_trader_improved.runtime: Signal #3: [NO_BASKET] No @ $0.445 (edge=331.8%)
2026-04-08 21:37:31,526 [INFO] event_trader_improved.runtime: DRY-RUN: [NO_BASKET] Would buy No @ $0.465 for $100.00 (edge=331.8%)
2026-04-08 21:37:31,614 [INFO] event_trader_improved.runtime: DRY-RUN: [NO_BASKET] Would buy No @ $0.455 for $100.00 (edge=331.8%)
2026-04-08 21:37:31,697 [INFO] event_trader_improved.runtime: DRY-RUN: [NO_BASKET] Would buy No @ $0.445 for $100.00 (edge=331.8%)
2026-04-08 21:37:31,717 [INFO] event_trader_improved.runtime: DRY-RUN: [NO_BASKET] Would buy No @ $0.515 for $100.00 (edge=331.8%)
2026-04-08 21:37:31,758 [INFO] event_trader_improved.runtime: DRY-RUN: [NO_BASKET] Would buy No @ $0.475 for $100.00 (edge=331.8%)
2026-04-08 21:37:31,856 [INFO] event_trader_improved.runtime: DRY-RUN: [NO_BASKET] Would buy No @ $0.485 for $100.00 (edge=331.8%)
2026-04-08 21:37:31,908 [INFO] event_trader_improved.runtime: DRY-RUN: [NO_BASKET] Would buy No @ $0.512 for $100.00 (edge=331.8%)
2026-04-08 21:37:31,992 [INFO] event_trader_improved.runtime: DRY-RUN: [NO_BASKET] Would buy No @ $0.330 for $100.00 (edge=331.8%)
2026-04-08 21:37:32,048 [INFO] event_trader_improved.runtime: DRY-RUN: [NO_BASKET] Would buy No @ $0.993 for $100.00 (edge=206.0%)
2026-04-08 21:37:32,139 [INFO] event_trader_improved.runtime: DRY-RUN: [NO_BASKET] Would buy No @ $0.676 for $100.00 (edge=206.0%)
2026-04-08 21:37:32,215 [INFO] event_trader_improved.runtime: DRY-RUN: [NO_BASKET] Would buy No @ $0.850 for $100.00 (edge=206.0%)
2026-04-08 21:37:32,253 [INFO] event_trader_improved.runtime: DRY-RUN: [NO_BASKET] Would buy No @ $0.996 for $100.00 (edge=206.0%)
2026-04-08 21:37:32,357 [INFO] event_trader_improved.runtime: DRY-RUN: [NO_BASKET] Would buy No @ $0.996 for $100.00 (edge=206.0%)
2026-04-08 21:37:32,448 [INFO] event_trader_improved.runtime: DRY-RUN: [NO_BASKET] Would buy No @ $0.535 for $100.00 (edge=206.0%)
2026-04-08 21:37:32,544 [INFO] event_trader_improved.runtime: DRY-RUN: [NO_BASKET] Would buy No @ $0.870 for $100.00 (edge=206.0%)
2026-04-08 21:37:32,585 [INFO] event_trader_improved.runtime: DRY-RUN: [NO_BASKET] Would buy No @ $0.989 for $100.00 (edge=206.0%)
2026-04-08 21:37:32,610 [INFO] event_trader_improved.runtime: DRY-RUN: [NO_BASKET] Would buy No @ $0.017 for $100.00 (edge=206.0%)
2026-04-08 21:37:32,748 [INFO] event_trader_improved.runtime: DRY-RUN: [NO_BASKET] Would buy No @ $0.018 for $100.00 (edge=206.0%)
2026-04-08 21:37:32,787 [INFO] event_trader_improved.runtime: DRY-RUN: [SINGLE] Would buy Yes @ $0.011 for $36.71 (edge=48.9%)
2026-04-08 21:37:32,852 [INFO] event_trader_improved.runtime: DRY-RUN: [SINGLE] Would buy Yes @ $0.011 for $36.71 (edge=48.9%)
2026-04-08 21:37:32,875 [INFO] event_trader_improved.runtime: DRY-RUN: [SINGLE] Would buy Yes @ $0.011 for $36.71 (edge=48.9%)
2026-04-08 21:37:32,987 [INFO] event_trader_improved.runtime: DRY-RUN: [SINGLE] Would buy Yes @ $0.011 for $36.71 (edge=48.9%)
2026-04-08 21:37:33,106 [INFO] event_trader_improved.runtime: DRY-RUN: [SINGLE] Would buy Yes @ $0.011 for $36.71 (edge=48.9%)
2026-04-08 21:37:33,175 [INFO] event_trader_improved.runtime: DRY-RUN: [SINGLE] Would buy Yes @ $0.011 for $36.71 (edge=48.9%)
2026-04-08 21:37:33,210 [INFO] event_trader_improved.runtime: DRY-RUN: [SINGLE] Would buy Yes @ $0.011 for $36.71 (edge=48.9%)
2026-04-08 21:37:33,315 [INFO] event_trader_improved.runtime: DRY-RUN: [SINGLE] Would buy Yes @ $0.011 for $36.71 (edge=48.9%)
2026-04-08 21:37:33,347 [INFO] event_trader_improved.runtime: DRY-RUN: [SINGLE] Would buy Yes @ $0.011 for $36.71 (edge=48.9%)
2026-04-08 21:37:33,366 [INFO] event_trader_improved.runtime: DRY-RUN: [SINGLE] Would buy Yes @ $0.011 for $36.71 (edge=48.9%)
2026-04-08 21:37:33,383 [INFO] event_trader_improved.runtime: DRY-RUN: [SINGLE] Would buy Yes @ $0.011 for $36.71 (edge=48.9%)
2026-04-08 21:37:33,459 [INFO] event_trader_improved.runtime: DRY-RUN: [SINGLE] Would buy Yes @ $0.011 for $36.71 (edge=48.9%)
2026-04-08 21:37:33,491 [INFO] event_trader_improved.runtime: Cycle complete: scanned=600 signals=488 executed=30
2026-04-08 21:37:38,491 [INFO] event_trader_improved.runtime: === Cycle ev_20260408T213738_d72d12 (#17) ===
2026-04-08 21:37:39,210 [INFO] event_trader.data_client: fetched 600 markets across 7 pages
2026-04-08 21:37:39,211 [INFO] event_trader_improved.runtime: Fetched 600 markets
2026-04-08 21:37:39,213 [INFO] event_trader_improved.scanner: Scan stats: scanned=600 eligible=583 signals=488 skipped_active=0 skipped_volume=17
2026-04-08 21:37:39,213 [INFO] event_trader_improved.runtime: Found 488 signals
2026-04-08 21:37:39,213 [INFO] event_trader_improved.runtime: Signal #1: [NO_BASKET] No @ $0.465 (edge=331.8%)
2026-04-08 21:37:39,214 [INFO] event_trader_improved.runtime: Signal #2: [NO_BASKET] No @ $0.455 (edge=331.8%)
2026-04-08 21:37:39,214 [INFO] event_trader_improved.runtime: Signal #3: [NO_BASKET] No @ $0.445 (edge=331.8%)
2026-04-08 21:37:39,214 [INFO] event_trader_improved.runtime: DRY-RUN: [NO_BASKET] Would buy No @ $0.465 for $100.00 (edge=331.8%)
2026-04-08 21:37:39,310 [INFO] event_trader_improved.runtime: DRY-RUN: [NO_BASKET] Would buy No @ $0.455 for $100.00 (edge=331.8%)
2026-04-08 21:37:39,398 [INFO] event_trader_improved.runtime: DRY-RUN: [NO_BASKET] Would buy No @ $0.445 for $100.00 (edge=331.8%)
2026-04-08 21:37:39,437 [INFO] event_trader_improved.runtime: DRY-RUN: [NO_BASKET] Would buy No @ $0.515 for $100.00 (edge=331.8%)
2026-04-08 21:37:39,623 [INFO] event_trader_improved.runtime: DRY-RUN: [NO_BASKET] Would buy No @ $0.475 for $100.00 (edge=331.8%)
2026-04-08 21:37:39,694 [INFO] event_trader_improved.runtime: DRY-RUN: [NO_BASKET] Would buy No @ $0.485 for $100.00 (edge=331.8%)
2026-04-08 21:37:39,716 [INFO] event_trader_improved.runtime: DRY-RUN: [NO_BASKET] Would buy No @ $0.512 for $100.00 (edge=331.8%)
2026-04-08 21:37:39,751 [INFO] event_trader_improved.runtime: DRY-RUN: [NO_BASKET] Would buy No @ $0.330 for $100.00 (edge=331.8%)
2026-04-08 21:37:39,788 [INFO] event_trader_improved.runtime: DRY-RUN: [NO_BASKET] Would buy No @ $0.993 for $100.00 (edge=206.0%)
2026-04-08 21:37:39,866 [INFO] event_trader_improved.runtime: DRY-RUN: [NO_BASKET] Would buy No @ $0.676 for $100.00 (edge=206.0%)
2026-04-08 21:37:39,885 [INFO] event_trader_improved.runtime: DRY-RUN: [NO_BASKET] Would buy No @ $0.850 for $100.00 (edge=206.0%)
2026-04-08 21:37:39,904 [INFO] event_trader_improved.runtime: DRY-RUN: [NO_BASKET] Would buy No @ $0.996 for $100.00 (edge=206.0%)
2026-04-08 21:37:39,966 [INFO] event_trader_improved.runtime: DRY-RUN: [NO_BASKET] Would buy No @ $0.996 for $100.00 (edge=206.0%)
2026-04-08 21:37:40,037 [INFO] event_trader_improved.runtime: DRY-RUN: [NO_BASKET] Would buy No @ $0.535 for $100.00 (edge=206.0%)
2026-04-08 21:37:40,115 [INFO] event_trader_improved.runtime: DRY-RUN: [NO_BASKET] Would buy No @ $0.870 for $100.00 (edge=206.0%)
2026-04-08 21:37:40,136 [INFO] event_trader_improved.runtime: DRY-RUN: [NO_BASKET] Would buy No @ $0.989 for $100.00 (edge=206.0%)
2026-04-08 21:37:40,175 [INFO] event_trader_improved.runtime: DRY-RUN: [NO_BASKET] Would buy No @ $0.017 for $100.00 (edge=206.0%)
2026-04-08 21:37:40,248 [INFO] event_trader_improved.runtime: DRY-RUN: [NO_BASKET] Would buy No @ $0.018 for $100.00 (edge=206.0%)
2026-04-08 21:37:40,307 [INFO] event_trader_improved.runtime: DRY-RUN: [SINGLE] Would buy Yes @ $0.011 for $36.71 (edge=48.9%)
2026-04-08 21:37:40,351 [INFO] event_trader_improved.runtime: DRY-RUN: [SINGLE] Would buy Yes @ $0.011 for $36.71 (edge=48.9%)
2026-04-08 21:37:40,387 [INFO] event_trader_improved.runtime: DRY-RUN: [SINGLE] Would buy Yes @ $0.011 for $36.71 (edge=48.9%)
2026-04-08 21:37:40,445 [INFO] event_trader_improved.runtime: DRY-RUN: [SINGLE] Would buy Yes @ $0.011 for $36.71 (edge=48.9%)
2026-04-08 21:37:40,475 [INFO] event_trader_improved.runtime: DRY-RUN: [SINGLE] Would buy Yes @ $0.011 for $36.71 (edge=48.9%)
2026-04-08 21:37:40,494 [INFO] event_trader_improved.runtime: DRY-RUN: [SINGLE] Would buy Yes @ $0.011 for $36.71 (edge=48.9%)
2026-04-08 21:37:40,571 [INFO] event_trader_improved.runtime: DRY-RUN: [SINGLE] Would buy Yes @ $0.011 for $36.71 (edge=48.9%)
2026-04-08 21:37:40,591 [INFO] event_trader_improved.runtime: DRY-RUN: [SINGLE] Would buy Yes @ $0.011 for $36.71 (edge=48.9%)
2026-04-08 21:37:40,611 [INFO] event_trader_improved.runtime: DRY-RUN: [SINGLE] Would buy Yes @ $0.011 for $36.71 (edge=48.9%)
2026-04-08 21:37:40,651 [INFO] event_trader_improved.runtime: DRY-RUN: [SINGLE] Would buy Yes @ $0.011 for $36.71 (edge=48.9%)
2026-04-08 21:37:40,718 [INFO] event_trader_improved.runtime: DRY-RUN: [SINGLE] Would buy Yes @ $0.011 for $36.71 (edge=48.9%)
2026-04-08 21:37:40,769 [INFO] event_trader_improved.runtime: DRY-RUN: [SINGLE] Would buy Yes @ $0.011 for $36.71 (edge=48.9%)
2026-04-08 21:37:40,845 [INFO] event_trader_improved.runtime: Cycle complete: scanned=600 signals=488 executed=30
2026-04-08 21:37:45,845 [INFO] event_trader_improved.runtime: === Cycle ev_20260408T213745_d72d19 (#18) ===
2026-04-08 21:37:46,219 [INFO] event_trader.data_client: fetched 600 markets across 7 pages
2026-04-08 21:37:46,219 [INFO] event_trader_improved.runtime: Fetched 600 markets
2026-04-08 21:37:46,222 [INFO] event_trader_improved.scanner: Scan stats: scanned=600 eligible=583 signals=488 skipped_active=0 skipped_volume=17
2026-04-08 21:37:46,223 [INFO] event_trader_improved.runtime: Found 488 signals
2026-04-08 21:37:46,223 [INFO] event_trader_improved.runtime: Signal #1: [NO_BASKET] No @ $0.465 (edge=331.8%)
2026-04-08 21:37:46,223 [INFO] event_trader_improved.runtime: Signal #2: [NO_BASKET] No @ $0.455 (edge=331.8%)
2026-04-08 21:37:46,223 [INFO] event_trader_improved.runtime: Signal #3: [NO_BASKET] No @ $0.445 (edge=331.8%)
2026-04-08 21:37:46,223 [INFO] event_trader_improved.runtime: DRY-RUN: [NO_BASKET] Would buy No @ $0.465 for $100.00 (edge=331.8%)
2026-04-08 21:37:46,244 [INFO] event_trader_improved.runtime: DRY-RUN: [NO_BASKET] Would buy No @ $0.455 for $100.00 (edge=331.8%)
2026-04-08 21:37:46,293 [INFO] event_trader_improved.runtime: DRY-RUN: [NO_BASKET] Would buy No @ $0.445 for $100.00 (edge=331.8%)
2026-04-08 21:37:46,340 [INFO] event_trader_improved.runtime: DRY-RUN: [NO_BASKET] Would buy No @ $0.515 for $100.00 (edge=331.8%)
2026-04-08 21:37:46,376 [INFO] event_trader_improved.runtime: DRY-RUN: [NO_BASKET] Would buy No @ $0.475 for $100.00 (edge=331.8%)
2026-04-08 21:37:46,398 [INFO] event_trader_improved.runtime: DRY-RUN: [NO_BASKET] Would buy No @ $0.485 for $100.00 (edge=331.8%)
2026-04-08 21:37:46,434 [INFO] event_trader_improved.runtime: DRY-RUN: [NO_BASKET] Would buy No @ $0.512 for $100.00 (edge=331.8%)
2026-04-08 21:37:46,466 [INFO] event_trader_improved.runtime: DRY-RUN: [NO_BASKET] Would buy No @ $0.330 for $100.00 (edge=331.8%)
2026-04-08 21:37:46,598 [INFO] event_trader_improved.runtime: DRY-RUN: [NO_BASKET] Would buy No @ $0.993 for $100.00 (edge=206.0%)
2026-04-08 21:37:46,623 [INFO] event_trader_improved.runtime: DRY-RUN: [NO_BASKET] Would buy No @ $0.676 for $100.00 (edge=206.0%)
2026-04-08 21:37:46,669 [INFO] event_trader_improved.runtime: DRY-RUN: [NO_BASKET] Would buy No @ $0.850 for $100.00 (edge=206.0%)
2026-04-08 21:37:46,704 [INFO] event_trader_improved.runtime: DRY-RUN: [NO_BASKET] Would buy No @ $0.996 for $100.00 (edge=206.0%)
2026-04-08 21:37:46,723 [INFO] event_trader_improved.runtime: DRY-RUN: [NO_BASKET] Would buy No @ $0.996 for $100.00 (edge=206.0%)
2026-04-08 21:37:46,784 [INFO] event_trader_improved.runtime: DRY-RUN: [NO_BASKET] Would buy No @ $0.535 for $100.00 (edge=206.0%)
2026-04-08 21:37:46,804 [INFO] event_trader_improved.runtime: DRY-RUN: [NO_BASKET] Would buy No @ $0.870 for $100.00 (edge=206.0%)
2026-04-08 21:37:46,839 [INFO] event_trader_improved.runtime: DRY-RUN: [NO_BASKET] Would buy No @ $0.989 for $100.00 (edge=206.0%)
2026-04-08 21:37:46,881 [INFO] event_trader_improved.runtime: DRY-RUN: [NO_BASKET] Would buy No @ $0.017 for $100.00 (edge=206.0%)
2026-04-08 21:37:46,903 [INFO] event_trader_improved.runtime: DRY-RUN: [NO_BASKET] Would buy No @ $0.018 for $100.00 (edge=206.0%)
2026-04-08 21:37:46,945 [INFO] event_trader_improved.runtime: DRY-RUN: [SINGLE] Would buy Yes @ $0.011 for $36.71 (edge=48.9%)
2026-04-08 21:37:46,980 [INFO] event_trader_improved.runtime: DRY-RUN: [SINGLE] Would buy Yes @ $0.011 for $36.71 (edge=48.9%)
2026-04-08 21:37:47,023 [INFO] event_trader_improved.runtime: DRY-RUN: [SINGLE] Would buy Yes @ $0.011 for $36.71 (edge=48.9%)
2026-04-08 21:37:47,042 [INFO] event_trader_improved.runtime: DRY-RUN: [SINGLE] Would buy Yes @ $0.011 for $36.71 (edge=48.9%)
2026-04-08 21:37:47,075 [INFO] event_trader_improved.runtime: DRY-RUN: [SINGLE] Would buy Yes @ $0.011 for $36.71 (edge=48.9%)
2026-04-08 21:37:47,118 [INFO] event_trader_improved.runtime: DRY-RUN: [SINGLE] Would buy Yes @ $0.011 for $36.71 (edge=48.9%)
2026-04-08 21:37:47,137 [INFO] event_trader_improved.runtime: DRY-RUN: [SINGLE] Would buy Yes @ $0.011 for $36.71 (edge=48.9%)
2026-04-08 21:37:47,187 [INFO] event_trader_improved.runtime: DRY-RUN: [SINGLE] Would buy Yes @ $0.011 for $36.71 (edge=48.9%)
2026-04-08 21:37:47,212 [INFO] event_trader_improved.runtime: DRY-RUN: [SINGLE] Would buy Yes @ $0.011 for $36.71 (edge=48.9%)
2026-04-08 21:37:47,229 [INFO] event_trader_improved.runtime: DRY-RUN: [SINGLE] Would buy Yes @ $0.011 for $36.71 (edge=48.9%)
2026-04-08 21:37:47,247 [INFO] event_trader_improved.runtime: DRY-RUN: [SINGLE] Would buy Yes @ $0.011 for $36.71 (edge=48.9%)
2026-04-08 21:37:47,264 [INFO] event_trader_improved.runtime: DRY-RUN: [SINGLE] Would buy Yes @ $0.011 for $36.71 (edge=48.9%)
2026-04-08 21:37:47,289 [INFO] event_trader_improved.runtime: Cycle complete: scanned=600 signals=488 executed=30
