{"ts": "2026-04-06T08:27:28.277319+00:00", "level": "INFO", "logger": "__main__", "msg": "======================================================================"}
{"ts": "2026-04-06T08:27:28.277640+00:00", "level": "INFO", "logger": "__main__", "msg": "EVENT TRADER  mode=dry_run  run_dir=ev_runs\\20260406_082728"}
{"ts": "2026-04-06T08:27:28.277767+00:00", "level": "INFO", "logger": "__main__", "msg": "======================================================================"}
{"ts": "2026-04-06T08:27:28.278832+00:00", "level": "INFO", "logger": "__main__", "msg": "config: {\"gamma_host\": \"https://gamma-api.polymarket.com\", \"clob_host\": \"https://clob.polymarket.com\", \"chain_id\": 137, \"private_key\": \"0x59...68c5\", \"funder\": \"\", \"signature_type\": 0, \"api_key\": \"(not set)\", \"api_secret\": \"(not set)\", \"api_passphrase\": \"(not set)\", \"mode\": \"dry_run\", \"dry_run\": true, \"poll_interval_seconds\": 10.0, \"log_json\": true, \"scan_limit\": 600, \"min_liquidity\": 100.0, \"min_volume\": 0.0, \"max_entry_price\": 0.8, \"min_entry_price\": 0.02, \"min_book_depth_usd\": 10.0, \"min_spread_ratio\": 1.5, \"position_size_usd\": 5.0, \"longshot_size_usd\": 2.0, \"highprob_size_usd\": 8.0, \"longshot_ceiling\": 0.3, \"highprob_floor\": 0.55, \"max_contracts_per_entry\": 500.0, \"max_positions\": 20, \"take_profit_pct\": 0.5, \"stop_loss_pct\": 0.4, \"trailing_stop_pct\": 0.0, \"longshot_take_profit_pct\": 1.5, \"longshot_stop_loss_pct\": 0.5, \"highprob_take_profit_pct\": 0.3, \"highprob_stop_loss_pct\": 0.2, \"max_total_exposure_usd\": 100.0, \"max_daily_loss_usd\": 25.0, \"max_per_market_usd\": 20.0, \"emergency_stop\": false, \"request_timeout_seconds\": 8.0, \"max_request_retries\": 2, \"retry_backoff_seconds\": 0.3, \"max_workers\": 10, \"state_db_path\": \"ev_bot_state.sqlite3\", \"log_path\": \"ev_runtime.log\", \"report_path\": \"ev_cycle_report.jsonl\", \"run_dir\": \"ev_runs\\\\20260406_082728\", \"python\": \"3.13.5 (tags/v3.13.5:6cb20a2, Jun 11 2025, 16:15:46) [MSC v.1943 64 bit (AMD64)]\", \"pid\": 35528}"}
{"ts": "2026-04-06T08:27:28.407456+00:00", "level": "INFO", "logger": "event_trader.runtime", "msg": "event trader started  mode=dry_run  poll=10.0s  entry_range=$0.02-$0.80  tiers: longshot(<$0.30)=$2 mid=$5 highprob(>$0.55)=$8  max_positions=20"}
{"ts": "2026-04-06T08:27:29.196510+00:00", "level": "INFO", "logger": "event_trader.data_client", "msg": "fetched 600 markets across 7 pages"}
{"ts": "2026-04-06T08:27:29.196983+00:00", "level": "INFO", "logger": "event_trader.runtime", "msg": "cycle ev_20260406T082728_8057aa (#1): fetched 600 markets in 0.8s"}
{"ts": "2026-04-06T08:27:29.197537+00:00", "level": "INFO", "logger": "event_trader.scanner", "msg": "pre-filter: 234 candidates from 600 markets (skipped 966 expensive)"}
{"ts": "2026-04-06T08:27:34.432937+00:00", "level": "INFO", "logger": "event_trader.scanner", "msg": "scan summary: 234 candidates checked, 234 signals, filters: {'inactive': 0, 'no_orderbook': 0, 'bad_outcomes': 0, 'low_liquidity': 0, 'no_book': 0, 'too_expensive': 0, 'too_cheap': 0, 'wide_spread': 0, 'no_depth': 0, 'has_position': 0, 'recent_signal': 0, 'low_confidence': 0, 'no_asks': 0, 'price_prefilter': 966}"}
{"ts": "2026-04-06T08:27:34.434352+00:00", "level": "INFO", "logger": "event_trader.runtime", "msg": "scan: 234 signals found in 5.2s"}
{"ts": "2026-04-06T08:27:34.434496+00:00", "level": "INFO", "logger": "event_trader.runtime", "msg": "SIGNAL [longshot $2]: $0.021  conf=0.99  Yes  \"Will the Anaheim Ducks win the 2026 NHL Stanley Cup?\"  price=$0.021 | tier=longshot | size=$2 | liq=$175103 | vol=$785436 | spread=0.998 | depth=$6887492 | conf=0.99"}
{"ts": "2026-04-06T08:27:34.434624+00:00", "level": "INFO", "logger": "event_trader.runtime", "msg": "SIGNAL [longshot $2]: $0.021  conf=0.99  Yes  \"Will Japan win the 2026 FIFA World Cup?\"  price=$0.021 | tier=longshot | size=$2 | liq=$310211 | vol=$10917626 | spread=0.998 | depth=$12334533 | conf=0.99"}
{"ts": "2026-04-06T08:27:34.434843+00:00", "level": "INFO", "logger": "event_trader.runtime", "msg": "SIGNAL [longshot $2]: $0.021  conf=0.99  Yes  \"Will Andy Beshear win the 2028 Democratic presidential nomin\"  price=$0.021 | tier=longshot | size=$2 | liq=$598408 | vol=$7873600 | spread=0.998 | depth=$6075365 | conf=0.99"}
{"ts": "2026-04-06T08:27:34.435146+00:00", "level": "INFO", "logger": "event_trader.runtime", "msg": "SIGNAL [longshot $2]: $0.021  conf=0.99  Yes  \"Will Josh Shapiro win the 2028 US Presidential Election?\"  price=$0.021 | tier=longshot | size=$2 | liq=$375613 | vol=$5448370 | spread=0.998 | depth=$8140487 | conf=0.99"}
{"ts": "2026-04-06T08:27:34.435242+00:00", "level": "INFO", "logger": "event_trader.runtime", "msg": "SIGNAL [longshot $2]: $0.022  conf=0.99  Yes  \"Will the Minnesota Timberwolves win the 2026 NBA Finals?\"  price=$0.022 | tier=longshot | size=$2 | liq=$264191 | vol=$5255287 | spread=0.998 | depth=$8982982 | conf=0.99"}
{"ts": "2026-04-06T08:27:34.478836+00:00", "level": "INFO", "logger": "event_trader.executor", "msg": "DRY_BUY [longshot]: 98 contracts @ $0.021 = $2.00  Yes  Will the Anaheim Ducks win the 2026 NHL Stanley Cup?"}
{"ts": "2026-04-06T08:27:34.518804+00:00", "level": "INFO", "logger": "event_trader.executor", "msg": "DRY_BUY [longshot]: 98 contracts @ $0.021 = $2.00  Yes  Will Japan win the 2026 FIFA World Cup?"}
{"ts": "2026-04-06T08:27:34.558904+00:00", "level": "INFO", "logger": "event_trader.executor", "msg": "DRY_BUY [longshot]: 98 contracts @ $0.021 = $2.00  Yes  Will Andy Beshear win the 2028 Democratic presidential nomin"}
{"ts": "2026-04-06T08:27:37.343971+00:00", "level": "INFO", "logger": "event_trader.runtime", "msg": "PORTFOLIO: 3 positions  cost=$6.00  value=$0.29  pnl=$-5.7073"}
{"ts": "2026-04-06T08:27:37.344171+00:00", "level": "INFO", "logger": "event_trader.runtime", "msg": "  POS: Yes  entry=0.021  now=0.001  pnl=-95.1%  $-1.9024"}
{"ts": "2026-04-06T08:27:37.344297+00:00", "level": "INFO", "logger": "event_trader.runtime", "msg": "  POS: Yes  entry=0.021  now=0.001  pnl=-95.1%  $-1.9024"}
{"ts": "2026-04-06T08:27:37.344393+00:00", "level": "INFO", "logger": "event_trader.runtime", "msg": "  POS: Yes  entry=0.021  now=0.001  pnl=-95.1%  $-1.9024"}
{"ts": "2026-04-06T08:27:37.375998+00:00", "level": "INFO", "logger": "event_trader.runtime", "msg": "cycle ev_20260406T082728_8057aa (#1) done in 8.9s: scanned=600 signals=234 entries=3 exits=0 open=3 unrealized=$0.0000 realized=$0.0000"}
{"ts": "2026-04-06T08:27:47.779823+00:00", "level": "INFO", "logger": "event_trader.data_client", "msg": "fetched 600 markets across 7 pages"}
{"ts": "2026-04-06T08:27:47.780641+00:00", "level": "INFO", "logger": "event_trader.runtime", "msg": "cycle ev_20260406T082747_976b74 (#2): fetched 600 markets in 0.4s"}
{"ts": "2026-04-06T08:27:47.781459+00:00", "level": "INFO", "logger": "event_trader.scanner", "msg": "pre-filter: 234 candidates from 600 markets (skipped 966 expensive)"}
{"ts": "2026-04-06T08:27:52.946453+00:00", "level": "INFO", "logger": "event_trader.scanner", "msg": "scan summary: 234 candidates checked, 0 signals, filters: {'inactive': 0, 'no_orderbook': 0, 'bad_outcomes': 0, 'low_liquidity': 0, 'no_book': 0, 'too_expensive': 0, 'too_cheap': 0, 'wide_spread': 0, 'no_depth': 0, 'has_position': 3, 'recent_signal': 231, 'low_confidence': 0, 'no_asks': 0, 'price_prefilter': 966}"}
{"ts": "2026-04-06T08:27:52.947941+00:00", "level": "INFO", "logger": "event_trader.runtime", "msg": "scan: 0 signals found in 5.2s"}
{"ts": "2026-04-06T08:27:53.181025+00:00", "level": "INFO", "logger": "event_trader.runtime", "msg": "PORTFOLIO: 3 positions  cost=$6.00  value=$0.29  pnl=$-5.7073"}
{"ts": "2026-04-06T08:27:53.181173+00:00", "level": "INFO", "logger": "event_trader.runtime", "msg": "  POS: Yes  entry=0.021  now=0.001  pnl=-95.1%  $-1.9024"}
{"ts": "2026-04-06T08:27:53.181279+00:00", "level": "INFO", "logger": "event_trader.runtime", "msg": "  POS: Yes  entry=0.021  now=0.001  pnl=-95.1%  $-1.9024"}
{"ts": "2026-04-06T08:27:53.181364+00:00", "level": "INFO", "logger": "event_trader.runtime", "msg": "  POS: Yes  entry=0.021  now=0.001  pnl=-95.1%  $-1.9024"}
{"ts": "2026-04-06T08:27:53.209997+00:00", "level": "INFO", "logger": "event_trader.runtime", "msg": "cycle ev_20260406T082747_976b74 (#2) done in 5.8s: scanned=600 signals=0 entries=0 exits=0 open=3 unrealized=$0.0000 realized=$0.0000"}
{"ts": "2026-04-06T08:28:03.638652+00:00", "level": "INFO", "logger": "event_trader.data_client", "msg": "fetched 600 markets across 7 pages"}
{"ts": "2026-04-06T08:28:03.639427+00:00", "level": "INFO", "logger": "event_trader.runtime", "msg": "cycle ev_20260406T082803_d73bd2 (#3): fetched 600 markets in 0.4s"}
{"ts": "2026-04-06T08:28:03.640875+00:00", "level": "INFO", "logger": "event_trader.scanner", "msg": "pre-filter: 234 candidates from 600 markets (skipped 966 expensive)"}
{"ts": "2026-04-06T08:28:08.427650+00:00", "level": "INFO", "logger": "event_trader.scanner", "msg": "scan summary: 234 candidates checked, 0 signals, filters: {'inactive': 0, 'no_orderbook': 0, 'bad_outcomes': 0, 'low_liquidity': 0, 'no_book': 0, 'too_expensive': 0, 'too_cheap': 0, 'wide_spread': 0, 'no_depth': 0, 'has_position': 3, 'recent_signal': 231, 'low_confidence': 0, 'no_asks': 0, 'price_prefilter': 966}"}
{"ts": "2026-04-06T08:28:08.430117+00:00", "level": "INFO", "logger": "event_trader.runtime", "msg": "scan: 0 signals found in 4.8s"}
{"ts": "2026-04-06T08:28:08.603453+00:00", "level": "INFO", "logger": "event_trader.runtime", "msg": "PORTFOLIO: 3 positions  cost=$6.00  value=$0.29  pnl=$-5.7073"}
{"ts": "2026-04-06T08:28:08.603566+00:00", "level": "INFO", "logger": "event_trader.runtime", "msg": "  POS: Yes  entry=0.021  now=0.001  pnl=-95.1%  $-1.9024"}
{"ts": "2026-04-06T08:28:08.603632+00:00", "level": "INFO", "logger": "event_trader.runtime", "msg": "  POS: Yes  entry=0.021  now=0.001  pnl=-95.1%  $-1.9024"}
{"ts": "2026-04-06T08:28:08.603691+00:00", "level": "INFO", "logger": "event_trader.runtime", "msg": "  POS: Yes  entry=0.021  now=0.001  pnl=-95.1%  $-1.9024"}
{"ts": "2026-04-06T08:28:08.614872+00:00", "level": "INFO", "logger": "event_trader.runtime", "msg": "cycle ev_20260406T082803_d73bd2 (#3) done in 5.4s: scanned=600 signals=0 entries=0 exits=0 open=3 unrealized=$0.0000 realized=$0.0000"}
{"ts": "2026-04-06T08:28:18.966864+00:00", "level": "INFO", "logger": "event_trader.data_client", "msg": "fetched 600 markets across 7 pages"}
{"ts": "2026-04-06T08:28:18.967490+00:00", "level": "INFO", "logger": "event_trader.runtime", "msg": "cycle ev_20260406T082818_0c36e4 (#4): fetched 600 markets in 0.4s"}
{"ts": "2026-04-06T08:28:18.968599+00:00", "level": "INFO", "logger": "event_trader.scanner", "msg": "pre-filter: 234 candidates from 600 markets (skipped 966 expensive)"}
{"ts": "2026-04-06T08:28:24.296559+00:00", "level": "INFO", "logger": "event_trader.scanner", "msg": "scan summary: 234 candidates checked, 0 signals, filters: {'inactive': 0, 'no_orderbook': 0, 'bad_outcomes': 0, 'low_liquidity': 0, 'no_book': 0, 'too_expensive': 0, 'too_cheap': 0, 'wide_spread': 0, 'no_depth': 0, 'has_position': 3, 'recent_signal': 231, 'low_confidence': 0, 'no_asks': 0, 'price_prefilter': 966}"}
{"ts": "2026-04-06T08:28:24.298175+00:00", "level": "INFO", "logger": "event_trader.runtime", "msg": "scan: 0 signals found in 5.3s"}
{"ts": "2026-04-06T08:28:24.466240+00:00", "level": "INFO", "logger": "event_trader.runtime", "msg": "PORTFOLIO: 3 positions  cost=$6.00  value=$0.29  pnl=$-5.7073"}
{"ts": "2026-04-06T08:28:24.466363+00:00", "level": "INFO", "logger": "event_trader.runtime", "msg": "  POS: Yes  entry=0.021  now=0.001  pnl=-95.1%  $-1.9024"}
{"ts": "2026-04-06T08:28:24.466428+00:00", "level": "INFO", "logger": "event_trader.runtime", "msg": "  POS: Yes  entry=0.021  now=0.001  pnl=-95.1%  $-1.9024"}
{"ts": "2026-04-06T08:28:24.466486+00:00", "level": "INFO", "logger": "event_trader.runtime", "msg": "  POS: Yes  entry=0.021  now=0.001  pnl=-95.1%  $-1.9024"}
{"ts": "2026-04-06T08:28:24.494494+00:00", "level": "INFO", "logger": "event_trader.runtime", "msg": "cycle ev_20260406T082818_0c36e4 (#4) done in 5.9s: scanned=600 signals=0 entries=0 exits=0 open=3 unrealized=$0.0000 realized=$0.0000"}
{"ts": "2026-04-06T08:28:34.899862+00:00", "level": "INFO", "logger": "event_trader.data_client", "msg": "fetched 600 markets across 7 pages"}
{"ts": "2026-04-06T08:28:34.900503+00:00", "level": "INFO", "logger": "event_trader.runtime", "msg": "cycle ev_20260406T082834_4a7269 (#5): fetched 600 markets in 0.4s"}
{"ts": "2026-04-06T08:28:34.901346+00:00", "level": "INFO", "logger": "event_trader.scanner", "msg": "pre-filter: 234 candidates from 600 markets (skipped 966 expensive)"}
{"ts": "2026-04-06T08:28:39.775536+00:00", "level": "INFO", "logger": "event_trader.scanner", "msg": "scan summary: 234 candidates checked, 0 signals, filters: {'inactive': 0, 'no_orderbook': 0, 'bad_outcomes': 0, 'low_liquidity': 0, 'no_book': 0, 'too_expensive': 0, 'too_cheap': 0, 'wide_spread': 0, 'no_depth': 0, 'has_position': 3, 'recent_signal': 231, 'low_confidence': 0, 'no_asks': 0, 'price_prefilter': 966}"}
{"ts": "2026-04-06T08:28:39.777240+00:00", "level": "INFO", "logger": "event_trader.runtime", "msg": "scan: 0 signals found in 4.9s"}
{"ts": "2026-04-06T08:28:39.939406+00:00", "level": "INFO", "logger": "event_trader.runtime", "msg": "PORTFOLIO: 3 positions  cost=$6.00  value=$0.29  pnl=$-5.7073"}
{"ts": "2026-04-06T08:28:39.939524+00:00", "level": "INFO", "logger": "event_trader.runtime", "msg": "  POS: Yes  entry=0.021  now=0.001  pnl=-95.1%  $-1.9024"}
{"ts": "2026-04-06T08:28:39.939592+00:00", "level": "INFO", "logger": "event_trader.runtime", "msg": "  POS: Yes  entry=0.021  now=0.001  pnl=-95.1%  $-1.9024"}
{"ts": "2026-04-06T08:28:39.939653+00:00", "level": "INFO", "logger": "event_trader.runtime", "msg": "  POS: Yes  entry=0.021  now=0.001  pnl=-95.1%  $-1.9024"}
{"ts": "2026-04-06T08:28:39.966637+00:00", "level": "INFO", "logger": "event_trader.runtime", "msg": "cycle ev_20260406T082834_4a7269 (#5) done in 5.4s: scanned=600 signals=0 entries=0 exits=0 open=3 unrealized=$0.0000 realized=$0.0000"}
{"ts": "2026-04-06T08:28:50.464041+00:00", "level": "INFO", "logger": "event_trader.data_client", "msg": "fetched 600 markets across 7 pages"}
{"ts": "2026-04-06T08:28:50.464900+00:00", "level": "INFO", "logger": "event_trader.runtime", "msg": "cycle ev_20260406T082849_d2d28d (#6): fetched 600 markets in 0.5s"}
{"ts": "2026-04-06T08:28:50.465692+00:00", "level": "INFO", "logger": "event_trader.scanner", "msg": "pre-filter: 234 candidates from 600 markets (skipped 966 expensive)"}
{"ts": "2026-04-06T08:28:55.565578+00:00", "level": "INFO", "logger": "event_trader.scanner", "msg": "scan summary: 234 candidates checked, 0 signals, filters: {'inactive': 0, 'no_orderbook': 0, 'bad_outcomes': 0, 'low_liquidity': 0, 'no_book': 0, 'too_expensive': 0, 'too_cheap': 0, 'wide_spread': 0, 'no_depth': 0, 'has_position': 3, 'recent_signal': 231, 'low_confidence': 0, 'no_asks': 0, 'price_prefilter': 966}"}
{"ts": "2026-04-06T08:28:55.568338+00:00", "level": "INFO", "logger": "event_trader.runtime", "msg": "scan: 0 signals found in 5.1s"}
{"ts": "2026-04-06T08:28:55.776193+00:00", "level": "INFO", "logger": "event_trader.runtime", "msg": "PORTFOLIO: 3 positions  cost=$6.00  value=$0.29  pnl=$-5.7073"}
{"ts": "2026-04-06T08:28:55.776343+00:00", "level": "INFO", "logger": "event_trader.runtime", "msg": "  POS: Yes  entry=0.021  now=0.001  pnl=-95.1%  $-1.9024"}
{"ts": "2026-04-06T08:28:55.776430+00:00", "level": "INFO", "logger": "event_trader.runtime", "msg": "  POS: Yes  entry=0.021  now=0.001  pnl=-95.1%  $-1.9024"}
{"ts": "2026-04-06T08:28:55.776526+00:00", "level": "INFO", "logger": "event_trader.runtime", "msg": "  POS: Yes  entry=0.021  now=0.001  pnl=-95.1%  $-1.9024"}
{"ts": "2026-04-06T08:28:55.788301+00:00", "level": "INFO", "logger": "event_trader.runtime", "msg": "cycle ev_20260406T082849_d2d28d (#6) done in 5.8s: scanned=600 signals=0 entries=0 exits=0 open=3 unrealized=$0.0000 realized=$0.0000"}
{"ts": "2026-04-06T08:29:06.250842+00:00", "level": "INFO", "logger": "event_trader.data_client", "msg": "fetched 600 markets across 7 pages"}
{"ts": "2026-04-06T08:29:06.252084+00:00", "level": "INFO", "logger": "event_trader.runtime", "msg": "cycle ev_20260406T082905_ee516b (#7): fetched 600 markets in 0.5s"}
{"ts": "2026-04-06T08:29:06.253392+00:00", "level": "INFO", "logger": "event_trader.scanner", "msg": "pre-filter: 234 candidates from 600 markets (skipped 966 expensive)"}
{"ts": "2026-04-06T08:29:10.744228+00:00", "level": "INFO", "logger": "event_trader.scanner", "msg": "scan summary: 234 candidates checked, 0 signals, filters: {'inactive': 0, 'no_orderbook': 0, 'bad_outcomes': 0, 'low_liquidity': 0, 'no_book': 0, 'too_expensive': 0, 'too_cheap': 0, 'wide_spread': 0, 'no_depth': 0, 'has_position': 3, 'recent_signal': 231, 'low_confidence': 0, 'no_asks': 0, 'price_prefilter': 966}"}
{"ts": "2026-04-06T08:29:10.745810+00:00", "level": "INFO", "logger": "event_trader.runtime", "msg": "scan: 0 signals found in 4.5s"}
{"ts": "2026-04-06T08:29:10.993126+00:00", "level": "INFO", "logger": "event_trader.runtime", "msg": "PORTFOLIO: 3 positions  cost=$6.00  value=$0.29  pnl=$-5.7073"}
{"ts": "2026-04-06T08:29:10.993296+00:00", "level": "INFO", "logger": "event_trader.runtime", "msg": "  POS: Yes  entry=0.021  now=0.001  pnl=-95.1%  $-1.9024"}
{"ts": "2026-04-06T08:29:10.993367+00:00", "level": "INFO", "logger": "event_trader.runtime", "msg": "  POS: Yes  entry=0.021  now=0.001  pnl=-95.1%  $-1.9024"}
{"ts": "2026-04-06T08:29:10.993428+00:00", "level": "INFO", "logger": "event_trader.runtime", "msg": "  POS: Yes  entry=0.021  now=0.001  pnl=-95.1%  $-1.9024"}
{"ts": "2026-04-06T08:29:11.021078+00:00", "level": "INFO", "logger": "event_trader.runtime", "msg": "cycle ev_20260406T082905_ee516b (#7) done in 5.2s: scanned=600 signals=0 entries=0 exits=0 open=3 unrealized=$0.0000 realized=$0.0000"}
{"ts": "2026-04-06T08:29:21.453057+00:00", "level": "INFO", "logger": "event_trader.data_client", "msg": "fetched 600 markets across 7 pages"}
{"ts": "2026-04-06T08:29:21.454355+00:00", "level": "INFO", "logger": "event_trader.runtime", "msg": "cycle ev_20260406T082921_47abdb (#8): fetched 600 markets in 0.4s"}
{"ts": "2026-04-06T08:29:21.455875+00:00", "level": "INFO", "logger": "event_trader.scanner", "msg": "pre-filter: 234 candidates from 600 markets (skipped 966 expensive)"}
{"ts": "2026-04-06T08:29:26.559575+00:00", "level": "INFO", "logger": "event_trader.scanner", "msg": "scan summary: 234 candidates checked, 0 signals, filters: {'inactive': 0, 'no_orderbook': 0, 'bad_outcomes': 0, 'low_liquidity': 0, 'no_book': 0, 'too_expensive': 0, 'too_cheap': 0, 'wide_spread': 0, 'no_depth': 0, 'has_position': 3, 'recent_signal': 231, 'low_confidence': 0, 'no_asks': 0, 'price_prefilter': 966}"}
{"ts": "2026-04-06T08:29:26.561430+00:00", "level": "INFO", "logger": "event_trader.runtime", "msg": "scan: 0 signals found in 5.1s"}
{"ts": "2026-04-06T08:29:26.789742+00:00", "level": "INFO", "logger": "event_trader.runtime", "msg": "PORTFOLIO: 3 positions  cost=$6.00  value=$0.29  pnl=$-5.7073"}
{"ts": "2026-04-06T08:29:26.789868+00:00", "level": "INFO", "logger": "event_trader.runtime", "msg": "  POS: Yes  entry=0.021  now=0.001  pnl=-95.1%  $-1.9024"}
{"ts": "2026-04-06T08:29:26.789934+00:00", "level": "INFO", "logger": "event_trader.runtime", "msg": "  POS: Yes  entry=0.021  now=0.001  pnl=-95.1%  $-1.9024"}
{"ts": "2026-04-06T08:29:26.789990+00:00", "level": "INFO", "logger": "event_trader.runtime", "msg": "  POS: Yes  entry=0.021  now=0.001  pnl=-95.1%  $-1.9024"}
{"ts": "2026-04-06T08:29:26.818281+00:00", "level": "INFO", "logger": "event_trader.runtime", "msg": "cycle ev_20260406T082921_47abdb (#8) done in 5.8s: scanned=600 signals=0 entries=0 exits=0 open=3 unrealized=$0.0000 realized=$0.0000"}
{"ts": "2026-04-06T08:29:37.694984+00:00", "level": "INFO", "logger": "event_trader.data_client", "msg": "fetched 600 markets across 7 pages"}
{"ts": "2026-04-06T08:29:37.696102+00:00", "level": "INFO", "logger": "event_trader.runtime", "msg": "cycle ev_20260406T082936_85f218 (#9): fetched 600 markets in 0.9s"}
{"ts": "2026-04-06T08:29:37.697510+00:00", "level": "INFO", "logger": "event_trader.scanner", "msg": "pre-filter: 234 candidates from 600 markets (skipped 966 expensive)"}
{"ts": "2026-04-06T08:29:42.307856+00:00", "level": "INFO", "logger": "event_trader.scanner", "msg": "scan summary: 234 candidates checked, 0 signals, filters: {'inactive': 0, 'no_orderbook': 0, 'bad_outcomes': 0, 'low_liquidity': 0, 'no_book': 0, 'too_expensive': 0, 'too_cheap': 0, 'wide_spread': 0, 'no_depth': 0, 'has_position': 3, 'recent_signal': 231, 'low_confidence': 0, 'no_asks': 0, 'price_prefilter': 966}"}
{"ts": "2026-04-06T08:29:42.310303+00:00", "level": "INFO", "logger": "event_trader.runtime", "msg": "scan: 0 signals found in 4.6s"}
{"ts": "2026-04-06T08:29:42.477852+00:00", "level": "INFO", "logger": "event_trader.runtime", "msg": "PORTFOLIO: 3 positions  cost=$6.00  value=$0.29  pnl=$-5.7073"}
{"ts": "2026-04-06T08:29:42.477974+00:00", "level": "INFO", "logger": "event_trader.runtime", "msg": "  POS: Yes  entry=0.021  now=0.001  pnl=-95.1%  $-1.9024"}
{"ts": "2026-04-06T08:29:42.478039+00:00", "level": "INFO", "logger": "event_trader.runtime", "msg": "  POS: Yes  entry=0.021  now=0.001  pnl=-95.1%  $-1.9024"}
{"ts": "2026-04-06T08:29:42.478094+00:00", "level": "INFO", "logger": "event_trader.runtime", "msg": "  POS: Yes  entry=0.021  now=0.001  pnl=-95.1%  $-1.9024"}
{"ts": "2026-04-06T08:29:42.507607+00:00", "level": "INFO", "logger": "event_trader.runtime", "msg": "cycle ev_20260406T082936_85f218 (#9) done in 5.7s: scanned=600 signals=0 entries=0 exits=0 open=3 unrealized=$0.0000 realized=$0.0000"}
{"ts": "2026-04-06T08:29:52.848780+00:00", "level": "INFO", "logger": "event_trader.data_client", "msg": "fetched 600 markets across 7 pages"}
{"ts": "2026-04-06T08:29:52.849732+00:00", "level": "INFO", "logger": "event_trader.runtime", "msg": "cycle ev_20260406T082952_ed4e8e (#10): fetched 600 markets in 0.3s"}
{"ts": "2026-04-06T08:29:52.850773+00:00", "level": "INFO", "logger": "event_trader.scanner", "msg": "pre-filter: 234 candidates from 600 markets (skipped 966 expensive)"}
{"ts": "2026-04-06T08:29:57.941191+00:00", "level": "INFO", "logger": "event_trader.scanner", "msg": "scan summary: 234 candidates checked, 0 signals, filters: {'inactive': 0, 'no_orderbook': 0, 'bad_outcomes': 0, 'low_liquidity': 0, 'no_book': 0, 'too_expensive': 0, 'too_cheap': 0, 'wide_spread': 0, 'no_depth': 0, 'has_position': 3, 'recent_signal': 231, 'low_confidence': 0, 'no_asks': 0, 'price_prefilter': 966}"}
{"ts": "2026-04-06T08:29:57.943210+00:00", "level": "INFO", "logger": "event_trader.runtime", "msg": "scan: 0 signals found in 5.1s"}
{"ts": "2026-04-06T08:29:58.174888+00:00", "level": "INFO", "logger": "event_trader.runtime", "msg": "PORTFOLIO: 3 positions  cost=$6.00  value=$0.29  pnl=$-5.7073"}
{"ts": "2026-04-06T08:29:58.175061+00:00", "level": "INFO", "logger": "event_trader.runtime", "msg": "  POS: Yes  entry=0.021  now=0.001  pnl=-95.1%  $-1.9024"}
{"ts": "2026-04-06T08:29:58.175145+00:00", "level": "INFO", "logger": "event_trader.runtime", "msg": "  POS: Yes  entry=0.021  now=0.001  pnl=-95.1%  $-1.9024"}
{"ts": "2026-04-06T08:29:58.175222+00:00", "level": "INFO", "logger": "event_trader.runtime", "msg": "  POS: Yes  entry=0.021  now=0.001  pnl=-95.1%  $-1.9024"}
{"ts": "2026-04-06T08:29:58.191518+00:00", "level": "INFO", "logger": "event_trader.runtime", "msg": "cycle ev_20260406T082952_ed4e8e (#10) done in 5.7s: scanned=600 signals=0 entries=0 exits=0 open=3 unrealized=$0.0000 realized=$0.0000"}
{"ts": "2026-04-06T08:30:08.628725+00:00", "level": "INFO", "logger": "event_trader.data_client", "msg": "fetched 600 markets across 7 pages"}
{"ts": "2026-04-06T08:30:08.629452+00:00", "level": "INFO", "logger": "event_trader.runtime", "msg": "cycle ev_20260406T083008_d565d4 (#11): fetched 600 markets in 0.4s"}
{"ts": "2026-04-06T08:30:08.630330+00:00", "level": "INFO", "logger": "event_trader.scanner", "msg": "pre-filter: 234 candidates from 600 markets (skipped 966 expensive)"}
{"ts": "2026-04-06T08:30:13.739724+00:00", "level": "INFO", "logger": "event_trader.scanner", "msg": "scan summary: 234 candidates checked, 0 signals, filters: {'inactive': 0, 'no_orderbook': 0, 'bad_outcomes': 0, 'low_liquidity': 0, 'no_book': 0, 'too_expensive': 0, 'too_cheap': 0, 'wide_spread': 0, 'no_depth': 0, 'has_position': 3, 'recent_signal': 231, 'low_confidence': 0, 'no_asks': 0, 'price_prefilter': 966}"}
{"ts": "2026-04-06T08:30:13.741320+00:00", "level": "INFO", "logger": "event_trader.runtime", "msg": "scan: 0 signals found in 5.1s"}
{"ts": "2026-04-06T08:30:13.916603+00:00", "level": "INFO", "logger": "event_trader.runtime", "msg": "PORTFOLIO: 3 positions  cost=$6.00  value=$0.29  pnl=$-5.7073"}
{"ts": "2026-04-06T08:30:13.916724+00:00", "level": "INFO", "logger": "event_trader.runtime", "msg": "  POS: Yes  entry=0.021  now=0.001  pnl=-95.1%  $-1.9024"}
{"ts": "2026-04-06T08:30:13.916802+00:00", "level": "INFO", "logger": "event_trader.runtime", "msg": "  POS: Yes  entry=0.021  now=0.001  pnl=-95.1%  $-1.9024"}
{"ts": "2026-04-06T08:30:13.916864+00:00", "level": "INFO", "logger": "event_trader.runtime", "msg": "  POS: Yes  entry=0.021  now=0.001  pnl=-95.1%  $-1.9024"}
{"ts": "2026-04-06T08:30:13.928621+00:00", "level": "INFO", "logger": "event_trader.runtime", "msg": "cycle ev_20260406T083008_d565d4 (#11) done in 5.7s: scanned=600 signals=0 entries=0 exits=0 open=3 unrealized=$0.0000 realized=$0.0000"}
{"ts": "2026-04-06T08:30:24.356962+00:00", "level": "INFO", "logger": "event_trader.data_client", "msg": "fetched 600 markets across 7 pages"}
{"ts": "2026-04-06T08:30:24.357670+00:00", "level": "INFO", "logger": "event_trader.runtime", "msg": "cycle ev_20260406T083023_60b4ab (#12): fetched 600 markets in 0.4s"}
{"ts": "2026-04-06T08:30:24.359045+00:00", "level": "INFO", "logger": "event_trader.scanner", "msg": "pre-filter: 234 candidates from 600 markets (skipped 966 expensive)"}
{"ts": "2026-04-06T08:30:29.557800+00:00", "level": "INFO", "logger": "event_trader.scanner", "msg": "scan summary: 234 candidates checked, 0 signals, filters: {'inactive': 0, 'no_orderbook': 0, 'bad_outcomes': 0, 'low_liquidity': 0, 'no_book': 0, 'too_expensive': 0, 'too_cheap': 0, 'wide_spread': 0, 'no_depth': 0, 'has_position': 3, 'recent_signal': 231, 'low_confidence': 0, 'no_asks': 0, 'price_prefilter': 966}"}
{"ts": "2026-04-06T08:30:29.560005+00:00", "level": "INFO", "logger": "event_trader.runtime", "msg": "scan: 0 signals found in 5.2s"}
{"ts": "2026-04-06T08:30:29.724052+00:00", "level": "INFO", "logger": "event_trader.runtime", "msg": "PORTFOLIO: 3 positions  cost=$6.00  value=$0.29  pnl=$-5.7073"}
{"ts": "2026-04-06T08:30:29.724193+00:00", "level": "INFO", "logger": "event_trader.runtime", "msg": "  POS: Yes  entry=0.021  now=0.001  pnl=-95.1%  $-1.9024"}
{"ts": "2026-04-06T08:30:29.724285+00:00", "level": "INFO", "logger": "event_trader.runtime", "msg": "  POS: Yes  entry=0.021  now=0.001  pnl=-95.1%  $-1.9024"}
{"ts": "2026-04-06T08:30:29.724390+00:00", "level": "INFO", "logger": "event_trader.runtime", "msg": "  POS: Yes  entry=0.021  now=0.001  pnl=-95.1%  $-1.9024"}
{"ts": "2026-04-06T08:30:29.758192+00:00", "level": "INFO", "logger": "event_trader.runtime", "msg": "cycle ev_20260406T083023_60b4ab (#12) done in 5.8s: scanned=600 signals=0 entries=0 exits=0 open=3 unrealized=$0.0000 realized=$0.0000"}
{"ts": "2026-04-06T08:30:40.071372+00:00", "level": "INFO", "logger": "event_trader.data_client", "msg": "fetched 600 markets across 7 pages"}
{"ts": "2026-04-06T08:30:40.071871+00:00", "level": "INFO", "logger": "event_trader.runtime", "msg": "cycle ev_20260406T083039_844f14 (#13): fetched 600 markets in 0.3s"}
{"ts": "2026-04-06T08:30:40.073011+00:00", "level": "INFO", "logger": "event_trader.scanner", "msg": "pre-filter: 234 candidates from 600 markets (skipped 966 expensive)"}
{"ts": "2026-04-06T08:30:44.024825+00:00", "level": "INFO", "logger": "event_trader.scanner", "msg": "scan summary: 234 candidates checked, 0 signals, filters: {'inactive': 0, 'no_orderbook': 0, 'bad_outcomes': 0, 'low_liquidity': 0, 'no_book': 0, 'too_expensive': 0, 'too_cheap': 0, 'wide_spread': 0, 'no_depth': 0, 'has_position': 3, 'recent_signal': 231, 'low_confidence': 0, 'no_asks': 0, 'price_prefilter': 966}"}
{"ts": "2026-04-06T08:30:44.026579+00:00", "level": "INFO", "logger": "event_trader.runtime", "msg": "scan: 0 signals found in 4.0s"}
{"ts": "2026-04-06T08:30:44.202244+00:00", "level": "INFO", "logger": "event_trader.runtime", "msg": "PORTFOLIO: 3 positions  cost=$6.00  value=$0.29  pnl=$-5.7073"}
{"ts": "2026-04-06T08:30:44.202374+00:00", "level": "INFO", "logger": "event_trader.runtime", "msg": "  POS: Yes  entry=0.021  now=0.001  pnl=-95.1%  $-1.9024"}
{"ts": "2026-04-06T08:30:44.202475+00:00", "level": "INFO", "logger": "event_trader.runtime", "msg": "  POS: Yes  entry=0.021  now=0.001  pnl=-95.1%  $-1.9024"}
{"ts": "2026-04-06T08:30:44.202580+00:00", "level": "INFO", "logger": "event_trader.runtime", "msg": "  POS: Yes  entry=0.021  now=0.001  pnl=-95.1%  $-1.9024"}
{"ts": "2026-04-06T08:30:44.215372+00:00", "level": "INFO", "logger": "event_trader.runtime", "msg": "cycle ev_20260406T083039_844f14 (#13) done in 4.4s: scanned=600 signals=0 entries=0 exits=0 open=3 unrealized=$0.0000 realized=$0.0000"}
{"ts": "2026-04-06T08:30:54.645636+00:00", "level": "INFO", "logger": "event_trader.data_client", "msg": "fetched 600 markets across 7 pages"}
{"ts": "2026-04-06T08:30:54.646222+00:00", "level": "INFO", "logger": "event_trader.runtime", "msg": "cycle ev_20260406T083054_d2799c (#14): fetched 600 markets in 0.4s"}
{"ts": "2026-04-06T08:30:54.647602+00:00", "level": "INFO", "logger": "event_trader.scanner", "msg": "pre-filter: 234 candidates from 600 markets (skipped 966 expensive)"}
{"ts": "2026-04-06T08:30:59.801140+00:00", "level": "INFO", "logger": "event_trader.scanner", "msg": "scan summary: 234 candidates checked, 0 signals, filters: {'inactive': 0, 'no_orderbook': 0, 'bad_outcomes': 0, 'low_liquidity': 0, 'no_book': 0, 'too_expensive': 0, 'too_cheap': 0, 'wide_spread': 0, 'no_depth': 0, 'has_position': 3, 'recent_signal': 231, 'low_confidence': 0, 'no_asks': 0, 'price_prefilter': 966}"}
{"ts": "2026-04-06T08:30:59.803221+00:00", "level": "INFO", "logger": "event_trader.runtime", "msg": "scan: 0 signals found in 5.2s"}
{"ts": "2026-04-06T08:31:00.039890+00:00", "level": "INFO", "logger": "event_trader.runtime", "msg": "PORTFOLIO: 3 positions  cost=$6.00  value=$0.29  pnl=$-5.7073"}
{"ts": "2026-04-06T08:31:00.040053+00:00", "level": "INFO", "logger": "event_trader.runtime", "msg": "  POS: Yes  entry=0.021  now=0.001  pnl=-95.1%  $-1.9024"}
{"ts": "2026-04-06T08:31:00.040157+00:00", "level": "INFO", "logger": "event_trader.runtime", "msg": "  POS: Yes  entry=0.021  now=0.001  pnl=-95.1%  $-1.9024"}
{"ts": "2026-04-06T08:31:00.040257+00:00", "level": "INFO", "logger": "event_trader.runtime", "msg": "  POS: Yes  entry=0.021  now=0.001  pnl=-95.1%  $-1.9024"}
{"ts": "2026-04-06T08:31:00.051649+00:00", "level": "INFO", "logger": "event_trader.runtime", "msg": "cycle ev_20260406T083054_d2799c (#14) done in 5.8s: scanned=600 signals=0 entries=0 exits=0 open=3 unrealized=$0.0000 realized=$0.0000"}
{"ts": "2026-04-06T08:31:10.454615+00:00", "level": "INFO", "logger": "event_trader.data_client", "msg": "fetched 600 markets across 7 pages"}
{"ts": "2026-04-06T08:31:10.455737+00:00", "level": "INFO", "logger": "event_trader.runtime", "msg": "cycle ev_20260406T083110_2cf766 (#15): fetched 600 markets in 0.4s"}
{"ts": "2026-04-06T08:31:10.456956+00:00", "level": "INFO", "logger": "event_trader.scanner", "msg": "pre-filter: 234 candidates from 600 markets (skipped 966 expensive)"}
{"ts": "2026-04-06T08:31:15.611496+00:00", "level": "INFO", "logger": "event_trader.scanner", "msg": "scan summary: 234 candidates checked, 0 signals, filters: {'inactive': 0, 'no_orderbook': 0, 'bad_outcomes': 0, 'low_liquidity': 0, 'no_book': 0, 'too_expensive': 0, 'too_cheap': 0, 'wide_spread': 0, 'no_depth': 0, 'has_position': 3, 'recent_signal': 231, 'low_confidence': 0, 'no_asks': 0, 'price_prefilter': 966}"}
{"ts": "2026-04-06T08:31:15.613510+00:00", "level": "INFO", "logger": "event_trader.runtime", "msg": "scan: 0 signals found in 5.2s"}
{"ts": "2026-04-06T08:31:15.775575+00:00", "level": "INFO", "logger": "event_trader.runtime", "msg": "PORTFOLIO: 3 positions  cost=$6.00  value=$0.29  pnl=$-5.7073"}
{"ts": "2026-04-06T08:31:15.775819+00:00", "level": "INFO", "logger": "event_trader.runtime", "msg": "  POS: Yes  entry=0.021  now=0.001  pnl=-95.1%  $-1.9024"}
{"ts": "2026-04-06T08:31:15.775903+00:00", "level": "INFO", "logger": "event_trader.runtime", "msg": "  POS: Yes  entry=0.021  now=0.001  pnl=-95.1%  $-1.9024"}
{"ts": "2026-04-06T08:31:15.775985+00:00", "level": "INFO", "logger": "event_trader.runtime", "msg": "  POS: Yes  entry=0.021  now=0.001  pnl=-95.1%  $-1.9024"}
{"ts": "2026-04-06T08:31:15.797585+00:00", "level": "INFO", "logger": "event_trader.runtime", "msg": "cycle ev_20260406T083110_2cf766 (#15) done in 5.7s: scanned=600 signals=0 entries=0 exits=0 open=3 unrealized=$0.0000 realized=$0.0000"}
{"ts": "2026-04-06T08:31:26.129544+00:00", "level": "INFO", "logger": "event_trader.data_client", "msg": "fetched 600 markets across 7 pages"}
{"ts": "2026-04-06T08:31:26.130970+00:00", "level": "INFO", "logger": "event_trader.runtime", "msg": "cycle ev_20260406T083125_d78c8b (#16): fetched 600 markets in 0.3s"}
{"ts": "2026-04-06T08:31:26.132201+00:00", "level": "INFO", "logger": "event_trader.scanner", "msg": "pre-filter: 234 candidates from 600 markets (skipped 966 expensive)"}
{"ts": "2026-04-06T08:31:30.075896+00:00", "level": "INFO", "logger": "event_trader.scanner", "msg": "scan summary: 234 candidates checked, 0 signals, filters: {'inactive': 0, 'no_orderbook': 0, 'bad_outcomes': 0, 'low_liquidity': 0, 'no_book': 0, 'too_expensive': 0, 'too_cheap': 0, 'wide_spread': 0, 'no_depth': 0, 'has_position': 3, 'recent_signal': 231, 'low_confidence': 0, 'no_asks': 0, 'price_prefilter': 966}"}
{"ts": "2026-04-06T08:31:30.077560+00:00", "level": "INFO", "logger": "event_trader.runtime", "msg": "scan: 0 signals found in 3.9s"}
{"ts": "2026-04-06T08:31:30.321994+00:00", "level": "INFO", "logger": "event_trader.runtime", "msg": "PORTFOLIO: 3 positions  cost=$6.00  value=$0.29  pnl=$-5.7073"}
{"ts": "2026-04-06T08:31:30.322103+00:00", "level": "INFO", "logger": "event_trader.runtime", "msg": "  POS: Yes  entry=0.021  now=0.001  pnl=-95.1%  $-1.9024"}
{"ts": "2026-04-06T08:31:30.322167+00:00", "level": "INFO", "logger": "event_trader.runtime", "msg": "  POS: Yes  entry=0.021  now=0.001  pnl=-95.1%  $-1.9024"}
{"ts": "2026-04-06T08:31:30.322224+00:00", "level": "INFO", "logger": "event_trader.runtime", "msg": "  POS: Yes  entry=0.021  now=0.001  pnl=-95.1%  $-1.9024"}
{"ts": "2026-04-06T08:31:30.336200+00:00", "level": "INFO", "logger": "event_trader.runtime", "msg": "cycle ev_20260406T083125_d78c8b (#16) done in 4.5s: scanned=600 signals=0 entries=0 exits=0 open=3 unrealized=$0.0000 realized=$0.0000"}
{"ts": "2026-04-06T08:31:40.659736+00:00", "level": "INFO", "logger": "event_trader.data_client", "msg": "fetched 600 markets across 7 pages"}
{"ts": "2026-04-06T08:31:40.660444+00:00", "level": "INFO", "logger": "event_trader.runtime", "msg": "cycle ev_20260406T083140_a28238 (#17): fetched 600 markets in 0.3s"}
{"ts": "2026-04-06T08:31:40.661556+00:00", "level": "INFO", "logger": "event_trader.scanner", "msg": "pre-filter: 234 candidates from 600 markets (skipped 966 expensive)"}
{"ts": "2026-04-06T08:31:44.552019+00:00", "level": "INFO", "logger": "event_trader.scanner", "msg": "scan summary: 234 candidates checked, 0 signals, filters: {'inactive': 0, 'no_orderbook': 0, 'bad_outcomes': 0, 'low_liquidity': 0, 'no_book': 0, 'too_expensive': 0, 'too_cheap': 0, 'wide_spread': 0, 'no_depth': 0, 'has_position': 3, 'recent_signal': 231, 'low_confidence': 0, 'no_asks': 0, 'price_prefilter': 966}"}
{"ts": "2026-04-06T08:31:44.553824+00:00", "level": "INFO", "logger": "event_trader.runtime", "msg": "scan: 0 signals found in 3.9s"}
{"ts": "2026-04-06T08:31:44.754743+00:00", "level": "INFO", "logger": "event_trader.runtime", "msg": "PORTFOLIO: 3 positions  cost=$6.00  value=$0.29  pnl=$-5.7073"}
{"ts": "2026-04-06T08:31:44.754856+00:00", "level": "INFO", "logger": "event_trader.runtime", "msg": "  POS: Yes  entry=0.021  now=0.001  pnl=-95.1%  $-1.9024"}
{"ts": "2026-04-06T08:31:44.754927+00:00", "level": "INFO", "logger": "event_trader.runtime", "msg": "  POS: Yes  entry=0.021  now=0.001  pnl=-95.1%  $-1.9024"}
{"ts": "2026-04-06T08:31:44.754990+00:00", "level": "INFO", "logger": "event_trader.runtime", "msg": "  POS: Yes  entry=0.021  now=0.001  pnl=-95.1%  $-1.9024"}
{"ts": "2026-04-06T08:31:44.766671+00:00", "level": "INFO", "logger": "event_trader.runtime", "msg": "cycle ev_20260406T083140_a28238 (#17) done in 4.4s: scanned=600 signals=0 entries=0 exits=0 open=3 unrealized=$0.0000 realized=$0.0000"}
{"ts": "2026-04-06T08:31:55.195008+00:00", "level": "INFO", "logger": "event_trader.data_client", "msg": "fetched 600 markets across 7 pages"}
{"ts": "2026-04-06T08:31:55.195666+00:00", "level": "INFO", "logger": "event_trader.runtime", "msg": "cycle ev_20260406T083154_ee597d (#18): fetched 600 markets in 0.4s"}
{"ts": "2026-04-06T08:31:55.196599+00:00", "level": "INFO", "logger": "event_trader.scanner", "msg": "pre-filter: 234 candidates from 600 markets (skipped 966 expensive)"}
{"ts": "2026-04-06T08:32:00.324889+00:00", "level": "INFO", "logger": "event_trader.scanner", "msg": "scan summary: 234 candidates checked, 0 signals, filters: {'inactive': 0, 'no_orderbook': 0, 'bad_outcomes': 0, 'low_liquidity': 0, 'no_book': 0, 'too_expensive': 0, 'too_cheap': 0, 'wide_spread': 0, 'no_depth': 0, 'has_position': 3, 'recent_signal': 231, 'low_confidence': 0, 'no_asks': 0, 'price_prefilter': 966}"}
{"ts": "2026-04-06T08:32:00.326302+00:00", "level": "INFO", "logger": "event_trader.runtime", "msg": "scan: 0 signals found in 5.1s"}
{"ts": "2026-04-06T08:32:00.491730+00:00", "level": "INFO", "logger": "event_trader.runtime", "msg": "PORTFOLIO: 3 positions  cost=$6.00  value=$0.29  pnl=$-5.7073"}
{"ts": "2026-04-06T08:32:00.491867+00:00", "level": "INFO", "logger": "event_trader.runtime", "msg": "  POS: Yes  entry=0.021  now=0.001  pnl=-95.1%  $-1.9024"}
{"ts": "2026-04-06T08:32:00.491933+00:00", "level": "INFO", "logger": "event_trader.runtime", "msg": "  POS: Yes  entry=0.021  now=0.001  pnl=-95.1%  $-1.9024"}
{"ts": "2026-04-06T08:32:00.491991+00:00", "level": "INFO", "logger": "event_trader.runtime", "msg": "  POS: Yes  entry=0.021  now=0.001  pnl=-95.1%  $-1.9024"}
{"ts": "2026-04-06T08:32:00.502494+00:00", "level": "INFO", "logger": "event_trader.runtime", "msg": "cycle ev_20260406T083154_ee597d (#18) done in 5.7s: scanned=600 signals=0 entries=0 exits=0 open=3 unrealized=$0.0000 realized=$0.0000"}
{"ts": "2026-04-06T08:32:11.169163+00:00", "level": "INFO", "logger": "event_trader.data_client", "msg": "fetched 600 markets across 7 pages"}
{"ts": "2026-04-06T08:32:11.169514+00:00", "level": "INFO", "logger": "event_trader.runtime", "msg": "cycle ev_20260406T083210_6c6d97 (#19): fetched 600 markets in 0.7s"}
{"ts": "2026-04-06T08:32:11.170327+00:00", "level": "INFO", "logger": "event_trader.scanner", "msg": "pre-filter: 234 candidates from 600 markets (skipped 966 expensive)"}
{"ts": "2026-04-06T08:32:16.302780+00:00", "level": "INFO", "logger": "event_trader.scanner", "msg": "scan summary: 234 candidates checked, 0 signals, filters: {'inactive': 0, 'no_orderbook': 0, 'bad_outcomes': 0, 'low_liquidity': 0, 'no_book': 0, 'too_expensive': 0, 'too_cheap': 0, 'wide_spread': 0, 'no_depth': 0, 'has_position': 3, 'recent_signal': 231, 'low_confidence': 0, 'no_asks': 0, 'price_prefilter': 966}"}
{"ts": "2026-04-06T08:32:16.304570+00:00", "level": "INFO", "logger": "event_trader.runtime", "msg": "scan: 0 signals found in 5.1s"}
{"ts": "2026-04-06T08:32:16.494718+00:00", "level": "INFO", "logger": "event_trader.runtime", "msg": "PORTFOLIO: 3 positions  cost=$6.00  value=$0.29  pnl=$-5.7073"}
{"ts": "2026-04-06T08:32:16.494847+00:00", "level": "INFO", "logger": "event_trader.runtime", "msg": "  POS: Yes  entry=0.021  now=0.001  pnl=-95.1%  $-1.9024"}
{"ts": "2026-04-06T08:32:16.494924+00:00", "level": "INFO", "logger": "event_trader.runtime", "msg": "  POS: Yes  entry=0.021  now=0.001  pnl=-95.1%  $-1.9024"}
{"ts": "2026-04-06T08:32:16.494989+00:00", "level": "INFO", "logger": "event_trader.runtime", "msg": "  POS: Yes  entry=0.021  now=0.001  pnl=-95.1%  $-1.9024"}
{"ts": "2026-04-06T08:32:16.507869+00:00", "level": "INFO", "logger": "event_trader.runtime", "msg": "cycle ev_20260406T083210_6c6d97 (#19) done in 6.0s: scanned=600 signals=0 entries=0 exits=0 open=3 unrealized=$0.0000 realized=$0.0000"}
{"ts": "2026-04-06T08:32:26.995964+00:00", "level": "INFO", "logger": "event_trader.data_client", "msg": "fetched 600 markets across 7 pages"}
{"ts": "2026-04-06T08:32:26.996369+00:00", "level": "INFO", "logger": "event_trader.runtime", "msg": "cycle ev_20260406T083226_28d911 (#20): fetched 600 markets in 0.5s"}
{"ts": "2026-04-06T08:32:26.997066+00:00", "level": "INFO", "logger": "event_trader.scanner", "msg": "pre-filter: 234 candidates from 600 markets (skipped 966 expensive)"}
{"ts": "2026-04-06T08:32:30.937237+00:00", "level": "INFO", "logger": "event_trader.scanner", "msg": "scan summary: 234 candidates checked, 0 signals, filters: {'inactive': 0, 'no_orderbook': 0, 'bad_outcomes': 0, 'low_liquidity': 0, 'no_book': 0, 'too_expensive': 0, 'too_cheap': 0, 'wide_spread': 0, 'no_depth': 0, 'has_position': 3, 'recent_signal': 231, 'low_confidence': 0, 'no_asks': 0, 'price_prefilter': 966}"}
{"ts": "2026-04-06T08:32:30.939091+00:00", "level": "INFO", "logger": "event_trader.runtime", "msg": "scan: 0 signals found in 3.9s"}
{"ts": "2026-04-06T08:32:31.101889+00:00", "level": "INFO", "logger": "event_trader.runtime", "msg": "PORTFOLIO: 3 positions  cost=$6.00  value=$0.29  pnl=$-5.7073"}
{"ts": "2026-04-06T08:32:31.102045+00:00", "level": "INFO", "logger": "event_trader.runtime", "msg": "  POS: Yes  entry=0.021  now=0.001  pnl=-95.1%  $-1.9024"}
{"ts": "2026-04-06T08:32:31.102138+00:00", "level": "INFO", "logger": "event_trader.runtime", "msg": "  POS: Yes  entry=0.021  now=0.001  pnl=-95.1%  $-1.9024"}
{"ts": "2026-04-06T08:32:31.102208+00:00", "level": "INFO", "logger": "event_trader.runtime", "msg": "  POS: Yes  entry=0.021  now=0.001  pnl=-95.1%  $-1.9024"}
{"ts": "2026-04-06T08:32:31.113949+00:00", "level": "INFO", "logger": "event_trader.runtime", "msg": "cycle ev_20260406T083226_28d911 (#20) done in 4.6s: scanned=600 signals=0 entries=0 exits=0 open=3 unrealized=$0.0000 realized=$0.0000"}
{"ts": "2026-04-06T08:32:41.553152+00:00", "level": "INFO", "logger": "event_trader.data_client", "msg": "fetched 600 markets across 7 pages"}
{"ts": "2026-04-06T08:32:41.553672+00:00", "level": "INFO", "logger": "event_trader.runtime", "msg": "cycle ev_20260406T083241_85f635 (#21): fetched 600 markets in 0.4s"}
{"ts": "2026-04-06T08:32:41.554478+00:00", "level": "INFO", "logger": "event_trader.scanner", "msg": "pre-filter: 234 candidates from 600 markets (skipped 966 expensive)"}
{"ts": "2026-04-06T08:32:45.504387+00:00", "level": "INFO", "logger": "event_trader.scanner", "msg": "scan summary: 234 candidates checked, 0 signals, filters: {'inactive': 0, 'no_orderbook': 0, 'bad_outcomes': 0, 'low_liquidity': 0, 'no_book': 0, 'too_expensive': 0, 'too_cheap': 0, 'wide_spread': 0, 'no_depth': 0, 'has_position': 3, 'recent_signal': 231, 'low_confidence': 0, 'no_asks': 0, 'price_prefilter': 966}"}
{"ts": "2026-04-06T08:32:45.505854+00:00", "level": "INFO", "logger": "event_trader.runtime", "msg": "scan: 0 signals found in 4.0s"}
{"ts": "2026-04-06T08:32:45.681005+00:00", "level": "INFO", "logger": "event_trader.runtime", "msg": "PORTFOLIO: 3 positions  cost=$6.00  value=$0.29  pnl=$-5.7073"}
{"ts": "2026-04-06T08:32:45.681184+00:00", "level": "INFO", "logger": "event_trader.runtime", "msg": "  POS: Yes  entry=0.021  now=0.001  pnl=-95.1%  $-1.9024"}
{"ts": "2026-04-06T08:32:45.681277+00:00", "level": "INFO", "logger": "event_trader.runtime", "msg": "  POS: Yes  entry=0.021  now=0.001  pnl=-95.1%  $-1.9024"}
{"ts": "2026-04-06T08:32:45.681361+00:00", "level": "INFO", "logger": "event_trader.runtime", "msg": "  POS: Yes  entry=0.021  now=0.001  pnl=-95.1%  $-1.9024"}
{"ts": "2026-04-06T08:32:45.693062+00:00", "level": "INFO", "logger": "event_trader.runtime", "msg": "cycle ev_20260406T083241_85f635 (#21) done in 4.6s: scanned=600 signals=0 entries=0 exits=0 open=3 unrealized=$0.0000 realized=$0.0000"}
{"ts": "2026-04-06T08:32:56.208094+00:00", "level": "INFO", "logger": "event_trader.data_client", "msg": "fetched 600 markets across 7 pages"}
{"ts": "2026-04-06T08:32:56.208607+00:00", "level": "INFO", "logger": "event_trader.runtime", "msg": "cycle ev_20260406T083255_b3fb4a (#22): fetched 600 markets in 0.5s"}
{"ts": "2026-04-06T08:32:56.209349+00:00", "level": "INFO", "logger": "event_trader.scanner", "msg": "pre-filter: 234 candidates from 600 markets (skipped 966 expensive)"}
{"ts": "2026-04-06T08:33:01.381483+00:00", "level": "INFO", "logger": "event_trader.scanner", "msg": "scan summary: 234 candidates checked, 0 signals, filters: {'inactive': 0, 'no_orderbook': 0, 'bad_outcomes': 0, 'low_liquidity': 0, 'no_book': 0, 'too_expensive': 0, 'too_cheap': 0, 'wide_spread': 0, 'no_depth': 0, 'has_position': 3, 'recent_signal': 231, 'low_confidence': 0, 'no_asks': 0, 'price_prefilter': 966}"}
{"ts": "2026-04-06T08:33:01.383007+00:00", "level": "INFO", "logger": "event_trader.runtime", "msg": "scan: 0 signals found in 5.2s"}
{"ts": "2026-04-06T08:33:01.614863+00:00", "level": "INFO", "logger": "event_trader.runtime", "msg": "PORTFOLIO: 3 positions  cost=$6.00  value=$0.29  pnl=$-5.7073"}
{"ts": "2026-04-06T08:33:01.614978+00:00", "level": "INFO", "logger": "event_trader.runtime", "msg": "  POS: Yes  entry=0.021  now=0.001  pnl=-95.1%  $-1.9024"}
{"ts": "2026-04-06T08:33:01.615041+00:00", "level": "INFO", "logger": "event_trader.runtime", "msg": "  POS: Yes  entry=0.021  now=0.001  pnl=-95.1%  $-1.9024"}
{"ts": "2026-04-06T08:33:01.615099+00:00", "level": "INFO", "logger": "event_trader.runtime", "msg": "  POS: Yes  entry=0.021  now=0.001  pnl=-95.1%  $-1.9024"}
{"ts": "2026-04-06T08:33:01.628386+00:00", "level": "INFO", "logger": "event_trader.runtime", "msg": "cycle ev_20260406T083255_b3fb4a (#22) done in 5.9s: scanned=600 signals=0 entries=0 exits=0 open=3 unrealized=$0.0000 realized=$0.0000"}
{"ts": "2026-04-06T08:33:12.107970+00:00", "level": "INFO", "logger": "event_trader.data_client", "msg": "fetched 600 markets across 7 pages"}
{"ts": "2026-04-06T08:33:12.108478+00:00", "level": "INFO", "logger": "event_trader.runtime", "msg": "cycle ev_20260406T083311_7171e2 (#23): fetched 600 markets in 0.5s"}
{"ts": "2026-04-06T08:33:12.109580+00:00", "level": "INFO", "logger": "event_trader.scanner", "msg": "pre-filter: 234 candidates from 600 markets (skipped 966 expensive)"}
{"ts": "2026-04-06T08:33:16.527927+00:00", "level": "INFO", "logger": "event_trader.scanner", "msg": "scan summary: 234 candidates checked, 0 signals, filters: {'inactive': 0, 'no_orderbook': 0, 'bad_outcomes': 0, 'low_liquidity': 0, 'no_book': 0, 'too_expensive': 0, 'too_cheap': 0, 'wide_spread': 0, 'no_depth': 0, 'has_position': 3, 'recent_signal': 231, 'low_confidence': 0, 'no_asks': 0, 'price_prefilter': 966}"}
{"ts": "2026-04-06T08:33:16.529433+00:00", "level": "INFO", "logger": "event_trader.runtime", "msg": "scan: 0 signals found in 4.4s"}
{"ts": "2026-04-06T08:33:16.691473+00:00", "level": "INFO", "logger": "event_trader.runtime", "msg": "PORTFOLIO: 3 positions  cost=$6.00  value=$0.29  pnl=$-5.7073"}
{"ts": "2026-04-06T08:33:16.691729+00:00", "level": "INFO", "logger": "event_trader.runtime", "msg": "  POS: Yes  entry=0.021  now=0.001  pnl=-95.1%  $-1.9024"}
{"ts": "2026-04-06T08:33:16.691856+00:00", "level": "INFO", "logger": "event_trader.runtime", "msg": "  POS: Yes  entry=0.021  now=0.001  pnl=-95.1%  $-1.9024"}
{"ts": "2026-04-06T08:33:16.691961+00:00", "level": "INFO", "logger": "event_trader.runtime", "msg": "  POS: Yes  entry=0.021  now=0.001  pnl=-95.1%  $-1.9024"}
{"ts": "2026-04-06T08:33:16.712960+00:00", "level": "INFO", "logger": "event_trader.runtime", "msg": "cycle ev_20260406T083311_7171e2 (#23) done in 5.1s: scanned=600 signals=0 entries=0 exits=0 open=3 unrealized=$0.0000 realized=$0.0000"}
{"ts": "2026-04-06T08:33:27.203702+00:00", "level": "INFO", "logger": "event_trader.data_client", "msg": "fetched 600 markets across 7 pages"}
{"ts": "2026-04-06T08:33:27.204224+00:00", "level": "INFO", "logger": "event_trader.runtime", "msg": "cycle ev_20260406T083326_840de0 (#24): fetched 600 markets in 0.5s"}
{"ts": "2026-04-06T08:33:27.204932+00:00", "level": "INFO", "logger": "event_trader.scanner", "msg": "pre-filter: 234 candidates from 600 markets (skipped 966 expensive)"}
{"ts": "2026-04-06T08:33:32.159502+00:00", "level": "INFO", "logger": "event_trader.scanner", "msg": "scan summary: 234 candidates checked, 0 signals, filters: {'inactive': 0, 'no_orderbook': 0, 'bad_outcomes': 0, 'low_liquidity': 0, 'no_book': 0, 'too_expensive': 0, 'too_cheap': 0, 'wide_spread': 0, 'no_depth': 0, 'has_position': 3, 'recent_signal': 231, 'low_confidence': 0, 'no_asks': 0, 'price_prefilter': 966}"}
{"ts": "2026-04-06T08:33:32.162548+00:00", "level": "INFO", "logger": "event_trader.runtime", "msg": "scan: 0 signals found in 5.0s"}
{"ts": "2026-04-06T08:33:32.335373+00:00", "level": "INFO", "logger": "event_trader.runtime", "msg": "PORTFOLIO: 3 positions  cost=$6.00  value=$0.29  pnl=$-5.7073"}
{"ts": "2026-04-06T08:33:32.335544+00:00", "level": "INFO", "logger": "event_trader.runtime", "msg": "  POS: Yes  entry=0.021  now=0.001  pnl=-95.1%  $-1.9024"}
{"ts": "2026-04-06T08:33:32.335654+00:00", "level": "INFO", "logger": "event_trader.runtime", "msg": "  POS: Yes  entry=0.021  now=0.001  pnl=-95.1%  $-1.9024"}
{"ts": "2026-04-06T08:33:32.335736+00:00", "level": "INFO", "logger": "event_trader.runtime", "msg": "  POS: Yes  entry=0.021  now=0.001  pnl=-95.1%  $-1.9024"}
{"ts": "2026-04-06T08:33:32.349961+00:00", "level": "INFO", "logger": "event_trader.runtime", "msg": "cycle ev_20260406T083326_840de0 (#24) done in 5.6s: scanned=600 signals=0 entries=0 exits=0 open=3 unrealized=$0.0000 realized=$0.0000"}
{"ts": "2026-04-06T08:33:42.854634+00:00", "level": "INFO", "logger": "event_trader.data_client", "msg": "fetched 600 markets across 7 pages"}
{"ts": "2026-04-06T08:33:42.855142+00:00", "level": "INFO", "logger": "event_trader.runtime", "msg": "cycle ev_20260406T083342_a1018a (#25): fetched 600 markets in 0.5s"}
{"ts": "2026-04-06T08:33:42.856072+00:00", "level": "INFO", "logger": "event_trader.scanner", "msg": "pre-filter: 234 candidates from 600 markets (skipped 966 expensive)"}
{"ts": "2026-04-06T08:33:48.018834+00:00", "level": "INFO", "logger": "event_trader.scanner", "msg": "scan summary: 234 candidates checked, 0 signals, filters: {'inactive': 0, 'no_orderbook': 0, 'bad_outcomes': 0, 'low_liquidity': 0, 'no_book': 0, 'too_expensive': 0, 'too_cheap': 0, 'wide_spread': 0, 'no_depth': 0, 'has_position': 3, 'recent_signal': 231, 'low_confidence': 0, 'no_asks': 0, 'price_prefilter': 966}"}
{"ts": "2026-04-06T08:33:48.022092+00:00", "level": "INFO", "logger": "event_trader.runtime", "msg": "scan: 0 signals found in 5.2s"}
{"ts": "2026-04-06T08:33:48.216464+00:00", "level": "INFO", "logger": "event_trader.runtime", "msg": "PORTFOLIO: 3 positions  cost=$6.00  value=$0.29  pnl=$-5.7073"}
{"ts": "2026-04-06T08:33:48.216697+00:00", "level": "INFO", "logger": "event_trader.runtime", "msg": "  POS: Yes  entry=0.021  now=0.001  pnl=-95.1%  $-1.9024"}
{"ts": "2026-04-06T08:33:48.216847+00:00", "level": "INFO", "logger": "event_trader.runtime", "msg": "  POS: Yes  entry=0.021  now=0.001  pnl=-95.1%  $-1.9024"}
{"ts": "2026-04-06T08:33:48.216996+00:00", "level": "INFO", "logger": "event_trader.runtime", "msg": "  POS: Yes  entry=0.021  now=0.001  pnl=-95.1%  $-1.9024"}
{"ts": "2026-04-06T08:33:48.229713+00:00", "level": "INFO", "logger": "event_trader.runtime", "msg": "cycle ev_20260406T083342_a1018a (#25) done in 5.9s: scanned=600 signals=0 entries=0 exits=0 open=3 unrealized=$0.0000 realized=$0.0000"}
{"ts": "2026-04-06T08:33:58.705452+00:00", "level": "INFO", "logger": "event_trader.data_client", "msg": "fetched 600 markets across 7 pages"}
{"ts": "2026-04-06T08:33:58.705861+00:00", "level": "INFO", "logger": "event_trader.runtime", "msg": "cycle ev_20260406T083358_e514d7 (#26): fetched 600 markets in 0.5s"}
{"ts": "2026-04-06T08:33:58.707075+00:00", "level": "INFO", "logger": "event_trader.scanner", "msg": "pre-filter: 234 candidates from 600 markets (skipped 966 expensive)"}
