2026-04-08 18:17:25,183 [INFO] event_trader_improved.runtime: Event Trader (IMPROVED) started | mode=dry_run kelly=True min_edge=1.0%
2026-04-08 18:17:25,183 [INFO] event_trader_improved.runtime: === Cycle ev_20260408T181725_d6fe25 (#1) ===
2026-04-08 18:17:26,086 [INFO] event_trader.data_client: fetched 600 markets across 7 pages
2026-04-08 18:17:26,086 [INFO] event_trader_improved.runtime: Fetched 600 markets
2026-04-08 18:17:26,088 [INFO] event_trader_improved.scanner: Scan stats: scanned=600 signals=239 skipped_active=0 skipped_volume=17 skipped_price=277 skipped_edge=0
2026-04-08 18:17:26,088 [INFO] event_trader_improved.runtime: Found 239 signals
2026-04-08 18:17:26,088 [INFO] event_trader_improved.runtime: Signal #1: Yes @ $0.011 (edge=48.9%)
2026-04-08 18:17:26,089 [INFO] event_trader_improved.runtime: Signal #2: Yes @ $0.011 (edge=48.9%)
2026-04-08 18:17:26,089 [INFO] event_trader_improved.runtime: Signal #3: Yes @ $0.011 (edge=48.9%)
2026-04-08 18:17:26,089 [INFO] event_trader_improved.runtime: DRY-RUN: Would buy Yes @ $0.011 for $36.71 (edge=48.9%)
2026-04-08 18:17:28,440 [INFO] event_trader_improved.runtime: DRY-RUN: Would buy Yes @ $0.011 for $36.71 (edge=48.9%)
2026-04-08 18:17:28,459 [INFO] event_trader_improved.runtime: DRY-RUN: Would buy Yes @ $0.011 for $36.71 (edge=48.9%)
2026-04-08 18:17:28,483 [INFO] event_trader_improved.runtime: DRY-RUN: Would buy Yes @ $0.011 for $36.71 (edge=48.9%)
2026-04-08 18:17:28,564 [INFO] event_trader_improved.runtime: DRY-RUN: Would buy Yes @ $0.011 for $36.71 (edge=48.9%)
2026-04-08 18:17:28,590 [INFO] event_trader_improved.runtime: DRY-RUN: Would buy Yes @ $0.011 for $36.71 (edge=48.9%)
2026-04-08 18:17:28,625 [INFO] event_trader_improved.runtime: DRY-RUN: Would buy Yes @ $0.011 for $36.71 (edge=48.9%)
2026-04-08 18:17:28,662 [INFO] event_trader_improved.runtime: DRY-RUN: Would buy Yes @ $0.011 for $36.71 (edge=48.9%)
2026-04-08 18:17:28,695 [INFO] event_trader_improved.runtime: DRY-RUN: Would buy Yes @ $0.011 for $36.71 (edge=48.9%)
2026-04-08 18:17:28,714 [INFO] event_trader_improved.runtime: DRY-RUN: Would buy Yes @ $0.011 for $36.71 (edge=48.9%)
2026-04-08 18:17:28,735 [INFO] event_trader_improved.runtime: DRY-RUN: Would buy Yes @ $0.011 for $36.71 (edge=48.9%)
2026-04-08 18:17:28,775 [INFO] event_trader_improved.runtime: DRY-RUN: Would buy Yes @ $0.011 for $36.71 (edge=48.9%)
2026-04-08 18:17:28,792 [INFO] event_trader_improved.runtime: DRY-RUN: Would buy Yes @ $0.011 for $36.71 (edge=48.9%)
2026-04-08 18:17:28,817 [INFO] event_trader_improved.runtime: DRY-RUN: Would buy Yes @ $0.011 for $36.71 (edge=48.9%)
2026-04-08 18:17:28,835 [INFO] event_trader_improved.runtime: DRY-RUN: Would buy Yes @ $0.011 for $36.67 (edge=48.9%)
2026-04-08 18:17:28,854 [INFO] event_trader_improved.runtime: DRY-RUN: Would buy Yes @ $0.011 for $36.67 (edge=48.9%)
2026-04-08 18:17:28,871 [INFO] event_trader_improved.runtime: DRY-RUN: Would buy Yes @ $0.011 for $36.67 (edge=48.9%)
2026-04-08 18:17:28,937 [INFO] event_trader_improved.runtime: DRY-RUN: Would buy Yes @ $0.011 for $36.67 (edge=48.9%)
2026-04-08 18:17:28,964 [INFO] event_trader_improved.runtime: DRY-RUN: Would buy Yes @ $0.011 for $36.67 (edge=48.9%)
2026-04-08 18:17:28,985 [INFO] event_trader_improved.runtime: DRY-RUN: Would buy Yes @ $0.011 for $36.67 (edge=48.9%)
2026-04-08 18:17:29,031 [INFO] event_trader_improved.runtime: DRY-RUN: Would buy Yes @ $0.011 for $36.67 (edge=48.9%)
2026-04-08 18:17:29,054 [INFO] event_trader_improved.runtime: DRY-RUN: Would buy Yes @ $0.011 for $36.67 (edge=48.9%)
2026-04-08 18:17:29,073 [INFO] event_trader_improved.runtime: DRY-RUN: Would buy Yes @ $0.011 for $36.64 (edge=48.9%)
2026-04-08 18:17:29,099 [INFO] event_trader_improved.runtime: DRY-RUN: Would buy Yes @ $0.011 for $36.64 (edge=48.9%)
2026-04-08 18:17:29,148 [INFO] event_trader_improved.runtime: DRY-RUN: Would buy Yes @ $0.011 for $36.64 (edge=48.9%)
2026-04-08 18:17:29,199 [INFO] event_trader_improved.runtime: DRY-RUN: Would buy Yes @ $0.011 for $36.64 (edge=48.9%)
2026-04-08 18:17:29,216 [INFO] event_trader_improved.runtime: DRY-RUN: Would buy Yes @ $0.011 for $36.64 (edge=48.9%)
2026-04-08 18:17:29,248 [INFO] event_trader_improved.runtime: DRY-RUN: Would buy Yes @ $0.011 for $36.64 (edge=48.9%)
2026-04-08 18:17:29,272 [INFO] event_trader_improved.runtime: DRY-RUN: Would buy Yes @ $0.011 for $36.64 (edge=48.9%)
2026-04-08 18:17:29,293 [INFO] event_trader_improved.runtime: DRY-RUN: Would buy Yes @ $0.011 for $36.64 (edge=48.9%)
2026-04-08 18:17:29,346 [INFO] event_trader_improved.runtime: Cycle complete: scanned=600 signals=239 executed=30
2026-04-08 18:17:34,347 [INFO] event_trader_improved.runtime: === Cycle ev_20260408T181734_d6fe2e (#2) ===
2026-04-08 18:17:34,978 [INFO] event_trader.data_client: fetched 600 markets across 7 pages
2026-04-08 18:17:34,979 [INFO] event_trader_improved.runtime: Fetched 600 markets
2026-04-08 18:17:34,980 [INFO] event_trader_improved.scanner: Scan stats: scanned=600 signals=239 skipped_active=0 skipped_volume=17 skipped_price=277 skipped_edge=0
2026-04-08 18:17:34,980 [INFO] event_trader_improved.runtime: Found 239 signals
2026-04-08 18:17:34,980 [INFO] event_trader_improved.runtime: Signal #1: Yes @ $0.011 (edge=48.9%)
2026-04-08 18:17:34,980 [INFO] event_trader_improved.runtime: Signal #2: Yes @ $0.011 (edge=48.9%)
2026-04-08 18:17:34,980 [INFO] event_trader_improved.runtime: Signal #3: Yes @ $0.011 (edge=48.9%)
2026-04-08 18:17:34,980 [INFO] event_trader_improved.runtime: DRY-RUN: Would buy Yes @ $0.011 for $36.71 (edge=48.9%)
2026-04-08 18:17:35,973 [INFO] event_trader_improved.runtime: DRY-RUN: Would buy Yes @ $0.011 for $36.71 (edge=48.9%)
2026-04-08 18:17:35,989 [INFO] event_trader_improved.runtime: DRY-RUN: Would buy Yes @ $0.011 for $36.71 (edge=48.9%)
2026-04-08 18:17:36,061 [INFO] event_trader_improved.runtime: DRY-RUN: Would buy Yes @ $0.011 for $36.71 (edge=48.9%)
2026-04-08 18:17:36,086 [INFO] event_trader_improved.runtime: DRY-RUN: Would buy Yes @ $0.011 for $36.71 (edge=48.9%)
2026-04-08 18:17:36,106 [INFO] event_trader_improved.runtime: DRY-RUN: Would buy Yes @ $0.011 for $36.71 (edge=48.9%)
2026-04-08 18:17:36,159 [INFO] event_trader_improved.runtime: DRY-RUN: Would buy Yes @ $0.011 for $36.71 (edge=48.9%)
2026-04-08 18:17:36,176 [INFO] event_trader_improved.runtime: DRY-RUN: Would buy Yes @ $0.011 for $36.71 (edge=48.9%)
2026-04-08 18:17:36,198 [INFO] event_trader_improved.runtime: DRY-RUN: Would buy Yes @ $0.011 for $36.71 (edge=48.9%)
2026-04-08 18:17:36,214 [INFO] event_trader_improved.runtime: DRY-RUN: Would buy Yes @ $0.011 for $36.71 (edge=48.9%)
2026-04-08 18:17:36,246 [INFO] event_trader_improved.runtime: DRY-RUN: Would buy Yes @ $0.011 for $36.71 (edge=48.9%)
2026-04-08 18:17:36,262 [INFO] event_trader_improved.runtime: DRY-RUN: Would buy Yes @ $0.011 for $36.71 (edge=48.9%)
2026-04-08 18:17:36,278 [INFO] event_trader_improved.runtime: DRY-RUN: Would buy Yes @ $0.011 for $36.71 (edge=48.9%)
2026-04-08 18:17:36,333 [INFO] event_trader_improved.runtime: DRY-RUN: Would buy Yes @ $0.011 for $36.71 (edge=48.9%)
2026-04-08 18:17:36,350 [INFO] event_trader_improved.runtime: DRY-RUN: Would buy Yes @ $0.011 for $36.67 (edge=48.9%)
2026-04-08 18:17:36,388 [INFO] event_trader_improved.runtime: DRY-RUN: Would buy Yes @ $0.011 for $36.67 (edge=48.9%)
2026-04-08 18:17:36,423 [INFO] event_trader_improved.runtime: DRY-RUN: Would buy Yes @ $0.011 for $36.67 (edge=48.9%)
2026-04-08 18:17:36,449 [INFO] event_trader_improved.runtime: DRY-RUN: Would buy Yes @ $0.011 for $36.67 (edge=48.9%)
2026-04-08 18:17:36,472 [INFO] event_trader_improved.runtime: DRY-RUN: Would buy Yes @ $0.011 for $36.67 (edge=48.9%)
2026-04-08 18:17:36,493 [INFO] event_trader_improved.runtime: DRY-RUN: Would buy Yes @ $0.011 for $36.67 (edge=48.9%)
2026-04-08 18:17:36,513 [INFO] event_trader_improved.runtime: DRY-RUN: Would buy Yes @ $0.011 for $36.67 (edge=48.9%)
2026-04-08 18:17:36,554 [INFO] event_trader_improved.runtime: DRY-RUN: Would buy Yes @ $0.011 for $36.67 (edge=48.9%)
2026-04-08 18:17:36,587 [INFO] event_trader_improved.runtime: DRY-RUN: Would buy Yes @ $0.011 for $36.64 (edge=48.9%)
2026-04-08 18:17:36,607 [INFO] event_trader_improved.runtime: DRY-RUN: Would buy Yes @ $0.011 for $36.64 (edge=48.9%)
2026-04-08 18:17:36,650 [INFO] event_trader_improved.runtime: DRY-RUN: Would buy Yes @ $0.011 for $36.64 (edge=48.9%)
2026-04-08 18:17:36,667 [INFO] event_trader_improved.runtime: DRY-RUN: Would buy Yes @ $0.011 for $36.64 (edge=48.9%)
2026-04-08 18:17:36,689 [INFO] event_trader_improved.runtime: DRY-RUN: Would buy Yes @ $0.011 for $36.64 (edge=48.9%)
2026-04-08 18:17:36,707 [INFO] event_trader_improved.runtime: DRY-RUN: Would buy Yes @ $0.011 for $36.64 (edge=48.9%)
2026-04-08 18:17:36,723 [INFO] event_trader_improved.runtime: DRY-RUN: Would buy Yes @ $0.011 for $36.64 (edge=48.9%)
2026-04-08 18:17:36,745 [INFO] event_trader_improved.runtime: DRY-RUN: Would buy Yes @ $0.011 for $36.64 (edge=48.9%)
2026-04-08 18:17:36,778 [INFO] event_trader_improved.runtime: Cycle complete: scanned=600 signals=239 executed=30
2026-04-08 18:17:41,779 [INFO] event_trader_improved.runtime: === Cycle ev_20260408T181741_d6fe35 (#3) ===
2026-04-08 18:17:42,294 [INFO] event_trader.data_client: fetched 600 markets across 7 pages
2026-04-08 18:17:42,294 [INFO] event_trader_improved.runtime: Fetched 600 markets
2026-04-08 18:17:42,295 [INFO] event_trader_improved.scanner: Scan stats: scanned=600 signals=239 skipped_active=0 skipped_volume=17 skipped_price=277 skipped_edge=0
2026-04-08 18:17:42,296 [INFO] event_trader_improved.runtime: Found 239 signals
2026-04-08 18:17:42,296 [INFO] event_trader_improved.runtime: Signal #1: Yes @ $0.011 (edge=48.9%)
2026-04-08 18:17:42,296 [INFO] event_trader_improved.runtime: Signal #2: Yes @ $0.011 (edge=48.9%)
2026-04-08 18:17:42,296 [INFO] event_trader_improved.runtime: Signal #3: Yes @ $0.011 (edge=48.9%)
2026-04-08 18:17:42,296 [INFO] event_trader_improved.runtime: DRY-RUN: Would buy Yes @ $0.011 for $36.71 (edge=48.9%)
2026-04-08 18:17:42,364 [INFO] event_trader_improved.runtime: DRY-RUN: Would buy Yes @ $0.011 for $36.71 (edge=48.9%)
2026-04-08 18:17:42,393 [INFO] event_trader_improved.runtime: DRY-RUN: Would buy Yes @ $0.011 for $36.71 (edge=48.9%)
2026-04-08 18:17:42,446 [INFO] event_trader_improved.runtime: DRY-RUN: Would buy Yes @ $0.011 for $36.71 (edge=48.9%)
2026-04-08 18:17:42,469 [INFO] event_trader_improved.runtime: DRY-RUN: Would buy Yes @ $0.011 for $36.71 (edge=48.9%)
2026-04-08 18:17:42,512 [INFO] event_trader_improved.runtime: DRY-RUN: Would buy Yes @ $0.011 for $36.71 (edge=48.9%)
2026-04-08 18:17:42,529 [INFO] event_trader_improved.runtime: DRY-RUN: Would buy Yes @ $0.011 for $36.71 (edge=48.9%)
2026-04-08 18:17:42,569 [INFO] event_trader_improved.runtime: DRY-RUN: Would buy Yes @ $0.011 for $36.71 (edge=48.9%)
2026-04-08 18:17:42,586 [INFO] event_trader_improved.runtime: DRY-RUN: Would buy Yes @ $0.011 for $36.71 (edge=48.9%)
2026-04-08 18:17:42,619 [INFO] event_trader_improved.runtime: DRY-RUN: Would buy Yes @ $0.011 for $36.71 (edge=48.9%)
2026-04-08 18:17:42,641 [INFO] event_trader_improved.runtime: DRY-RUN: Would buy Yes @ $0.011 for $36.71 (edge=48.9%)
2026-04-08 18:17:42,664 [INFO] event_trader_improved.runtime: DRY-RUN: Would buy Yes @ $0.011 for $36.71 (edge=48.9%)
2026-04-08 18:17:42,685 [INFO] event_trader_improved.runtime: DRY-RUN: Would buy Yes @ $0.011 for $36.71 (edge=48.9%)
2026-04-08 18:17:42,731 [INFO] event_trader_improved.runtime: DRY-RUN: Would buy Yes @ $0.011 for $36.71 (edge=48.9%)
2026-04-08 18:17:42,766 [INFO] event_trader_improved.runtime: DRY-RUN: Would buy Yes @ $0.011 for $36.67 (edge=48.9%)
2026-04-08 18:17:42,812 [INFO] event_trader_improved.runtime: DRY-RUN: Would buy Yes @ $0.011 for $36.67 (edge=48.9%)
2026-04-08 18:17:42,833 [INFO] event_trader_improved.runtime: DRY-RUN: Would buy Yes @ $0.011 for $36.67 (edge=48.9%)
2026-04-08 18:17:42,881 [INFO] event_trader_improved.runtime: DRY-RUN: Would buy Yes @ $0.011 for $36.67 (edge=48.9%)
2026-04-08 18:17:42,900 [INFO] event_trader_improved.runtime: DRY-RUN: Would buy Yes @ $0.011 for $36.67 (edge=48.9%)
2026-04-08 18:17:42,917 [INFO] event_trader_improved.runtime: DRY-RUN: Would buy Yes @ $0.011 for $36.67 (edge=48.9%)
2026-04-08 18:17:42,939 [INFO] event_trader_improved.runtime: DRY-RUN: Would buy Yes @ $0.011 for $36.67 (edge=48.9%)
2026-04-08 18:17:42,959 [INFO] event_trader_improved.runtime: DRY-RUN: Would buy Yes @ $0.011 for $36.67 (edge=48.9%)
2026-04-08 18:17:42,975 [INFO] event_trader_improved.runtime: DRY-RUN: Would buy Yes @ $0.011 for $36.64 (edge=48.9%)
2026-04-08 18:17:43,017 [INFO] event_trader_improved.runtime: DRY-RUN: Would buy Yes @ $0.011 for $36.64 (edge=48.9%)
2026-04-08 18:17:43,038 [INFO] event_trader_improved.runtime: DRY-RUN: Would buy Yes @ $0.011 for $36.64 (edge=48.9%)
2026-04-08 18:17:43,086 [INFO] event_trader_improved.runtime: DRY-RUN: Would buy Yes @ $0.011 for $36.64 (edge=48.9%)
2026-04-08 18:17:43,101 [INFO] event_trader_improved.runtime: DRY-RUN: Would buy Yes @ $0.011 for $36.64 (edge=48.9%)
2026-04-08 18:17:43,122 [INFO] event_trader_improved.runtime: DRY-RUN: Would buy Yes @ $0.011 for $36.64 (edge=48.9%)
2026-04-08 18:17:43,147 [INFO] event_trader_improved.runtime: DRY-RUN: Would buy Yes @ $0.011 for $36.64 (edge=48.9%)
2026-04-08 18:17:43,170 [INFO] event_trader_improved.runtime: DRY-RUN: Would buy Yes @ $0.011 for $36.64 (edge=48.9%)
2026-04-08 18:17:43,264 [INFO] event_trader_improved.runtime: Cycle complete: scanned=600 signals=239 executed=30
2026-04-08 18:17:48,265 [INFO] event_trader_improved.runtime: === Cycle ev_20260408T181748_d6fe3c (#4) ===
2026-04-08 18:17:48,730 [INFO] event_trader.data_client: fetched 600 markets across 7 pages
2026-04-08 18:17:48,730 [INFO] event_trader_improved.runtime: Fetched 600 markets
2026-04-08 18:17:48,732 [INFO] event_trader_improved.scanner: Scan stats: scanned=600 signals=239 skipped_active=0 skipped_volume=17 skipped_price=277 skipped_edge=0
2026-04-08 18:17:48,732 [INFO] event_trader_improved.runtime: Found 239 signals
2026-04-08 18:17:48,732 [INFO] event_trader_improved.runtime: Signal #1: Yes @ $0.011 (edge=48.9%)
2026-04-08 18:17:48,732 [INFO] event_trader_improved.runtime: Signal #2: Yes @ $0.011 (edge=48.9%)
2026-04-08 18:17:48,732 [INFO] event_trader_improved.runtime: Signal #3: Yes @ $0.011 (edge=48.9%)
2026-04-08 18:17:48,732 [INFO] event_trader_improved.runtime: DRY-RUN: Would buy Yes @ $0.011 for $36.71 (edge=48.9%)
2026-04-08 18:17:48,752 [INFO] event_trader_improved.runtime: DRY-RUN: Would buy Yes @ $0.011 for $36.71 (edge=48.9%)
2026-04-08 18:17:48,811 [INFO] event_trader_improved.runtime: DRY-RUN: Would buy Yes @ $0.011 for $36.71 (edge=48.9%)
2026-04-08 18:17:48,836 [INFO] event_trader_improved.runtime: DRY-RUN: Would buy Yes @ $0.011 for $36.71 (edge=48.9%)
2026-04-08 18:17:48,911 [INFO] event_trader_improved.runtime: DRY-RUN: Would buy Yes @ $0.011 for $36.71 (edge=48.9%)
2026-04-08 18:17:48,945 [INFO] event_trader_improved.runtime: DRY-RUN: Would buy Yes @ $0.011 for $36.71 (edge=48.9%)
2026-04-08 18:17:48,965 [INFO] event_trader_improved.runtime: DRY-RUN: Would buy Yes @ $0.011 for $36.71 (edge=48.9%)
2026-04-08 18:17:48,982 [INFO] event_trader_improved.runtime: DRY-RUN: Would buy Yes @ $0.011 for $36.71 (edge=48.9%)
2026-04-08 18:17:49,136 [INFO] event_trader_improved.runtime: DRY-RUN: Would buy Yes @ $0.011 for $36.71 (edge=48.9%)
2026-04-08 18:17:49,162 [INFO] event_trader_improved.runtime: DRY-RUN: Would buy Yes @ $0.011 for $36.71 (edge=48.9%)
2026-04-08 18:17:49,199 [INFO] event_trader_improved.runtime: DRY-RUN: Would buy Yes @ $0.011 for $36.71 (edge=48.9%)
2026-04-08 18:17:49,240 [INFO] event_trader_improved.runtime: DRY-RUN: Would buy Yes @ $0.011 for $36.71 (edge=48.9%)
2026-04-08 18:17:49,263 [INFO] event_trader_improved.runtime: DRY-RUN: Would buy Yes @ $0.011 for $36.71 (edge=48.9%)
2026-04-08 18:17:49,287 [INFO] event_trader_improved.runtime: DRY-RUN: Would buy Yes @ $0.011 for $36.71 (edge=48.9%)
2026-04-08 18:17:49,304 [INFO] event_trader_improved.runtime: DRY-RUN: Would buy Yes @ $0.011 for $36.67 (edge=48.9%)
2026-04-08 18:17:49,347 [INFO] event_trader_improved.runtime: DRY-RUN: Would buy Yes @ $0.011 for $36.67 (edge=48.9%)
2026-04-08 18:17:49,411 [INFO] event_trader_improved.runtime: DRY-RUN: Would buy Yes @ $0.011 for $36.67 (edge=48.9%)
2026-04-08 18:17:49,458 [INFO] event_trader_improved.runtime: DRY-RUN: Would buy Yes @ $0.011 for $36.67 (edge=48.9%)
2026-04-08 18:17:49,510 [INFO] event_trader_improved.runtime: DRY-RUN: Would buy Yes @ $0.011 for $36.67 (edge=48.9%)
2026-04-08 18:17:49,530 [INFO] event_trader_improved.runtime: DRY-RUN: Would buy Yes @ $0.011 for $36.67 (edge=48.9%)
2026-04-08 18:17:49,560 [INFO] event_trader_improved.runtime: DRY-RUN: Would buy Yes @ $0.011 for $36.67 (edge=48.9%)
2026-04-08 18:17:49,594 [INFO] event_trader_improved.runtime: DRY-RUN: Would buy Yes @ $0.011 for $36.67 (edge=48.9%)
2026-04-08 18:17:49,615 [INFO] event_trader_improved.runtime: DRY-RUN: Would buy Yes @ $0.011 for $36.64 (edge=48.9%)
2026-04-08 18:17:49,642 [INFO] event_trader_improved.runtime: DRY-RUN: Would buy Yes @ $0.011 for $36.64 (edge=48.9%)
2026-04-08 18:17:49,704 [INFO] event_trader_improved.runtime: DRY-RUN: Would buy Yes @ $0.011 for $36.64 (edge=48.9%)
2026-04-08 18:17:49,723 [INFO] event_trader_improved.runtime: DRY-RUN: Would buy Yes @ $0.011 for $36.64 (edge=48.9%)
2026-04-08 18:17:49,768 [INFO] event_trader_improved.runtime: DRY-RUN: Would buy Yes @ $0.011 for $36.64 (edge=48.9%)
2026-04-08 18:17:49,784 [INFO] event_trader_improved.runtime: DRY-RUN: Would buy Yes @ $0.011 for $36.64 (edge=48.9%)
2026-04-08 18:17:49,824 [INFO] event_trader_improved.runtime: DRY-RUN: Would buy Yes @ $0.011 for $36.64 (edge=48.9%)
2026-04-08 18:17:49,848 [INFO] event_trader_improved.runtime: DRY-RUN: Would buy Yes @ $0.011 for $36.64 (edge=48.9%)
2026-04-08 18:17:49,873 [INFO] event_trader_improved.runtime: Cycle complete: scanned=600 signals=239 executed=30
2026-04-08 18:17:54,874 [INFO] event_trader_improved.runtime: === Cycle ev_20260408T181754_d6fe42 (#5) ===
2026-04-08 18:17:55,368 [INFO] event_trader.data_client: fetched 600 markets across 7 pages
2026-04-08 18:17:55,369 [INFO] event_trader_improved.runtime: Fetched 600 markets
2026-04-08 18:17:55,370 [INFO] event_trader_improved.scanner: Scan stats: scanned=600 signals=239 skipped_active=0 skipped_volume=17 skipped_price=277 skipped_edge=0
2026-04-08 18:17:55,370 [INFO] event_trader_improved.runtime: Found 239 signals
2026-04-08 18:17:55,370 [INFO] event_trader_improved.runtime: Signal #1: Yes @ $0.011 (edge=48.9%)
2026-04-08 18:17:55,370 [INFO] event_trader_improved.runtime: Signal #2: Yes @ $0.011 (edge=48.9%)
2026-04-08 18:17:55,370 [INFO] event_trader_improved.runtime: Signal #3: Yes @ $0.011 (edge=48.9%)
2026-04-08 18:17:55,370 [INFO] event_trader_improved.runtime: DRY-RUN: Would buy Yes @ $0.011 for $36.71 (edge=48.9%)
2026-04-08 18:17:56,406 [INFO] event_trader_improved.runtime: DRY-RUN: Would buy Yes @ $0.011 for $36.71 (edge=48.9%)
2026-04-08 18:17:56,478 [INFO] event_trader_improved.runtime: DRY-RUN: Would buy Yes @ $0.011 for $36.71 (edge=48.9%)
2026-04-08 18:17:56,499 [INFO] event_trader_improved.runtime: DRY-RUN: Would buy Yes @ $0.011 for $36.71 (edge=48.9%)
2026-04-08 18:17:56,573 [INFO] event_trader_improved.runtime: DRY-RUN: Would buy Yes @ $0.011 for $36.71 (edge=48.9%)
2026-04-08 18:17:56,607 [INFO] event_trader_improved.runtime: DRY-RUN: Would buy Yes @ $0.011 for $36.71 (edge=48.9%)
2026-04-08 18:17:56,630 [INFO] event_trader_improved.runtime: DRY-RUN: Would buy Yes @ $0.011 for $36.71 (edge=48.9%)
2026-04-08 18:17:56,671 [INFO] event_trader_improved.runtime: DRY-RUN: Would buy Yes @ $0.011 for $36.71 (edge=48.9%)
2026-04-08 18:17:56,714 [INFO] event_trader_improved.runtime: DRY-RUN: Would buy Yes @ $0.011 for $36.71 (edge=48.9%)
2026-04-08 18:17:56,734 [INFO] event_trader_improved.runtime: DRY-RUN: Would buy Yes @ $0.011 for $36.71 (edge=48.9%)
2026-04-08 18:17:56,768 [INFO] event_trader_improved.runtime: DRY-RUN: Would buy Yes @ $0.011 for $36.71 (edge=48.9%)
2026-04-08 18:17:56,815 [INFO] event_trader_improved.runtime: DRY-RUN: Would buy Yes @ $0.011 for $36.71 (edge=48.9%)
2026-04-08 18:17:56,871 [INFO] event_trader_improved.runtime: DRY-RUN: Would buy Yes @ $0.011 for $36.71 (edge=48.9%)
2026-04-08 18:17:56,895 [INFO] event_trader_improved.runtime: DRY-RUN: Would buy Yes @ $0.011 for $36.71 (edge=48.9%)
2026-04-08 18:17:56,913 [INFO] event_trader_improved.runtime: DRY-RUN: Would buy Yes @ $0.011 for $36.67 (edge=48.9%)
2026-04-08 18:17:56,930 [INFO] event_trader_improved.runtime: DRY-RUN: Would buy Yes @ $0.011 for $36.67 (edge=48.9%)
2026-04-08 18:17:56,974 [INFO] event_trader_improved.runtime: DRY-RUN: Would buy Yes @ $0.011 for $36.67 (edge=48.9%)
2026-04-08 18:17:57,016 [INFO] event_trader_improved.runtime: DRY-RUN: Would buy Yes @ $0.011 for $36.67 (edge=48.9%)
2026-04-08 18:17:57,035 [INFO] event_trader_improved.runtime: DRY-RUN: Would buy Yes @ $0.011 for $36.67 (edge=48.9%)
2026-04-08 18:17:57,076 [INFO] event_trader_improved.runtime: DRY-RUN: Would buy Yes @ $0.011 for $36.67 (edge=48.9%)
2026-04-08 18:17:57,100 [INFO] event_trader_improved.runtime: DRY-RUN: Would buy Yes @ $0.011 for $36.67 (edge=48.9%)
2026-04-08 18:17:57,120 [INFO] event_trader_improved.runtime: DRY-RUN: Would buy Yes @ $0.011 for $36.67 (edge=48.9%)
2026-04-08 18:17:57,137 [INFO] event_trader_improved.runtime: DRY-RUN: Would buy Yes @ $0.011 for $36.64 (edge=48.9%)
2026-04-08 18:17:57,171 [INFO] event_trader_improved.runtime: DRY-RUN: Would buy Yes @ $0.011 for $36.64 (edge=48.9%)
2026-04-08 18:17:57,200 [INFO] event_trader_improved.runtime: DRY-RUN: Would buy Yes @ $0.011 for $36.64 (edge=48.9%)
2026-04-08 18:17:57,247 [INFO] event_trader_improved.runtime: DRY-RUN: Would buy Yes @ $0.011 for $36.64 (edge=48.9%)
2026-04-08 18:17:57,263 [INFO] event_trader_improved.runtime: DRY-RUN: Would buy Yes @ $0.011 for $36.64 (edge=48.9%)
2026-04-08 18:17:57,280 [INFO] event_trader_improved.runtime: DRY-RUN: Would buy Yes @ $0.011 for $36.64 (edge=48.9%)
2026-04-08 18:17:57,297 [INFO] event_trader_improved.runtime: DRY-RUN: Would buy Yes @ $0.011 for $36.64 (edge=48.9%)
2026-04-08 18:17:57,335 [INFO] event_trader_improved.runtime: DRY-RUN: Would buy Yes @ $0.011 for $36.64 (edge=48.9%)
2026-04-08 18:17:57,371 [INFO] event_trader_improved.runtime: Cycle complete: scanned=600 signals=239 executed=30
2026-04-08 18:18:02,372 [INFO] event_trader_improved.runtime: === Cycle ev_20260408T181802_d6fe4a (#6) ===
2026-04-08 18:18:02,980 [INFO] event_trader.data_client: fetched 600 markets across 7 pages
2026-04-08 18:18:02,980 [INFO] event_trader_improved.runtime: Fetched 600 markets
2026-04-08 18:18:02,982 [INFO] event_trader_improved.scanner: Scan stats: scanned=600 signals=239 skipped_active=0 skipped_volume=17 skipped_price=277 skipped_edge=0
2026-04-08 18:18:02,982 [INFO] event_trader_improved.runtime: Found 239 signals
2026-04-08 18:18:02,982 [INFO] event_trader_improved.runtime: Signal #1: Yes @ $0.011 (edge=48.9%)
2026-04-08 18:18:02,982 [INFO] event_trader_improved.runtime: Signal #2: Yes @ $0.011 (edge=48.9%)
2026-04-08 18:18:02,982 [INFO] event_trader_improved.runtime: Signal #3: Yes @ $0.011 (edge=48.9%)
2026-04-08 18:18:02,982 [INFO] event_trader_improved.runtime: DRY-RUN: Would buy Yes @ $0.011 for $36.71 (edge=48.9%)
2026-04-08 18:18:03,063 [INFO] event_trader_improved.runtime: DRY-RUN: Would buy Yes @ $0.011 for $36.71 (edge=48.9%)
2026-04-08 18:18:03,088 [INFO] event_trader_improved.runtime: DRY-RUN: Would buy Yes @ $0.011 for $36.71 (edge=48.9%)
2026-04-08 18:18:03,176 [INFO] event_trader_improved.runtime: DRY-RUN: Would buy Yes @ $0.011 for $36.71 (edge=48.9%)
2026-04-08 18:18:03,192 [INFO] event_trader_improved.runtime: DRY-RUN: Would buy Yes @ $0.011 for $36.71 (edge=48.9%)
2026-04-08 18:18:03,209 [INFO] event_trader_improved.runtime: DRY-RUN: Would buy Yes @ $0.011 for $36.71 (edge=48.9%)
2026-04-08 18:18:03,235 [INFO] event_trader_improved.runtime: DRY-RUN: Would buy Yes @ $0.011 for $36.71 (edge=48.9%)
2026-04-08 18:18:03,359 [INFO] event_trader_improved.runtime: DRY-RUN: Would buy Yes @ $0.011 for $36.71 (edge=48.9%)
2026-04-08 18:18:03,383 [INFO] event_trader_improved.runtime: DRY-RUN: Would buy Yes @ $0.011 for $36.71 (edge=48.9%)
2026-04-08 18:18:03,406 [INFO] event_trader_improved.runtime: DRY-RUN: Would buy Yes @ $0.011 for $36.71 (edge=48.9%)
2026-04-08 18:18:03,459 [INFO] event_trader_improved.runtime: DRY-RUN: Would buy Yes @ $0.011 for $36.71 (edge=48.9%)
2026-04-08 18:18:03,486 [INFO] event_trader_improved.runtime: DRY-RUN: Would buy Yes @ $0.011 for $36.71 (edge=48.9%)
2026-04-08 18:18:03,529 [INFO] event_trader_improved.runtime: DRY-RUN: Would buy Yes @ $0.011 for $36.71 (edge=48.9%)
2026-04-08 18:18:03,555 [INFO] event_trader_improved.runtime: DRY-RUN: Would buy Yes @ $0.011 for $36.71 (edge=48.9%)
2026-04-08 18:18:03,603 [INFO] event_trader_improved.runtime: DRY-RUN: Would buy Yes @ $0.011 for $36.67 (edge=48.9%)
2026-04-08 18:18:03,627 [INFO] event_trader_improved.runtime: DRY-RUN: Would buy Yes @ $0.011 for $36.67 (edge=48.9%)
2026-04-08 18:18:03,690 [INFO] event_trader_improved.runtime: DRY-RUN: Would buy Yes @ $0.011 for $36.67 (edge=48.9%)
2026-04-08 18:18:03,707 [INFO] event_trader_improved.runtime: DRY-RUN: Would buy Yes @ $0.011 for $36.67 (edge=48.9%)
2026-04-08 18:18:03,747 [INFO] event_trader_improved.runtime: DRY-RUN: Would buy Yes @ $0.011 for $36.67 (edge=48.9%)
2026-04-08 18:18:03,770 [INFO] event_trader_improved.runtime: DRY-RUN: Would buy Yes @ $0.011 for $36.67 (edge=48.9%)
2026-04-08 18:18:03,785 [INFO] event_trader_improved.runtime: DRY-RUN: Would buy Yes @ $0.011 for $36.67 (edge=48.9%)
2026-04-08 18:18:03,807 [INFO] event_trader_improved.runtime: DRY-RUN: Would buy Yes @ $0.011 for $36.67 (edge=48.9%)
2026-04-08 18:18:03,830 [INFO] event_trader_improved.runtime: DRY-RUN: Would buy Yes @ $0.011 for $36.64 (edge=48.9%)
2026-04-08 18:18:03,853 [INFO] event_trader_improved.runtime: DRY-RUN: Would buy Yes @ $0.011 for $36.64 (edge=48.9%)
2026-04-08 18:18:03,875 [INFO] event_trader_improved.runtime: DRY-RUN: Would buy Yes @ $0.011 for $36.64 (edge=48.9%)
2026-04-08 18:18:03,892 [INFO] event_trader_improved.runtime: DRY-RUN: Would buy Yes @ $0.011 for $36.64 (edge=48.9%)
2026-04-08 18:18:03,947 [INFO] event_trader_improved.runtime: DRY-RUN: Would buy Yes @ $0.011 for $36.64 (edge=48.9%)
2026-04-08 18:18:04,004 [INFO] event_trader_improved.runtime: DRY-RUN: Would buy Yes @ $0.011 for $36.64 (edge=48.9%)
2026-04-08 18:18:04,060 [INFO] event_trader_improved.runtime: DRY-RUN: Would buy Yes @ $0.011 for $36.64 (edge=48.9%)
2026-04-08 18:18:04,085 [INFO] event_trader_improved.runtime: DRY-RUN: Would buy Yes @ $0.011 for $36.64 (edge=48.9%)
2026-04-08 18:18:04,117 [INFO] event_trader_improved.runtime: Cycle complete: scanned=600 signals=239 executed=30
2026-04-08 18:18:09,118 [INFO] event_trader_improved.runtime: === Cycle ev_20260408T181809_d6fe51 (#7) ===
2026-04-08 18:18:09,619 [INFO] event_trader.data_client: fetched 600 markets across 7 pages
2026-04-08 18:18:09,619 [INFO] event_trader_improved.runtime: Fetched 600 markets
2026-04-08 18:18:09,621 [INFO] event_trader_improved.scanner: Scan stats: scanned=600 signals=239 skipped_active=0 skipped_volume=17 skipped_price=277 skipped_edge=0
2026-04-08 18:18:09,621 [INFO] event_trader_improved.runtime: Found 239 signals
2026-04-08 18:18:09,621 [INFO] event_trader_improved.runtime: Signal #1: Yes @ $0.011 (edge=48.9%)
2026-04-08 18:18:09,621 [INFO] event_trader_improved.runtime: Signal #2: Yes @ $0.011 (edge=48.9%)
2026-04-08 18:18:09,621 [INFO] event_trader_improved.runtime: Signal #3: Yes @ $0.011 (edge=48.9%)
2026-04-08 18:18:09,621 [INFO] event_trader_improved.runtime: DRY-RUN: Would buy Yes @ $0.011 for $36.71 (edge=48.9%)
2026-04-08 18:18:09,645 [INFO] event_trader_improved.runtime: DRY-RUN: Would buy Yes @ $0.011 for $36.71 (edge=48.9%)
2026-04-08 18:18:09,662 [INFO] event_trader_improved.runtime: DRY-RUN: Would buy Yes @ $0.011 for $36.71 (edge=48.9%)
2026-04-08 18:18:09,680 [INFO] event_trader_improved.runtime: DRY-RUN: Would buy Yes @ $0.011 for $36.71 (edge=48.9%)
2026-04-08 18:18:09,735 [INFO] event_trader_improved.runtime: DRY-RUN: Would buy Yes @ $0.011 for $36.71 (edge=48.9%)
2026-04-08 18:18:09,763 [INFO] event_trader_improved.runtime: DRY-RUN: Would buy Yes @ $0.011 for $36.71 (edge=48.9%)
2026-04-08 18:18:09,820 [INFO] event_trader_improved.runtime: DRY-RUN: Would buy Yes @ $0.011 for $36.71 (edge=48.9%)
2026-04-08 18:18:09,840 [INFO] event_trader_improved.runtime: DRY-RUN: Would buy Yes @ $0.011 for $36.71 (edge=48.9%)
2026-04-08 18:18:09,858 [INFO] event_trader_improved.runtime: DRY-RUN: Would buy Yes @ $0.011 for $36.71 (edge=48.9%)
2026-04-08 18:18:09,912 [INFO] event_trader_improved.runtime: DRY-RUN: Would buy Yes @ $0.011 for $36.71 (edge=48.9%)
2026-04-08 18:18:09,954 [INFO] event_trader_improved.runtime: DRY-RUN: Would buy Yes @ $0.011 for $36.71 (edge=48.9%)
2026-04-08 18:18:09,983 [INFO] event_trader_improved.runtime: DRY-RUN: Would buy Yes @ $0.011 for $36.71 (edge=48.9%)
2026-04-08 18:18:10,026 [INFO] event_trader_improved.runtime: DRY-RUN: Would buy Yes @ $0.011 for $36.71 (edge=48.9%)
2026-04-08 18:18:10,052 [INFO] event_trader_improved.runtime: DRY-RUN: Would buy Yes @ $0.011 for $36.71 (edge=48.9%)
2026-04-08 18:18:10,098 [INFO] event_trader_improved.runtime: DRY-RUN: Would buy Yes @ $0.011 for $36.67 (edge=48.9%)
2026-04-08 18:18:10,122 [INFO] event_trader_improved.runtime: DRY-RUN: Would buy Yes @ $0.011 for $36.67 (edge=48.9%)
2026-04-08 18:18:10,164 [INFO] event_trader_improved.runtime: DRY-RUN: Would buy Yes @ $0.011 for $36.67 (edge=48.9%)
2026-04-08 18:18:10,193 [INFO] event_trader_improved.runtime: DRY-RUN: Would buy Yes @ $0.011 for $36.67 (edge=48.9%)
2026-04-08 18:18:10,230 [INFO] event_trader_improved.runtime: DRY-RUN: Would buy Yes @ $0.011 for $36.67 (edge=48.9%)
2026-04-08 18:18:10,251 [INFO] event_trader_improved.runtime: DRY-RUN: Would buy Yes @ $0.011 for $36.67 (edge=48.9%)
2026-04-08 18:18:10,289 [INFO] event_trader_improved.runtime: DRY-RUN: Would buy Yes @ $0.011 for $36.67 (edge=48.9%)
2026-04-08 18:18:10,307 [INFO] event_trader_improved.runtime: DRY-RUN: Would buy Yes @ $0.011 for $36.67 (edge=48.9%)
2026-04-08 18:18:10,353 [INFO] event_trader_improved.runtime: DRY-RUN: Would buy Yes @ $0.011 for $36.64 (edge=48.9%)
2026-04-08 18:18:10,400 [INFO] event_trader_improved.runtime: DRY-RUN: Would buy Yes @ $0.011 for $36.64 (edge=48.9%)
2026-04-08 18:18:10,437 [INFO] event_trader_improved.runtime: DRY-RUN: Would buy Yes @ $0.011 for $36.64 (edge=48.9%)
2026-04-08 18:18:10,454 [INFO] event_trader_improved.runtime: DRY-RUN: Would buy Yes @ $0.011 for $36.64 (edge=48.9%)
2026-04-08 18:18:10,470 [INFO] event_trader_improved.runtime: DRY-RUN: Would buy Yes @ $0.011 for $36.64 (edge=48.9%)
2026-04-08 18:18:10,515 [INFO] event_trader_improved.runtime: DRY-RUN: Would buy Yes @ $0.011 for $36.64 (edge=48.9%)
2026-04-08 18:18:10,562 [INFO] event_trader_improved.runtime: DRY-RUN: Would buy Yes @ $0.011 for $36.64 (edge=48.9%)
2026-04-08 18:18:10,581 [INFO] event_trader_improved.runtime: DRY-RUN: Would buy Yes @ $0.011 for $36.64 (edge=48.9%)
2026-04-08 18:18:10,654 [INFO] event_trader_improved.runtime: Cycle complete: scanned=600 signals=239 executed=30
2026-04-08 18:18:15,654 [INFO] event_trader_improved.runtime: === Cycle ev_20260408T181815_d6fe57 (#8) ===
2026-04-08 18:18:16,091 [INFO] event_trader.data_client: fetched 600 markets across 7 pages
2026-04-08 18:18:16,091 [INFO] event_trader_improved.runtime: Fetched 600 markets
2026-04-08 18:18:16,093 [INFO] event_trader_improved.scanner: Scan stats: scanned=600 signals=239 skipped_active=0 skipped_volume=17 skipped_price=277 skipped_edge=0
2026-04-08 18:18:16,093 [INFO] event_trader_improved.runtime: Found 239 signals
2026-04-08 18:18:16,093 [INFO] event_trader_improved.runtime: Signal #1: Yes @ $0.011 (edge=48.9%)
2026-04-08 18:18:16,093 [INFO] event_trader_improved.runtime: Signal #2: Yes @ $0.011 (edge=48.9%)
2026-04-08 18:18:16,093 [INFO] event_trader_improved.runtime: Signal #3: Yes @ $0.011 (edge=48.9%)
2026-04-08 18:18:16,094 [INFO] event_trader_improved.runtime: DRY-RUN: Would buy Yes @ $0.011 for $36.71 (edge=48.9%)
2026-04-08 18:18:17,288 [INFO] event_trader_improved.runtime: DRY-RUN: Would buy Yes @ $0.011 for $36.71 (edge=48.9%)
2026-04-08 18:18:17,312 [INFO] event_trader_improved.runtime: DRY-RUN: Would buy Yes @ $0.011 for $36.71 (edge=48.9%)
2026-04-08 18:18:17,337 [INFO] event_trader_improved.runtime: DRY-RUN: Would buy Yes @ $0.011 for $36.71 (edge=48.9%)
2026-04-08 18:18:17,376 [INFO] event_trader_improved.runtime: DRY-RUN: Would buy Yes @ $0.011 for $36.71 (edge=48.9%)
2026-04-08 18:18:17,427 [INFO] event_trader_improved.runtime: DRY-RUN: Would buy Yes @ $0.011 for $36.71 (edge=48.9%)
2026-04-08 18:18:17,455 [INFO] event_trader_improved.runtime: DRY-RUN: Would buy Yes @ $0.011 for $36.71 (edge=48.9%)
2026-04-08 18:18:17,510 [INFO] event_trader_improved.runtime: DRY-RUN: Would buy Yes @ $0.011 for $36.71 (edge=48.9%)
2026-04-08 18:18:17,565 [INFO] event_trader_improved.runtime: DRY-RUN: Would buy Yes @ $0.011 for $36.71 (edge=48.9%)
2026-04-08 18:18:17,593 [INFO] event_trader_improved.runtime: DRY-RUN: Would buy Yes @ $0.011 for $36.71 (edge=48.9%)
2026-04-08 18:18:17,619 [INFO] event_trader_improved.runtime: DRY-RUN: Would buy Yes @ $0.011 for $36.71 (edge=48.9%)
2026-04-08 18:18:17,655 [INFO] event_trader_improved.runtime: DRY-RUN: Would buy Yes @ $0.011 for $36.71 (edge=48.9%)
2026-04-08 18:18:17,708 [INFO] event_trader_improved.runtime: DRY-RUN: Would buy Yes @ $0.011 for $36.71 (edge=48.9%)
2026-04-08 18:18:17,730 [INFO] event_trader_improved.runtime: DRY-RUN: Would buy Yes @ $0.011 for $36.71 (edge=48.9%)
2026-04-08 18:18:17,759 [INFO] event_trader_improved.runtime: DRY-RUN: Would buy Yes @ $0.011 for $36.67 (edge=48.9%)
2026-04-08 18:18:17,797 [INFO] event_trader_improved.runtime: DRY-RUN: Would buy Yes @ $0.011 for $36.67 (edge=48.9%)
2026-04-08 18:18:17,840 [INFO] event_trader_improved.runtime: DRY-RUN: Would buy Yes @ $0.011 for $36.67 (edge=48.9%)
2026-04-08 18:18:17,884 [INFO] event_trader_improved.runtime: DRY-RUN: Would buy Yes @ $0.011 for $36.67 (edge=48.9%)
2026-04-08 18:18:17,907 [INFO] event_trader_improved.runtime: DRY-RUN: Would buy Yes @ $0.011 for $36.67 (edge=48.9%)
2026-04-08 18:18:17,933 [INFO] event_trader_improved.runtime: DRY-RUN: Would buy Yes @ $0.011 for $36.67 (edge=48.9%)
2026-04-08 18:18:17,955 [INFO] event_trader_improved.runtime: DRY-RUN: Would buy Yes @ $0.011 for $36.67 (edge=48.9%)
2026-04-08 18:18:18,004 [INFO] event_trader_improved.runtime: DRY-RUN: Would buy Yes @ $0.011 for $36.67 (edge=48.9%)
2026-04-08 18:18:18,043 [INFO] event_trader_improved.runtime: DRY-RUN: Would buy Yes @ $0.011 for $36.64 (edge=48.9%)
2026-04-08 18:18:18,063 [INFO] event_trader_improved.runtime: DRY-RUN: Would buy Yes @ $0.011 for $36.64 (edge=48.9%)
2026-04-08 18:18:18,083 [INFO] event_trader_improved.runtime: DRY-RUN: Would buy Yes @ $0.011 for $36.64 (edge=48.9%)
2026-04-08 18:18:18,128 [INFO] event_trader_improved.runtime: DRY-RUN: Would buy Yes @ $0.011 for $36.64 (edge=48.9%)
2026-04-08 18:18:18,263 [INFO] event_trader_improved.runtime: DRY-RUN: Would buy Yes @ $0.011 for $36.64 (edge=48.9%)
2026-04-08 18:18:18,316 [INFO] event_trader_improved.runtime: DRY-RUN: Would buy Yes @ $0.011 for $36.64 (edge=48.9%)
2026-04-08 18:18:18,361 [INFO] event_trader_improved.runtime: DRY-RUN: Would buy Yes @ $0.011 for $36.64 (edge=48.9%)
2026-04-08 18:18:18,393 [INFO] event_trader_improved.runtime: DRY-RUN: Would buy Yes @ $0.011 for $36.64 (edge=48.9%)
2026-04-08 18:18:18,457 [INFO] event_trader_improved.runtime: Cycle complete: scanned=600 signals=239 executed=30
2026-04-08 18:18:23,458 [INFO] event_trader_improved.runtime: === Cycle ev_20260408T181823_d6fe5f (#9) ===
2026-04-08 18:18:23,917 [INFO] event_trader.data_client: fetched 600 markets across 7 pages
2026-04-08 18:18:23,917 [INFO] event_trader_improved.runtime: Fetched 600 markets
2026-04-08 18:18:23,918 [INFO] event_trader_improved.scanner: Scan stats: scanned=600 signals=239 skipped_active=0 skipped_volume=17 skipped_price=277 skipped_edge=0
2026-04-08 18:18:23,918 [INFO] event_trader_improved.runtime: Found 239 signals
2026-04-08 18:18:23,918 [INFO] event_trader_improved.runtime: Signal #1: Yes @ $0.011 (edge=48.9%)
2026-04-08 18:18:23,918 [INFO] event_trader_improved.runtime: Signal #2: Yes @ $0.011 (edge=48.9%)
2026-04-08 18:18:23,918 [INFO] event_trader_improved.runtime: Signal #3: Yes @ $0.011 (edge=48.9%)
2026-04-08 18:18:23,918 [INFO] event_trader_improved.runtime: DRY-RUN: Would buy Yes @ $0.011 for $36.71 (edge=48.9%)
2026-04-08 18:18:23,943 [INFO] event_trader_improved.runtime: DRY-RUN: Would buy Yes @ $0.011 for $36.71 (edge=48.9%)
2026-04-08 18:18:24,039 [INFO] event_trader_improved.runtime: DRY-RUN: Would buy Yes @ $0.011 for $36.71 (edge=48.9%)
2026-04-08 18:18:24,056 [INFO] event_trader_improved.runtime: DRY-RUN: Would buy Yes @ $0.011 for $36.71 (edge=48.9%)
2026-04-08 18:18:24,088 [INFO] event_trader_improved.runtime: DRY-RUN: Would buy Yes @ $0.011 for $36.71 (edge=48.9%)
2026-04-08 18:18:24,112 [INFO] event_trader_improved.runtime: DRY-RUN: Would buy Yes @ $0.011 for $36.71 (edge=48.9%)
2026-04-08 18:18:24,155 [INFO] event_trader_improved.runtime: DRY-RUN: Would buy Yes @ $0.011 for $36.71 (edge=48.9%)
2026-04-08 18:18:24,181 [INFO] event_trader_improved.runtime: DRY-RUN: Would buy Yes @ $0.011 for $36.71 (edge=48.9%)
2026-04-08 18:18:24,205 [INFO] event_trader_improved.runtime: DRY-RUN: Would buy Yes @ $0.011 for $36.71 (edge=48.9%)
2026-04-08 18:18:24,225 [INFO] event_trader_improved.runtime: DRY-RUN: Would buy Yes @ $0.011 for $36.71 (edge=48.9%)
2026-04-08 18:18:24,248 [INFO] event_trader_improved.runtime: DRY-RUN: Would buy Yes @ $0.011 for $36.71 (edge=48.9%)
2026-04-08 18:18:24,277 [INFO] event_trader_improved.runtime: DRY-RUN: Would buy Yes @ $0.011 for $36.71 (edge=48.9%)
2026-04-08 18:18:24,322 [INFO] event_trader_improved.runtime: DRY-RUN: Would buy Yes @ $0.011 for $36.71 (edge=48.9%)
2026-04-08 18:18:24,457 [INFO] event_trader_improved.runtime: DRY-RUN: Would buy Yes @ $0.011 for $36.71 (edge=48.9%)
2026-04-08 18:18:24,523 [INFO] event_trader_improved.runtime: DRY-RUN: Would buy Yes @ $0.011 for $36.67 (edge=48.9%)
2026-04-08 18:18:24,576 [INFO] event_trader_improved.runtime: DRY-RUN: Would buy Yes @ $0.011 for $36.67 (edge=48.9%)
2026-04-08 18:18:24,595 [INFO] event_trader_improved.runtime: DRY-RUN: Would buy Yes @ $0.011 for $36.67 (edge=48.9%)
2026-04-08 18:18:24,616 [INFO] event_trader_improved.runtime: DRY-RUN: Would buy Yes @ $0.011 for $36.67 (edge=48.9%)
2026-04-08 18:18:24,680 [INFO] event_trader_improved.runtime: DRY-RUN: Would buy Yes @ $0.011 for $36.67 (edge=48.9%)
2026-04-08 18:18:24,699 [INFO] event_trader_improved.runtime: DRY-RUN: Would buy Yes @ $0.011 for $36.67 (edge=48.9%)
2026-04-08 18:18:24,716 [INFO] event_trader_improved.runtime: DRY-RUN: Would buy Yes @ $0.011 for $36.67 (edge=48.9%)
2026-04-08 18:18:24,734 [INFO] event_trader_improved.runtime: DRY-RUN: Would buy Yes @ $0.011 for $36.67 (edge=48.9%)
2026-04-08 18:18:24,758 [INFO] event_trader_improved.runtime: DRY-RUN: Would buy Yes @ $0.011 for $36.64 (edge=48.9%)
2026-04-08 18:18:24,803 [INFO] event_trader_improved.runtime: DRY-RUN: Would buy Yes @ $0.011 for $36.64 (edge=48.9%)
2026-04-08 18:18:24,825 [INFO] event_trader_improved.runtime: DRY-RUN: Would buy Yes @ $0.011 for $36.64 (edge=48.9%)
2026-04-08 18:18:24,850 [INFO] event_trader_improved.runtime: DRY-RUN: Would buy Yes @ $0.011 for $36.64 (edge=48.9%)
2026-04-08 18:18:24,870 [INFO] event_trader_improved.runtime: DRY-RUN: Would buy Yes @ $0.011 for $36.64 (edge=48.9%)
2026-04-08 18:18:24,915 [INFO] event_trader_improved.runtime: DRY-RUN: Would buy Yes @ $0.011 for $36.64 (edge=48.9%)
2026-04-08 18:18:24,946 [INFO] event_trader_improved.runtime: DRY-RUN: Would buy Yes @ $0.011 for $36.64 (edge=48.9%)
2026-04-08 18:18:24,967 [INFO] event_trader_improved.runtime: DRY-RUN: Would buy Yes @ $0.011 for $36.64 (edge=48.9%)
2026-04-08 18:18:25,034 [INFO] event_trader_improved.runtime: Cycle complete: scanned=600 signals=239 executed=30
2026-04-08 18:18:30,035 [INFO] event_trader_improved.runtime: === Cycle ev_20260408T181830_d6fe66 (#10) ===
2026-04-08 18:18:30,504 [INFO] event_trader.data_client: fetched 600 markets across 7 pages
2026-04-08 18:18:30,504 [INFO] event_trader_improved.runtime: Fetched 600 markets
2026-04-08 18:18:30,505 [INFO] event_trader_improved.scanner: Scan stats: scanned=600 signals=239 skipped_active=0 skipped_volume=17 skipped_price=277 skipped_edge=0
2026-04-08 18:18:30,505 [INFO] event_trader_improved.runtime: Found 239 signals
2026-04-08 18:18:30,505 [INFO] event_trader_improved.runtime: Signal #1: Yes @ $0.011 (edge=48.9%)
2026-04-08 18:18:30,505 [INFO] event_trader_improved.runtime: Signal #2: Yes @ $0.011 (edge=48.9%)
2026-04-08 18:18:30,505 [INFO] event_trader_improved.runtime: Signal #3: Yes @ $0.011 (edge=48.9%)
2026-04-08 18:18:30,506 [INFO] event_trader_improved.runtime: DRY-RUN: Would buy Yes @ $0.011 for $36.71 (edge=48.9%)
2026-04-08 18:18:30,530 [INFO] event_trader_improved.runtime: DRY-RUN: Would buy Yes @ $0.011 for $36.71 (edge=48.9%)
2026-04-08 18:18:30,547 [INFO] event_trader_improved.runtime: DRY-RUN: Would buy Yes @ $0.011 for $36.71 (edge=48.9%)
2026-04-08 18:18:30,583 [INFO] event_trader_improved.runtime: DRY-RUN: Would buy Yes @ $0.011 for $36.71 (edge=48.9%)
2026-04-08 18:18:30,629 [INFO] event_trader_improved.runtime: DRY-RUN: Would buy Yes @ $0.011 for $36.71 (edge=48.9%)
2026-04-08 18:18:30,653 [INFO] event_trader_improved.runtime: DRY-RUN: Would buy Yes @ $0.011 for $36.71 (edge=48.9%)
2026-04-08 18:18:30,670 [INFO] event_trader_improved.runtime: DRY-RUN: Would buy Yes @ $0.011 for $36.71 (edge=48.9%)
2026-04-08 18:18:30,712 [INFO] event_trader_improved.runtime: DRY-RUN: Would buy Yes @ $0.011 for $36.71 (edge=48.9%)
2026-04-08 18:18:30,731 [INFO] event_trader_improved.runtime: DRY-RUN: Would buy Yes @ $0.011 for $36.71 (edge=48.9%)
2026-04-08 18:18:30,756 [INFO] event_trader_improved.runtime: DRY-RUN: Would buy Yes @ $0.011 for $36.71 (edge=48.9%)
2026-04-08 18:18:30,856 [INFO] event_trader_improved.runtime: DRY-RUN: Would buy Yes @ $0.011 for $36.71 (edge=48.9%)
2026-04-08 18:18:30,883 [INFO] event_trader_improved.runtime: DRY-RUN: Would buy Yes @ $0.011 for $36.71 (edge=48.9%)
2026-04-08 18:18:30,952 [INFO] event_trader_improved.runtime: DRY-RUN: Would buy Yes @ $0.011 for $36.71 (edge=48.9%)
2026-04-08 18:18:30,986 [INFO] event_trader_improved.runtime: DRY-RUN: Would buy Yes @ $0.011 for $36.71 (edge=48.9%)
2026-04-08 18:18:31,021 [INFO] event_trader_improved.runtime: DRY-RUN: Would buy Yes @ $0.011 for $36.67 (edge=48.9%)
2026-04-08 18:18:31,045 [INFO] event_trader_improved.runtime: DRY-RUN: Would buy Yes @ $0.011 for $36.67 (edge=48.9%)
2026-04-08 18:18:31,061 [INFO] event_trader_improved.runtime: DRY-RUN: Would buy Yes @ $0.011 for $36.67 (edge=48.9%)
2026-04-08 18:18:31,079 [INFO] event_trader_improved.runtime: DRY-RUN: Would buy Yes @ $0.011 for $36.67 (edge=48.9%)
2026-04-08 18:18:31,202 [INFO] event_trader_improved.runtime: DRY-RUN: Would buy Yes @ $0.011 for $36.67 (edge=48.9%)
2026-04-08 18:18:31,226 [INFO] event_trader_improved.runtime: DRY-RUN: Would buy Yes @ $0.011 for $36.67 (edge=48.9%)
2026-04-08 18:18:31,264 [INFO] event_trader_improved.runtime: DRY-RUN: Would buy Yes @ $0.011 for $36.67 (edge=48.9%)
2026-04-08 18:18:31,295 [INFO] event_trader_improved.runtime: DRY-RUN: Would buy Yes @ $0.011 for $36.67 (edge=48.9%)
2026-04-08 18:18:31,317 [INFO] event_trader_improved.runtime: DRY-RUN: Would buy Yes @ $0.011 for $36.64 (edge=48.9%)
2026-04-08 18:18:31,335 [INFO] event_trader_improved.runtime: DRY-RUN: Would buy Yes @ $0.011 for $36.64 (edge=48.9%)
2026-04-08 18:18:31,383 [INFO] event_trader_improved.runtime: DRY-RUN: Would buy Yes @ $0.011 for $36.64 (edge=48.9%)
2026-04-08 18:18:31,400 [INFO] event_trader_improved.runtime: DRY-RUN: Would buy Yes @ $0.011 for $36.64 (edge=48.9%)
2026-04-08 18:18:31,456 [INFO] event_trader_improved.runtime: DRY-RUN: Would buy Yes @ $0.011 for $36.64 (edge=48.9%)
2026-04-08 18:18:31,502 [INFO] event_trader_improved.runtime: DRY-RUN: Would buy Yes @ $0.011 for $36.64 (edge=48.9%)
2026-04-08 18:18:31,527 [INFO] event_trader_improved.runtime: DRY-RUN: Would buy Yes @ $0.011 for $36.64 (edge=48.9%)
2026-04-08 18:18:31,548 [INFO] event_trader_improved.runtime: DRY-RUN: Would buy Yes @ $0.011 for $36.64 (edge=48.9%)
2026-04-08 18:18:31,613 [INFO] event_trader_improved.runtime: Cycle complete: scanned=600 signals=239 executed=30
2026-04-08 18:18:36,613 [INFO] event_trader_improved.runtime: === Cycle ev_20260408T181836_d6fe6c (#11) ===
2026-04-08 18:18:37,178 [INFO] event_trader.data_client: fetched 600 markets across 7 pages
2026-04-08 18:18:37,178 [INFO] event_trader_improved.runtime: Fetched 600 markets
2026-04-08 18:18:37,179 [INFO] event_trader_improved.scanner: Scan stats: scanned=600 signals=239 skipped_active=0 skipped_volume=17 skipped_price=277 skipped_edge=0
2026-04-08 18:18:37,179 [INFO] event_trader_improved.runtime: Found 239 signals
2026-04-08 18:18:37,179 [INFO] event_trader_improved.runtime: Signal #1: Yes @ $0.011 (edge=48.9%)
2026-04-08 18:18:37,180 [INFO] event_trader_improved.runtime: Signal #2: Yes @ $0.011 (edge=48.9%)
2026-04-08 18:18:37,180 [INFO] event_trader_improved.runtime: Signal #3: Yes @ $0.011 (edge=48.9%)
2026-04-08 18:18:37,180 [INFO] event_trader_improved.runtime: DRY-RUN: Would buy Yes @ $0.011 for $36.71 (edge=48.9%)
2026-04-08 18:18:38,234 [INFO] event_trader_improved.runtime: DRY-RUN: Would buy Yes @ $0.011 for $36.71 (edge=48.9%)
2026-04-08 18:18:38,262 [INFO] event_trader_improved.runtime: DRY-RUN: Would buy Yes @ $0.011 for $36.71 (edge=48.9%)
2026-04-08 18:18:38,319 [INFO] event_trader_improved.runtime: DRY-RUN: Would buy Yes @ $0.011 for $36.71 (edge=48.9%)
2026-04-08 18:18:38,342 [INFO] event_trader_improved.runtime: DRY-RUN: Would buy Yes @ $0.011 for $36.71 (edge=48.9%)
2026-04-08 18:18:38,385 [INFO] event_trader_improved.runtime: DRY-RUN: Would buy Yes @ $0.011 for $36.71 (edge=48.9%)
2026-04-08 18:18:38,406 [INFO] event_trader_improved.runtime: DRY-RUN: Would buy Yes @ $0.011 for $36.71 (edge=48.9%)
2026-04-08 18:18:38,456 [INFO] event_trader_improved.runtime: DRY-RUN: Would buy Yes @ $0.011 for $36.71 (edge=48.9%)
2026-04-08 18:18:38,513 [INFO] event_trader_improved.runtime: DRY-RUN: Would buy Yes @ $0.011 for $36.71 (edge=48.9%)
2026-04-08 18:18:38,538 [INFO] event_trader_improved.runtime: DRY-RUN: Would buy Yes @ $0.011 for $36.71 (edge=48.9%)
2026-04-08 18:18:38,600 [INFO] event_trader_improved.runtime: DRY-RUN: Would buy Yes @ $0.011 for $36.71 (edge=48.9%)
2026-04-08 18:18:38,620 [INFO] event_trader_improved.runtime: DRY-RUN: Would buy Yes @ $0.011 for $36.71 (edge=48.9%)
2026-04-08 18:18:38,644 [INFO] event_trader_improved.runtime: DRY-RUN: Would buy Yes @ $0.011 for $36.71 (edge=48.9%)
2026-04-08 18:18:38,682 [INFO] event_trader_improved.runtime: DRY-RUN: Would buy Yes @ $0.011 for $36.71 (edge=48.9%)
2026-04-08 18:18:38,728 [INFO] event_trader_improved.runtime: DRY-RUN: Would buy Yes @ $0.011 for $36.67 (edge=48.9%)
2026-04-08 18:18:38,754 [INFO] event_trader_improved.runtime: DRY-RUN: Would buy Yes @ $0.011 for $36.67 (edge=48.9%)
2026-04-08 18:18:38,878 [INFO] event_trader_improved.runtime: DRY-RUN: Would buy Yes @ $0.011 for $36.67 (edge=48.9%)
2026-04-08 18:18:38,925 [INFO] event_trader_improved.runtime: DRY-RUN: Would buy Yes @ $0.011 for $36.67 (edge=48.9%)
2026-04-08 18:18:38,978 [INFO] event_trader_improved.runtime: DRY-RUN: Would buy Yes @ $0.011 for $36.67 (edge=48.9%)
2026-04-08 18:18:39,029 [INFO] event_trader_improved.runtime: DRY-RUN: Would buy Yes @ $0.011 for $36.67 (edge=48.9%)
2026-04-08 18:18:39,050 [INFO] event_trader_improved.runtime: DRY-RUN: Would buy Yes @ $0.011 for $36.67 (edge=48.9%)
2026-04-08 18:18:39,069 [INFO] event_trader_improved.runtime: DRY-RUN: Would buy Yes @ $0.011 for $36.67 (edge=48.9%)
2026-04-08 18:18:39,125 [INFO] event_trader_improved.runtime: DRY-RUN: Would buy Yes @ $0.011 for $36.64 (edge=48.9%)
2026-04-08 18:18:39,147 [INFO] event_trader_improved.runtime: DRY-RUN: Would buy Yes @ $0.011 for $36.64 (edge=48.9%)
2026-04-08 18:18:39,172 [INFO] event_trader_improved.runtime: DRY-RUN: Would buy Yes @ $0.011 for $36.64 (edge=48.9%)
2026-04-08 18:18:39,231 [INFO] event_trader_improved.runtime: DRY-RUN: Would buy Yes @ $0.011 for $36.64 (edge=48.9%)
2026-04-08 18:18:39,267 [INFO] event_trader_improved.runtime: DRY-RUN: Would buy Yes @ $0.011 for $36.64 (edge=48.9%)
2026-04-08 18:18:39,310 [INFO] event_trader_improved.runtime: DRY-RUN: Would buy Yes @ $0.011 for $36.64 (edge=48.9%)
2026-04-08 18:18:39,334 [INFO] event_trader_improved.runtime: DRY-RUN: Would buy Yes @ $0.011 for $36.64 (edge=48.9%)
2026-04-08 18:18:39,357 [INFO] event_trader_improved.runtime: DRY-RUN: Would buy Yes @ $0.011 for $36.64 (edge=48.9%)
2026-04-08 18:18:39,392 [INFO] event_trader_improved.runtime: Cycle complete: scanned=600 signals=239 executed=30
