2026-04-08 18:11:56,405 [INFO] event_trader_improved.runtime: Event Trader (IMPROVED) started | mode=dry_run kelly=True min_edge=1.0%
2026-04-08 18:11:56,405 [INFO] event_trader_improved.runtime: === Cycle ev_20260408T181156_d6fcdc (#1) ===
2026-04-08 18:11:57,776 [INFO] event_trader.data_client: fetched 600 markets across 7 pages
2026-04-08 18:11:59,663 [INFO] event_trader_improved.runtime: Fetched 600 markets
2026-04-08 18:11:59,663 [INFO] event_trader_improved.scanner: Scan stats: signals=0 skipped_volume=0 skipped_price=0 skipped_edge=0
2026-04-08 18:11:59,663 [INFO] event_trader_improved.runtime: Found 0 signals
2026-04-08 18:11:59,790 [INFO] event_trader_improved.runtime: Cycle complete: scanned=600 signals=0 executed=0
2026-04-08 18:12:04,790 [INFO] event_trader_improved.runtime: === Cycle ev_20260408T181204_d6fce4 (#2) ===
2026-04-08 18:12:05,355 [INFO] event_trader.data_client: fetched 600 markets across 7 pages
2026-04-08 18:12:05,356 [INFO] event_trader_improved.runtime: Fetched 600 markets
2026-04-08 18:12:05,356 [INFO] event_trader_improved.scanner: Scan stats: signals=0 skipped_volume=0 skipped_price=0 skipped_edge=0
2026-04-08 18:12:05,356 [INFO] event_trader_improved.runtime: Found 0 signals
2026-04-08 18:12:05,365 [INFO] event_trader_improved.runtime: Cycle complete: scanned=600 signals=0 executed=0
2026-04-08 18:12:10,366 [INFO] event_trader_improved.runtime: === Cycle ev_20260408T181210_d6fcea (#3) ===
2026-04-08 18:12:11,026 [INFO] event_trader.data_client: fetched 600 markets across 7 pages
2026-04-08 18:12:11,026 [INFO] event_trader_improved.runtime: Fetched 600 markets
2026-04-08 18:12:11,026 [INFO] event_trader_improved.scanner: Scan stats: signals=0 skipped_volume=0 skipped_price=0 skipped_edge=0
2026-04-08 18:12:11,027 [INFO] event_trader_improved.runtime: Found 0 signals
2026-04-08 18:12:11,037 [INFO] event_trader_improved.runtime: Cycle complete: scanned=600 signals=0 executed=0
2026-04-08 18:12:16,037 [INFO] event_trader_improved.runtime: === Cycle ev_20260408T181216_d6fcf0 (#4) ===
2026-04-08 18:12:16,716 [INFO] event_trader.data_client: fetched 600 markets across 7 pages
2026-04-08 18:12:16,717 [INFO] event_trader_improved.runtime: Fetched 600 markets
2026-04-08 18:12:16,717 [INFO] event_trader_improved.scanner: Scan stats: signals=0 skipped_volume=0 skipped_price=0 skipped_edge=0
2026-04-08 18:12:16,717 [INFO] event_trader_improved.runtime: Found 0 signals
2026-04-08 18:12:17,675 [INFO] event_trader_improved.runtime: Cycle complete: scanned=600 signals=0 executed=0
2026-04-08 18:12:22,675 [INFO] event_trader_improved.runtime: === Cycle ev_20260408T181222_d6fcf6 (#5) ===
2026-04-08 18:12:23,271 [INFO] event_trader.data_client: fetched 600 markets across 7 pages
2026-04-08 18:12:23,271 [INFO] event_trader_improved.runtime: Fetched 600 markets
2026-04-08 18:12:23,271 [INFO] event_trader_improved.scanner: Scan stats: signals=0 skipped_volume=0 skipped_price=0 skipped_edge=0
2026-04-08 18:12:23,271 [INFO] event_trader_improved.runtime: Found 0 signals
2026-04-08 18:12:23,282 [INFO] event_trader_improved.runtime: Cycle complete: scanned=600 signals=0 executed=0
2026-04-08 18:12:28,283 [INFO] event_trader_improved.runtime: === Cycle ev_20260408T181228_d6fcfc (#6) ===
2026-04-08 18:12:29,163 [INFO] event_trader.data_client: fetched 600 markets across 7 pages
2026-04-08 18:12:29,163 [INFO] event_trader_improved.runtime: Fetched 600 markets
2026-04-08 18:12:29,164 [INFO] event_trader_improved.scanner: Scan stats: signals=0 skipped_volume=0 skipped_price=0 skipped_edge=0
2026-04-08 18:12:29,164 [INFO] event_trader_improved.runtime: Found 0 signals
2026-04-08 18:12:29,175 [INFO] event_trader_improved.runtime: Cycle complete: scanned=600 signals=0 executed=0
2026-04-08 18:12:31,087 [INFO] event_trader_improved.runtime: Interrupted after 6 cycles
2026-04-08 18:12:32,742 [INFO] event_trader_improved.runtime: Event Trader (IMPROVED) stopped
