2026-04-08 18:13:00,553 [INFO] event_trader_improved.runtime: Event Trader (IMPROVED) started | mode=dry_run kelly=True min_edge=1.0%
2026-04-08 18:13:00,553 [INFO] event_trader_improved.runtime: === Cycle ev_20260408T181300_d6fd1c (#1) ===
2026-04-08 18:13:01,463 [INFO] event_trader.data_client: fetched 600 markets across 7 pages
2026-04-08 18:13:01,463 [INFO] event_trader_improved.runtime: Fetched 600 markets
2026-04-08 18:13:01,465 [INFO] event_trader_improved.scanner: Scan stats: scanned=600 signals=239 skipped_active=0 skipped_volume=17 skipped_price=277 skipped_edge=0
2026-04-08 18:13:01,465 [INFO] event_trader_improved.runtime: Found 239 signals
2026-04-08 18:13:01,466 [INFO] event_trader_improved.runtime: Signal #1: Yes @ $0.011 (edge=48.9%)
2026-04-08 18:13:01,466 [INFO] event_trader_improved.runtime: Signal #2: Yes @ $0.011 (edge=48.9%)
2026-04-08 18:13:01,466 [INFO] event_trader_improved.runtime: Signal #3: Yes @ $0.011 (edge=48.9%)
2026-04-08 18:13:01,466 [INFO] event_trader_improved.runtime: DRY-RUN: Would buy Yes @ $0.011 for $36.71 (edge=48.9%)
2026-04-08 18:13:01,466 [INFO] event_trader_improved.runtime: DRY-RUN: Would buy Yes @ $0.011 for $36.71 (edge=48.9%)
2026-04-08 18:13:01,466 [INFO] event_trader_improved.runtime: DRY-RUN: Would buy Yes @ $0.011 for $36.71 (edge=48.9%)
2026-04-08 18:13:01,466 [INFO] event_trader_improved.runtime: DRY-RUN: Would buy Yes @ $0.011 for $36.71 (edge=48.9%)
2026-04-08 18:13:01,466 [INFO] event_trader_improved.runtime: DRY-RUN: Would buy Yes @ $0.011 for $36.71 (edge=48.9%)
2026-04-08 18:13:01,466 [INFO] event_trader_improved.runtime: DRY-RUN: Would buy Yes @ $0.011 for $36.71 (edge=48.9%)
2026-04-08 18:13:01,466 [INFO] event_trader_improved.runtime: DRY-RUN: Would buy Yes @ $0.011 for $36.71 (edge=48.9%)
2026-04-08 18:13:01,466 [INFO] event_trader_improved.runtime: DRY-RUN: Would buy Yes @ $0.011 for $36.71 (edge=48.9%)
2026-04-08 18:13:01,467 [INFO] event_trader_improved.runtime: DRY-RUN: Would buy Yes @ $0.011 for $36.71 (edge=48.9%)
2026-04-08 18:13:01,467 [INFO] event_trader_improved.runtime: DRY-RUN: Would buy Yes @ $0.011 for $36.71 (edge=48.9%)
2026-04-08 18:13:01,467 [INFO] event_trader_improved.runtime: DRY-RUN: Would buy Yes @ $0.011 for $36.71 (edge=48.9%)
2026-04-08 18:13:01,467 [INFO] event_trader_improved.runtime: DRY-RUN: Would buy Yes @ $0.011 for $36.71 (edge=48.9%)
2026-04-08 18:13:01,467 [INFO] event_trader_improved.runtime: DRY-RUN: Would buy Yes @ $0.011 for $36.71 (edge=48.9%)
2026-04-08 18:13:01,467 [INFO] event_trader_improved.runtime: DRY-RUN: Would buy Yes @ $0.011 for $36.71 (edge=48.9%)
2026-04-08 18:13:01,467 [INFO] event_trader_improved.runtime: DRY-RUN: Would buy Yes @ $0.011 for $36.67 (edge=48.9%)
2026-04-08 18:13:01,467 [INFO] event_trader_improved.runtime: DRY-RUN: Would buy Yes @ $0.011 for $36.67 (edge=48.9%)
2026-04-08 18:13:01,467 [INFO] event_trader_improved.runtime: DRY-RUN: Would buy Yes @ $0.011 for $36.67 (edge=48.9%)
2026-04-08 18:13:01,467 [INFO] event_trader_improved.runtime: DRY-RUN: Would buy Yes @ $0.011 for $36.67 (edge=48.9%)
2026-04-08 18:13:01,468 [INFO] event_trader_improved.runtime: DRY-RUN: Would buy Yes @ $0.011 for $36.67 (edge=48.9%)
2026-04-08 18:13:01,468 [INFO] event_trader_improved.runtime: DRY-RUN: Would buy Yes @ $0.011 for $36.67 (edge=48.9%)
2026-04-08 18:13:01,468 [INFO] event_trader_improved.runtime: DRY-RUN: Would buy Yes @ $0.011 for $36.67 (edge=48.9%)
2026-04-08 18:13:01,468 [INFO] event_trader_improved.runtime: DRY-RUN: Would buy Yes @ $0.011 for $36.67 (edge=48.9%)
2026-04-08 18:13:01,468 [INFO] event_trader_improved.runtime: DRY-RUN: Would buy Yes @ $0.011 for $36.64 (edge=48.9%)
2026-04-08 18:13:01,468 [INFO] event_trader_improved.runtime: DRY-RUN: Would buy Yes @ $0.011 for $36.64 (edge=48.9%)
2026-04-08 18:13:01,468 [INFO] event_trader_improved.runtime: DRY-RUN: Would buy Yes @ $0.011 for $36.64 (edge=48.9%)
2026-04-08 18:13:01,468 [INFO] event_trader_improved.runtime: DRY-RUN: Would buy Yes @ $0.011 for $36.64 (edge=48.9%)
2026-04-08 18:13:01,468 [INFO] event_trader_improved.runtime: DRY-RUN: Would buy Yes @ $0.011 for $36.64 (edge=48.9%)
2026-04-08 18:13:01,469 [INFO] event_trader_improved.runtime: DRY-RUN: Would buy Yes @ $0.011 for $36.64 (edge=48.9%)
2026-04-08 18:13:01,469 [INFO] event_trader_improved.runtime: DRY-RUN: Would buy Yes @ $0.011 for $36.64 (edge=48.9%)
2026-04-08 18:13:01,469 [INFO] event_trader_improved.runtime: DRY-RUN: Would buy Yes @ $0.011 for $36.64 (edge=48.9%)
2026-04-08 18:13:01,478 [INFO] event_trader_improved.runtime: Cycle complete: scanned=600 signals=239 executed=30
2026-04-08 18:13:06,478 [INFO] event_trader_improved.runtime: === Cycle ev_20260408T181306_d6fd22 (#2) ===
2026-04-08 18:13:07,247 [INFO] event_trader.data_client: fetched 600 markets across 7 pages
2026-04-08 18:13:07,247 [INFO] event_trader_improved.runtime: Fetched 600 markets
2026-04-08 18:13:07,248 [INFO] event_trader_improved.scanner: Scan stats: scanned=600 signals=239 skipped_active=0 skipped_volume=17 skipped_price=277 skipped_edge=0
2026-04-08 18:13:07,248 [INFO] event_trader_improved.runtime: Found 239 signals
2026-04-08 18:13:07,248 [INFO] event_trader_improved.runtime: Signal #1: Yes @ $0.011 (edge=48.9%)
2026-04-08 18:13:07,248 [INFO] event_trader_improved.runtime: Signal #2: Yes @ $0.011 (edge=48.9%)
2026-04-08 18:13:07,249 [INFO] event_trader_improved.runtime: Signal #3: Yes @ $0.011 (edge=48.9%)
2026-04-08 18:13:07,249 [INFO] event_trader_improved.runtime: DRY-RUN: Would buy Yes @ $0.011 for $36.71 (edge=48.9%)
2026-04-08 18:13:07,249 [INFO] event_trader_improved.runtime: DRY-RUN: Would buy Yes @ $0.011 for $36.71 (edge=48.9%)
2026-04-08 18:13:07,249 [INFO] event_trader_improved.runtime: DRY-RUN: Would buy Yes @ $0.011 for $36.71 (edge=48.9%)
2026-04-08 18:13:07,249 [INFO] event_trader_improved.runtime: DRY-RUN: Would buy Yes @ $0.011 for $36.71 (edge=48.9%)
2026-04-08 18:13:07,249 [INFO] event_trader_improved.runtime: DRY-RUN: Would buy Yes @ $0.011 for $36.71 (edge=48.9%)
2026-04-08 18:13:07,249 [INFO] event_trader_improved.runtime: DRY-RUN: Would buy Yes @ $0.011 for $36.71 (edge=48.9%)
2026-04-08 18:13:07,249 [INFO] event_trader_improved.runtime: DRY-RUN: Would buy Yes @ $0.011 for $36.71 (edge=48.9%)
2026-04-08 18:13:07,249 [INFO] event_trader_improved.runtime: DRY-RUN: Would buy Yes @ $0.011 for $36.71 (edge=48.9%)
2026-04-08 18:13:07,250 [INFO] event_trader_improved.runtime: DRY-RUN: Would buy Yes @ $0.011 for $36.71 (edge=48.9%)
2026-04-08 18:13:07,250 [INFO] event_trader_improved.runtime: DRY-RUN: Would buy Yes @ $0.011 for $36.71 (edge=48.9%)
2026-04-08 18:13:07,250 [INFO] event_trader_improved.runtime: DRY-RUN: Would buy Yes @ $0.011 for $36.71 (edge=48.9%)
2026-04-08 18:13:07,250 [INFO] event_trader_improved.runtime: DRY-RUN: Would buy Yes @ $0.011 for $36.71 (edge=48.9%)
2026-04-08 18:13:07,250 [INFO] event_trader_improved.runtime: DRY-RUN: Would buy Yes @ $0.011 for $36.71 (edge=48.9%)
2026-04-08 18:13:07,250 [INFO] event_trader_improved.runtime: DRY-RUN: Would buy Yes @ $0.011 for $36.71 (edge=48.9%)
2026-04-08 18:13:07,250 [INFO] event_trader_improved.runtime: DRY-RUN: Would buy Yes @ $0.011 for $36.67 (edge=48.9%)
2026-04-08 18:13:07,251 [INFO] event_trader_improved.runtime: DRY-RUN: Would buy Yes @ $0.011 for $36.67 (edge=48.9%)
2026-04-08 18:13:07,251 [INFO] event_trader_improved.runtime: DRY-RUN: Would buy Yes @ $0.011 for $36.67 (edge=48.9%)
2026-04-08 18:13:07,251 [INFO] event_trader_improved.runtime: DRY-RUN: Would buy Yes @ $0.011 for $36.67 (edge=48.9%)
2026-04-08 18:13:07,251 [INFO] event_trader_improved.runtime: DRY-RUN: Would buy Yes @ $0.011 for $36.67 (edge=48.9%)
2026-04-08 18:13:07,251 [INFO] event_trader_improved.runtime: DRY-RUN: Would buy Yes @ $0.011 for $36.67 (edge=48.9%)
2026-04-08 18:13:07,251 [INFO] event_trader_improved.runtime: DRY-RUN: Would buy Yes @ $0.011 for $36.67 (edge=48.9%)
2026-04-08 18:13:07,251 [INFO] event_trader_improved.runtime: DRY-RUN: Would buy Yes @ $0.011 for $36.67 (edge=48.9%)
2026-04-08 18:13:07,251 [INFO] event_trader_improved.runtime: DRY-RUN: Would buy Yes @ $0.011 for $36.64 (edge=48.9%)
2026-04-08 18:13:07,251 [INFO] event_trader_improved.runtime: DRY-RUN: Would buy Yes @ $0.011 for $36.64 (edge=48.9%)
2026-04-08 18:13:07,251 [INFO] event_trader_improved.runtime: DRY-RUN: Would buy Yes @ $0.011 for $36.64 (edge=48.9%)
2026-04-08 18:13:07,251 [INFO] event_trader_improved.runtime: DRY-RUN: Would buy Yes @ $0.011 for $36.64 (edge=48.9%)
2026-04-08 18:13:07,252 [INFO] event_trader_improved.runtime: DRY-RUN: Would buy Yes @ $0.011 for $36.64 (edge=48.9%)
2026-04-08 18:13:07,252 [INFO] event_trader_improved.runtime: DRY-RUN: Would buy Yes @ $0.011 for $36.64 (edge=48.9%)
2026-04-08 18:13:07,252 [INFO] event_trader_improved.runtime: DRY-RUN: Would buy Yes @ $0.011 for $36.64 (edge=48.9%)
2026-04-08 18:13:07,252 [INFO] event_trader_improved.runtime: DRY-RUN: Would buy Yes @ $0.011 for $36.64 (edge=48.9%)
2026-04-08 18:13:09,039 [INFO] event_trader_improved.runtime: Cycle complete: scanned=600 signals=239 executed=30
2026-04-08 18:13:14,039 [INFO] event_trader_improved.runtime: === Cycle ev_20260408T181314_d6fd2a (#3) ===
2026-04-08 18:13:14,530 [INFO] event_trader.data_client: fetched 600 markets across 7 pages
2026-04-08 18:13:14,531 [INFO] event_trader_improved.runtime: Fetched 600 markets
2026-04-08 18:13:14,532 [INFO] event_trader_improved.scanner: Scan stats: scanned=600 signals=239 skipped_active=0 skipped_volume=17 skipped_price=277 skipped_edge=0
2026-04-08 18:13:14,532 [INFO] event_trader_improved.runtime: Found 239 signals
2026-04-08 18:13:14,533 [INFO] event_trader_improved.runtime: Signal #1: Yes @ $0.011 (edge=48.9%)
2026-04-08 18:13:14,533 [INFO] event_trader_improved.runtime: Signal #2: Yes @ $0.011 (edge=48.9%)
2026-04-08 18:13:14,533 [INFO] event_trader_improved.runtime: Signal #3: Yes @ $0.011 (edge=48.9%)
2026-04-08 18:13:14,533 [INFO] event_trader_improved.runtime: DRY-RUN: Would buy Yes @ $0.011 for $36.71 (edge=48.9%)
2026-04-08 18:13:14,533 [INFO] event_trader_improved.runtime: DRY-RUN: Would buy Yes @ $0.011 for $36.71 (edge=48.9%)
2026-04-08 18:13:14,533 [INFO] event_trader_improved.runtime: DRY-RUN: Would buy Yes @ $0.011 for $36.71 (edge=48.9%)
2026-04-08 18:13:14,533 [INFO] event_trader_improved.runtime: DRY-RUN: Would buy Yes @ $0.011 for $36.71 (edge=48.9%)
2026-04-08 18:13:14,533 [INFO] event_trader_improved.runtime: DRY-RUN: Would buy Yes @ $0.011 for $36.71 (edge=48.9%)
2026-04-08 18:13:14,533 [INFO] event_trader_improved.runtime: DRY-RUN: Would buy Yes @ $0.011 for $36.71 (edge=48.9%)
2026-04-08 18:13:14,533 [INFO] event_trader_improved.runtime: DRY-RUN: Would buy Yes @ $0.011 for $36.71 (edge=48.9%)
2026-04-08 18:13:14,533 [INFO] event_trader_improved.runtime: DRY-RUN: Would buy Yes @ $0.011 for $36.71 (edge=48.9%)
2026-04-08 18:13:14,534 [INFO] event_trader_improved.runtime: DRY-RUN: Would buy Yes @ $0.011 for $36.71 (edge=48.9%)
2026-04-08 18:13:14,534 [INFO] event_trader_improved.runtime: DRY-RUN: Would buy Yes @ $0.011 for $36.71 (edge=48.9%)
2026-04-08 18:13:14,534 [INFO] event_trader_improved.runtime: DRY-RUN: Would buy Yes @ $0.011 for $36.71 (edge=48.9%)
2026-04-08 18:13:14,534 [INFO] event_trader_improved.runtime: DRY-RUN: Would buy Yes @ $0.011 for $36.71 (edge=48.9%)
2026-04-08 18:13:14,534 [INFO] event_trader_improved.runtime: DRY-RUN: Would buy Yes @ $0.011 for $36.71 (edge=48.9%)
2026-04-08 18:13:14,534 [INFO] event_trader_improved.runtime: DRY-RUN: Would buy Yes @ $0.011 for $36.71 (edge=48.9%)
2026-04-08 18:13:14,534 [INFO] event_trader_improved.runtime: DRY-RUN: Would buy Yes @ $0.011 for $36.67 (edge=48.9%)
2026-04-08 18:13:14,534 [INFO] event_trader_improved.runtime: DRY-RUN: Would buy Yes @ $0.011 for $36.67 (edge=48.9%)
2026-04-08 18:13:14,534 [INFO] event_trader_improved.runtime: DRY-RUN: Would buy Yes @ $0.011 for $36.67 (edge=48.9%)
2026-04-08 18:13:14,535 [INFO] event_trader_improved.runtime: DRY-RUN: Would buy Yes @ $0.011 for $36.67 (edge=48.9%)
2026-04-08 18:13:14,535 [INFO] event_trader_improved.runtime: DRY-RUN: Would buy Yes @ $0.011 for $36.67 (edge=48.9%)
2026-04-08 18:13:14,535 [INFO] event_trader_improved.runtime: DRY-RUN: Would buy Yes @ $0.011 for $36.67 (edge=48.9%)
2026-04-08 18:13:14,535 [INFO] event_trader_improved.runtime: DRY-RUN: Would buy Yes @ $0.011 for $36.67 (edge=48.9%)
2026-04-08 18:13:14,535 [INFO] event_trader_improved.runtime: DRY-RUN: Would buy Yes @ $0.011 for $36.67 (edge=48.9%)
2026-04-08 18:13:14,535 [INFO] event_trader_improved.runtime: DRY-RUN: Would buy Yes @ $0.011 for $36.64 (edge=48.9%)
2026-04-08 18:13:14,535 [INFO] event_trader_improved.runtime: DRY-RUN: Would buy Yes @ $0.011 for $36.64 (edge=48.9%)
2026-04-08 18:13:14,536 [INFO] event_trader_improved.runtime: DRY-RUN: Would buy Yes @ $0.011 for $36.64 (edge=48.9%)
2026-04-08 18:13:14,536 [INFO] event_trader_improved.runtime: DRY-RUN: Would buy Yes @ $0.011 for $36.64 (edge=48.9%)
2026-04-08 18:13:14,536 [INFO] event_trader_improved.runtime: DRY-RUN: Would buy Yes @ $0.011 for $36.64 (edge=48.9%)
2026-04-08 18:13:14,536 [INFO] event_trader_improved.runtime: DRY-RUN: Would buy Yes @ $0.011 for $36.64 (edge=48.9%)
2026-04-08 18:13:14,536 [INFO] event_trader_improved.runtime: DRY-RUN: Would buy Yes @ $0.011 for $36.64 (edge=48.9%)
2026-04-08 18:13:14,536 [INFO] event_trader_improved.runtime: DRY-RUN: Would buy Yes @ $0.011 for $36.64 (edge=48.9%)
2026-04-08 18:13:16,005 [INFO] event_trader_improved.runtime: Cycle complete: scanned=600 signals=239 executed=30
2026-04-08 18:13:17,871 [INFO] event_trader_improved.runtime: Interrupted after 3 cycles
2026-04-08 18:13:19,576 [INFO] event_trader_improved.runtime: Event Trader (IMPROVED) stopped
