{"ts": "2026-04-09T00:29:03.393316+00:00", "level": "INFO", "logger": "event_trader_improved.scanner", "msg": "Scanner initialized: max_entry_price=0.40, min_edge=0.05, max_spread=5.00%, min_volume=100"}
{"ts": "2026-04-09T00:29:03.393574+00:00", "level": "INFO", "logger": "event_trader_improved.positions", "msg": "PositionManager initialized: bankroll=$300.00 kelly=True"}
{"ts": "2026-04-09T00:29:03.393677+00:00", "level": "INFO", "logger": "event_trader_improved.runtime", "msg": "event trader (IMPROVED) started  mode=dry_run  kelly=True  min_edge=5.0%"}
{"ts": "2026-04-09T00:29:03.393833+00:00", "level": "INFO", "logger": "event_trader_improved.runtime", "msg": "=== Cycle 1 ==="}
{"ts": "2026-04-09T00:29:56.167705+00:00", "level": "INFO", "logger": "event_trader_improved.data_client", "msg": "fetched 51632 markets across 87 pages"}
{"ts": "2026-04-09T00:29:56.167842+00:00", "level": "INFO", "logger": "event_trader_improved.runtime", "msg": "fetched 51632 active markets"}
{"ts": "2026-04-09T00:29:56.262729+00:00", "level": "INFO", "logger": "event_trader_improved.scanner", "msg": "scan complete: 51632 markets -> 0 signals"}
{"ts": "2026-04-09T00:29:56.262860+00:00", "level": "INFO", "logger": "event_trader_improved.runtime", "msg": "scanner found 0 signals"}
{"ts": "2026-04-09T00:29:56.262925+00:00", "level": "INFO", "logger": "event_trader_improved.runtime", "msg": "after sizing: 0 viable signals"}
{"ts": "2026-04-09T00:30:01.494105+00:00", "level": "INFO", "logger": "event_trader_improved.runtime", "msg": "=== Cycle 2 ==="}
{"ts": "2026-04-09T00:30:51.610936+00:00", "level": "INFO", "logger": "event_trader_improved.data_client", "msg": "fetched 51632 markets across 87 pages"}
{"ts": "2026-04-09T00:30:51.611071+00:00", "level": "INFO", "logger": "event_trader_improved.runtime", "msg": "fetched 51632 active markets"}
{"ts": "2026-04-09T00:30:51.729171+00:00", "level": "INFO", "logger": "event_trader_improved.scanner", "msg": "scan complete: 51632 markets -> 0 signals"}
{"ts": "2026-04-09T00:30:51.729305+00:00", "level": "INFO", "logger": "event_trader_improved.runtime", "msg": "scanner found 0 signals"}
{"ts": "2026-04-09T00:30:51.729373+00:00", "level": "INFO", "logger": "event_trader_improved.runtime", "msg": "after sizing: 0 viable signals"}
{"ts": "2026-04-09T00:30:56.953336+00:00", "level": "INFO", "logger": "event_trader_improved.runtime", "msg": "=== Cycle 3 ==="}
{"ts": "2026-04-09T00:31:50.382137+00:00", "level": "INFO", "logger": "event_trader_improved.data_client", "msg": "fetched 51632 markets across 87 pages"}
{"ts": "2026-04-09T00:31:50.382276+00:00", "level": "INFO", "logger": "event_trader_improved.runtime", "msg": "fetched 51632 active markets"}
{"ts": "2026-04-09T00:31:50.466895+00:00", "level": "INFO", "logger": "event_trader_improved.scanner", "msg": "scan complete: 51632 markets -> 0 signals"}
{"ts": "2026-04-09T00:31:50.467049+00:00", "level": "INFO", "logger": "event_trader_improved.runtime", "msg": "scanner found 0 signals"}
{"ts": "2026-04-09T00:31:50.467136+00:00", "level": "INFO", "logger": "event_trader_improved.runtime", "msg": "after sizing: 0 viable signals"}
{"ts": "2026-04-09T00:31:55.659099+00:00", "level": "INFO", "logger": "event_trader_improved.runtime", "msg": "=== Cycle 4 ==="}
