{"ts": "2026-04-06T08:25:28.317908+00:00", "level": "INFO", "logger": "__main__", "msg": "======================================================================"}
{"ts": "2026-04-06T08:25:28.318278+00:00", "level": "INFO", "logger": "__main__", "msg": "EVENT TRADER  mode=dry_run  run_dir=ev_runs\\20260406_082528"}
{"ts": "2026-04-06T08:25:28.318400+00:00", "level": "INFO", "logger": "__main__", "msg": "======================================================================"}
{"ts": "2026-04-06T08:25:28.319745+00:00", "level": "INFO", "logger": "__main__", "msg": "config: {\"gamma_host\": \"https://gamma-api.polymarket.com\", \"clob_host\": \"https://clob.polymarket.com\", \"chain_id\": 137, \"private_key\": \"0x59...68c5\", \"funder\": \"\", \"signature_type\": 0, \"api_key\": \"(not set)\", \"api_secret\": \"(not set)\", \"api_passphrase\": \"(not set)\", \"mode\": \"dry_run\", \"dry_run\": true, \"poll_interval_seconds\": 10.0, \"log_json\": true, \"scan_limit\": 600, \"min_liquidity\": 100.0, \"min_volume\": 0.0, \"max_entry_price\": 0.8, \"min_entry_price\": 0.02, \"min_book_depth_usd\": 10.0, \"min_spread_ratio\": 1.5, \"position_size_usd\": 5.0, \"longshot_size_usd\": 2.0, \"highprob_size_usd\": 8.0, \"longshot_ceiling\": 0.3, \"highprob_floor\": 0.55, \"max_contracts_per_entry\": 500.0, \"max_positions\": 20, \"take_profit_pct\": 0.5, \"stop_loss_pct\": 0.4, \"trailing_stop_pct\": 0.0, \"longshot_take_profit_pct\": 1.5, \"longshot_stop_loss_pct\": 0.5, \"highprob_take_profit_pct\": 0.3, \"highprob_stop_loss_pct\": 0.2, \"max_total_exposure_usd\": 100.0, \"max_daily_loss_usd\": 25.0, \"max_per_market_usd\": 20.0, \"emergency_stop\": false, \"request_timeout_seconds\": 8.0, \"max_request_retries\": 2, \"retry_backoff_seconds\": 0.3, \"max_workers\": 10, \"state_db_path\": \"ev_bot_state.sqlite3\", \"log_path\": \"ev_runtime.log\", \"report_path\": \"ev_cycle_report.jsonl\", \"run_dir\": \"ev_runs\\\\20260406_082528\", \"python\": \"3.13.5 (tags/v3.13.5:6cb20a2, Jun 11 2025, 16:15:46) [MSC v.1943 64 bit (AMD64)]\", \"pid\": 31828}"}
{"ts": "2026-04-06T08:25:28.440884+00:00", "level": "INFO", "logger": "event_trader.runtime", "msg": "event trader started  mode=dry_run  poll=10.0s  entry_range=$0.02-$0.80  tiers: longshot(<$0.30)=$2 mid=$5 highprob(>$0.55)=$8  max_positions=20"}
{"ts": "2026-04-06T08:25:29.262407+00:00", "level": "INFO", "logger": "event_trader.data_client", "msg": "fetched 600 markets across 7 pages"}
{"ts": "2026-04-06T08:25:29.262872+00:00", "level": "INFO", "logger": "event_trader.runtime", "msg": "cycle ev_20260406T082528_f184c3 (#1): fetched 600 markets in 0.8s"}
{"ts": "2026-04-06T08:25:29.263520+00:00", "level": "INFO", "logger": "event_trader.scanner", "msg": "pre-filter: 234 candidates from 600 markets (skipped 966 expensive)"}
{"ts": "2026-04-06T08:25:35.553830+00:00", "level": "INFO", "logger": "event_trader.scanner", "msg": "scan summary: 234 candidates checked, 234 signals, filters: {'inactive': 0, 'no_orderbook': 0, 'bad_outcomes': 0, 'low_liquidity': 0, 'no_book': 0, 'too_expensive': 0, 'too_cheap': 0, 'wide_spread': 0, 'no_depth': 0, 'has_position': 0, 'recent_signal': 0, 'low_confidence': 0, 'no_asks': 0, 'price_prefilter': 966}"}
{"ts": "2026-04-06T08:25:35.555555+00:00", "level": "INFO", "logger": "event_trader.runtime", "msg": "scan: 234 signals found in 6.3s"}
{"ts": "2026-04-06T08:25:35.555749+00:00", "level": "INFO", "logger": "event_trader.runtime", "msg": "SIGNAL [longshot $2]: $0.021  conf=0.99  Yes  \"Will the Anaheim Ducks win the 2026 NHL Stanley Cup?\"  price=$0.021 | tier=longshot | size=$2 | liq=$175185 | vol=$785325 | spread=0.998 | depth=$6887492 | conf=0.99"}
{"ts": "2026-04-06T08:25:35.555869+00:00", "level": "INFO", "logger": "event_trader.runtime", "msg": "SIGNAL [longshot $2]: $0.021  conf=0.99  Yes  \"Will Japan win the 2026 FIFA World Cup?\"  price=$0.021 | tier=longshot | size=$2 | liq=$309173 | vol=$10917508 | spread=0.998 | depth=$12334533 | conf=0.99"}
{"ts": "2026-04-06T08:25:35.555971+00:00", "level": "INFO", "logger": "event_trader.runtime", "msg": "SIGNAL [longshot $2]: $0.021  conf=0.99  Yes  \"Will Andy Beshear win the 2028 Democratic presidential nomin\"  price=$0.021 | tier=longshot | size=$2 | liq=$597699 | vol=$7873600 | spread=0.998 | depth=$6075365 | conf=0.99"}
{"ts": "2026-04-06T08:25:35.556143+00:00", "level": "INFO", "logger": "event_trader.runtime", "msg": "SIGNAL [longshot $2]: $0.021  conf=0.99  Yes  \"Will Josh Shapiro win the 2028 US Presidential Election?\"  price=$0.021 | tier=longshot | size=$2 | liq=$375613 | vol=$5448370 | spread=0.998 | depth=$8140487 | conf=0.99"}
{"ts": "2026-04-06T08:25:35.556244+00:00", "level": "INFO", "logger": "event_trader.runtime", "msg": "SIGNAL [longshot $2]: $0.022  conf=0.99  Yes  \"Will the Minnesota Timberwolves win the 2026 NBA Finals?\"  price=$0.022 | tier=longshot | size=$2 | liq=$263925 | vol=$5255184 | spread=0.998 | depth=$8982982 | conf=0.99"}
{"ts": "2026-04-06T08:25:35.598427+00:00", "level": "INFO", "logger": "event_trader.executor", "msg": "DRY_BUY [longshot]: 98 contracts @ $0.021 = $2.00  Yes  Will the Anaheim Ducks win the 2026 NHL Stanley Cup?"}
{"ts": "2026-04-06T08:25:35.637584+00:00", "level": "INFO", "logger": "event_trader.executor", "msg": "DRY_BUY [longshot]: 98 contracts @ $0.021 = $2.00  Yes  Will Japan win the 2026 FIFA World Cup?"}
{"ts": "2026-04-06T08:25:35.677914+00:00", "level": "INFO", "logger": "event_trader.executor", "msg": "DRY_BUY [longshot]: 98 contracts @ $0.021 = $2.00  Yes  Will Andy Beshear win the 2028 Democratic presidential nomin"}
{"ts": "2026-04-06T08:25:38.292464+00:00", "level": "INFO", "logger": "event_trader.positions", "msg": "EXIT_SIGNAL: stop_loss  17551982365480587306  entry=0.021 now=0.001 pnl=-95.12% ($-1.9024)  Will the Anaheim Ducks win the 2026 NHL Stanley Cu"}
{"ts": "2026-04-06T08:25:38.302099+00:00", "level": "INFO", "logger": "event_trader.positions", "msg": "EXIT_SIGNAL: stop_loss  19159976531313550247  entry=0.021 now=0.001 pnl=-95.12% ($-1.9024)  Will Japan win the 2026 FIFA World Cup?"}
{"ts": "2026-04-06T08:25:38.311894+00:00", "level": "INFO", "logger": "event_trader.positions", "msg": "EXIT_SIGNAL: stop_loss  26468656392978559668  entry=0.021 now=0.001 pnl=-95.12% ($-1.9024)  Will Andy Beshear win the 2028 Democratic presiden"}
{"ts": "2026-04-06T08:25:38.342172+00:00", "level": "INFO", "logger": "event_trader.executor", "msg": "DRY_SELL: stop_loss  98 contracts @ $0.001  cost=$2.00  value=$0.10  pnl=$-1.9024  Will the Anaheim Ducks win the 2026 NHL Stanley Cup?"}
{"ts": "2026-04-06T08:25:38.375111+00:00", "level": "INFO", "logger": "event_trader.executor", "msg": "DRY_SELL: stop_loss  98 contracts @ $0.001  cost=$2.00  value=$0.10  pnl=$-1.9024  Will Japan win the 2026 FIFA World Cup?"}
{"ts": "2026-04-06T08:25:38.405157+00:00", "level": "INFO", "logger": "event_trader.executor", "msg": "DRY_SELL: stop_loss  98 contracts @ $0.001  cost=$2.00  value=$0.10  pnl=$-1.9024  Will Andy Beshear win the 2028 Democratic presidential nomin"}
{"ts": "2026-04-06T08:25:38.417321+00:00", "level": "INFO", "logger": "event_trader.runtime", "msg": "cycle ev_20260406T082528_f184c3 (#1) done in 10.0s: scanned=600 signals=234 entries=3 exits=3 open=0 unrealized=$0.0000 realized=$-5.7073"}
{"ts": "2026-04-06T08:25:48.845157+00:00", "level": "INFO", "logger": "event_trader.data_client", "msg": "fetched 600 markets across 7 pages"}
{"ts": "2026-04-06T08:25:48.845847+00:00", "level": "INFO", "logger": "event_trader.runtime", "msg": "cycle ev_20260406T082548_c7a923 (#2): fetched 600 markets in 0.4s"}
{"ts": "2026-04-06T08:25:48.846593+00:00", "level": "INFO", "logger": "event_trader.scanner", "msg": "pre-filter: 234 candidates from 600 markets (skipped 966 expensive)"}
{"ts": "2026-04-06T08:25:53.934615+00:00", "level": "INFO", "logger": "event_trader.scanner", "msg": "scan summary: 234 candidates checked, 0 signals, filters: {'inactive': 0, 'no_orderbook': 0, 'bad_outcomes': 0, 'low_liquidity': 0, 'no_book': 0, 'too_expensive': 0, 'too_cheap': 0, 'wide_spread': 0, 'no_depth': 0, 'has_position': 0, 'recent_signal': 234, 'low_confidence': 0, 'no_asks': 0, 'price_prefilter': 966}"}
{"ts": "2026-04-06T08:25:53.936706+00:00", "level": "INFO", "logger": "event_trader.runtime", "msg": "scan: 0 signals found in 5.1s"}
{"ts": "2026-04-06T08:25:53.951028+00:00", "level": "INFO", "logger": "event_trader.runtime", "msg": "cycle ev_20260406T082548_c7a923 (#2) done in 5.5s: scanned=600 signals=0 entries=0 exits=0 open=0 unrealized=$0.0000 realized=$-5.7073"}
{"ts": "2026-04-06T08:26:04.354324+00:00", "level": "INFO", "logger": "event_trader.data_client", "msg": "fetched 600 markets across 7 pages"}
{"ts": "2026-04-06T08:26:04.354881+00:00", "level": "INFO", "logger": "event_trader.runtime", "msg": "cycle ev_20260406T082603_125942 (#3): fetched 600 markets in 0.4s"}
{"ts": "2026-04-06T08:26:04.355512+00:00", "level": "INFO", "logger": "event_trader.scanner", "msg": "pre-filter: 234 candidates from 600 markets (skipped 966 expensive)"}
{"ts": "2026-04-06T08:26:09.472255+00:00", "level": "INFO", "logger": "event_trader.scanner", "msg": "scan summary: 234 candidates checked, 0 signals, filters: {'inactive': 0, 'no_orderbook': 0, 'bad_outcomes': 0, 'low_liquidity': 0, 'no_book': 0, 'too_expensive': 0, 'too_cheap': 0, 'wide_spread': 0, 'no_depth': 0, 'has_position': 0, 'recent_signal': 234, 'low_confidence': 0, 'no_asks': 0, 'price_prefilter': 966}"}
{"ts": "2026-04-06T08:26:09.474378+00:00", "level": "INFO", "logger": "event_trader.runtime", "msg": "scan: 0 signals found in 5.1s"}
{"ts": "2026-04-06T08:26:09.486678+00:00", "level": "INFO", "logger": "event_trader.runtime", "msg": "cycle ev_20260406T082603_125942 (#3) done in 5.5s: scanned=600 signals=0 entries=0 exits=0 open=0 unrealized=$0.0000 realized=$-5.7073"}
{"ts": "2026-04-06T08:26:19.885946+00:00", "level": "INFO", "logger": "event_trader.data_client", "msg": "fetched 600 markets across 7 pages"}
{"ts": "2026-04-06T08:26:19.886444+00:00", "level": "INFO", "logger": "event_trader.runtime", "msg": "cycle ev_20260406T082619_75077c (#4): fetched 600 markets in 0.4s"}
{"ts": "2026-04-06T08:26:19.887260+00:00", "level": "INFO", "logger": "event_trader.scanner", "msg": "pre-filter: 234 candidates from 600 markets (skipped 966 expensive)"}
{"ts": "2026-04-06T08:26:24.618429+00:00", "level": "INFO", "logger": "event_trader.scanner", "msg": "scan summary: 234 candidates checked, 0 signals, filters: {'inactive': 0, 'no_orderbook': 0, 'bad_outcomes': 0, 'low_liquidity': 0, 'no_book': 0, 'too_expensive': 0, 'too_cheap': 0, 'wide_spread': 0, 'no_depth': 0, 'has_position': 0, 'recent_signal': 234, 'low_confidence': 0, 'no_asks': 0, 'price_prefilter': 966}"}
{"ts": "2026-04-06T08:26:24.620131+00:00", "level": "INFO", "logger": "event_trader.runtime", "msg": "scan: 0 signals found in 4.7s"}
{"ts": "2026-04-06T08:26:24.631841+00:00", "level": "INFO", "logger": "event_trader.runtime", "msg": "cycle ev_20260406T082619_75077c (#4) done in 5.1s: scanned=600 signals=0 entries=0 exits=0 open=0 unrealized=$0.0000 realized=$-5.7073"}
{"ts": "2026-04-06T08:26:35.074707+00:00", "level": "INFO", "logger": "event_trader.data_client", "msg": "fetched 600 markets across 7 pages"}
{"ts": "2026-04-06T08:26:35.075284+00:00", "level": "INFO", "logger": "event_trader.runtime", "msg": "cycle ev_20260406T082634_783a94 (#5): fetched 600 markets in 0.4s"}
{"ts": "2026-04-06T08:26:35.075938+00:00", "level": "INFO", "logger": "event_trader.scanner", "msg": "pre-filter: 234 candidates from 600 markets (skipped 966 expensive)"}
{"ts": "2026-04-06T08:26:40.300182+00:00", "level": "INFO", "logger": "event_trader.scanner", "msg": "scan summary: 234 candidates checked, 0 signals, filters: {'inactive': 0, 'no_orderbook': 0, 'bad_outcomes': 0, 'low_liquidity': 0, 'no_book': 0, 'too_expensive': 0, 'too_cheap': 0, 'wide_spread': 0, 'no_depth': 0, 'has_position': 0, 'recent_signal': 234, 'low_confidence': 0, 'no_asks': 0, 'price_prefilter': 966}"}
{"ts": "2026-04-06T08:26:40.302512+00:00", "level": "INFO", "logger": "event_trader.runtime", "msg": "scan: 0 signals found in 5.2s"}
{"ts": "2026-04-06T08:26:40.314771+00:00", "level": "INFO", "logger": "event_trader.runtime", "msg": "cycle ev_20260406T082634_783a94 (#5) done in 5.7s: scanned=600 signals=0 entries=0 exits=0 open=0 unrealized=$0.0000 realized=$-5.7073"}
{"ts": "2026-04-06T08:26:50.720240+00:00", "level": "INFO", "logger": "event_trader.data_client", "msg": "fetched 600 markets across 7 pages"}
{"ts": "2026-04-06T08:26:50.721086+00:00", "level": "INFO", "logger": "event_trader.runtime", "msg": "cycle ev_20260406T082650_eb4f6d (#6): fetched 600 markets in 0.4s"}
{"ts": "2026-04-06T08:26:50.721943+00:00", "level": "INFO", "logger": "event_trader.scanner", "msg": "pre-filter: 234 candidates from 600 markets (skipped 966 expensive)"}
{"ts": "2026-04-06T08:26:55.896140+00:00", "level": "INFO", "logger": "event_trader.scanner", "msg": "scan summary: 234 candidates checked, 0 signals, filters: {'inactive': 0, 'no_orderbook': 0, 'bad_outcomes': 0, 'low_liquidity': 0, 'no_book': 0, 'too_expensive': 0, 'too_cheap': 0, 'wide_spread': 0, 'no_depth': 0, 'has_position': 0, 'recent_signal': 234, 'low_confidence': 0, 'no_asks': 0, 'price_prefilter': 966}"}
{"ts": "2026-04-06T08:26:55.897658+00:00", "level": "INFO", "logger": "event_trader.runtime", "msg": "scan: 0 signals found in 5.2s"}
{"ts": "2026-04-06T08:26:55.910384+00:00", "level": "INFO", "logger": "event_trader.runtime", "msg": "cycle ev_20260406T082650_eb4f6d (#6) done in 5.6s: scanned=600 signals=0 entries=0 exits=0 open=0 unrealized=$0.0000 realized=$-5.7073"}
{"ts": "2026-04-06T08:27:06.327814+00:00", "level": "INFO", "logger": "event_trader.data_client", "msg": "fetched 600 markets across 7 pages"}
{"ts": "2026-04-06T08:27:06.328717+00:00", "level": "INFO", "logger": "event_trader.runtime", "msg": "cycle ev_20260406T082705_db6131 (#7): fetched 600 markets in 0.4s"}
{"ts": "2026-04-06T08:27:06.329699+00:00", "level": "INFO", "logger": "event_trader.scanner", "msg": "pre-filter: 234 candidates from 600 markets (skipped 966 expensive)"}
{"ts": "2026-04-06T08:27:11.427308+00:00", "level": "INFO", "logger": "event_trader.scanner", "msg": "scan summary: 234 candidates checked, 0 signals, filters: {'inactive': 0, 'no_orderbook': 0, 'bad_outcomes': 0, 'low_liquidity': 0, 'no_book': 0, 'too_expensive': 0, 'too_cheap': 0, 'wide_spread': 0, 'no_depth': 0, 'has_position': 0, 'recent_signal': 234, 'low_confidence': 0, 'no_asks': 0, 'price_prefilter': 966}"}
{"ts": "2026-04-06T08:27:11.429375+00:00", "level": "INFO", "logger": "event_trader.runtime", "msg": "scan: 0 signals found in 5.1s"}
{"ts": "2026-04-06T08:27:11.441279+00:00", "level": "INFO", "logger": "event_trader.runtime", "msg": "cycle ev_20260406T082705_db6131 (#7) done in 5.5s: scanned=600 signals=0 entries=0 exits=0 open=0 unrealized=$0.0000 realized=$-5.7073"}
{"ts": "2026-04-06T08:27:21.855550+00:00", "level": "INFO", "logger": "event_trader.data_client", "msg": "fetched 600 markets across 7 pages"}
{"ts": "2026-04-06T08:27:21.856331+00:00", "level": "INFO", "logger": "event_trader.runtime", "msg": "cycle ev_20260406T082721_0339e7 (#8): fetched 600 markets in 0.4s"}
{"ts": "2026-04-06T08:27:21.857454+00:00", "level": "INFO", "logger": "event_trader.scanner", "msg": "pre-filter: 234 candidates from 600 markets (skipped 966 expensive)"}
{"ts": "2026-04-06T08:27:27.071178+00:00", "level": "INFO", "logger": "event_trader.scanner", "msg": "scan summary: 234 candidates checked, 0 signals, filters: {'inactive': 0, 'no_orderbook': 0, 'bad_outcomes': 0, 'low_liquidity': 0, 'no_book': 0, 'too_expensive': 0, 'too_cheap': 0, 'wide_spread': 0, 'no_depth': 0, 'has_position': 0, 'recent_signal': 234, 'low_confidence': 0, 'no_asks': 0, 'price_prefilter': 966}"}
{"ts": "2026-04-06T08:27:27.073742+00:00", "level": "INFO", "logger": "event_trader.runtime", "msg": "scan: 0 signals found in 5.2s"}
{"ts": "2026-04-06T08:27:27.085186+00:00", "level": "INFO", "logger": "event_trader.runtime", "msg": "cycle ev_20260406T082721_0339e7 (#8) done in 5.6s: scanned=600 signals=0 entries=0 exits=0 open=0 unrealized=$0.0000 realized=$-5.7073"}
{"ts": "2026-04-06T08:27:37.397468+00:00", "level": "INFO", "logger": "event_trader.data_client", "msg": "fetched 600 markets across 7 pages"}
{"ts": "2026-04-06T08:27:37.398322+00:00", "level": "INFO", "logger": "event_trader.runtime", "msg": "cycle ev_20260406T082737_d7ef0f (#9): fetched 600 markets in 0.3s"}
{"ts": "2026-04-06T08:27:37.399601+00:00", "level": "INFO", "logger": "event_trader.scanner", "msg": "pre-filter: 234 candidates from 600 markets (skipped 966 expensive)"}
{"ts": "2026-04-06T08:27:41.366009+00:00", "level": "INFO", "logger": "event_trader.scanner", "msg": "scan summary: 234 candidates checked, 0 signals, filters: {'inactive': 0, 'no_orderbook': 0, 'bad_outcomes': 0, 'low_liquidity': 0, 'no_book': 0, 'too_expensive': 0, 'too_cheap': 0, 'wide_spread': 0, 'no_depth': 0, 'has_position': 0, 'recent_signal': 234, 'low_confidence': 0, 'no_asks': 0, 'price_prefilter': 966}"}
{"ts": "2026-04-06T08:27:41.368057+00:00", "level": "INFO", "logger": "event_trader.runtime", "msg": "scan: 0 signals found in 4.0s"}
{"ts": "2026-04-06T08:27:41.468482+00:00", "level": "INFO", "logger": "event_trader.runtime", "msg": "cycle ev_20260406T082737_d7ef0f (#9) done in 4.3s: scanned=600 signals=0 entries=0 exits=0 open=0 unrealized=$0.0000 realized=$-5.7073"}
{"ts": "2026-04-06T08:27:51.776389+00:00", "level": "INFO", "logger": "event_trader.data_client", "msg": "fetched 600 markets across 7 pages"}
{"ts": "2026-04-06T08:27:51.776837+00:00", "level": "INFO", "logger": "event_trader.runtime", "msg": "cycle ev_20260406T082751_7eb5c9 (#10): fetched 600 markets in 0.3s"}
{"ts": "2026-04-06T08:27:51.777575+00:00", "level": "INFO", "logger": "event_trader.scanner", "msg": "pre-filter: 234 candidates from 600 markets (skipped 966 expensive)"}
{"ts": "2026-04-06T08:27:57.090652+00:00", "level": "INFO", "logger": "event_trader.scanner", "msg": "scan summary: 234 candidates checked, 0 signals, filters: {'inactive': 0, 'no_orderbook': 0, 'bad_outcomes': 0, 'low_liquidity': 0, 'no_book': 0, 'too_expensive': 0, 'too_cheap': 0, 'wide_spread': 0, 'no_depth': 0, 'has_position': 0, 'recent_signal': 234, 'low_confidence': 0, 'no_asks': 0, 'price_prefilter': 966}"}
{"ts": "2026-04-06T08:27:57.092788+00:00", "level": "INFO", "logger": "event_trader.runtime", "msg": "scan: 0 signals found in 5.3s"}
{"ts": "2026-04-06T08:27:57.123534+00:00", "level": "INFO", "logger": "event_trader.runtime", "msg": "cycle ev_20260406T082751_7eb5c9 (#10) done in 5.6s: scanned=600 signals=0 entries=0 exits=0 open=0 unrealized=$0.0000 realized=$-5.7073"}
{"ts": "2026-04-06T08:28:07.510420+00:00", "level": "INFO", "logger": "event_trader.data_client", "msg": "fetched 600 markets across 7 pages"}
{"ts": "2026-04-06T08:28:07.510983+00:00", "level": "INFO", "logger": "event_trader.runtime", "msg": "cycle ev_20260406T082807_85683a (#11): fetched 600 markets in 0.4s"}
{"ts": "2026-04-06T08:28:07.511777+00:00", "level": "INFO", "logger": "event_trader.scanner", "msg": "pre-filter: 234 candidates from 600 markets (skipped 966 expensive)"}
{"ts": "2026-04-06T08:28:11.504249+00:00", "level": "INFO", "logger": "event_trader.scanner", "msg": "scan summary: 234 candidates checked, 0 signals, filters: {'inactive': 0, 'no_orderbook': 0, 'bad_outcomes': 0, 'low_liquidity': 0, 'no_book': 0, 'too_expensive': 0, 'too_cheap': 0, 'wide_spread': 0, 'no_depth': 0, 'has_position': 0, 'recent_signal': 234, 'low_confidence': 0, 'no_asks': 0, 'price_prefilter': 966}"}
{"ts": "2026-04-06T08:28:11.505768+00:00", "level": "INFO", "logger": "event_trader.runtime", "msg": "scan: 0 signals found in 4.0s"}
{"ts": "2026-04-06T08:28:11.522496+00:00", "level": "INFO", "logger": "event_trader.runtime", "msg": "cycle ev_20260406T082807_85683a (#11) done in 4.4s: scanned=600 signals=0 entries=0 exits=0 open=0 unrealized=$0.0000 realized=$-5.7073"}
{"ts": "2026-04-06T08:28:21.933822+00:00", "level": "INFO", "logger": "event_trader.data_client", "msg": "fetched 600 markets across 7 pages"}
{"ts": "2026-04-06T08:28:21.934564+00:00", "level": "INFO", "logger": "event_trader.runtime", "msg": "cycle ev_20260406T082821_07fc04 (#12): fetched 600 markets in 0.4s"}
{"ts": "2026-04-06T08:28:21.935619+00:00", "level": "INFO", "logger": "event_trader.scanner", "msg": "pre-filter: 234 candidates from 600 markets (skipped 966 expensive)"}
{"ts": "2026-04-06T08:28:27.063076+00:00", "level": "INFO", "logger": "event_trader.scanner", "msg": "scan summary: 234 candidates checked, 0 signals, filters: {'inactive': 0, 'no_orderbook': 0, 'bad_outcomes': 0, 'low_liquidity': 0, 'no_book': 0, 'too_expensive': 0, 'too_cheap': 0, 'wide_spread': 0, 'no_depth': 0, 'has_position': 0, 'recent_signal': 234, 'low_confidence': 0, 'no_asks': 0, 'price_prefilter': 966}"}
{"ts": "2026-04-06T08:28:27.065473+00:00", "level": "INFO", "logger": "event_trader.runtime", "msg": "scan: 0 signals found in 5.1s"}
{"ts": "2026-04-06T08:28:27.080182+00:00", "level": "INFO", "logger": "event_trader.runtime", "msg": "cycle ev_20260406T082821_07fc04 (#12) done in 5.5s: scanned=600 signals=0 entries=0 exits=0 open=0 unrealized=$0.0000 realized=$-5.7073"}
{"ts": "2026-04-06T08:28:37.492092+00:00", "level": "INFO", "logger": "event_trader.data_client", "msg": "fetched 600 markets across 7 pages"}
{"ts": "2026-04-06T08:28:37.492555+00:00", "level": "INFO", "logger": "event_trader.runtime", "msg": "cycle ev_20260406T082837_c34982 (#13): fetched 600 markets in 0.4s"}
{"ts": "2026-04-06T08:28:37.493339+00:00", "level": "INFO", "logger": "event_trader.scanner", "msg": "pre-filter: 234 candidates from 600 markets (skipped 966 expensive)"}
{"ts": "2026-04-06T08:28:41.756593+00:00", "level": "INFO", "logger": "event_trader.scanner", "msg": "scan summary: 234 candidates checked, 0 signals, filters: {'inactive': 0, 'no_orderbook': 0, 'bad_outcomes': 0, 'low_liquidity': 0, 'no_book': 0, 'too_expensive': 0, 'too_cheap': 0, 'wide_spread': 0, 'no_depth': 0, 'has_position': 0, 'recent_signal': 234, 'low_confidence': 0, 'no_asks': 0, 'price_prefilter': 966}"}
{"ts": "2026-04-06T08:28:41.757966+00:00", "level": "INFO", "logger": "event_trader.runtime", "msg": "scan: 0 signals found in 4.3s"}
{"ts": "2026-04-06T08:28:41.788373+00:00", "level": "INFO", "logger": "event_trader.runtime", "msg": "cycle ev_20260406T082837_c34982 (#13) done in 4.7s: scanned=600 signals=0 entries=0 exits=0 open=0 unrealized=$0.0000 realized=$-5.7073"}
{"ts": "2026-04-06T08:28:52.382753+00:00", "level": "INFO", "logger": "event_trader.data_client", "msg": "fetched 600 markets across 7 pages"}
{"ts": "2026-04-06T08:28:52.383549+00:00", "level": "INFO", "logger": "event_trader.runtime", "msg": "cycle ev_20260406T082851_dbffbf (#14): fetched 600 markets in 0.6s"}
{"ts": "2026-04-06T08:28:52.384835+00:00", "level": "INFO", "logger": "event_trader.scanner", "msg": "pre-filter: 234 candidates from 600 markets (skipped 966 expensive)"}
{"ts": "2026-04-06T08:28:57.545663+00:00", "level": "INFO", "logger": "event_trader.scanner", "msg": "scan summary: 234 candidates checked, 0 signals, filters: {'inactive': 0, 'no_orderbook': 0, 'bad_outcomes': 0, 'low_liquidity': 0, 'no_book': 0, 'too_expensive': 0, 'too_cheap': 0, 'wide_spread': 0, 'no_depth': 0, 'has_position': 0, 'recent_signal': 234, 'low_confidence': 0, 'no_asks': 0, 'price_prefilter': 966}"}
{"ts": "2026-04-06T08:28:57.547567+00:00", "level": "INFO", "logger": "event_trader.runtime", "msg": "scan: 0 signals found in 5.2s"}
{"ts": "2026-04-06T08:28:57.581253+00:00", "level": "INFO", "logger": "event_trader.runtime", "msg": "cycle ev_20260406T082851_dbffbf (#14) done in 5.8s: scanned=600 signals=0 entries=0 exits=0 open=0 unrealized=$0.0000 realized=$-5.7073"}
{"ts": "2026-04-06T08:29:08.434739+00:00", "level": "INFO", "logger": "event_trader.data_client", "msg": "fetched 600 markets across 7 pages"}
{"ts": "2026-04-06T08:29:08.435502+00:00", "level": "INFO", "logger": "event_trader.runtime", "msg": "cycle ev_20260406T082907_5012c9 (#15): fetched 600 markets in 0.9s"}
{"ts": "2026-04-06T08:29:08.436766+00:00", "level": "INFO", "logger": "event_trader.scanner", "msg": "pre-filter: 234 candidates from 600 markets (skipped 966 expensive)"}
{"ts": "2026-04-06T08:29:12.517900+00:00", "level": "INFO", "logger": "event_trader.scanner", "msg": "scan summary: 234 candidates checked, 0 signals, filters: {'inactive': 0, 'no_orderbook': 0, 'bad_outcomes': 0, 'low_liquidity': 0, 'no_book': 0, 'too_expensive': 0, 'too_cheap': 0, 'wide_spread': 0, 'no_depth': 0, 'has_position': 0, 'recent_signal': 234, 'low_confidence': 0, 'no_asks': 0, 'price_prefilter': 966}"}
{"ts": "2026-04-06T08:29:12.519772+00:00", "level": "INFO", "logger": "event_trader.runtime", "msg": "scan: 0 signals found in 4.1s"}
{"ts": "2026-04-06T08:29:12.550692+00:00", "level": "INFO", "logger": "event_trader.runtime", "msg": "cycle ev_20260406T082907_5012c9 (#15) done in 4.9s: scanned=600 signals=0 entries=0 exits=0 open=0 unrealized=$0.0000 realized=$-5.7073"}
{"ts": "2026-04-06T08:29:23.149903+00:00", "level": "INFO", "logger": "event_trader.data_client", "msg": "fetched 600 markets across 7 pages"}
{"ts": "2026-04-06T08:29:23.150391+00:00", "level": "INFO", "logger": "event_trader.runtime", "msg": "cycle ev_20260406T082922_be82f4 (#16): fetched 600 markets in 0.6s"}
{"ts": "2026-04-06T08:29:23.151406+00:00", "level": "INFO", "logger": "event_trader.scanner", "msg": "pre-filter: 234 candidates from 600 markets (skipped 966 expensive)"}
{"ts": "2026-04-06T08:29:28.152155+00:00", "level": "INFO", "logger": "event_trader.scanner", "msg": "scan summary: 234 candidates checked, 0 signals, filters: {'inactive': 0, 'no_orderbook': 0, 'bad_outcomes': 0, 'low_liquidity': 0, 'no_book': 0, 'too_expensive': 0, 'too_cheap': 0, 'wide_spread': 0, 'no_depth': 0, 'has_position': 0, 'recent_signal': 234, 'low_confidence': 0, 'no_asks': 0, 'price_prefilter': 966}"}
{"ts": "2026-04-06T08:29:28.153749+00:00", "level": "INFO", "logger": "event_trader.runtime", "msg": "scan: 0 signals found in 5.0s"}
{"ts": "2026-04-06T08:29:28.191774+00:00", "level": "INFO", "logger": "event_trader.runtime", "msg": "cycle ev_20260406T082922_be82f4 (#16) done in 5.6s: scanned=600 signals=0 entries=0 exits=0 open=0 unrealized=$0.0000 realized=$-5.7073"}
{"ts": "2026-04-06T08:29:38.693903+00:00", "level": "INFO", "logger": "event_trader.data_client", "msg": "fetched 600 markets across 7 pages"}
{"ts": "2026-04-06T08:29:38.695262+00:00", "level": "INFO", "logger": "event_trader.runtime", "msg": "cycle ev_20260406T082938_6a1064 (#17): fetched 600 markets in 0.5s"}
{"ts": "2026-04-06T08:29:38.696314+00:00", "level": "INFO", "logger": "event_trader.scanner", "msg": "pre-filter: 234 candidates from 600 markets (skipped 966 expensive)"}
{"ts": "2026-04-06T08:29:43.098769+00:00", "level": "INFO", "logger": "event_trader.scanner", "msg": "scan summary: 234 candidates checked, 0 signals, filters: {'inactive': 0, 'no_orderbook': 0, 'bad_outcomes': 0, 'low_liquidity': 0, 'no_book': 0, 'too_expensive': 0, 'too_cheap': 0, 'wide_spread': 0, 'no_depth': 0, 'has_position': 0, 'recent_signal': 234, 'low_confidence': 0, 'no_asks': 0, 'price_prefilter': 966}"}
{"ts": "2026-04-06T08:29:43.100904+00:00", "level": "INFO", "logger": "event_trader.runtime", "msg": "scan: 0 signals found in 4.4s"}
{"ts": "2026-04-06T08:29:43.128875+00:00", "level": "INFO", "logger": "event_trader.runtime", "msg": "cycle ev_20260406T082938_6a1064 (#17) done in 4.9s: scanned=600 signals=0 entries=0 exits=0 open=0 unrealized=$0.0000 realized=$-5.7073"}
{"ts": "2026-04-06T08:29:53.630194+00:00", "level": "INFO", "logger": "event_trader.data_client", "msg": "fetched 600 markets across 7 pages"}
{"ts": "2026-04-06T08:29:53.630934+00:00", "level": "INFO", "logger": "event_trader.runtime", "msg": "cycle ev_20260406T082953_beacd5 (#18): fetched 600 markets in 0.5s"}
{"ts": "2026-04-06T08:29:53.631868+00:00", "level": "INFO", "logger": "event_trader.scanner", "msg": "pre-filter: 234 candidates from 600 markets (skipped 966 expensive)"}
{"ts": "2026-04-06T08:29:58.861574+00:00", "level": "INFO", "logger": "event_trader.scanner", "msg": "scan summary: 234 candidates checked, 0 signals, filters: {'inactive': 0, 'no_orderbook': 0, 'bad_outcomes': 0, 'low_liquidity': 0, 'no_book': 0, 'too_expensive': 0, 'too_cheap': 0, 'wide_spread': 0, 'no_depth': 0, 'has_position': 0, 'recent_signal': 234, 'low_confidence': 0, 'no_asks': 0, 'price_prefilter': 966}"}
{"ts": "2026-04-06T08:29:58.863836+00:00", "level": "INFO", "logger": "event_trader.runtime", "msg": "scan: 0 signals found in 5.2s"}
{"ts": "2026-04-06T08:29:58.898569+00:00", "level": "INFO", "logger": "event_trader.runtime", "msg": "cycle ev_20260406T082953_beacd5 (#18) done in 5.7s: scanned=600 signals=0 entries=0 exits=0 open=0 unrealized=$0.0000 realized=$-5.7073"}
{"ts": "2026-04-06T08:30:09.457007+00:00", "level": "INFO", "logger": "event_trader.data_client", "msg": "fetched 600 markets across 7 pages"}
{"ts": "2026-04-06T08:30:09.457583+00:00", "level": "INFO", "logger": "event_trader.runtime", "msg": "cycle ev_20260406T083008_108cd0 (#19): fetched 600 markets in 0.6s"}
{"ts": "2026-04-06T08:30:09.458268+00:00", "level": "INFO", "logger": "event_trader.scanner", "msg": "pre-filter: 234 candidates from 600 markets (skipped 966 expensive)"}
{"ts": "2026-04-06T08:30:14.596501+00:00", "level": "INFO", "logger": "event_trader.scanner", "msg": "scan summary: 234 candidates checked, 0 signals, filters: {'inactive': 0, 'no_orderbook': 0, 'bad_outcomes': 0, 'low_liquidity': 0, 'no_book': 0, 'too_expensive': 0, 'too_cheap': 0, 'wide_spread': 0, 'no_depth': 0, 'has_position': 0, 'recent_signal': 234, 'low_confidence': 0, 'no_asks': 0, 'price_prefilter': 966}"}
{"ts": "2026-04-06T08:30:14.599524+00:00", "level": "INFO", "logger": "event_trader.runtime", "msg": "scan: 0 signals found in 5.1s"}
{"ts": "2026-04-06T08:30:14.611835+00:00", "level": "INFO", "logger": "event_trader.runtime", "msg": "cycle ev_20260406T083008_108cd0 (#19) done in 5.7s: scanned=600 signals=0 entries=0 exits=0 open=0 unrealized=$0.0000 realized=$-5.7073"}
{"ts": "2026-04-06T08:30:25.223212+00:00", "level": "INFO", "logger": "event_trader.data_client", "msg": "fetched 600 markets across 7 pages"}
{"ts": "2026-04-06T08:30:25.223920+00:00", "level": "INFO", "logger": "event_trader.runtime", "msg": "cycle ev_20260406T083024_beec58 (#20): fetched 600 markets in 0.6s"}
{"ts": "2026-04-06T08:30:25.225155+00:00", "level": "INFO", "logger": "event_trader.scanner", "msg": "pre-filter: 234 candidates from 600 markets (skipped 966 expensive)"}
{"ts": "2026-04-06T08:30:30.430481+00:00", "level": "INFO", "logger": "event_trader.scanner", "msg": "scan summary: 234 candidates checked, 0 signals, filters: {'inactive': 0, 'no_orderbook': 0, 'bad_outcomes': 0, 'low_liquidity': 0, 'no_book': 0, 'too_expensive': 0, 'too_cheap': 0, 'wide_spread': 0, 'no_depth': 0, 'has_position': 0, 'recent_signal': 234, 'low_confidence': 0, 'no_asks': 0, 'price_prefilter': 966}"}
{"ts": "2026-04-06T08:30:30.432790+00:00", "level": "INFO", "logger": "event_trader.runtime", "msg": "scan: 0 signals found in 5.2s"}
{"ts": "2026-04-06T08:30:30.445884+00:00", "level": "INFO", "logger": "event_trader.runtime", "msg": "cycle ev_20260406T083024_beec58 (#20) done in 5.8s: scanned=600 signals=0 entries=0 exits=0 open=0 unrealized=$0.0000 realized=$-5.7073"}
{"ts": "2026-04-06T08:30:40.838065+00:00", "level": "INFO", "logger": "event_trader.data_client", "msg": "fetched 600 markets across 7 pages"}
{"ts": "2026-04-06T08:30:40.838670+00:00", "level": "INFO", "logger": "event_trader.runtime", "msg": "cycle ev_20260406T083040_c6fc67 (#21): fetched 600 markets in 0.4s"}
{"ts": "2026-04-06T08:30:40.839508+00:00", "level": "INFO", "logger": "event_trader.scanner", "msg": "pre-filter: 234 candidates from 600 markets (skipped 966 expensive)"}
{"ts": "2026-04-06T08:30:44.827813+00:00", "level": "INFO", "logger": "event_trader.scanner", "msg": "scan summary: 234 candidates checked, 0 signals, filters: {'inactive': 0, 'no_orderbook': 0, 'bad_outcomes': 0, 'low_liquidity': 0, 'no_book': 0, 'too_expensive': 0, 'too_cheap': 0, 'wide_spread': 0, 'no_depth': 0, 'has_position': 0, 'recent_signal': 234, 'low_confidence': 0, 'no_asks': 0, 'price_prefilter': 966}"}
{"ts": "2026-04-06T08:30:44.829587+00:00", "level": "INFO", "logger": "event_trader.runtime", "msg": "scan: 0 signals found in 4.0s"}
{"ts": "2026-04-06T08:30:44.858690+00:00", "level": "INFO", "logger": "event_trader.runtime", "msg": "cycle ev_20260406T083040_c6fc67 (#21) done in 4.4s: scanned=600 signals=0 entries=0 exits=0 open=0 unrealized=$0.0000 realized=$-5.7073"}
{"ts": "2026-04-06T08:30:55.364381+00:00", "level": "INFO", "logger": "event_trader.data_client", "msg": "fetched 600 markets across 7 pages"}
{"ts": "2026-04-06T08:30:55.365011+00:00", "level": "INFO", "logger": "event_trader.runtime", "msg": "cycle ev_20260406T083054_37ed0d (#22): fetched 600 markets in 0.5s"}
{"ts": "2026-04-06T08:30:55.365927+00:00", "level": "INFO", "logger": "event_trader.scanner", "msg": "pre-filter: 234 candidates from 600 markets (skipped 966 expensive)"}
{"ts": "2026-04-06T08:31:00.500079+00:00", "level": "INFO", "logger": "event_trader.scanner", "msg": "scan summary: 234 candidates checked, 0 signals, filters: {'inactive': 0, 'no_orderbook': 0, 'bad_outcomes': 0, 'low_liquidity': 0, 'no_book': 0, 'too_expensive': 0, 'too_cheap': 0, 'wide_spread': 0, 'no_depth': 0, 'has_position': 0, 'recent_signal': 234, 'low_confidence': 0, 'no_asks': 0, 'price_prefilter': 966}"}
{"ts": "2026-04-06T08:31:00.501857+00:00", "level": "INFO", "logger": "event_trader.runtime", "msg": "scan: 0 signals found in 5.1s"}
{"ts": "2026-04-06T08:31:00.520843+00:00", "level": "INFO", "logger": "event_trader.runtime", "msg": "cycle ev_20260406T083054_37ed0d (#22) done in 5.6s: scanned=600 signals=0 entries=0 exits=0 open=0 unrealized=$0.0000 realized=$-5.7073"}
{"ts": "2026-04-06T08:31:11.028849+00:00", "level": "INFO", "logger": "event_trader.data_client", "msg": "fetched 600 markets across 7 pages"}
{"ts": "2026-04-06T08:31:11.029359+00:00", "level": "INFO", "logger": "event_trader.runtime", "msg": "cycle ev_20260406T083110_60ecbd (#23): fetched 600 markets in 0.5s"}
{"ts": "2026-04-06T08:31:11.030127+00:00", "level": "INFO", "logger": "event_trader.scanner", "msg": "pre-filter: 234 candidates from 600 markets (skipped 966 expensive)"}
{"ts": "2026-04-06T08:31:16.205273+00:00", "level": "INFO", "logger": "event_trader.scanner", "msg": "scan summary: 234 candidates checked, 0 signals, filters: {'inactive': 0, 'no_orderbook': 0, 'bad_outcomes': 0, 'low_liquidity': 0, 'no_book': 0, 'too_expensive': 0, 'too_cheap': 0, 'wide_spread': 0, 'no_depth': 0, 'has_position': 0, 'recent_signal': 234, 'low_confidence': 0, 'no_asks': 0, 'price_prefilter': 966}"}
{"ts": "2026-04-06T08:31:16.207729+00:00", "level": "INFO", "logger": "event_trader.runtime", "msg": "scan: 0 signals found in 5.2s"}
{"ts": "2026-04-06T08:31:16.220034+00:00", "level": "INFO", "logger": "event_trader.runtime", "msg": "cycle ev_20260406T083110_60ecbd (#23) done in 5.7s: scanned=600 signals=0 entries=0 exits=0 open=0 unrealized=$0.0000 realized=$-5.7073"}
{"ts": "2026-04-06T08:31:26.617667+00:00", "level": "INFO", "logger": "event_trader.data_client", "msg": "fetched 600 markets across 7 pages"}
{"ts": "2026-04-06T08:31:26.618484+00:00", "level": "INFO", "logger": "event_trader.runtime", "msg": "cycle ev_20260406T083126_6ee56c (#24): fetched 600 markets in 0.4s"}
{"ts": "2026-04-06T08:31:26.620188+00:00", "level": "INFO", "logger": "event_trader.scanner", "msg": "pre-filter: 234 candidates from 600 markets (skipped 966 expensive)"}
{"ts": "2026-04-06T08:31:30.559769+00:00", "level": "INFO", "logger": "event_trader.scanner", "msg": "scan summary: 234 candidates checked, 0 signals, filters: {'inactive': 0, 'no_orderbook': 0, 'bad_outcomes': 0, 'low_liquidity': 0, 'no_book': 0, 'too_expensive': 0, 'too_cheap': 0, 'wide_spread': 0, 'no_depth': 0, 'has_position': 0, 'recent_signal': 234, 'low_confidence': 0, 'no_asks': 0, 'price_prefilter': 966}"}
{"ts": "2026-04-06T08:31:30.561491+00:00", "level": "INFO", "logger": "event_trader.runtime", "msg": "scan: 0 signals found in 3.9s"}
{"ts": "2026-04-06T08:31:30.573564+00:00", "level": "INFO", "logger": "event_trader.runtime", "msg": "cycle ev_20260406T083126_6ee56c (#24) done in 4.3s: scanned=600 signals=0 entries=0 exits=0 open=0 unrealized=$0.0000 realized=$-5.7073"}
{"ts": "2026-04-06T08:31:40.950456+00:00", "level": "INFO", "logger": "event_trader.data_client", "msg": "fetched 600 markets across 7 pages"}
{"ts": "2026-04-06T08:31:40.950781+00:00", "level": "INFO", "logger": "event_trader.runtime", "msg": "cycle ev_20260406T083140_fbfcd7 (#25): fetched 600 markets in 0.4s"}
{"ts": "2026-04-06T08:31:40.951594+00:00", "level": "INFO", "logger": "event_trader.scanner", "msg": "pre-filter: 234 candidates from 600 markets (skipped 966 expensive)"}
{"ts": "2026-04-06T08:31:44.918167+00:00", "level": "INFO", "logger": "event_trader.scanner", "msg": "scan summary: 234 candidates checked, 0 signals, filters: {'inactive': 0, 'no_orderbook': 0, 'bad_outcomes': 0, 'low_liquidity': 0, 'no_book': 0, 'too_expensive': 0, 'too_cheap': 0, 'wide_spread': 0, 'no_depth': 0, 'has_position': 0, 'recent_signal': 234, 'low_confidence': 0, 'no_asks': 0, 'price_prefilter': 966}"}
{"ts": "2026-04-06T08:31:44.919728+00:00", "level": "INFO", "logger": "event_trader.runtime", "msg": "scan: 0 signals found in 4.0s"}
{"ts": "2026-04-06T08:31:44.931719+00:00", "level": "INFO", "logger": "event_trader.runtime", "msg": "cycle ev_20260406T083140_fbfcd7 (#25) done in 4.3s: scanned=600 signals=0 entries=0 exits=0 open=0 unrealized=$0.0000 realized=$-5.7073"}
{"ts": "2026-04-06T08:31:55.396407+00:00", "level": "INFO", "logger": "event_trader.data_client", "msg": "fetched 600 markets across 7 pages"}
{"ts": "2026-04-06T08:31:55.396790+00:00", "level": "INFO", "logger": "event_trader.runtime", "msg": "cycle ev_20260406T083154_eadfc1 (#26): fetched 600 markets in 0.5s"}
{"ts": "2026-04-06T08:31:55.398027+00:00", "level": "INFO", "logger": "event_trader.scanner", "msg": "pre-filter: 234 candidates from 600 markets (skipped 966 expensive)"}
{"ts": "2026-04-06T08:32:00.515379+00:00", "level": "INFO", "logger": "event_trader.scanner", "msg": "scan summary: 234 candidates checked, 0 signals, filters: {'inactive': 0, 'no_orderbook': 0, 'bad_outcomes': 0, 'low_liquidity': 0, 'no_book': 0, 'too_expensive': 0, 'too_cheap': 0, 'wide_spread': 0, 'no_depth': 0, 'has_position': 0, 'recent_signal': 234, 'low_confidence': 0, 'no_asks': 0, 'price_prefilter': 966}"}
{"ts": "2026-04-06T08:32:00.517978+00:00", "level": "INFO", "logger": "event_trader.runtime", "msg": "scan: 0 signals found in 5.1s"}
{"ts": "2026-04-06T08:32:00.529807+00:00", "level": "INFO", "logger": "event_trader.runtime", "msg": "cycle ev_20260406T083154_eadfc1 (#26) done in 5.6s: scanned=600 signals=0 entries=0 exits=0 open=0 unrealized=$0.0000 realized=$-5.7073"}
{"ts": "2026-04-06T08:32:11.095312+00:00", "level": "INFO", "logger": "event_trader.data_client", "msg": "fetched 600 markets across 7 pages"}
{"ts": "2026-04-06T08:32:11.095931+00:00", "level": "INFO", "logger": "event_trader.runtime", "msg": "cycle ev_20260406T083210_98c280 (#27): fetched 600 markets in 0.6s"}
{"ts": "2026-04-06T08:32:11.096771+00:00", "level": "INFO", "logger": "event_trader.scanner", "msg": "pre-filter: 234 candidates from 600 markets (skipped 966 expensive)"}
{"ts": "2026-04-06T08:32:16.302410+00:00", "level": "INFO", "logger": "event_trader.scanner", "msg": "scan summary: 234 candidates checked, 0 signals, filters: {'inactive': 0, 'no_orderbook': 0, 'bad_outcomes': 0, 'low_liquidity': 0, 'no_book': 0, 'too_expensive': 0, 'too_cheap': 0, 'wide_spread': 0, 'no_depth': 0, 'has_position': 0, 'recent_signal': 234, 'low_confidence': 0, 'no_asks': 0, 'price_prefilter': 966}"}
{"ts": "2026-04-06T08:32:16.304169+00:00", "level": "INFO", "logger": "event_trader.runtime", "msg": "scan: 0 signals found in 5.2s"}
{"ts": "2026-04-06T08:32:16.316367+00:00", "level": "INFO", "logger": "event_trader.runtime", "msg": "cycle ev_20260406T083210_98c280 (#27) done in 5.8s: scanned=600 signals=0 entries=0 exits=0 open=0 unrealized=$0.0000 realized=$-5.7073"}
{"ts": "2026-04-06T08:32:26.817953+00:00", "level": "INFO", "logger": "event_trader.data_client", "msg": "fetched 600 markets across 7 pages"}
{"ts": "2026-04-06T08:32:26.818608+00:00", "level": "INFO", "logger": "event_trader.runtime", "msg": "cycle ev_20260406T083226_c97b4c (#28): fetched 600 markets in 0.5s"}
{"ts": "2026-04-06T08:32:26.819759+00:00", "level": "INFO", "logger": "event_trader.scanner", "msg": "pre-filter: 234 candidates from 600 markets (skipped 966 expensive)"}
{"ts": "2026-04-06T08:32:30.759477+00:00", "level": "INFO", "logger": "event_trader.scanner", "msg": "scan summary: 234 candidates checked, 0 signals, filters: {'inactive': 0, 'no_orderbook': 0, 'bad_outcomes': 0, 'low_liquidity': 0, 'no_book': 0, 'too_expensive': 0, 'too_cheap': 0, 'wide_spread': 0, 'no_depth': 0, 'has_position': 0, 'recent_signal': 234, 'low_confidence': 0, 'no_asks': 0, 'price_prefilter': 966}"}
{"ts": "2026-04-06T08:32:30.761188+00:00", "level": "INFO", "logger": "event_trader.runtime", "msg": "scan: 0 signals found in 3.9s"}
{"ts": "2026-04-06T08:32:30.773586+00:00", "level": "INFO", "logger": "event_trader.runtime", "msg": "cycle ev_20260406T083226_c97b4c (#28) done in 4.4s: scanned=600 signals=0 entries=0 exits=0 open=0 unrealized=$0.0000 realized=$-5.7073"}
{"ts": "2026-04-06T08:32:41.159350+00:00", "level": "INFO", "logger": "event_trader.data_client", "msg": "fetched 600 markets across 7 pages"}
{"ts": "2026-04-06T08:32:41.159835+00:00", "level": "INFO", "logger": "event_trader.runtime", "msg": "cycle ev_20260406T083240_171710 (#29): fetched 600 markets in 0.4s"}
{"ts": "2026-04-06T08:32:41.160879+00:00", "level": "INFO", "logger": "event_trader.scanner", "msg": "pre-filter: 234 candidates from 600 markets (skipped 966 expensive)"}
{"ts": "2026-04-06T08:32:45.117477+00:00", "level": "INFO", "logger": "event_trader.scanner", "msg": "scan summary: 234 candidates checked, 0 signals, filters: {'inactive': 0, 'no_orderbook': 0, 'bad_outcomes': 0, 'low_liquidity': 0, 'no_book': 0, 'too_expensive': 0, 'too_cheap': 0, 'wide_spread': 0, 'no_depth': 0, 'has_position': 0, 'recent_signal': 234, 'low_confidence': 0, 'no_asks': 0, 'price_prefilter': 966}"}
{"ts": "2026-04-06T08:32:45.119534+00:00", "level": "INFO", "logger": "event_trader.runtime", "msg": "scan: 0 signals found in 4.0s"}
{"ts": "2026-04-06T08:32:45.132631+00:00", "level": "INFO", "logger": "event_trader.runtime", "msg": "cycle ev_20260406T083240_171710 (#29) done in 4.3s: scanned=600 signals=0 entries=0 exits=0 open=0 unrealized=$0.0000 realized=$-5.7073"}
{"ts": "2026-04-06T08:32:55.647705+00:00", "level": "INFO", "logger": "event_trader.data_client", "msg": "fetched 600 markets across 7 pages"}
{"ts": "2026-04-06T08:32:55.648413+00:00", "level": "INFO", "logger": "event_trader.runtime", "msg": "cycle ev_20260406T083255_ecc623 (#30): fetched 600 markets in 0.5s"}
{"ts": "2026-04-06T08:32:55.649419+00:00", "level": "INFO", "logger": "event_trader.scanner", "msg": "pre-filter: 234 candidates from 600 markets (skipped 966 expensive)"}
{"ts": "2026-04-06T08:33:00.788761+00:00", "level": "INFO", "logger": "event_trader.scanner", "msg": "scan summary: 234 candidates checked, 0 signals, filters: {'inactive': 0, 'no_orderbook': 0, 'bad_outcomes': 0, 'low_liquidity': 0, 'no_book': 0, 'too_expensive': 0, 'too_cheap': 0, 'wide_spread': 0, 'no_depth': 0, 'has_position': 0, 'recent_signal': 234, 'low_confidence': 0, 'no_asks': 0, 'price_prefilter': 966}"}
{"ts": "2026-04-06T08:33:00.790666+00:00", "level": "INFO", "logger": "event_trader.runtime", "msg": "scan: 0 signals found in 5.1s"}
{"ts": "2026-04-06T08:33:00.802227+00:00", "level": "INFO", "logger": "event_trader.runtime", "msg": "cycle ev_20260406T083255_ecc623 (#30) done in 5.7s: scanned=600 signals=0 entries=0 exits=0 open=0 unrealized=$0.0000 realized=$-5.7073"}
{"ts": "2026-04-06T08:33:11.309145+00:00", "level": "INFO", "logger": "event_trader.data_client", "msg": "fetched 600 markets across 7 pages"}
{"ts": "2026-04-06T08:33:11.309715+00:00", "level": "INFO", "logger": "event_trader.runtime", "msg": "cycle ev_20260406T083310_935024 (#31): fetched 600 markets in 0.5s"}
{"ts": "2026-04-06T08:33:11.310795+00:00", "level": "INFO", "logger": "event_trader.scanner", "msg": "pre-filter: 234 candidates from 600 markets (skipped 966 expensive)"}
{"ts": "2026-04-06T08:33:16.057714+00:00", "level": "INFO", "logger": "event_trader.scanner", "msg": "scan summary: 234 candidates checked, 0 signals, filters: {'inactive': 0, 'no_orderbook': 0, 'bad_outcomes': 0, 'low_liquidity': 0, 'no_book': 0, 'too_expensive': 0, 'too_cheap': 0, 'wide_spread': 0, 'no_depth': 0, 'has_position': 0, 'recent_signal': 234, 'low_confidence': 0, 'no_asks': 0, 'price_prefilter': 966}"}
{"ts": "2026-04-06T08:33:16.059360+00:00", "level": "INFO", "logger": "event_trader.runtime", "msg": "scan: 0 signals found in 4.7s"}
{"ts": "2026-04-06T08:33:16.071432+00:00", "level": "INFO", "logger": "event_trader.runtime", "msg": "cycle ev_20260406T083310_935024 (#31) done in 5.3s: scanned=600 signals=0 entries=0 exits=0 open=0 unrealized=$0.0000 realized=$-5.7073"}
{"ts": "2026-04-06T08:33:26.628739+00:00", "level": "INFO", "logger": "event_trader.data_client", "msg": "fetched 600 markets across 7 pages"}
{"ts": "2026-04-06T08:33:26.629351+00:00", "level": "INFO", "logger": "event_trader.runtime", "msg": "cycle ev_20260406T083326_ed84e6 (#32): fetched 600 markets in 0.6s"}
{"ts": "2026-04-06T08:33:26.630380+00:00", "level": "INFO", "logger": "event_trader.scanner", "msg": "pre-filter: 234 candidates from 600 markets (skipped 966 expensive)"}
{"ts": "2026-04-06T08:33:31.661186+00:00", "level": "INFO", "logger": "event_trader.scanner", "msg": "scan summary: 234 candidates checked, 0 signals, filters: {'inactive': 0, 'no_orderbook': 0, 'bad_outcomes': 0, 'low_liquidity': 0, 'no_book': 0, 'too_expensive': 0, 'too_cheap': 0, 'wide_spread': 0, 'no_depth': 0, 'has_position': 0, 'recent_signal': 234, 'low_confidence': 0, 'no_asks': 0, 'price_prefilter': 966}"}
{"ts": "2026-04-06T08:33:31.663077+00:00", "level": "INFO", "logger": "event_trader.runtime", "msg": "scan: 0 signals found in 5.0s"}
{"ts": "2026-04-06T08:33:31.684286+00:00", "level": "INFO", "logger": "event_trader.runtime", "msg": "cycle ev_20260406T083326_ed84e6 (#32) done in 5.6s: scanned=600 signals=0 entries=0 exits=0 open=0 unrealized=$0.0000 realized=$-5.7073"}
{"ts": "2026-04-06T08:33:42.190757+00:00", "level": "INFO", "logger": "event_trader.data_client", "msg": "fetched 600 markets across 7 pages"}
{"ts": "2026-04-06T08:33:42.191560+00:00", "level": "INFO", "logger": "event_trader.runtime", "msg": "cycle ev_20260406T083341_e6a4dd (#33): fetched 600 markets in 0.5s"}
{"ts": "2026-04-06T08:33:42.192585+00:00", "level": "INFO", "logger": "event_trader.scanner", "msg": "pre-filter: 234 candidates from 600 markets (skipped 966 expensive)"}
{"ts": "2026-04-06T08:33:47.383753+00:00", "level": "INFO", "logger": "event_trader.scanner", "msg": "scan summary: 234 candidates checked, 0 signals, filters: {'inactive': 0, 'no_orderbook': 0, 'bad_outcomes': 0, 'low_liquidity': 0, 'no_book': 0, 'too_expensive': 0, 'too_cheap': 0, 'wide_spread': 0, 'no_depth': 0, 'has_position': 0, 'recent_signal': 234, 'low_confidence': 0, 'no_asks': 0, 'price_prefilter': 966}"}
{"ts": "2026-04-06T08:33:47.386716+00:00", "level": "INFO", "logger": "event_trader.runtime", "msg": "scan: 0 signals found in 5.2s"}
{"ts": "2026-04-06T08:33:47.400694+00:00", "level": "INFO", "logger": "event_trader.runtime", "msg": "cycle ev_20260406T083341_e6a4dd (#33) done in 5.7s: scanned=600 signals=0 entries=0 exits=0 open=0 unrealized=$0.0000 realized=$-5.7073"}
{"ts": "2026-04-06T08:33:58.015029+00:00", "level": "INFO", "logger": "event_trader.data_client", "msg": "fetched 600 markets across 7 pages"}
{"ts": "2026-04-06T08:33:58.015893+00:00", "level": "INFO", "logger": "event_trader.runtime", "msg": "cycle ev_20260406T083357_80ce19 (#34): fetched 600 markets in 0.6s"}
{"ts": "2026-04-06T08:33:58.017275+00:00", "level": "INFO", "logger": "event_trader.scanner", "msg": "pre-filter: 234 candidates from 600 markets (skipped 966 expensive)"}
